C51 COMPILER V8.08   IR_RECEIVE                                                            05/28/2015 23:26:59 PAGE 1   


C51 COMPILER V8.08, COMPILATION OF MODULE IR_RECEIVE
OBJECT MODULE PLACED IN IR_Receive.OBJ
COMPILER INVOKED BY: D:\Program Files\keil-3\C51\BIN\C51.EXE IR_Receive.c BROWSE DEBUG OBJECTEXTEND

line level    source

   1          #include "NEW_8051.H"
   2          #include "task.h"   //http://59tiaoba.taobao.com
   3          bit new_code;
   4          /*结构体*/      /* 保存一次解码后接收到的四字节数据*/
   5          static struct IR_data    //红外接收的数据结构
   6          {
   7              unsigned char addr1;     // 地址1(客户码1)
   8              unsigned char addr2;     // 地址2(客户码2)
   9              unsigned char data1;     // 数据1(数据码)
  10              unsigned char data2;     // 数据2(数据码反码)
  11          } IR_DATA;
  12          #define GTime 53                
  13          #define CTime 114               
  14          #define D0MinTime 4  
  15          #define D0MaxTime 9  
  16          #define D1MinTime 11  
  17          #define D1MaxTime 16             
  18          #define TimeOut_cnt 250 
  19          /*全局公共变量*/
  20           unsigned char T0_CNT;                // 定时器计数值
  21           unsigned char T0_CNT_bk;           // 计数备份
  22           bit TimeOut;                     // 超时标志
  23           bit Guide;                           // 引导码有效
  24           bit Continuous;                      // 连_发码
  25           unsigned char xdata IR_Time[33]; // 保存每两个下降沿之间的时间间隔
  26          uchar key_code;
  27          /*********************************************************************************************
  28          /*Timer0中断子程序*/
  29          void TR0_Service(void) interrupt 1 using 2
  30          {
  31   1              T0_CNT ++;
  32   1          if(T0_CNT > TimeOut_cnt)
  33   1          {
  34   2              TimeOut = 1;       // 超时标志
  35   2          }
  36   1      }
  37          /***********************************************************************/
  38          /*解码核心程序*/
  39          void Decode(void)
  40          {
  41   1          unsigned char i=0x00,j,k;
  42   1          static unsigned char *p;  // 指向结构体IR_DATA.XX的指针
  43   1          EX1 = 0;   // 关外部中断1
  44   1              
  45   1          /*/////////////////////////进行解码处理////////////////////////*/
  46   1          p = &IR_DATA.addr1;
  47   1          for(k=0; k<4; k++)
  48   1          {
  49   2              for(j=0; j<8; j++)
  50   2              {
  51   3                  if((IR_Time[i]>D0MinTime) & (IR_Time[i]<D0MaxTime))
  52   3                  {
  53   4                      *p >>= 1;           // 右移1位，
  54   4                      *p &= 0x7f;         // 与0111 1111置0. 数据“0” 0.56ms低电平+0.56ms高电平
  55   4                  }
C51 COMPILER V8.08   IR_RECEIVE                                                            05/28/2015 23:26:59 PAGE 2   

  56   3                  else if((IR_Time[i]>D1MinTime) & (IR_Time[i]<D1MaxTime))
  57   3                  {
  58   4                      *p >>= 1;                // 右移1位，
  59   4                      *p |= 0x80;              // 或1000 0000置1. 数据“1” 0.56ms低电平+1.69ms高电平
  60   4                  }
  61   3                  i ++;
  62   3              }
  63   2              p ++;
  64   2          }
  65   1          if(IR_DATA.data2+IR_DATA.data1==0XFF)
  66   1          {
  67   2              key_code=IR_DATA.data1;
  68   2                      new_code=1;
  69   2          }
  70   1          else
  71   1          {
  72   2              key_code=0XFF;   /**非本机遥控器或数据错误**/
  73   2          };
  74   1          /*/////////////////////////解码处理完毕////////////////////////*/
  75   1          EX1 = 1;   // 重新开放外部中断1
  76   1      } 
  77          void serviceINT0(void) interrupt 2 using 1  //{////外部中断1的中断函数。用于红外线读数。
  78          {
  79   1          static unsigned char m=0;
  80   1              TR0=1;
  81   1      //      Send_uart(0x33);
  82   1          T0_CNT_bk = T0_CNT;     // 备份时间计数值，即前一个下降沿到本下降沿的时间间隔
  83   1          T0_CNT = 0x00;          // 清空时间计数值
  84   1          if(TimeOut)             // 如果超时
  85   1          {
  86   2              //  TL0 = TIMER0_COUNT;     // 初始化定时器0       －0x1f（31）
  87   2              TimeOut = 0;        // 清除超时标志
  88   2              m = 0;              // 复位数据位
  89   2              T0_CNT = 0x00;      // 清空时间计数值
  90   2              Guide = 0;          // 清除引导标志
  91   2              Continuous = 0;     // 清除连_发标志
  92   2          }
  93   1          else       // 正常按键时长58.5ms～76.5ms
  94   1          {
  95   2              if(Guide | Continuous)          // 如果引导码有效
  96   2              {
  97   3                  IR_Time[m++] = T0_CNT_bk;       // 保存时间间隔
  98   3                  if(m == 32)   // 接收够32数据后
  99   3                  {
 100   4                      m = 0;
 101   4                      Guide = 0;    // 清除引导标志
 102   4                                       //new_code=1;
 103   4                                      TR0=0;
 104   4                      /*进行解码操作*/
 105   4                      Decode();     // 解码
 106   4                                              
 107   4                  }
 108   3              }
 109   2              if(T0_CNT_bk > GTime)   // 如果时间间隔>引导码时长
 110   2              {
 111   3                  Guide = 1;          // 使能引导标志
 112   3                  m = 0;
 113   3              };
 114   2              if(T0_CNT_bk > CTime)    // 如果时间间隔>连_发码时长
 115   2              {
 116   3                  Continuous = 1;      // 使能连_发标志
 117   3                  m = 0;
C51 COMPILER V8.08   IR_RECEIVE                                                            05/28/2015 23:26:59 PAGE 3   

 118   3              }
 119   2          }//end of 超时
 120   1      }
 121          /*********************************************************************************/
 122          /****************************************59tiaoba.taobao.com *********************************************
 123          ************************************************************************************
 124          ***********************                                     ***************************
 125          ***********************    http://59tiaoba.taobao.com       ***************************
 126          ***********************                                     ***************************
 127          ************************************************************************************
 128          ****************************** http://59tiaoba.taobao.com*************************************************
             -***/


MODULE INFORMATION:   STATIC OVERLAYABLE
   CODE SIZE        =    335    ----
   CONSTANT SIZE    =   ----    ----
   XDATA SIZE       =     33    ----
   PDATA SIZE       =   ----    ----
   DATA SIZE        =     11       1
   IDATA SIZE       =   ----    ----
   BIT SIZE         =      4    ----
END OF MODULE INFORMATION.


C51 COMPILATION COMPLETE.  0 WARNING(S),  0 ERROR(S)
