C51 COMPILER V8.08   SHOWTIME                                                              05/28/2015 23:26:59 PAGE 1   


C51 COMPILER V8.08, COMPILATION OF MODULE SHOWTIME
OBJECT MODULE PLACED IN ShowTime.OBJ
COMPILER INVOKED BY: D:\Program Files\keil-3\C51\BIN\C51.EXE ShowTime.c BROWSE DEBUG OBJECTEXTEND

line level    source

   1          #include "NEW_8051.H"
   2          #include "task.h"
   3          #define ucNumRows 190 //定义一周显示列数
   4          uchar id;
   5          uint i=0,j=0;
   6          uchar k=0,m=0;
   7          bit Time=0;
   8          uchar l=8;
   9          uchar TimeBuff[20];
  10          uchar code dazimo[];
  11          uchar code zimo[];
  12          void Show_R(uchar r1,uchar r2)//送显示
  13          {
  14   1              D1=(bit)(r1&0x01);
  15   1              D2=(bit)(r1&0x02);
  16   1              D3=(bit)(r1&0x04);
  17   1              D4=(bit)(r1&0x08);
  18   1              D5=(bit)(r1&0x10);
  19   1              D6=(bit)(r1&0x20);
  20   1              D7=(bit)(r1&0x40);
  21   1              D8=(bit)(r1&0x80);
  22   1      
  23   1              D9=(bit)(r2&0x01);
  24   1              D10=(bit)(r2&0x02);
  25   1              D11=(bit)(r2&0x04);
  26   1              D12=(bit)(r2&0x08);
  27   1              D13=(bit)(r2&0x10);
  28   1              D14=(bit)(r2&0x20);
  29   1              D15=(bit)(r2&0x40);
  30   1              D16=(bit)(r2&0x80);
  31   1                              
  32   1      }
  33          void Show_L(uchar l1,uchar l2,uchar l3,uchar l4)//送显示
  34          {
  35   1              D17=(bit)(l1&0x01);
  36   1              D18=(bit)(l1&0x02);
  37   1              D19=(bit)(l1&0x04);
  38   1              D20=(bit)(l1&0x08);
  39   1              D21=(bit)(l1&0x10);
  40   1              D22=(bit)(l1&0x20);
  41   1              D23=(bit)(l1&0x40);
  42   1              D24=(bit)(l1&0x80);
  43   1      
  44   1              D25=(bit)(l2&0x01);
  45   1              D26=(bit)(l2&0x02);
  46   1              D27=(bit)(l2&0x04);
  47   1              D28=(bit)(l2&0x08);
  48   1              D29=(bit)(l2&0x10);
  49   1              D30=(bit)(l2&0x20);
  50   1              D31=(bit)(l2&0x40);
  51   1              D32=(bit)(l2&0x80);
  52   1      
  53   1              D33=(bit)(l3&0x01);
  54   1              D34=(bit)(l3&0x02);
  55   1              D35=(bit)(l3&0x04);
C51 COMPILER V8.08   SHOWTIME                                                              05/28/2015 23:26:59 PAGE 2   

  56   1              D36=(bit)(l3&0x08);
  57   1              D37=(bit)(l3&0x10);
  58   1              D38=(bit)(l3&0x20);
  59   1              D39=(bit)(l3&0x40);
  60   1              D40=(bit)(l3&0x80);
  61   1      
  62   1              D41=(bit)(l4&0x01);
  63   1              D42=(bit)(l4&0x02);
  64   1              D43=(bit)(l4&0x04);
  65   1              D44=(bit)(l4&0x08);
  66   1              D45=(bit)(l4&0x10);
  67   1              D46=(bit)(l4&0x20);
  68   1              D47=(bit)(l4&0x40);
  69   1              D48=(bit)(l4&0x80);
  70   1                              
  71   1      }
  72          
  73          /************************************** ***/
  74          void Close(void) //IO口高电平关闭LED显示
  75          {
  76   1              P0=0XFF;
  77   1              P1=0XFF;
  78   1              P2=0XFF;
  79   1              P3=0XFF;
  80   1              P4=0XFF;
  81   1              P5=0XFF;
  82   1              P6=0XFF;
  83   1              P7=0XFF;
  84   1      }
  85          /*********************每列显示的时间************************************/
  86          /*****n（us）延时子程序*****/
  87          void Delay10us()                //@18.432MHz
  88          {
  89   1      
  90   1          unsigned char a,b;
  91   1          for(b=153;b>0;b--)
  92   1              for(a=3;a>0;a--);
  93   1      }
  94          /*************************************************/
  95          void Show_line_time(void)//立体显示时间
  96          {
  97   1              if(id==0)       //如果不是调时 显示时间信息
  98   1              {
  99   2                      j++;                                       
 100   2              if( j>768 )//显示完文字后 循环； j=16*需要显示的字数 768/16=48
 101   2              {
 102   3                  j=0;
 103   3              }
 104   2             for(i=j;i<ucNumRows+j;i++)  //显示190列 数据
 105   2              {                               
 106   3                              if(m<16)
 107   3                              {
 108   4                                      Show_R(shuzi[TimeBuff[m]][k*2],shuzi[TimeBuff[m]][k*2+1]);//送时间显示
 109   4                              }
 110   3                              else
 111   3                              {
 112   4                                      Show_R(0XFF,0XFF);
 113   4                              }
 114   3                              Show_L(dazimo[i*2],dazimo[i*2+1],0xFF,0XFF);//送24X32大字显示   
 115   3                              Delay10us();//延时一段时间
 116   3                                                                                      
 117   3                 if(BIT_timeout==1)//这里如果没有显示完一圈的数据 回到起点了 
C51 COMPILER V8.08   SHOWTIME                                                              05/28/2015 23:26:59 PAGE 3   

 118   3                                        //直接跳出 就不会出现头吃尾的现象 而且盲点很小
 119   3                         {
 120   4                                      return;
 121   4                         }
 122   3                          k++;
 123   3                               if(k>7)  //一个数字8列
 124   3                               {
 125   4                                      k=0;
 126   4                                      if((m<8)&&(Time==0))
 127   4                                      {
 128   5                                              m++;
 129   5                                      }
 130   4                                      if((m>7)&&(Time==0))  //间隔显示 时间 和日期 
 131   4                                      {
 132   5                                              m=20;
 133   5                                              if(l>0)
 134   5                                              l--;
 135   5                                              if(l==0)
 136   5                                              {
 137   6                                                m=7;
 138   6                                                Time=1;       
 139   6                                              }
 140   5                                              
 141   5                                      }                                                                                                                                                                                                                  
 142   4                                      if((m<16)&&(Time==1))
 143   4                                      {
 144   5                                              m++;    
 145   5                                      }
 146   4                                  if(m==16)
 147   4                                      m=20;
 148   4                                  
 149   4                       }
 150   3                       Close();
 151   3                      } 
 152   2                      Time=0;
 153   2                      l=6;
 154   2                      k=0;
 155   2                      m=0;
 156   2                      Close(); 
 157   2              }
 158   1              /****************************************************************/
 159   1              else//如果是调时间
 160   1              {
 161   2                 Close();
 162   2                if(id==1)      //调时
 163   2                {
 164   3                      for(i=0;i<8;i++) 
 165   3                      { 
 166   4                              Show_R(shuzi[Hour%16][i*2],shuzi[Hour%16][i*2+1]); //时的个位     
 167   4                              Delay10us();                     
 168   4                      }
 169   3                      Close();
 170   3                      for(i=0;i<8;i++) 
 171   3                      { 
 172   4                              Show_R(shuzi[Hour/16][i*2],shuzi[Hour/16][i*2+1]);       //时的十位
 173   4                              Delay10us();
 174   4                                               
 175   4                      }
 176   3                      Close();
 177   3                      for(i=0;i<8;i++) 
 178   3                      { 
 179   4                              Show_R(shuzi[15][i*2],shuzi[15][i*2+1]);         //时字符                 
C51 COMPILER V8.08   SHOWTIME                                                              05/28/2015 23:26:59 PAGE 4   

 180   4                              Delay10us();                     
 181   4                      }
 182   3                      Close();
 183   3                      for(i=0;i<8;i++) 
 184   3                      { 
 185   4                              Show_R(shuzi[16][i*2],shuzi[16][i*2+1]);         //时字符
 186   4                              Delay10us();                     
 187   4                      }
 188   3                      Close();
 189   3                      
 190   3                                       
 191   3                }
 192   2                /***********************************************/
 193   2                if(id==2)      //调分
 194   2                {
 195   3                      for(i=0;i<8;i++) 
 196   3                      { 
 197   4                              Show_R(shuzi[Cent%16][i*2],shuzi[Cent%16][i*2+1]); //分的个位             
 198   4                              Delay10us();                     
 199   4                      }
 200   3                      Close();
 201   3                      for(i=0;i<8;i++) 
 202   3                      { 
 203   4                              Show_R(shuzi[Cent/16][i*2],shuzi[Cent/16][i*2+1]);  //分的十位
 204   4                              Delay10us();
 205   4                                               
 206   4                      }
 207   3                      Close();
 208   3                      for(i=0;i<8;i++) 
 209   3                      { 
 210   4                              Show_R(shuzi[17][i*2],shuzi[17][i*2+1]);         //分字符         
 211   4                              Delay10us();                     
 212   4                      }
 213   3                              Close();
 214   3                      for(i=0;i<8;i++) 
 215   3                      { 
 216   4                              Show_R(shuzi[18][i*2],shuzi[18][i*2+1]);         //分字符                 
 217   4                              Delay10us();                     
 218   4                      }
 219   3                      Close();
 220   3                      
 221   3                                       
 222   3                }
 223   2                /*********************************************************/
 224   2                if(id==3)      //调秒
 225   2                {
 226   3                      for(i=0;i<8;i++) 
 227   3                      { 
 228   4                              Show_R(shuzi[Sec%16][i*2],shuzi[Sec%16][i*2+1]);        //秒的个位                        
 229   4                              Delay10us();                     
 230   4                      }
 231   3                      Close();
 232   3                      for(i=0;i<8;i++) 
 233   3                      { 
 234   4                              Show_R(shuzi[Sec/16][i*2],shuzi[Sec/16][i*2+1]);        //秒的十位                      ;
 235   4                              Delay10us();
 236   4                                               
 237   4                      }
 238   3                      Close();
 239   3                      for(i=0;i<8;i++) 
 240   3                      { 
 241   4                              Show_R(shuzi[19][i*2],shuzi[19][i*2+1]);        //秒字符                  
C51 COMPILER V8.08   SHOWTIME                                                              05/28/2015 23:26:59 PAGE 5   

 242   4                              Delay10us();                     
 243   4                      }
 244   3                      Close();
 245   3                      for(i=0;i<8;i++) 
 246   3                      { 
 247   4                              Show_R(shuzi[20][i*2],shuzi[20][i*2+1]);        //秒字符                  
 248   4                              Delay10us();                     
 249   4                      }
 250   3                      Close();
 251   3                      
 252   3                                       
 253   3                }
 254   2                /**********************************************************/
 255   2                if(id==4)      //调月
 256   2                {
 257   3                      for(i=0;i<8;i++) 
 258   3                      { 
 259   4                              Show_R(shuzi[Month%16][i*2],shuzi[Month%16][i*2+1]);    //月的个位                
 260   4                              Delay10us();                             
 261   4                      }
 262   3                      Close();
 263   3                      for(i=0;i<8;i++) 
 264   3                      { 
 265   4                              Show_R(shuzi[Month/16][i*2],shuzi[Month/16][i*2+1]);    //月的十位
 266   4                              Delay10us();
 267   4                                               
 268   4                      }
 269   3                      Close();
 270   3                      for(i=0;i<8;i++) 
 271   3                      { 
 272   4                              Show_R(shuzi[11][i*2],shuzi[11][i*2+1]);        //月字符          
 273   4                              Delay10us();                     
 274   4                      }
 275   3                      Close();
 276   3                      for(i=0;i<8;i++) 
 277   3                      { 
 278   4                              Show_R(shuzi[12][i*2],shuzi[12][i*2+1]);        //月字符
 279   4                              Delay10us();                     
 280   4                      }
 281   3                      Close();
 282   3                      
 283   3                                       
 284   3                }
 285   2                /*********************************************************/
 286   2                if(id==5)      //调日
 287   2                {
 288   3                      for(i=0;i<8;i++) 
 289   3                      { 
 290   4                              Show_R(shuzi[Day%16][i*2],shuzi[Day%16][i*2+1]);        //日的个位                                
 291   4                              Delay10us();                     
 292   4                      }
 293   3                      Close();
 294   3                      for(i=0;i<8;i++) 
 295   3                      { 
 296   4                              Show_R(shuzi[Day/16][i*2],shuzi[Day/16][i*2+1]);        //日的十位                      ;
 297   4                              Delay10us();
 298   4                                               
 299   4                      }
 300   3                      Close();
 301   3                      for(i=0;i<8;i++) 
 302   3                      { 
 303   4                              Show_R(shuzi[13][i*2],shuzi[13][i*2+1]);//日字符                  
C51 COMPILER V8.08   SHOWTIME                                                              05/28/2015 23:26:59 PAGE 6   

 304   4                              Delay10us();                     
 305   4                      }
 306   3                      Close();
 307   3                      for(i=0;i<8;i++) 
 308   3                      { 
 309   4                              Show_R(shuzi[14][i*2],shuzi[14][i*2+1]);        //日字符                  
 310   4                              Delay10us();                     
 311   4                      }
 312   3                      Close();
 313   3                      
 314   3                                       
 315   3                }
 316   2                /***********************************************************/
 317   2              }
 318   1      }
 319          //PC2002字幕软件  配置 （逐列 阳码 逆向 左右翻转） 字大小16X16
 320          uchar code shuzi[21][16]={
 321          
 322          {0xFF,0xFF,0x1F,0xF0,0xEF,0xEF,0xF7,0xDF,0xF7,0xDF,0xEF,0xEF,0x1F,0xF0,0xFF,0xFF},/*"0",0*/
 323          
 324          {0xFF,0xFF,0xFF,0xFF,0xFF,0xDF,0xFF,0xDF,0x07,0xC0,0xEF,0xDF,0xEF,0xDF,0xFF,0xFF},/*"1",1*/
 325          
 326          {0xFF,0xFF,0x8F,0xCF,0x77,0xDE,0xF7,0xDD,0xF7,0xDB,0xF7,0xD7,0x8F,0xCF,0xFF,0xFF},/*"2",2*/
 327          
 328          {0xFF,0xFF,0xCF,0xF1,0xB7,0xEE,0x77,0xDF,0x77,0xDF,0xF7,0xDF,0xCF,0xE7,0xFF,0xFF},/*"3",3*/
 329          
 330          {0xFF,0xFF,0xFF,0xDB,0x07,0xC0,0xEF,0xDB,0xDF,0xDB,0x3F,0xFB,0xFF,0xF8,0xFF,0xFF},/*"4",4*/
 331          
 332          {0xFF,0xFF,0xF7,0xF1,0xF7,0xEE,0x77,0xDF,0x77,0xDF,0xF7,0xDE,0x07,0xE6,0xFF,0xFF},/*"5",5*/
 333          
 334          {0xFF,0xFF,0xFF,0xF1,0xE7,0xEE,0x77,0xDF,0x77,0xDF,0xEF,0xEE,0x1F,0xF0,0xFF,0xFF},/*"6",6*/
 335          
 336          {0xFF,0xFF,0xF7,0xFF,0xC7,0xFF,0x37,0xFF,0xF7,0xC0,0xF7,0xFF,0xC7,0xFF,0xFF,0xFF},/*"7",7*/
 337          
 338          {0xFF,0xFF,0x8F,0xE3,0x77,0xDD,0xF7,0xDE,0xF7,0xDE,0x77,0xDD,0x8F,0xE3,0xFF,0xFF},/*"8",8*/
 339          
 340          {0xFF,0xFF,0x1F,0xF0,0xEF,0xEE,0xF7,0xDD,0xF7,0xDD,0xEF,0xCE,0x1F,0xFF,0xFF,0xFF},/*"9",9*/
 341          
 342          {0xFF,0xFF,0xFF,0xFF,0xFF,0xFF,0x3F,0xCF,0x3F,0xCF,0xFF,0xFF,0xFF,0xFF,0xFF,0xFF},/*":",10*/
 343          
 344          {0xFF,0xFF,0xFF,0xFF,0xFF,0xFF,0x01,0x80,0xDD,0x7D,0xDD,0xBD,0xDD,0xFD,0xDD,0xFD},
 345          {0xDD,0xFD,0xDD,0xFD,0xDD,0xFD,0xDD,0xFD,0x01,0xF0,0xFF,0xCF,0xFF,0xBF,0xFF,0x7F},/*"月",11*/
 346          
 347          {0xFF,0xFF,0xFF,0xFF,0xFF,0xFF,0xFF,0xFF,0x01,0x00,0x7D,0xBF,0x7D,0xBF,0x7D,0xBF},
 348          {0x7D,0xBF,0x7D,0xBF,0x7D,0xBF,0x7D,0xBF,0x01,0x00,0xFF,0xFF,0xFF,0xFF,0xFF,0xFF},/*"日",12*/
 349          
 350          {0xFF,0xFF,0xEF,0xFF,0xEF,0xFF,0x00,0x80,0xEF,0x7F,0xEF,0xBF,0xEF,0xF9,0xEF,0xFE},
 351          {0xEF,0xFF,0xFF,0xFF,0x03,0xC0,0x7B,0xEF,0x7B,0xEF,0x7B,0xEF,0x03,0xC0,0xFF,0xFF},/*"时",13*/
 352          
 353          {0xFF,0xFF,0x7F,0xFF,0xBF,0xFF,0xDF,0xFF,0xEF,0xFF,0x73,0xC0,0x7C,0xBF,0x7F,0x7F},
 354          {0x7F,0xBF,0x7F,0xFF,0x79,0xF8,0x77,0xE7,0x6F,0xDF,0xDF,0xBF,0xBF,0x7F,0x7F,0xFF},/*"分",14*/
 355          
 356          {0xFF,0xFF,0x9F,0xFF,0xEF,0xFC,0xF7,0xF3,0xFF,0xEF,0x00,0xD8,0xFF,0xBF,0xC7,0xBF},
 357          {0x3F,0x7F,0xFF,0x7E,0xDD,0xF9,0xDC,0xFE,0x01,0x00,0x5B,0xFE,0xDB,0xF9,0xDB,0xF7},/*"秒",15*/
 358          
 359          
 360          
 361          
 362          };
 363          //PC2002字幕软件  配置 （逐列 阳码 逆向） 字大小宽16X16高
 364          uchar code dazimo[]={
 365          0xFF,0xFF,0xFF,0xFF,0xFF,0xFF,0xFF,0xFF,0xFF,0xFF,0xFF,0xFF,0xFF,0xFF,0xFF,0xFF,/*" ",0*/
C51 COMPILER V8.08   SHOWTIME                                                              05/28/2015 23:26:59 PAGE 7   

 366          
 367          0xFF,0xFF,0xFF,0xFF,0xFF,0xFF,0xFF,0xFF,0xFF,0xFF,0xFF,0xFF,0xFF,0xFF,0xFF,0xFF,/*" ",1*/
 368          
 369          0xFF,0xFF,0xFF,0xFF,0xFF,0xFF,0xFF,0xFF,0xFF,0xFF,0xFF,0xFF,0xFF,0xFF,0xFF,0xFF,/*" ",2*/
 370          
 371          0xFF,0xFF,0xFF,0xFF,0xFF,0xFF,0xFF,0xFF,0xFF,0xFF,0xFF,0xFF,0xFF,0xFF,0xFF,0xFF,/*" ",3*/
 372          0xFF,0xFF,0xFF,0xFF,0xFF,0xFF,0xFF,0xFF,0xFF,0xFF,0xFF,0xFF,0xFF,0xFF,0xFF,0xFF,/*" ",0*/
 373          
 374          0xFF,0xFF,0xFF,0xFF,0xFF,0xFF,0xFF,0xFF,0xFF,0xFF,0xFF,0xFF,0xFF,0xFF,0xFF,0xFF,/*" ",1*/
 375          
 376          0xFF,0xFF,0xFF,0xFF,0xFF,0xFF,0xFF,0xFF,0xFF,0xFF,0xFF,0xFF,0xFF,0xFF,0xFF,0xFF,/*" ",2*/
 377          
 378          0xFF,0xFF,0xFF,0xFF,0xFF,0xFF,0xFF,0xFF,0xFF,0xFF,0xFF,0xFF,0xFF,0xFF,0xFF,0xFF,/*" ",3*/
 379          
 380          0xF7,0xDF,0x07,0xC0,0xF7,0xDF,0xF7,0xDF,0xF7,0xDF,0xEF,0xEF,0x1F,0xF0,0xFF,0xFF,/*"D",0*/
 381          
 382          0xFF,0xFF,0xF7,0xDF,0xF7,0xDF,0x07,0xC0,0xF7,0xDF,0xF7,0xDF,0xFF,0xFF,0xFF,0xFF,/*"I",1*/
 383          
 384          0xF7,0xFF,0xC7,0xFF,0x37,0xDF,0xFF,0xC0,0x37,0xDF,0xC7,0xFF,0xF7,0xFF,0xFF,0xFF,/*"Y",2*/
 385          
 386          0xF7,0xFD,0xF7,0xFE,0x76,0xFF,0x11,0x00,0x67,0xFF,0xFF,0x7C,0xFF,0xBF,0x01,0xDC,
 387          0xFD,0xE7,0xFD,0xF9,0x0D,0xFE,0xFD,0x81,0xFD,0x7F,0x01,0x7C,0xFF,0x1F,0xFF,0xFF,/*"视",3*/
 388          
 389          0xFF,0xF7,0xFF,0xF7,0xFF,0xFB,0x01,0x7B,0x6D,0x9D,0x6D,0xE1,0x6D,0xFE,0x01,0xFF,
 390          0x6D,0xFE,0x6D,0x01,0x6D,0xFD,0x01,0xFB,0xFF,0xFB,0xFF,0xF7,0xFF,0xF7,0xFF,0xFF,/*"界",4*/
 391          
 392          0xFF,0xFF,0xFF,0x83,0x83,0xBF,0xBF,0xBF,0xBF,0xBF,0xBF,0xBF,0xBF,0xBF,0x00,0x80,
 393          0xBF,0xBF,0xBF,0xBF,0xBF,0xBF,0xBF,0xBF,0x03,0xBF,0xFF,0x03,0xFF,0xFF,0xFF,0xFF,/*"出",5*/
 394          
 395          0xFF,0xFF,0xFF,0x01,0xFF,0xBD,0x81,0xBD,0xBD,0xBD,0xBD,0x01,0xBD,0xFF,0xBD,0xFF,
 396          0xBD,0xFF,0xBD,0x01,0xBD,0xBD,0x81,0xBD,0xFF,0xBD,0xFF,0x01,0xFF,0xFF,0xFF,0xFF,/*"品",6*/
 397          
 398          0xFF,0xFF,0xFF,0xFF,0xFF,0xFF,0xFF,0xFF,0xFF,0xFF,0xFF,0xFF,0xFF,0xFF,0xFF,0xFF,/*" ",7*/
 399          
 400          0xF7,0xFD,0xF7,0xFE,0x76,0xFF,0x11,0x00,0x67,0x7F,0xFF,0xBC,0x81,0xDF,0xBD,0xE7,
 401          0x3D,0xF8,0xBD,0xFF,0xBD,0xFF,0x3D,0xC0,0xBD,0xBF,0x81,0xBF,0xFF,0x87,0xFF,0xFF,/*"祝",8*/
 402          
 403          0xFF,0xFE,0x7F,0xFF,0x9F,0xFF,0x07,0x00,0xF8,0xFF,0xBF,0xEF,0xDF,0xF3,0xE7,0xFC,
 404          0xF0,0xBF,0xF7,0x7F,0x37,0x80,0xF7,0xFF,0xF7,0xFE,0xD7,0xF9,0xE7,0xE7,0xFF,0xFF,/*"你",9*/
 405          
 406          0x7F,0xFF,0x7F,0xFF,0x7F,0xFF,0x7F,0xFF,0x7F,0xFF,0x7F,0xFF,0x7F,0xFF,0x7F,0xFF,
 407          0x7F,0xFF,0x7F,0xFF,0x7F,0xFF,0x7F,0xFF,0x7F,0xFF,0x7F,0xFF,0x7F,0xFF,0xFF,0xFF,/*"一",0*/
 408          
 409          0xFF,0xFF,0x07,0xF0,0xF7,0xFF,0x00,0x00,0xF7,0xF7,0x07,0x70,0xFF,0x9F,0x01,0xE0,
 410          0xBD,0xFF,0x7D,0xFE,0xFD,0xFF,0x01,0xC0,0xFF,0xBF,0xFF,0xBF,0xFF,0x87,0xFF,0xFF,/*"帆",1*/
 411          
 412          0xFF,0x7F,0xFF,0x9F,0x01,0xE0,0xFD,0xFF,0xED,0xDF,0xDD,0xEF,0x3D,0xF3,0xFD,0xFC,
 413          0x3D,0xF3,0xCD,0xCF,0xFD,0xFF,0x01,0xF0,0xFF,0xCF,0xFF,0xBF,0xFF,0x07,0xFF,0xFF,/*"风",2*/
 414          
 415          0xFF,0xBF,0x01,0xC0,0xFF,0xFF,0x03,0xC0,0xFF,0xFF,0x00,0x00,0xFF,0x7F,0x0D,0xB0,
 416          0xED,0xDF,0xE5,0xE7,0x29,0xF8,0xED,0xEF,0xED,0xDF,0x0D,0xB0,0xFD,0x7F,0xFF,0xFF,/*"顺",3*/
 417          
 418          0xFF,0xEF,0xFF,0xEF,0xF7,0xEF,0xF7,0xEF,0xF7,0xEF,0xF7,0xEF,0xF7,0xEF,0xF7,0xEF,
 419          0xF7,0xEF,0xF7,0xEF,0xF7,0xEF,0xF7,0xEF,0xF7,0xEF,0xFF,0xEF,0xFF,0xEF,0xFF,0xFF,/*"二",4*/
 420          
 421          0xDF,0xFF,0xDF,0xFF,0xDF,0xFF,0x01,0x80,0xDF,0xBF,0xDF,0xBF,0x00,0xB8,0xDF,0xBB,
 422          0xDF,0xBB,0xDF,0xBB,0x00,0xB8,0xDF,0xBF,0xDF,0xBF,0xDF,0xBF,0xDF,0xFF,0xFF,0xFF,/*"世",5*/
 423          
 424          0xEF,0x7F,0xEF,0xBF,0xEF,0xDF,0xEF,0xE7,0xEF,0xF9,0x00,0xBE,0xEF,0xDF,0xEF,0xEF,
 425          0x0F,0xC0,0xEF,0xBB,0xEE,0xBD,0xE9,0xBE,0x2F,0xBF,0xEF,0xBF,0xEF,0x87,0xFF,0xFF,/*"龙",6*/
 426          
 427          0xFF,0x7F,0x01,0x80,0xDD,0xFD,0xDD,0x7D,0x01,0x00,0xD7,0xFE,0x56,0xDF,0x91,0xD2,
C51 COMPILER V8.08   SHOWTIME                                                              05/28/2015 23:26:59 PAGE 8   

 428          0xD7,0xD6,0xC0,0xD6,0xD7,0xD6,0x93,0xB0,0x54,0x77,0xD7,0x86,0xDF,0xFE,0xFF,0xFF,/*"腾",7*/
 429          
 430          0xFF,0xDF,0xFB,0xDF,0x7B,0xDF,0x7B,0xDF,0x7B,0xDF,0x7B,0xDF,0x7B,0xDF,0x7B,0xDF,
 431          0x7B,0xDF,0x7B,0xDF,0x7B,0xDF,0x7B,0xDF,0x7B,0xDF,0xFB,0xDF,0xFF,0xDF,0xFF,0xFF,/*"三",8*/
 432          
 433          0xFF,0xF7,0xF7,0xF7,0x77,0xF7,0x77,0xF7,0x76,0xF7,0x71,0xF7,0x77,0xF7,0x07,0x00,
 434          0x77,0xF7,0x73,0xF7,0x74,0xF7,0x77,0xF7,0x77,0xF7,0xF7,0xF7,0xFF,0xF7,0xFF,0xFF,/*"羊",9*/
 435          
 436          0x7F,0xFF,0x7D,0x7F,0x7D,0xBF,0x7D,0xCF,0x01,0xF0,0x7D,0xFF,0x7D,0xFF,0x7D,0xFF,
 437          0x7D,0xFF,0x7D,0xFF,0x01,0x00,0x7D,0xFF,0x7D,0xFF,0x7D,0xFF,0x7F,0xFF,0xFF,0xFF,/*"开",10*/
 438          
 439          0xBF,0xFB,0xBB,0xDB,0xAB,0xDD,0xAB,0xED,0xAB,0xEA,0x2B,0xB7,0x8B,0x7B,0xA0,0x80,
 440          0xAB,0xF7,0x2B,0xF7,0xAB,0xEA,0xAB,0xED,0xAB,0xDD,0xBB,0xFB,0xBF,0xFB,0xFF,0xFF,/*"泰",11*/
 441          
 442          0xFF,0xFF,0x03,0x80,0xFB,0xD7,0xFB,0xDB,0xFB,0xDC,0x03,0xDF,0xFB,0xDF,0xFB,0xDF,
 443          0xFB,0xDF,0x03,0xDE,0xFB,0xDD,0xFB,0xDD,0xFB,0xDD,0x03,0x80,0xFF,0xFF,0xFF,0xFF,/*"四",12*/
 444          
 445          0xFF,0xF6,0xEF,0xF6,0x6F,0xF7,0x6D,0xF7,0xAD,0xF6,0xCD,0xB6,0xED,0x76,0x01,0x86,
 446          0xED,0xF2,0xCE,0xF4,0xAE,0xF6,0x6E,0xF7,0x6F,0xF7,0xEF,0xF6,0xFF,0xF6,0xFF,0xFF,/*"季",13*/
 447          
 448          0xFF,0xFE,0xFD,0xFE,0xFD,0xFE,0xED,0xFE,0x9D,0xFE,0xFD,0xFE,0xFD,0xFE,0x01,0x00,
 449          0xFD,0xFE,0xFD,0xFE,0xBD,0xFE,0xCD,0xFE,0xFD,0xFE,0xFD,0xFE,0xFF,0xFE,0xFF,0xFF,/*"平",14*/
 450          
 451          0x7F,0xFF,0x6F,0x7F,0x73,0x7F,0x7B,0x7B,0x7B,0xB9,0x7B,0xB6,0x0A,0xD7,0x79,0xEF,
 452          0x7B,0xEF,0x7B,0xD3,0x7B,0xDC,0x7B,0xBF,0x6B,0x7F,0x73,0xFF,0x7F,0xFF,0xFF,0xFF,/*"安",15*/
 453          
 454          0xFF,0xBF,0xFD,0xBF,0xBD,0xBF,0xBD,0xBF,0xBD,0x87,0x3D,0xB8,0x81,0xBF,0xBD,0xBF,
 455          0xBD,0xBF,0xBD,0xBF,0xBD,0xBF,0x3D,0x80,0xFD,0xBF,0xFD,0xBF,0xFF,0xBF,0xFF,0xFF,/*"五",16*/
 456          
 457          0xF7,0xFD,0xF6,0xFE,0x31,0x00,0x47,0xFF,0xF7,0xFC,0xFF,0xFF,0xFD,0x00,0x85,0xB6,
 458          0xB5,0xB6,0xB5,0xB6,0xB5,0x80,0xB5,0xB6,0xB5,0xB6,0x85,0xB6,0xFD,0x00,0xFF,0xFF,/*"福",17*/
 459          
 460          0xFF,0xFF,0x07,0xE0,0xFF,0xFF,0xFF,0xFF,0x00,0x00,0xBF,0xFF,0xDF,0xFF,0xE7,0x80,
 461          0xF0,0xDE,0xE7,0xDE,0x97,0xC0,0xF7,0xDE,0xF7,0xDE,0xF7,0x80,0xF7,0xFF,0xFF,0xFF,/*"临",18*/
 462          
 463          0xFF,0xFF,0x07,0x00,0xFE,0xFF,0xF9,0xFF,0xFF,0xFF,0xFF,0xFF,0xFD,0xFF,0xFD,0xFF,
 464          0xFD,0xFF,0xFD,0xFF,0xFD,0xFF,0xFD,0xBF,0xFD,0x7F,0x01,0x80,0xFF,0xFF,0xFF,0xFF,/*"门",19*/
 465          
 466          0xDF,0xFF,0xDF,0xBF,0xDF,0xDF,0xDF,0xEF,0xDF,0xF3,0xDF,0xFC,0xDE,0xFF,0xDD,0xFF,
 467          0xD3,0xFF,0xDF,0xFE,0xDF,0xFD,0xDF,0xFB,0xDF,0xE7,0xDF,0x9F,0xDF,0xFF,0xFF,0xFF,/*"六",20*/
 468          
 469          0xDF,0xFF,0xDF,0xBF,0xDF,0xDF,0xDF,0xEF,0xDF,0xF3,0xDF,0xFC,0xDE,0xFF,0xDD,0xFF,
 470          0xD3,0xFF,0xDF,0xFE,0xDF,0xFD,0xDF,0xFB,0xDF,0xE7,0xDF,0x9F,0xDF,0xFF,0xFF,0xFF,/*"六",21*/
 471          
 472          0xDF,0x7F,0xDF,0x7F,0xDF,0xBF,0xDF,0xDF,0xDF,0xEF,0xDF,0xF3,0xDF,0xFC,0x00,0xFF,
 473          0xDF,0xFC,0xDF,0xF3,0xDF,0xEF,0xDF,0xDF,0xDF,0xBF,0xDF,0x7F,0xDF,0x7F,0xFF,0xFF,/*"大",22*/
 474          
 475          0xFF,0xBF,0x01,0xC0,0xFF,0xFF,0x03,0xC0,0xFF,0xFF,0x00,0x00,0xFF,0x7F,0x0D,0xB0,
 476          0xED,0xDF,0xE5,0xE7,0x29,0xF8,0xED,0xEF,0xED,0xDF,0x0D,0xB0,0xFD,0x7F,0xFF,0xFF,/*"顺",23*/
 477          
 478          0x7F,0xFF,0x7F,0xFF,0x7F,0xFF,0x7F,0xFF,0x7F,0xFF,0xBF,0xFF,0x00,0xC0,0xBF,0xBF,
 479          0xBF,0xBF,0xBF,0xBF,0xDF,0xBF,0xDF,0xBF,0xDF,0xBF,0xDF,0x87,0xFF,0xFF,0xFF,0xFF,/*"七",24*/
 480          
 481          0xFF,0xFF,0xFF,0xBB,0xFF,0xBD,0x41,0xB6,0xD5,0xB6,0xD5,0xB6,0xD5,0xB6,0x15,0x80,
 482          0xD5,0xB6,0xD5,0xB6,0xD5,0xB6,0xC1,0xB6,0xFF,0xBE,0xFF,0xBF,0xFF,0xFF,0xFF,0xFF,/*"星",25*/
 483          
 484          0xFB,0xFF,0xFB,0x01,0xFB,0xFD,0xFB,0xFD,0x0B,0x85,0x6B,0xB5,0x6A,0xB5,0x69,0xB5,
 485          0x6B,0xB5,0x6B,0xB5,0x0B,0x85,0xFB,0xFD,0xFB,0x7D,0xFB,0x01,0xFB,0xFF,0xFF,0xFF,/*"高",26*/
 486          
 487          0xFF,0x7F,0x01,0x90,0xBD,0xF7,0xBD,0xF7,0xBD,0xD7,0x01,0x30,0xFF,0xFF,0xBD,0xFF,
 488          0x5D,0xD0,0x61,0x37,0x7D,0xF7,0x5D,0xF7,0x3D,0xD7,0x41,0x30,0xFF,0xFF,0xFF,0xFF,/*"照",27*/
 489          
C51 COMPILER V8.08   SHOWTIME                                                              05/28/2015 23:26:59 PAGE 9   

 490          0xFF,0xFF,0xFF,0x7F,0xFF,0x9F,0xFF,0xE7,0xFF,0xF8,0x03,0xFF,0xFF,0xFF,0xFF,0xFF,
 491          0xFF,0xFF,0x81,0xFF,0x7F,0xFC,0xFF,0xF3,0xFF,0xCF,0xFF,0xBF,0xFF,0x7F,0xFF,0xFF,/*"八",28*/
 492          
 493          0xF7,0xFF,0xF7,0x7F,0xF7,0xBF,0xF7,0xDF,0xF7,0xE7,0x07,0xF8,0x76,0xFF,0x71,0xFF,
 494          0x77,0xBF,0x77,0x7F,0x77,0xBF,0x77,0xC0,0xF7,0xFF,0xF7,0xFF,0xF7,0xFF,0xFF,0xFF,/*"方",29*/
 495          
 496          0xBF,0xFF,0xBF,0xBF,0xBD,0xDF,0x33,0xE0,0xFF,0xDF,0x7F,0xBF,0x77,0xAF,0x77,0xB3,
 497          0x00,0xBC,0x77,0xBF,0x77,0xBF,0x00,0xA0,0x77,0xBF,0x77,0xBF,0x7F,0xBF,0xFF,0xFF,/*"进",30*/
 498          
 499          0xEF,0xBF,0xB3,0xBF,0xBB,0xBB,0xBB,0xBB,0xBB,0xBB,0xBB,0xBB,0xBA,0xBB,0x39,0x80,
 500          0xBB,0xBB,0xBB,0xBB,0xBB,0xAB,0xBB,0x9B,0xBB,0xBB,0xAB,0xBF,0xF3,0xBF,0xFF,0xFF,/*"宝",31*/
 501          
 502          0xFF,0x7F,0xEF,0xBF,0xEF,0xDF,0xEF,0xE7,0xEF,0xF8,0x00,0xFF,0xEF,0xFF,0xEF,0xFF,
 503          0xEF,0xFF,0xEF,0xFF,0x0F,0xC0,0xFF,0xBF,0xFF,0xBF,0xFF,0xBF,0xFF,0x87,0xFF,0xFF,/*"九",32*/
 504          
 505          0x7F,0xFF,0x7D,0xFF,0x7D,0xFF,0x7D,0xFF,0x7D,0xFF,0x7D,0xBF,0x7D,0x7F,0x1D,0x80,
 506          0x5D,0xFF,0x6D,0xFF,0x75,0xFF,0x79,0xFF,0x7D,0xFF,0x7F,0xFF,0x7F,0xFF,0xFF,0xFF,/*"子",33*/
 507          
 508          0xFF,0xFE,0xFF,0xBE,0x75,0xBF,0xAD,0xB0,0xDD,0xA6,0xA5,0x96,0xB9,0xB6,0xBF,0xB6,
 509          0xB8,0xB6,0xA7,0x96,0xDB,0xA6,0xAD,0xB0,0x77,0xBF,0xFB,0xBE,0xFF,0xFE,0xFF,0xFF,/*"登",34*/
 510          
 511          0xDB,0xF7,0xDB,0xF9,0x5B,0xFE,0x01,0x00,0x5C,0xFF,0xDD,0xFE,0xFF,0xFB,0xDD,0xFB,
 512          0x33,0xFB,0xFF,0xFB,0xFF,0xFB,0x00,0x00,0xFF,0xFD,0xFF,0xFD,0xFF,0xFD,0xFF,0xFF,/*"科",35*/
 513          
 514          0xBF,0xFF,0xBF,0xFF,0xBF,0xFF,0xBF,0xFF,0xBF,0xFF,0xBF,0xFF,0xBF,0xFF,0x00,0x00,
 515          0xBF,0xFF,0xBF,0xFF,0xBF,0xFF,0xBF,0xFF,0xBF,0xFF,0xBF,0xFF,0xBF,0xFF,0xFF,0xFF,/*"十",36*/
 516          
 517          0x7F,0xFF,0x7F,0xBF,0xBF,0xBF,0xDF,0xBB,0xAF,0xBB,0xB7,0xBB,0xBB,0xBB,0x3C,0x80,
 518          0xBB,0xBB,0xB7,0xBB,0xAF,0xBB,0xDF,0xBB,0xBF,0xBF,0x7F,0xBF,0x7F,0xFF,0xFF,0xFF,/*"全",37*/
 519          
 520          0xBF,0xFF,0xBF,0xFF,0xBF,0xFF,0xBF,0xFF,0xBF,0xFF,0xBF,0xFF,0xBF,0xFF,0x00,0x00,
 521          0xBF,0xFF,0xBF,0xFF,0xBF,0xFF,0xBF,0xFF,0xBF,0xFF,0xBF,0xFF,0xBF,0xFF,0xFF,0xFF,/*"十",38*/
 522          
 523          0xFF,0x7E,0xFB,0x76,0xDB,0x76,0xDB,0xB6,0xDA,0xB6,0xD9,0xD6,0xDB,0xE6,0x03,0xF0,
 524          0xDB,0xE6,0xD9,0xD6,0xDA,0xB6,0xDB,0xB6,0xDB,0x76,0xFB,0x76,0xFF,0x7E,0xFF,0xFF,/*"美",39*/
 525          
 526          0xFD,0xFF,0xFD,0xFF,0x1D,0x00,0xDD,0xBD,0xDD,0xBD,0xCD,0xBD,0xD5,0xBD,0xD9,0xBD,
 527          0xDD,0xBD,0xDD,0xBD,0xDD,0xBD,0xDD,0xBD,0x1D,0x00,0xFD,0xFF,0xFD,0xFF,0xFF,0xFF,/*"百",40*/
 528          
 529          0xFB,0xFB,0xFB,0xFB,0x8B,0xEA,0xAB,0xEA,0xAB,0xEA,0xAB,0xAA,0xAB,0x6A,0x00,0x80,
 530          0xAB,0xEA,0xAB,0xEA,0xAB,0xEA,0xAB,0xEA,0x8B,0xE0,0xFB,0xFB,0xFB,0xFB,0xFF,0xFF,/*"事",41*/
 531          
 532          0xFB,0xFF,0xFB,0xFF,0xFB,0xFD,0x0B,0xFD,0x6B,0xFD,0x6B,0xBD,0x6A,0x7D,0x69,0x85,
 533          0x6B,0xF5,0x6B,0xF9,0x6B,0xF9,0x0B,0xFD,0xFB,0xFF,0xFB,0xFF,0xFB,0xFF,0xFF,0xFF,/*"亨",42*/
 534          
 535          0xBF,0x7F,0xBD,0xBF,0x33,0xC0,0xFF,0xBF,0xFF,0x7F,0x1D,0x00,0xDD,0x76,0xD5,0x76,
 536          0xD5,0x76,0x0D,0x40,0xD5,0x76,0xD9,0x56,0xDD,0x36,0x1F,0x40,0xFF,0x7F,0xFF,0xFF,/*"通",43*/
 537          
 538          0xFB,0x7F,0xFB,0xBF,0xFB,0xDF,0xFB,0xE7,0xFB,0xF9,0x03,0xFE,0xBB,0xFF,0xBB,0xFF,
 539          0xBB,0xBF,0xBB,0x7F,0xBB,0xBF,0x3B,0xC0,0xFB,0xFF,0xFB,0xFF,0xFB,0xFF,0xFF,0xFF,/*"万",44*/
 540          
 541          0xFB,0xFB,0xFB,0xFB,0x8B,0xEA,0xAB,0xEA,0xAB,0xEA,0xAB,0xAA,0xAB,0x6A,0x00,0x80,
 542          0xAB,0xEA,0xAB,0xEA,0xAB,0xEA,0xAB,0xEA,0x8B,0xE0,0xFB,0xFB,0xFB,0xFB,0xFF,0xFF,/*"事",45*/
 543          
 544          0xEF,0x7F,0xEF,0xBE,0x0F,0xDD,0xE0,0xEB,0xEF,0xF7,0xEF,0xE9,0x0F,0x9E,0xFF,0xFF,
 545          0xFF,0xFF,0x07,0x80,0xF7,0xDF,0xF7,0xDF,0xF7,0xDF,0x07,0x80,0xFF,0xFF,0xFF,0xFF,/*"如",46*/
 546          
 547          0xEF,0xBF,0xEF,0xCF,0xED,0xFF,0x2D,0x88,0xA9,0x7A,0xA5,0x7A,0xAD,0x72,0xAC,0x4A,
 548          0xAD,0x7A,0xA5,0x7A,0xA9,0x7A,0x2D,0x18,0xED,0xFF,0xEF,0xEF,0xEF,0x9F,0xFF,0xFF,/*"意",47*/
 549          
 550          
 551          };
C51 COMPILER V8.08   SHOWTIME                                                              05/28/2015 23:26:59 PAGE 10  

 552          /*********************************************************************************/
 553          /*************************************************************************************
 554          ************************************************************************************
 555          ***********************                                     ***************************
 556          ***********************    http://59tiaoba.taobao.com       ***************************
 557          ***********************                                     ***************************
 558          ************************************************************************************
 559          **********************************************************************************/


MODULE INFORMATION:   STATIC OVERLAYABLE
   CODE SIZE        =   1579    ----
   CONSTANT SIZE    =   2676    ----
   XDATA SIZE       =   ----    ----
   PDATA SIZE       =   ----    ----
   DATA SIZE        =     28       4
   IDATA SIZE       =   ----    ----
   BIT SIZE         =      1    ----
END OF MODULE INFORMATION.


C51 COMPILATION COMPLETE.  0 WARNING(S),  0 ERROR(S)
