C51 COMPILER V9.59.0.0   APP                                                               02/24/2019 00:34:46 PAGE 1   


C51 COMPILER V9.59.0.0, COMPILATION OF MODULE APP
OBJECT MODULE PLACED IN .\Objects\app.obj
COMPILER INVOKED BY: C:\Keil\C51\BIN\C51.EXE app.c OPTIMIZE(8,SPEED) BROWSE DEBUG OBJECTEXTEND PRINT(.\Listings\app.lst)
                    - TABS(2) OBJECT(.\Objects\app.obj)

line level    source

   1          #include "app.h"
   2          
   3          extern const uint8_t code HZ_tab[][16];
   4          
   5          sbit buzzer = P3^7; 
   6          sbit key = P2^7;
   7          sbit LED = P3^6;
   8          
   9          uint8_t flag = 0;
  10          uint8_t able[2] = {0};
  11          
  12          extern uint8_t key_val;
  13          
  14          void Delay1000ms()    //@11.0592MHz
  15          {
  16   1        unsigned char i, j, k;
  17   1      
  18   1        _nop_();
  19   1        i = 8;
  20   1        j = 1;
  21   1        k = 243;
  22   1        do
  23   1        {
  24   2          do
  25   2          {
  26   3            while (--k);
  27   3          } while (--j);
  28   2        } while (--i);
  29   1      }
  30          
  31          
  32          int main(void)
  33          {
  34   1        int i = 0;
  35   1        Ds1302Init();
  36   1        buzzer = 1;
  37   1        LED = 1;
  38   1        Init_DS18B20();
  39   1        InitLcd(); 
  40   1        LCD_ShowChinaLanguage(0 ,0 , &HZ_tab[0][0], 8);
  41   1        LCD_ShowChinaLanguage(2 ,0 , &HZ_tab[16][0], 8);
  42   1        LCD_ShowChinaLanguage(4 ,0 , &HZ_tab[32][0], 6); 
  43   1        LCD_ShowChinaLanguage(6 ,0 , &HZ_tab[44][0], 3);
  44   1        LED_ShowString(6, 6, "150401211");
  45   1        
  46   1        while(i++ < DISPLAY_TIME)
  47   1          Delay1000ms();
  48   1        SetClear();
  49   1        
  50   1        LCD_ShowChinaLanguage(0 ,0 , &HZ_tab[50][0], 3);
  51   1        LCD_ShowChinaLanguage(2 ,0 , &HZ_tab[56][0], 3);
  52   1        LCD_ShowChinaLanguage(4 ,0 , &HZ_tab[62][0], 3);
  53   1        LCD_ShowChinaLanguage(4 ,7 , &HZ_tab[68][0], 1);
  54   1        LCD_ShowChinaLanguage(6 ,0 , &HZ_tab[70][0], 5);
C51 COMPILER V9.59.0.0   APP                                                               02/24/2019 00:34:46 PAGE 2   

  55   1        
  56   1        Timer0Init();
  57   1        uart_init();
  58   1        while(1)
  59   1        {
  60   2            
  61   2            if(flag == 1) // 如果收到数据 
  62   2          { 
  63   3              ES = 0; //关闭串口中断
  64   3      
  65   3              flag = 0; //标志位清零
  66   3              for(i = 0; i < 2; i++)
  67   3            {
  68   4              SBUF = *(able + i); //将收到的数据发送至缓冲区 
  69   4      
  70   4              while(!TI); //等待数据发送结束
  71   4      
  72   4              TI=0; // 将发送结束标志清零
  73   4            }
  74   3            if(able[0] == 'O' && able[1] == 'K'&&key_val == 1) {buzzer = 0; LED = 0;}
  75   3            else if(able[0] == 'N' && able[1] == 'O'){buzzer = 1; LED = 1;}
  76   3              ES=1; // 使能串口中断
  77   3          }
  78   2        }
  79   1      }


MODULE INFORMATION:   STATIC OVERLAYABLE
   CODE SIZE        =    303    ----
   CONSTANT SIZE    =     10    ----
   XDATA SIZE       =   ----    ----
   PDATA SIZE       =   ----    ----
   DATA SIZE        =      3       2
   IDATA SIZE       =   ----    ----
   BIT SIZE         =   ----    ----
END OF MODULE INFORMATION.


C51 COMPILATION COMPLETE.  0 WARNING(S),  0 ERROR(S)
