C51 COMPILER V9.59.0.0   KEY                                                               05/21/2019 11:53:23 PAGE 1   


C51 COMPILER V9.59.0.0, COMPILATION OF MODULE KEY
OBJECT MODULE PLACED IN .\Objects\key.obj
COMPILER INVOKED BY: F:\KEIL\C51\BIN\C51.EXE key.c OPTIMIZE(8,SPEED) BROWSE DEBUG OBJECTEXTEND PRINT(.\Listings\key.lst)
                    - OBJECT(.\Objects\key.obj)

line level    source

   1          #include "key.h"
   2          
   3          
   4          void Delay5ms()         //@11.0592MHz
   5          {
   6   1              unsigned char i, j;
   7   1      
   8   1              i = 9;
   9   1              j = 244;
  10   1              do
  11   1              {
  12   2                      while (--j);
  13   2              } while (--i);
  14   1      }
  15          
  16          
  17          uint8_t kscanf(void)
  18          {               
  19   1        static uint8_t key_mode = 1; 
  20   1              static last_keyval = 1, keyflag = 1;
  21   1      
  22   1              if(key1 == 0 && last_keyval == 0 && keyflag)
  23   1                      {
  24   2                              keyflag = 0;
  25   2                              key_mode ^= 0X01;
  26   2                      }
  27   1              if(key1 != 0)
  28   1                      keyflag = 1;
  29   1               last_keyval = key1;
  30   1               
  31   1              return key_mode;
  32   1      
  33   1      }       


MODULE INFORMATION:   STATIC OVERLAYABLE
   CODE SIZE        =     53    ----
   CONSTANT SIZE    =   ----    ----
   XDATA SIZE       =   ----    ----
   PDATA SIZE       =   ----    ----
   DATA SIZE        =      5    ----
   IDATA SIZE       =   ----    ----
   BIT SIZE         =   ----    ----
END OF MODULE INFORMATION.


C51 COMPILATION COMPLETE.  0 WARNING(S),  0 ERROR(S)
