C51 COMPILER V9.59.0.0   TIMER                                                             02/24/2019 00:48:59 PAGE 1   


C51 COMPILER V9.59.0.0, COMPILATION OF MODULE TIMER
OBJECT MODULE PLACED IN .\Objects\timer.obj
COMPILER INVOKED BY: C:\Keil\C51\BIN\C51.EXE timer.c OPTIMIZE(8,SPEED) BROWSE DEBUG OBJECTEXTEND PRINT(.\Listings\timer.
                    -lst) TABS(2) OBJECT(.\Objects\timer.obj)

line level    source

   1          #include "timer.h"
   2          
   3          extern const uint8_t code HZ_tab[][16];
   4          /*******************************************************************************
   5          * 函 数 名         : Timer0Init
   6          * 函数功能       : 定时器0初始化
   7          * 输    入         : 无
   8          * 输    出         : 无
   9          *******************************************************************************/
  10          void Timer0Init(void)
  11          {
  12   1        TMOD|=0X01; //选择为定时器0模式，工作方式1，仅用TR0打开启动。
  13   1        TL0 = 0x00;   //设置定时初值
  14   1        TH0 = 0xDC;   //设置定时初值
  15   1        ET0=1;      //打开定时器0中断允许
  16   1        EA=1;       //打开总中断
  17   1        TR0=1;      //打开定时器      
  18   1      }
  19          
  20            uint8_t * _pDs18b20 = (uint8_t *)0;
  21            uint8_t * _pDs1302 = (uint8_t *)0;
  22            uint8_t key_val = 0;
  23          void Timer0() interrupt 1
  24          {
  25   1        static uint8_t delay_10ms = 0;
  26   1        int i = 0;
  27   1        TL0 = 0x00;   //设置定时初值
  28   1        TH0 = 0xDC;   //设置定时初值
  29   1        delay_10ms ++;
  30   1        key_val = kscanf();
  31   1          if(key_val && delay_10ms == 50)
  32   1          {
  33   2            LCD_ShowChinaLanguage(6 ,3 , &HZ_tab[76][0], 2);
  34   2          }
  35   1          else if(delay_10ms == 50)
  36   1          {
  37   2            LCD_ShowChinaLanguage(6 ,3 , &HZ_tab[80][0], 2);
  38   2          }
  39   1        if(delay_10ms == 50)
  40   1        { 
  41   2          delay_10ms = 0;
  42   2          _pDs18b20 = Ds18b20_datapros(ReadTemperature());   //数据处理函数
  43   2      
  44   2          LED_ShowString_length(4, 7, _pDs18b20 ,4);
  45   2          
  46   2          _pDs1302 = Ds1302_datapros();  //数据处理函数
  47   2          LCD_ShowNumber(0, 7, _pDs1302[3], 2);
  48   2          LCD_ShowChar(0, 9, '-');
  49   2          LCD_ShowNumber(0, 10, _pDs1302[2], 2);
  50   2          LCD_ShowChar(0, 12, '-');
  51   2          LCD_ShowNumber(0, 13, _pDs1302[0], 2);
  52   2          LCD_ShowNumber(2, 7, _pDs1302[4], 2);
  53   2          LCD_ShowChar(2, 9, '-');
  54   2          LCD_ShowNumber(2, 10, _pDs1302[5], 2);
C51 COMPILER V9.59.0.0   TIMER                                                             02/24/2019 00:48:59 PAGE 2   

  55   2          LCD_ShowChar(2, 12, '-');
  56   2          LCD_ShowNumber(2, 13, _pDs1302[6], 2);
  57   2        }
  58   1        
  59   1        
  60   1        
  61   1      }


MODULE INFORMATION:   STATIC OVERLAYABLE
   CODE SIZE        =    389    ----
   CONSTANT SIZE    =   ----    ----
   XDATA SIZE       =   ----    ----
   PDATA SIZE       =   ----    ----
   DATA SIZE        =      8       2
   IDATA SIZE       =   ----    ----
   BIT SIZE         =   ----    ----
END OF MODULE INFORMATION.


C51 COMPILATION COMPLETE.  0 WARNING(S),  0 ERROR(S)
