C51 COMPILER V9.59.0.0   MAIN                                                              04/05/2019 12:01:19 PAGE 1   


C51 COMPILER V9.59.0.0, COMPILATION OF MODULE MAIN
OBJECT MODULE PLACED IN .\Objects\main.obj
COMPILER INVOKED BY: F:\KEIL\C51\BIN\C51.EXE main.c OPTIMIZE(8,SPEED) BROWSE DEBUG OBJECTEXTEND PRINT(.\Listings\main.ls
                    -t) TABS(2) OBJECT(.\Objects\main.obj)

line level    source

   1          #include "app.h"
   2          #include "NRF24L01.h"
   3          #include "usart.h"
   4          #include "timer.h"
   5          
   6          
   7          uint8_t flag_hw = 0;
   8          uint32_t STATE_FLAG = 0; //状态标志位
   9          uint8_t delay_hw = 0;
  10          
  11          void main()
  12          {
  13   1        uint8_t data_ = 0, temp = 0;
  14   1        UartInit();
  15   1        //NRF24L01初始化
  16   1        init_io();               //无线初始化IO
  17   1        RX_Mode();               //设置为接收模式
  18   1        Timer0Init();
  19   1        while(1)
  20   1        {
  21   2          if(STATE_FLAG & (1 << 0 ))
  22   2          {
  23   3            STATE_FLAG &= ~(1 << 0);
  24   3            if(P16 == 1)
  25   3            {
  26   4              delay_hw = 20;
  27   4              flag_hw = 1;
  28   4            }
  29   3            else if(delay_hw != 0)
  30   3            {
  31   4              delay_hw --;
  32   4            }
  33   3            else
  34   3            {
  35   4              flag_hw = 0;
  36   4            }
  37   3          }
  38   2            
  39   2          NRF24L01_Send();  
  40   2          
  41   2        }
  42   1      }


MODULE INFORMATION:   STATIC OVERLAYABLE
   CODE SIZE        =     74    ----
   CONSTANT SIZE    =   ----    ----
   XDATA SIZE       =   ----    ----
   PDATA SIZE       =   ----    ----
   DATA SIZE        =      6       2
   IDATA SIZE       =   ----    ----
   BIT SIZE         =   ----    ----
END OF MODULE INFORMATION.


C51 COMPILATION COMPLETE.  0 WARNING(S),  0 ERROR(S)
