C51 COMPILER V9.59.0.0   TIMER                                                             04/05/2019 11:58:08 PAGE 1   


C51 COMPILER V9.59.0.0, COMPILATION OF MODULE TIMER
OBJECT MODULE PLACED IN .\Objects\timer.obj
COMPILER INVOKED BY: F:\KEIL\C51\BIN\C51.EXE timer.c OPTIMIZE(8,SPEED) BROWSE DEBUG OBJECTEXTEND PRINT(.\Listings\timer.
                    -lst) TABS(2) OBJECT(.\Objects\timer.obj)

line level    source

   1          #include "timer.h"
   2          
   3          extern uint32_t STATE_FLAG;
   4          
   5          void Timer0Init(void)   //50毫秒@11.0592MHz
   6          {
   7   1        AUXR &= 0x7F;   //定时器时钟12T模式
   8   1        TMOD &= 0xF0;   //设置定时器模式
   9   1        TMOD |= 0x01;   //设置定时器模式
  10   1        TL0 = 0x00;   //设置定时初值
  11   1        TH0 = 0x4C;   //设置定时初值
  12   1        TF0 = 0;    //清除TF0标志
  13   1        TR0 = 1;    //定时器0开始计时
  14   1        IE |=0X82;
  15   1      }
  16          
  17          void tim0() interrupt 1
  18          {
  19   1          static uint8_t _TimeOut_500ms = 0;
  20   1        TL0 = 0x00;   //设置定时初值
  21   1        TH0 = 0x4C;   //设置定时初值
  22   1        
  23   1        if(_TimeOut_500ms ++ > 9)
  24   1        {
  25   2          _TimeOut_500ms = 0;
  26   2          STATE_FLAG |= 1 << 0;
  27   2        }
  28   1        
  29   1      }
  30          


MODULE INFORMATION:   STATIC OVERLAYABLE
   CODE SIZE        =     80    ----
   CONSTANT SIZE    =   ----    ----
   XDATA SIZE       =   ----    ----
   PDATA SIZE       =   ----    ----
   DATA SIZE        =      1    ----
   IDATA SIZE       =   ----    ----
   BIT SIZE         =   ----    ----
END OF MODULE INFORMATION.


C51 COMPILATION COMPLETE.  0 WARNING(S),  0 ERROR(S)
