C51 COMPILER V9.56.0.0   MAIN                                                              10/22/2018 18:35:33 PAGE 1   


C51 COMPILER V9.56.0.0, COMPILATION OF MODULE MAIN
OBJECT MODULE PLACED IN .\Objects\main.obj
COMPILER INVOKED BY: F:\KEILC51+MDK\C51\BIN\C51.EXE main.c OPTIMIZE(8,SPEED) BROWSE DEBUG OBJECTEXTEND PRINT(.\Listings\
                    -main.lst) OBJECT(.\Objects\main.obj)

line level    source

   1          #include "intrins.h"
   2          #include "usart.h"
   3          #include <STC15F2K60S2.H>
   4          #include "string.h"
   5          #include "Ultrasonic.h"
   6          #include "timer.h"
   7          #include "Exti.h"
   8          #include "HC_SR04.h"
   9          #include "stdio.h"
  10          
  11          void Delay100ms()               //@11.0592MHz
  12          {
  13   1              unsigned char i, j, k;
  14   1      
  15   1              _nop_();
  16   1              _nop_();
  17   1              i = 5;
  18   1              j = 52;
  19   1              k = 195;
  20   1              do
  21   1              {
  22   2                      do
  23   2                      {
  24   3                              while (--k);
  25   3                      } while (--j);
  26   2              } while (--i);
  27   1      }
  28          
  29          
  30          
  31          
  32          void main()
  33          {
  34   1              int i = 0;
  35   1              u16 jl=0;
  36   1              P3M0|=0x08;
  37   1              P3M1&=~0x08;
  38   1              Usart_Init();
  39   1              Timer2Init();
  40   1              TRIG = 0;
  41   1              ECHO = 1;
  42   1              Delay100ms();
  43   1              Delay100ms();
  44   1              while(1)
  45   1              {
  46   2                      for(i = 0; i < 5; i++)
  47   2                      {
  48   3                              StartModule();
  49   3                              while(!ECHO);           //当RX为零时等待
  50   3                              AUXR |= 0x10;                   //定时器2开始计时
  51   3                              while(ECHO);                    //当RX为1计数并等待
  52   3                              AUXR &= ~0x10;
  53   3                              jl = Conut();
  54   3                              if(jl != 0)
C51 COMPILER V9.56.0.0   MAIN                                                              10/22/2018 18:35:33 PAGE 2   

  55   3                                      UltrasonicDataPage(jl);
  56   3                              Delay100ms();
  57   3                      }
  58   2                      P34=~P34;       
  59   2              }
  60   1      }


MODULE INFORMATION:   STATIC OVERLAYABLE
   CODE SIZE        =    108    ----
   CONSTANT SIZE    =   ----    ----
   XDATA SIZE       =   ----    ----
   PDATA SIZE       =   ----    ----
   DATA SIZE        =   ----       4
   IDATA SIZE       =   ----    ----
   BIT SIZE         =   ----    ----
END OF MODULE INFORMATION.


C51 COMPILATION COMPLETE.  0 WARNING(S),  0 ERROR(S)
