C51 COMPILER V9.56.0.0   SHOWTIME                                                          06/09/2018 19:51:01 PAGE 1   


C51 COMPILER V9.56.0.0, COMPILATION OF MODULE SHOWTIME
OBJECT MODULE PLACED IN ShowTime.OBJ
COMPILER INVOKED BY: F:\KEILC51+MDK\C51\BIN\C51.EXE ShowTime.c OPTIMIZE(8,SPEED) BROWSE DEBUG OBJECTEXTEND

line level    source

   1          #include "NEW_8051.H"
   2          #include "task.h"
   3          #define ucNumRows 190 //定义一周显示列数
   4          
   5          uchar code zimo[];
   6          //void PortA(uchar temp)//送显示
   7          //{
   8          //      D24=(bit)(temp&0x01);
   9          //      D23=(bit)(temp&0x02);
  10          //      D22=(bit)(temp&0x04);
  11          //      D21=(bit)(temp&0x08);
  12          //      D20=(bit)(temp&0x10);
  13          //      D19=(bit)(temp&0x20);
  14          //      D18=(bit)(temp&0x40);
  15          //      D17=(bit)(temp&0x80);
  16          //}
  17          //void PortB(uchar temp)//送显示
  18          //{
  19          //      D32=(bit)(temp&0x01);
  20          //      D31=(bit)(temp&0x02);
  21          //      D30=(bit)(temp&0x04);
  22          //      D29=(bit)(temp&0x08);
  23          //      D28=(bit)(temp&0x10);
  24          //      D27=(bit)(temp&0x20);
  25          //      D26=(bit)(temp&0x40);
  26          //      D25=(bit)(temp&0x80);
  27          //}
  28          //void PortC(uchar temp)//送显示
  29          //{
  30          //      D40=(bit)(temp&0x01);
  31          //      D39=(bit)(temp&0x02);
  32          //      D38=(bit)(temp&0x04);
  33          //      D37=(bit)(temp&0x08);
  34          //      D36=(bit)(temp&0x10);
  35          //      D35=(bit)(temp&0x20);
  36          //      D34=(bit)(temp&0x40);
  37          //      D33=(bit)(temp&0x80);
  38          //}
  39          //void PortD(uchar temp)//送显示
  40          //{
  41          //      D41=(bit)(temp&0x01);
  42          //      D42=(bit)(temp&0x02);
  43          //      D43=(bit)(temp&0x04);
  44          //      D44=(bit)(temp&0x08);
  45          //      D45=(bit)(temp&0x10);
  46          //      D46=(bit)(temp&0x20);
  47          //      D47=(bit)(temp&0x40);
  48          //      D48=(bit)(temp&0x80);
  49          //}
  50          void Show_R(uchar r1,uchar r2)//送显示
  51          {
  52   1              D1=(bit)(r1&0x01);
  53   1              D2=(bit)(r1&0x02);
  54   1              D3=(bit)(r1&0x04);
  55   1              D4=(bit)(r1&0x08);
C51 COMPILER V9.56.0.0   SHOWTIME                                                          06/09/2018 19:51:01 PAGE 2   

  56   1              D5=(bit)(r1&0x10);
  57   1              D6=(bit)(r1&0x20);
  58   1              D7=(bit)(r1&0x40);
  59   1              D8=(bit)(r1&0x80);
  60   1      
  61   1              D9=(bit)(r2&0x01);
  62   1              D10=(bit)(r2&0x02);
  63   1              D11=(bit)(r2&0x04);
  64   1              D12=(bit)(r2&0x08);
  65   1              D13=(bit)(r2&0x10);
  66   1              D14=(bit)(r2&0x20);
  67   1              D15=(bit)(r2&0x40);
  68   1              D16=(bit)(r2&0x80);
  69   1                              
  70   1      }
  71          void Show_L(uchar l1,uchar l2,uchar l3,uchar l4)//送显示
  72          {
  73   1              D17=(bit)(l1&0x01);
  74   1              D18=(bit)(l1&0x02);
  75   1              D19=(bit)(l1&0x04);
  76   1              D20=(bit)(l1&0x08);
  77   1              D21=(bit)(l1&0x10);
  78   1              D22=(bit)(l1&0x20);
  79   1              D23=(bit)(l1&0x40);
  80   1              D24=(bit)(l1&0x80);
  81   1      
  82   1              D25=(bit)(l2&0x01);
  83   1              D26=(bit)(l2&0x02);
  84   1              D27=(bit)(l2&0x04);
  85   1              D28=(bit)(l2&0x08);
  86   1              D29=(bit)(l2&0x10);
  87   1              D30=(bit)(l2&0x20);
  88   1              D31=(bit)(l2&0x40);
  89   1              D32=(bit)(l2&0x80);
  90   1      
  91   1              D33=(bit)(l3&0x01);
  92   1              D34=(bit)(l3&0x02);
  93   1              D35=(bit)(l3&0x04);
  94   1              D36=(bit)(l3&0x08);
  95   1              D37=(bit)(l3&0x10);
  96   1              D38=(bit)(l3&0x20);
  97   1              D39=(bit)(l3&0x40);
  98   1              D40=(bit)(l3&0x80);
  99   1      
 100   1              D41=(bit)(l4&0x01);
 101   1              D42=(bit)(l4&0x02);
 102   1              D43=(bit)(l4&0x04);
 103   1              D44=(bit)(l4&0x08);
 104   1              D45=(bit)(l4&0x10);
 105   1              D46=(bit)(l4&0x20);
 106   1              D47=(bit)(l4&0x40);
 107   1              D48=(bit)(l4&0x80);
 108   1                              
 109   1      }
 110          
 111          /************************************** ***/
 112          void Close(void) //IO口高电平关闭LED显示
 113          {
 114   1              P0=0XFF;
 115   1              P1=0XFF;
 116   1              P2=0XFF;
 117   1              P3=0XFF;
C51 COMPILER V9.56.0.0   SHOWTIME                                                          06/09/2018 19:51:01 PAGE 3   

 118   1              P4=0XFF;
 119   1              P5=0XFF;
 120   1              P6=0XFF;
 121   1              P7=0XFF;
 122   1      }
 123          uchar code picture[]={  //圆形图片取模软件 取的数据全部复制到“{   }”中
 124                  /*
 125          0xDF,0x00,0x7E,0xE0,0xF7,0x00,0x7E,0xE0,0xCE,0x00,0x7E,0xE0,0xDE,0x00,0x7E,0xE0,
 126          0xF6,0x00,0x7E,0xE0,0xDE,0x01,0x7E,0xF0,0xFF,0x00,0xFE,0xF0,0xFF,0x00,0xFE,0xF0,
 127          0xFF,0x00,0xFF,0xF0,0xFF,0x00,0xFF,0xF0,0xFF,0x01,0x3F,0xF0,0xCE,0x00,0x3E,0xF0,
 128          0xC9,0x00,0x3E,0xF0,0xC0,0x00,0x3F,0xF0,0xCF,0x00,0x3F,0xF0,0xFE,0x01,0x3E,0xE1,
 129          0xFF,0x01,0x1E,0xE1,0xFF,0x00,0x1F,0xF1,0xBF,0x01,0x9F,0xF3,0x87,0x00,0x9F,0xF3,
 130          0x82,0x01,0x8F,0xF3,0x9B,0x00,0x8F,0xF1,0xFF,0x01,0xCF,0xF1,0xFF,0x01,0xC7,0xF1,
 131          0xFF,0x00,0xC7,0xF1,0xFF,0x81,0xC7,0xF3,0xDF,0x00,0xC7,0xF3,0xE3,0x81,0xC7,0xF3,
 132          0xC3,0x80,0xC7,0xF3,0xDF,0x81,0xE7,0xE3,0xFE,0x81,0xE7,0xE3,0xFF,0x80,0xE3,0xE3,
 133          0xDF,0x81,0xE7,0xE3,0xEB,0x00,0xF3,0xE7,0x80,0x80,0xF3,0xE7,0x81,0x81,0xF3,0xE7,
 134          0xBF,0xC1,0xF1,0xE7,0xFF,0xC0,0xE1,0xE3,0xFF,0xC0,0xE3,0xE3,0xDF,0x80,0xF3,0xE3,
 135          0x82,0xC1,0xF3,0xE3,0xC0,0xC1,0xF3,0xF3,0xC0,0xC1,0xF1,0xFB,0xAA,0xC1,0xF1,0xFF,
 136          0xFF,0xC1,0xFF,0xFF,0xFE,0xE1,0xFF,0xFF,0x9E,0xA1,0xFF,0xFF,0xAE,0xA1,0xF3,0xFF,
 137          0x80,0xA1,0xF3,0xFB,0xA0,0xA1,0xF3,0xF3,0xBE,0x21,0xF3,0xE3,0xFF,0x23,0xF3,0xE3,
 138          0xFF,0x11,0xE3,0xE3,0xDE,0x91,0xE1,0xE3,0x97,0x91,0xF1,0xE7,0xD2,0x93,0xF3,0xE7,
 139          0xF2,0x11,0xF3,0xE7,0xBE,0x19,0xF3,0xE7,0xFE,0x9B,0xE7,0xE3,0xFE,0x19,0xE3,0xE3,
 140          0xC6,0x0F,0xE3,0xE3,0xC6,0x0B,0xE7,0xE3,0xF2,0x0D,0xC7,0xF3,0xB2,0x0F,0xC7,0xF3,
 141          0xA6,0x0F,0xC7,0xF3,0xEE,0x07,0xC7,0xF3,0xFE,0x07,0xC7,0xF1,0xFC,0x07,0xC7,0xF1,
 142          0x9C,0x07,0xCF,0xF1,0x0E,0x07,0x8F,0xF1,0x84,0x03,0x8F,0xF3,0xE8,0x07,0x9F,0xF2,
 143          0xFC,0x03,0x9F,0xF2,0xFC,0x03,0x1F,0xF0,0xFE,0x03,0x1E,0xE0,0xB5,0x03,0x3E,0xE0,
 144          0xCE,0x01,0x3F,0xF0,0xC5,0x03,0x3F,0xF0,0x46,0x03,0x3E,0xF0,0xBD,0x01,0x3E,0xF0,
 145          0x9D,0x03,0x3E,0xF0,0xFC,0x03,0x7E,0xF0,0xFD,0x01,0x7F,0xF0,0xFC,0x01,0x7E,0xF0,
 146          0xFE,0x03,0x7E,0xF0,0xFD,0x01,0x7E,0xF0,0x8D,0x01,0x7E,0xE0,0xBD,0x01,0x7E,0xE0,
 147          0xBD,0x01,0x7E,0xE0,0xBD,0x01,0x7E,0xE0,0xCD,0x01,0x7E,0xE0,0xBD,0x01,0x7E,0xE0,
 148          0xBD,0x01,0x3E,0xE0,0xED,0x01,0x3E,0xE2,0xFD,0x01,0x3E,0xE2,0xDD,0x01,0x3E,0xE2,
 149          0xF4,0x00,0x3C,0xE2,0xBD,0x01,0x3C,0xE2,0xBD,0x01,0x3E,0xC2,0xDC,0x01,0x3E,0xC6,
 150          0xCD,0x01,0x1E,0xC6,0xFD,0x01,0x1E,0xC7,0x9D,0x01,0x1E,0xCF,0xF5,0x01,0x9E,0xCF,
 151          0xB9,0x01,0x9E,0xCF,0x85,0x01,0x9E,0xC7,0xEC,0x01,0x8E,0x87,0xF5,0x01,0xCF,0x87,
 152          0xC4,0x01,0xCE,0x87,0xF4,0x01,0x86,0x87,0xD5,0x01,0x87,0x8F,0xFD,0x00,0x87,0x8F,
 153          0xED,0x01,0xC7,0x8F,0xED,0x01,0xC7,0x8F,0xFD,0x00,0xC7,0x8F,0xFD,0x01,0xC3,0x8F,
 154          0xF4,0x01,0xC3,0x8F,0xD4,0x01,0xC7,0x8F,0xF5,0x01,0xC3,0x8F,0xEE,0x01,0xE3,0x9F,
 155          0xF4,0x01,0xE3,0xDF,0xF6,0x01,0xE3,0xDF,0xCD,0x01,0xE7,0xDF,0xFE,0x01,0xF3,0xDF,
 156          0xCD,0x01,0xF3,0xDF,0xCE,0x81,0xF3,0xDF,0xFC,0x81,0xF1,0xDF,0xFE,0x81,0xE1,0xDF,
 157          0xD6,0xC1,0xE3,0xFF,0xE6,0x83,0xF3,0xFF,0xF4,0x81,0xF3,0xFF,0xDC,0xC1,0xF3,0xFF,
 158          0xF4,0xC1,0xF3,0xFF,0xEE,0xC1,0xF3,0xFF,0xC6,0xC1,0xFF,0xFF,0xFE,0xC1,0xFF,0xFF,
 159          0xFE,0xE1,0xFF,0xFF,0xFE,0xE1,0xF3,0xFF,0xEE,0x61,0xF3,0xFF,0xC6,0x61,0xF3,0xFF,
 160          0xF4,0x23,0xF3,0xFF,0xFE,0x23,0xF3,0xFF,0xFE,0x11,0xE3,0xFF,0xFE,0x91,0xE1,0xDF,
 161          0xDF,0x11,0xF1,0xDF,0xF6,0x13,0xF3,0xDF,0xF6,0x31,0xF3,0xDF,0xFA,0x19,0xF3,0xDF,
 162          0xF6,0x1B,0xE7,0xDF,0xDE,0x19,0xE3,0xDF,0xCE,0x0F,0xE3,0xDF,0xFF,0x0B,0xE7,0x9F,
 163          0xCE,0x1D,0xE7,0x8F,0xFE,0x0F,0xE7,0x8F,0xF7,0x0B,0xE7,0x8F,0xDE,0x07,0xE7,0x8F,
 164          0xF6,0x07,0xC7,0x8F,0xDE,0x07,0xC7,0x8F,0xD6,0x07,0xC7,0x8F,0xFE,0x07,0x87,0x8F,
 165          0xDE,0x03,0x87,0x8F,0xFF,0x07,0x87,0x87,0xF2,0x03,0x8F,0x87,0xF6,0x03,0x0F,0x87,
 166          0xEF,0x03,0x0F,0x87,0xF2,0x03,0x1F,0xC7,0xCE,0x01,0x0F,0xCF,0xFE,0x03,0x0F,0xCF,
 167          0xF7,0x01,0x1F,0xCF,0xDE,0x01,0x1F,0xC7,0xEE,0x03,0x1F,0xC6,0xD7,0x01,0x3F,0xC6,
 168          0xEE,0x01,0x3F,0xC2,0xEF,0x01,0x3E,0xE2,0xFF,0x00,0x3E,0xE2,0xC6,0x01,0x3E,0xE2,
 169          0xFE,0x01,0x3E,0xE2,0xDE,0x01,0x3E,0xE2,0xF6,0x01,0x3E,0xE0,0xEE,0x00,0x7E,0xE0,
 170          */
 171          0xFF,0x3F,0x00,0x00,0xFF,0x3F,0x01,0x00,0xFF,0x3F,0x01,0x00,0xFF,0x3F,0x00,0x06,
 172          0xFF,0x3F,0x00,0x06,0xFF,0x3F,0x00,0x06,0xFF,0x1F,0x00,0x06,0xFF,0x1F,0x10,0x07,
 173          0xFF,0x1F,0x10,0x07,0xFF,0x3F,0x00,0x07,0xFF,0x3F,0xC0,0x07,0xFF,0x3F,0xE0,0x06,
 174          0xFF,0xFF,0xE0,0x06,0xFF,0xFF,0x71,0x00,0xFF,0xFF,0x53,0x00,0xFF,0xFF,0x43,0x00,
 175          0xFF,0xFF,0x03,0x00,0xFF,0xFF,0x03,0x00,0xFF,0xFF,0x01,0x00,0xFF,0xFF,0x03,0x00,
 176          0xFF,0xFF,0x0B,0x00,0xFF,0xFF,0x2F,0x00,0xFF,0xFF,0xE9,0x00,0xFF,0xFF,0xE0,0x04,
 177          0xFF,0xFF,0xE0,0x04,0xFF,0x7F,0xC0,0x07,0xFF,0x3F,0xC0,0x07,0xFF,0x3F,0x80,0x07,
 178          0xFF,0x1F,0x00,0x07,0xFF,0x1F,0x02,0x07,0xFF,0x3F,0x02,0x07,0xFF,0x3F,0x02,0x02,
 179          0xFF,0x3F,0x00,0x02,0xFF,0x7F,0x01,0x00,0xFF,0x3F,0x01,0x00,0xFF,0x3F,0x00,0x00,
C51 COMPILER V9.56.0.0   SHOWTIME                                                          06/09/2018 19:51:01 PAGE 4   

 180          0xFF,0x3F,0x02,0x00,0xFF,0x3F,0x02,0x00,0xFF,0x1F,0x04,0x00,0xFF,0x3F,0x1C,0x00,
 181          0xFF,0x3F,0x18,0x00,0xFF,0x7F,0x18,0x00,0xFF,0x7F,0x18,0x00,0xFF,0x7F,0x18,0x00,
 182          0xFF,0x7F,0x00,0x00,0xFF,0x7F,0x00,0x00,0xFF,0xFF,0x01,0x00,0xFF,0xFF,0x07,0x00,
 183          0xFF,0xFF,0x07,0x00,0xFF,0xFF,0x03,0x00,0xFF,0xFF,0x02,0x00,0xFF,0xFF,0x00,0x00,
 184          0xFF,0xFF,0x00,0x00,0xFF,0x7F,0x00,0x00,0xFF,0x7F,0x00,0x00,0xFF,0x7F,0x00,0x00,
 185          0xFF,0x7F,0x04,0x00,0xFF,0x1F,0x04,0x00,0xFF,0x1F,0x00,0x00,0xFF,0x1F,0x00,0x00,
 186          0xFF,0x07,0x00,0x00,0xFF,0x07,0x00,0x00,0xFF,0x03,0x00,0x00,0xFF,0x03,0x00,0x00,
 187          0xFF,0x07,0x00,0x00,0xFF,0x03,0x00,0x00,0xFF,0x05,0x00,0x00,0xFF,0x01,0x06,0x00,
 188          0xFF,0x10,0x07,0x00,0x7F,0x10,0x07,0x00,0xFF,0x01,0x01,0x00,0xFF,0xC1,0x01,0x00,
 189          0xFF,0x07,0x01,0x00,0xFF,0x0F,0x00,0x00,0xFF,0x1F,0x00,0x00,0xFF,0x3F,0x00,0x40,
 190          0xFF,0x7F,0x00,0x50,0xFF,0xFF,0x02,0x50,0xFF,0xFF,0x07,0x50,0xFF,0xFF,0x0F,0x58,
 191          0xFF,0xFF,0x2F,0x59,0xFF,0xFF,0xFF,0x59,0xFF,0xFF,0xFF,0x5D,0xFF,0xFF,0xFF,0x7F,
 192          0xFF,0xFF,0xFF,0x7F,0xFF,0xFF,0xFF,0x7F,0xFF,0xFF,0xDF,0x7F,0xFF,0xFF,0xDF,0x7F,
 193          0xFF,0xFF,0xDF,0x7F,0xFF,0xFF,0x3F,0x7F,0xFF,0xFF,0x3F,0x7F,0xFF,0xFF,0x3F,0x7F,
 194          0xFF,0xFF,0xFF,0x7F,0xFF,0xFF,0xFF,0x78,0xFF,0xFF,0xFF,0x70,0xFF,0xFF,0xFF,0x60,
 195          0xFF,0xFF,0xFF,0x60,0xFF,0xFF,0xFF,0x61,0xFF,0xFF,0xFF,0x63,0xFF,0xFF,0xFF,0x67,
 196          0xFF,0xFF,0xFF,0x67,0xFF,0xFF,0xFF,0x67,0xFF,0xFF,0xFF,0x6F,0xFF,0xFF,0xFF,0x6F,
 197          0xFF,0xFF,0xFF,0x6F,0xFF,0xFF,0xFF,0x7F,0xFF,0xFF,0xFF,0x7F,0xFF,0xFF,0xFF,0x7F,
 198          0xFF,0xFF,0xFF,0x7F,0xFF,0xFF,0xFF,0x7F,0xFF,0xFF,0xFF,0x7F,0xFF,0xFF,0xFF,0x7F,
 199          0xFF,0xFF,0xFF,0x7F,0xFF,0xFF,0xFF,0x7F,0xFF,0xFF,0xFF,0x7F,0xFF,0xFF,0xFF,0x5F,
 200          0xFF,0xFF,0xFF,0x5F,0xFF,0xFF,0xFF,0x5F,0xFF,0xFF,0xFF,0x5F,0xFF,0xFF,0xFF,0x5F,
 201          0xFF,0xFF,0xFF,0x1B,0xFF,0xFF,0xFF,0x03,0xFF,0xFF,0xFF,0x03,0xFF,0xFF,0x7F,0x01,
 202          0xFF,0xFF,0x7F,0x0B,0xFF,0xFF,0xFF,0x0B,0xFF,0xFF,0xFF,0x0B,0xFF,0xFF,0xFF,0x0F,
 203          0xFF,0xFF,0xDF,0x2F,0xFF,0xFF,0xDF,0x2F,0xFF,0xFF,0xDF,0x2F,0xFF,0xFF,0xFF,0x3F,
 204          0xFF,0xFF,0xFF,0x3F,0xFF,0xFF,0xFF,0x3F,0xFF,0xFF,0xFF,0x3F,0xFF,0xFF,0xFF,0x3F,
 205          0xFF,0xFF,0xFF,0x3F,0xFF,0xFF,0x0F,0x3F,0xFF,0xFF,0x0F,0x38,0xFF,0xFF,0x01,0x30,
 206          0xFF,0x7F,0x00,0x20,0xFF,0x3F,0x00,0x20,0xFF,0x0F,0x00,0x20,0xFF,0x07,0x00,0x00,
 207          0xFF,0x07,0x00,0x00,0xFF,0x01,0x00,0x00,0xFF,0x00,0x04,0x00,0x7F,0x08,0x06,0x00,
 208          0xFF,0x80,0x07,0x00,0x7F,0x00,0x01,0x00,0xFF,0x02,0x01,0x00,0xFF,0x03,0x00,0x00,
 209          0xFF,0x03,0x00,0x00,0xFF,0x03,0x00,0x00,0xFF,0x07,0x00,0x00,0xFF,0x03,0x00,0x00,
 210          0xFF,0x07,0x00,0x00,0xFF,0x0F,0x00,0x00,0xFF,0x1F,0x00,0x00,0xFF,0x1F,0x06,0x00,
 211          0xFF,0x3F,0x04,0x00,0xFF,0x3F,0x04,0x00,0xFF,0x7F,0x00,0x00,0xFF,0x7F,0x00,0x00,
 212          0xFF,0xFF,0x00,0x00,0xFF,0xFF,0x00,0x00,0xFF,0xFF,0x00,0x00,0xFF,0xFF,0x02,0x00,
 213          0xFF,0xFF,0x03,0x00,0xFF,0xFF,0x01,0x00,0xFF,0x7F,0x00,0x00,0xFF,0x7F,0x00,0x00,
 214          0xFF,0x7F,0x00,0x00,0xFF,0x3F,0x00,0x00,0xFF,0x7F,0x18,0x00,0xFF,0x3F,0x18,0x00,
 215          0xFF,0x3F,0x18,0x00,0xFF,0x3F,0x06,0x00,0xFF,0x3F,0x06,0x00,0xFF,0x3F,0x00,0x00,
 216          
 217          
 218          /*蝴蝶4.bmp*/
 219          };
 220          //PC2002字幕软件  配置 （逐列 阳码 逆向 左右反转） 侧面显示文字  大小宽16X16高 http://59tiaoba.taobao.com
 221          uchar code Lzimo[]={
 222          
 223          0xFF,0xFF,0xFF,0xFF,0xFF,0xFF,0xFF,0xFF,0xFF,0xFF,0xFF,0xFF,0xFF,0xFF,0xFF,0xFF,/*" ",0*/
 224          
 225          0xFF,0xFF,0xFF,0xFF,0xFF,0xFF,0xFF,0xFF,0xFF,0xFF,0xFF,0xFF,0xFF,0xFF,0xFF,0xFF,/*" ",1*/
 226          
 227          0xFF,0xFF,0xFF,0xFF,0xFF,0xFF,0xFF,0xFF,0xFF,0xFF,0xFF,0xFF,0xFF,0xFF,0xFF,0xFF,/*" ",2*/
 228          
 229          0xFF,0xFF,0xFF,0xFF,0xFF,0xFF,0xFF,0xFF,0xFF,0xFF,0xFF,0xFF,0xFF,0xFF,0xFF,0xFF,/*" ",3*/
 230          
 231          0xFF,0xFF,0xFF,0xFF,0xFF,0xFF,0xFF,0xFF,0xFF,0xFF,0xFF,0xFF,0xFF,0xFF,0xFF,0xFF,/*" ",4*/
 232          
 233          0xFF,0xFF,0xFF,0xFF,0xFF,0xFF,0xFF,0xFF,0xFF,0xFF,0xFF,0xFF,0xFF,0xFF,0xFF,0xFF,/*" ",0*/
 234          
 235          0xFF,0xFF,0xFF,0xFF,0xFF,0xFF,0xFF,0xFF,0xFF,0xFF,0xFF,0xFF,0xFF,0xFF,0xFF,0xFF,/*" ",1*/
 236          
 237          0xFF,0xFF,0xFF,0xFF,0xFF,0xFF,0xFF,0xFF,0xFF,0xFF,0xFF,0xFF,0xFF,0xFF,0xFF,0xFF,/*" ",2*/
 238          
 239          0xFF,0xFF,0xFF,0xFF,0xFF,0xFF,0xFF,0xFF,0xFF,0xFF,0xFF,0xFF,0xFF,0xFF,0xFF,0xFF,/*" ",3*/
 240          
 241          0xFF,0xFF,0xFF,0xFF,0xFF,0xFF,0xFF,0xFF,0xFF,0xFF,0xFF,0xFF,0xFF,0xFF,0xFF,0xFF,/*" ",4*/
C51 COMPILER V9.56.0.0   SHOWTIME                                                          06/09/2018 19:51:01 PAGE 5   

 242          
 243          
 244          0xFF,0xFF,0xFF,0xFF,0xFF,0xFF,0xFF,0xFF,0xFF,0xFF,0xFF,0xFF,0xFF,0xFF,0xFF,0xFF,/*" ",0*/
 245          
 246          0xFF,0xFF,0xFF,0xFF,0xFF,0xFF,0xFF,0xFF,0xFF,0xFF,0xFF,0xFF,0xFF,0xFF,0xFF,0xFF,/*" ",1*/
 247          
 248          0xFF,0xFF,0xFF,0xFF,0xFF,0xFF,0xFF,0xFF,0xFF,0xFF,0xFF,0xFF,0xFF,0xFF,0xFF,0xFF,/*" ",2*/
 249          
 250          0xFF,0xFF,0xFF,0xFF,0xFF,0xFF,0xFF,0xFF,0xFF,0xFF,0xFF,0xFF,0xFF,0xFF,0xFF,0xFF,/*" ",3*/
 251          
 252          0xFF,0xFF,0xFF,0xFF,0xFF,0xFF,0xFF,0xFF,0xFF,0xFF,0xFF,0xFF,0xFF,0xFF,0xFF,0xFF,/*" ",4*/
 253          
 254          /*
 255          0xFF,0xFF,0xFF,0xFF,0x00,0x80,0xFF,0x7F,0xFF,0xBF,0x07,0xF0,0xFF,0xFF,0xF7,0xFF,
 256          0xF7,0xFF,0x87,0x9F,0x77,0xE6,0xF1,0xF9,0x76,0xF6,0xB7,0xEF,0xD7,0xDF,0xF7,0xBF,//刘0
 257          0xFF,0xFF,0xFF,0x7F,0xC3,0xBF,0x3B,0xDF,0xFB,0xEC,0xFB,0xF3,0xFB,0xEC,0x03,0xDF,
 258          0xFB,0xBF,0xFF,0x7F,0xC3,0xCF,0x3B,0xF3,0xFB,0xFC,0x3B,0xF3,0xCB,0xCF,0xFB,0xBF,//双1
 259          0xFF,0xFF,0xFF,0xFF,0x01,0x80,0xFD,0x7F,0xED,0xBF,0x6D,0xE0,0x6D,0xF7,0x6D,0xF7,
 260          0x6D,0xF7,0x6D,0xF7,0x6D,0xE0,0xED,0xFF,0xFD,0xFF,0x01,0x00,0xFF,0xFF,0xFF,0xFF,//同2
 261          0xFF,0xFF,0xCF,0xFB,0xAF,0xFB,0xEC,0xFB,0xEB,0xFB,0x67,0xFB,0x6F,0xFA,0x6F,0xF9,
 262          0x69,0x81,0x6E,0x7B,0x6F,0xBB,0x6F,0xFB,0x69,0xFB,0xEE,0xFB,0xCF,0xFB,0xBF,0xFB,//学3
 263          0xFF,0xFF,0xFF,0xFF,0xFF,0xFF,0xFF,0xFF,0xFF,0xFF,0xFF,0xFF,0xFF,0xFF,0xFF,0xFF,
 264          0xFF,0xFF,0xFF,0xFF,0xFF,0xFF,0xFF,0xFF,0xFF,0xC9,0xFF,0xC9,0xFF,0xFF,0xFF,0xFF,//：4
 265          
 266          0xFF,0xFF,0xE7,0xE7,0xD7,0xF9,0xF7,0xFE,0xF7,0xFF,0x37,0x80,0xF7,0x7F,0xF0,0xBF,
 267          0xE7,0xFC,0xDF,0xF3,0xBF,0xEF,0xF8,0xFF,0x07,0x00,0x9F,0xFF,0x7F,0xFF,0xFF,0xFE,//你0
 268          0xFF,0xFF,0xFF,0xC7,0x07,0xFB,0x74,0x9F,0x73,0xB9,0x77,0xBE,0x71,0xC3,0x76,0xFF,
 269          0x07,0xC7,0xFF,0xBF,0xFD,0xFB,0x01,0x00,0x6D,0xF7,0x6D,0xF7,0x01,0xE0,0xFD,0xEF,//聪1
 270          0xFF,0xFF,0xFD,0x7F,0x0D,0xB0,0xED,0xDF,0xED,0xEF,0x29,0xF8,0xE5,0xE7,0xED,0xDF,
 271          0x0D,0xB0,0xFF,0x7B,0x45,0xDB,0x5D,0xEB,0xDB,0x00,0xDB,0xEA,0xE0,0xDA,0xFF,0xBB,//颖2
 272          0xFF,0xFF,0xFF,0xFF,0xFF,0xFF,0xFF,0xFF,0xFF,0xFF,0xFF,0xFF,0xFF,0xFF,0xFF,0xFF,
 273          0xFF,0xFF,0xFF,0xFF,0xFF,0xFF,0xFF,0xFF,0xFF,0xC7,0xFF,0xA7,0xFF,0xFF,0xFF,0xFF,//，3
 274          0xFF,0xFF,0xE7,0xE7,0xD7,0xF9,0xF7,0xFE,0xF7,0xFF,0x37,0x80,0xF7,0x7F,0xF0,0xBF,
 275          0xE7,0xFC,0xDF,0xF3,0xBF,0xEF,0xF8,0xFF,0x07,0x00,0x9F,0xFF,0x7F,0xFF,0xFF,0xFE,//你4
 276          0xFF,0xFF,0xBF,0xFD,0xBB,0xFD,0xAB,0x05,0x2B,0xB5,0xAA,0xB4,0xA9,0xB5,0xAB,0xB5,
 277          0x03,0xB4,0xAB,0xB5,0xA9,0xB5,0xAA,0xB4,0x2B,0xB5,0xAB,0x05,0xBB,0xFD,0xBF,0xFD,//善5
 278          0xFF,0xFF,0xFF,0x7F,0xFF,0x7F,0xFF,0xBD,0x03,0xBA,0xDB,0xD6,0xDB,0xEE,0xDB,0xF6,
 279          0xD9,0xFA,0xDA,0xFC,0xDB,0xDE,0xDB,0xBE,0xDB,0x7E,0x03,0x00,0xFF,0xFF,0xFF,0xFF,//良6
 280          0xFF,0xFF,0xFF,0xFF,0xFF,0xFF,0xFF,0xFF,0xFF,0xFF,0xFF,0xFF,0xFF,0xFF,0xFF,0xFF,
 281          0xFF,0xFF,0xFF,0xFF,0xFF,0xFF,0xFF,0xFF,0xFF,0xC7,0xFF,0xA7,0xFF,0xFF,0xFF,0xFF,//，7
 282          0xFF,0xFF,0xE7,0xE7,0xD7,0xF9,0xF7,0xFE,0xF7,0xFF,0x37,0x80,0xF7,0x7F,0xF0,0xBF,
 283          0xE7,0xFC,0xDF,0xF3,0xBF,0xEF,0xF8,0xFF,0x07,0x00,0x9F,0xFF,0x7F,0xFF,0xFF,0xFE,//你8
 284          0xFF,0xFF,0xDF,0xFF,0xDF,0xFF,0xDD,0x01,0xDC,0xBD,0xDD,0xBD,0x01,0xBC,0xDB,0xBD,
 285          0xDB,0xBD,0xDB,0x01,0xDF,0xFF,0xFF,0xFF,0x73,0xFE,0xFD,0x81,0x9F,0xFB,0xEF,0xFB,//活9
 286          0xFF,0xFF,0xEF,0x7F,0x6B,0x7C,0x6D,0xBB,0x6F,0xD7,0x6F,0xEF,0x60,0xD0,0x0F,0xBF,
 287          0xEF,0x78,0xE3,0x67,0xFF,0xDF,0x3F,0xBF,0xF3,0xFC,0xFD,0x83,0x9F,0xFB,0xEF,0xFB,//泼10
 288          0xFF,0xFF,0xFF,0xFF,0xFF,0xFF,0xFF,0xFF,0xFF,0xFF,0xFF,0xFF,0xFF,0xFF,0xFF,0xFF,
 289          0xFF,0xFF,0xFF,0xFF,0xFF,0xE7,0xFF,0xDB,0xFF,0xDB,0xFF,0xE7,0xFF,0xFF,0xFF,0xFF,//。11
 290          0xFF,0xFF,0xFB,0xFF,0xFB,0xFF,0xFB,0xFF,0x1B,0x80,0xDB,0x76,0xDB,0xB6,0xDB,0xF6,
 291          0xDB,0xF6,0xD8,0xF6,0xC3,0xF6,0x1B,0x00,0x7B,0xFF,0xFB,0xFE,0xFB,0xFD,0xFB,0xFB,//有12
 292          0xFF,0xFF,0xEF,0xFF,0xEF,0xFF,0x00,0x80,0xEF,0x7F,0xEF,0xBF,0xEF,0xF9,0xEF,0xFE,
 293          0xEF,0xFF,0xFF,0xFF,0x03,0xC0,0x7B,0xEF,0x7B,0xEF,0x7B,0xEF,0x03,0xC0,0xFF,0xFF,//时13
 294          0xFF,0xFF,0xE7,0xE7,0xD7,0xF9,0xF7,0xFE,0xF7,0xFF,0x37,0x80,0xF7,0x7F,0xF0,0xBF,
 295          0xE7,0xFC,0xDF,0xF3,0xBF,0xEF,0xF8,0xFF,0x07,0x00,0x9F,0xFF,0x7F,0xFF,0xFF,0xFE,//你14
 296          0xFF,0xFF,0xFF,0x87,0xFF,0xBF,0xFF,0xBF,0x07,0xBC,0xF7,0xBB,0xEF,0xBD,0xEF,0xBF,
 297          0x00,0xB0,0xDF,0xBF,0xDF,0xBF,0xBF,0xBF,0x03,0xC0,0xBF,0xFF,0x7F,0xFF,0x7F,0xFF,//也15
 298          0xFF,0xFF,0xFF,0xFF,0x03,0xC0,0xFB,0xBF,0xFB,0x7F,0xFB,0xBF,0xFB,0xFF,0xFB,0xFF,
 299          0xFB,0xFF,0xCF,0xC7,0x3F,0xEB,0xBC,0xEE,0xB3,0xED,0xAF,0xEB,0x9F,0xC7,0xBF,0xEF,//幻16
 300          0xFF,0xFF,0xFF,0xCF,0xFF,0xF7,0x01,0xFC,0xAD,0x8D,0xAD,0xBD,0xAD,0xBD,0x01,0xA4,
 301          0xFF,0xBB,0x77,0xBF,0xB7,0xBF,0x00,0xC4,0x97,0xFF,0x77,0xFF,0xF7,0xCE,0xFF,0xBF,//想17
 302          0xFF,0xFF,0xFF,0xFF,0xFF,0xFF,0xFF,0xFF,0xFF,0xFF,0xFF,0xFF,0xFF,0xFF,0xFF,0xFF,
 303          0xFF,0xFF,0xFF,0xFF,0xFF,0xFF,0xFF,0xFF,0xFF,0xC7,0xFF,0xA7,0xFF,0xFF,0xFF,0xFF,//，18
C51 COMPILER V9.56.0.0   SHOWTIME                                                          06/09/2018 19:51:01 PAGE 6   

 304          0xFF,0xFF,0xFB,0xFF,0xFB,0xFF,0xFB,0xFF,0x1B,0x80,0xDB,0x76,0xDB,0xB6,0xDB,0xF6,
 305          0xDB,0xF6,0xD8,0xF6,0xC3,0xF6,0x1B,0x00,0x7B,0xFF,0xFB,0xFE,0xFB,0xFD,0xFB,0xFB,//有19
 306          0xFF,0xFF,0xEF,0xFF,0xEF,0xFF,0x00,0x80,0xEF,0x7F,0xEF,0xBF,0xEF,0xF9,0xEF,0xFE,
 307          0xEF,0xFF,0xFF,0xFF,0x03,0xC0,0x7B,0xEF,0x7B,0xEF,0x7B,0xEF,0x03,0xC0,0xFF,0xFF,//时20
 308          0xFF,0xFF,0xE7,0xE7,0xD7,0xF9,0xF7,0xFE,0xF7,0xFF,0x37,0x80,0xF7,0x7F,0xF0,0xBF,
 309          0xE7,0xFC,0xDF,0xF3,0xBF,0xEF,0xF8,0xFF,0x07,0x00,0x9F,0xFF,0x7F,0xFF,0xFF,0xFE,//你21
 310          0xFF,0xFF,0xFF,0x87,0xFF,0xBF,0xFF,0xBF,0x07,0xBC,0xF7,0xBB,0xEF,0xBD,0xEF,0xBF,
 311          0x00,0xB0,0xDF,0xBF,0xDF,0xBF,0xBF,0xBF,0x03,0xC0,0xBF,0xFF,0x7F,0xFF,0x7F,0xFF,//也22
 312          0xFF,0xFF,0xDF,0x7F,0xD3,0xBF,0xDD,0xCF,0xDF,0xF1,0x00,0xFE,0xDF,0xF1,0xDF,0xCF,
 313          0xDF,0xBF,0x81,0x4A,0xB5,0xFA,0xAD,0x9A,0x01,0xF8,0xAD,0x96,0xB5,0xF6,0x81,0x16,//默23
 314          0xFF,0xFF,0xEF,0xF7,0xEB,0x3B,0xED,0xDC,0x2F,0xFF,0xC0,0xFF,0x2F,0x3F,0xEF,0xDC,
 315          0xEF,0xFB,0xC3,0xF7,0x3B,0x3F,0xDB,0xDE,0x68,0xFD,0xA7,0xFB,0xDF,0x97,0xBF,0x7F,//然24
 316          0xFF,0xFF,0xFF,0xFF,0xFF,0xFF,0xFF,0xFF,0xFF,0xFF,0xFF,0xFF,0xFF,0xFF,0xFF,0xFF,
 317          0xFF,0xFF,0xFF,0xFF,0xFF,0xFF,0xFF,0xFF,0xFF,0xC7,0xFF,0xA7,0xFF,0xFF,0xFF,0xFF,//，25
 318          
 319          0xFF,0xFF,0xF7,0xBF,0xF7,0xBE,0xF7,0xBE,0xF7,0xBE,0xF7,0xBE,0x17,0x80,0xF7,0xBE,
 320          0xF7,0xBE,0xF4,0xBE,0xF3,0xBE,0xC7,0xBF,0x37,0x00,0x77,0xFF,0xF7,0xFE,0xF7,0xFD,//在0
 321          0xFF,0xFF,0xDF,0x7F,0xD3,0xBF,0xDD,0xCF,0xDF,0xF1,0x00,0xFE,0xDF,0xF1,0xDF,0xCF,
 322          0xDF,0xBF,0x81,0x4A,0xB5,0xFA,0xAD,0x9A,0x01,0xF8,0xAD,0x96,0xB5,0xF6,0x81,0x16,//默1
 323          0xFF,0xFF,0xEF,0xF7,0xEB,0x3B,0xED,0xDC,0x2F,0xFF,0xC0,0xFF,0x2F,0x3F,0xEF,0xDC,
 324          0xEF,0xFB,0xC3,0xF7,0x3B,0x3F,0xDB,0xDE,0x68,0xFD,0xA7,0xFB,0xDF,0x97,0xBF,0x7F,//然2
 325          0xFF,0xFF,0xFF,0xFF,0xFF,0xFF,0x0F,0xF0,0xEF,0xFB,0xEF,0xFB,0xEF,0xFB,0xEF,0xFB,
 326          0x00,0x00,0xEF,0xFB,0xEF,0xFB,0xEF,0xFB,0xEF,0xFB,0x0F,0xF0,0xFF,0xFF,0xFF,0xFF,//中3
 327          0xFF,0xFF,0xF3,0x87,0xEB,0xBF,0xFB,0xBF,0x3B,0xC0,0xBB,0xFF,0xBB,0xFF,0xBB,0xFF,
 328          0x3B,0xF0,0xF3,0xCF,0xEF,0xBF,0xFF,0x7F,0x73,0xFE,0xFD,0x81,0x9F,0xFB,0xEF,0xFB,//沉4
 329          0xFF,0xFF,0xFF,0xCF,0xFF,0xF7,0x01,0xFA,0x6D,0x8F,0x6D,0xBF,0x6D,0xBF,0x6D,0xB3,
 330          0x01,0xBD,0x6D,0xBF,0x6D,0xBF,0x6D,0xC3,0x6D,0xFF,0x01,0xFE,0xFF,0xC7,0xFF,0xBF,//思5
 331          0xFF,0xFF,0xFF,0xFF,0xFF,0xFF,0xFF,0xFF,0xFF,0xFF,0xFF,0xFF,0xFF,0xFF,0xFF,0xFF,
 332          0xFF,0xFF,0xFF,0xFF,0xFF,0xFF,0xFF,0xFF,0xFF,0xC7,0xFF,0xA7,0xFF,0xFF,0xFF,0xFF,//，6
 333          0xFF,0xFF,0xF7,0xBF,0xF7,0xBE,0xF7,0xBE,0xF7,0xBE,0xF7,0xBE,0x17,0x80,0xF7,0xBE,
 334          0xF7,0xBE,0xF4,0xBE,0xF3,0xBE,0xC7,0xBF,0x37,0x00,0x77,0xFF,0xF7,0xFE,0xF7,0xFD,//在7
 335          0xFF,0xFF,0xFF,0xFF,0x03,0xC0,0xFB,0xBF,0xFB,0x7F,0xFB,0xBF,0xFB,0xFF,0xFB,0xFF,
 336          0xFB,0xFF,0xCF,0xC7,0x3F,0xEB,0xBC,0xEE,0xB3,0xED,0xAF,0xEB,0x9F,0xC7,0xBF,0xEF,//幻8
 337          0xFF,0xFF,0xFF,0xCF,0xFF,0xF7,0x01,0xFC,0xAD,0x8D,0xAD,0xBD,0xAD,0xBD,0x01,0xA4,
 338          0xFF,0xBB,0x77,0xBF,0xB7,0xBF,0x00,0xC4,0x97,0xFF,0x77,0xFF,0xF7,0xCE,0xFF,0xBF,//想9
 339          0xFF,0xFF,0xFF,0xFF,0xFF,0xFF,0x0F,0xF0,0xEF,0xFB,0xEF,0xFB,0xEF,0xFB,0xEF,0xFB,
 340          0x00,0x00,0xEF,0xFB,0xEF,0xFB,0xEF,0xFB,0xEF,0xFB,0x0F,0xF0,0xFF,0xFF,0xFF,0xFF,//中10
 341          0xFF,0xFF,0xFF,0xFB,0xFF,0xFB,0x01,0xFB,0x6D,0xFB,0x6D,0x80,0x6D,0x7B,0x6D,0xBB,
 342          0x6D,0xFB,0x6D,0xFB,0x6D,0xCB,0x6D,0xF3,0x6D,0xFB,0x7D,0xFB,0xFF,0xFB,0xFF,0xFB,//寻11
 343          0xFF,0xFF,0xFF,0x1F,0xFF,0x7F,0xFE,0x7F,0x32,0x70,0xAE,0x7F,0xBE,0x7F,0xBE,0x87,
 344          0xA6,0xF8,0xB9,0xE7,0xBD,0xDF,0xA5,0xBF,0x39,0xB0,0xFD,0x7F,0xFD,0x7F,0xFF,0xFF,//觅12
 345          0xFF,0xFF,0xFF,0xFF,0xFF,0xFF,0xFF,0xFF,0xFF,0xFF,0xFF,0xFF,0xFF,0xFF,0xFF,0xFF,
 346          0xFF,0xFF,0xFF,0xFF,0xFF,0xE7,0xFF,0xDB,0xFF,0xDB,0xFF,0xE7,0xFF,0xFF,0xFF,0xFF,//。13
 347          0xFF,0xFF,0xFF,0xF1,0x7F,0xFE,0xBF,0xFF,0xDF,0xFF,0xFF,0xFF,0xFF,0xFF,0xFF,0xFF,
 348          0x00,0x80,0xFF,0x7F,0xFF,0xBF,0xFF,0xFF,0x1F,0xFF,0xFF,0xFC,0xFF,0xFB,0xFF,0xF7,//小14
 349          0xFF,0xFF,0xFF,0xF1,0x7F,0xFE,0xBF,0xFF,0xDF,0xFF,0xFF,0xFF,0xFF,0xFF,0xFF,0xFF,
 350          0x00,0x80,0xFF,0x7F,0xFF,0xBF,0xFF,0xFF,0x1F,0xFF,0xFF,0xFC,0xFF,0xFB,0xFF,0xF7,//小15
 351          0xFF,0xFF,0xFF,0xFF,0x07,0xC0,0xF7,0xBF,0xF7,0x7F,0xF7,0xBC,0x70,0xFF,0xCF,0xFF,
 352          0xBF,0xFF,0x07,0x80,0xF7,0xDE,0xF7,0xDE,0xF4,0xDE,0xF3,0xDE,0x07,0x80,0xFF,0xFF,//的16
 353          0xFF,0xFF,0xE7,0xE7,0xD7,0xF9,0xF7,0xFE,0xF7,0xFF,0x37,0x80,0xF7,0x7F,0xF0,0xBF,
 354          0xE7,0xFC,0xDF,0xF3,0xBF,0xEF,0xF8,0xFF,0x07,0x00,0x9F,0xFF,0x7F,0xFF,0xFF,0xFE,//你17
 355          0xFF,0xFF,0xBF,0xFF,0xBF,0xFD,0xDF,0x3D,0xDF,0x9D,0xAF,0xAD,0xB7,0xBD,0xBB,0xBD,
 356          0xBC,0xBD,0xBB,0xB9,0xB7,0xB5,0xAF,0xAD,0xDF,0x1D,0xDF,0xBD,0xBF,0xFD,0xBF,0xFF,//会18
 357          0xFF,0xFF,0x7F,0xBF,0x7F,0xBF,0x7F,0xDF,0x7D,0xDF,0x7B,0xEF,0x77,0xF7,0x6F,0xFB,
 358          0x5F,0xED,0x7F,0xDE,0x7F,0xBF,0x00,0x00,0x7F,0xFF,0x7F,0xFF,0x7F,0xFF,0x7F,0xFF,//长19
 359          0xFF,0xFF,0xDF,0x7F,0xDF,0x7F,0xDF,0xBF,0xDF,0xDF,0xDF,0xEF,0xDF,0xF3,0xDF,0xFC,
 360          0x00,0xFF,0xDF,0xFC,0xDF,0xF3,0xDF,0xEF,0xDF,0xDF,0xDF,0xBF,0xDF,0x7F,0xDF,0x7F,//大20
 361          0xFF,0xFF,0xFF,0xFF,0xFF,0xFF,0xFF,0xFF,0xFF,0xFF,0xFF,0xFF,0xFF,0xFF,0xFF,0xFF,
 362          0xFF,0xFF,0xFF,0xFF,0xFF,0xFF,0xFF,0xFF,0xFF,0xC7,0xFF,0xA7,0xFF,0xFF,0xFF,0xFF,//，21
 363          0xFF,0xFF,0xFF,0xF1,0x7F,0xFE,0xBF,0xFF,0xDF,0xFF,0xFF,0xFF,0xFF,0xFF,0xFF,0xFF,
 364          0x00,0x80,0xFF,0x7F,0xFF,0xBF,0xFF,0xFF,0x1F,0xFF,0xFF,0xFC,0xFF,0xFB,0xFF,0xF7,//小22
 365          0xFF,0xFF,0xFF,0xF1,0x7F,0xFE,0xBF,0xFF,0xDF,0xFF,0xFF,0xFF,0xFF,0xFF,0xFF,0xFF,
C51 COMPILER V9.56.0.0   SHOWTIME                                                          06/09/2018 19:51:01 PAGE 7   

 366          0x00,0x80,0xFF,0x7F,0xFF,0xBF,0xFF,0xFF,0x1F,0xFF,0xFF,0xFC,0xFF,0xFB,0xFF,0xF7,//小23
 367          0xFF,0xFF,0xFF,0xFF,0x07,0xC0,0xF7,0xBF,0xF7,0x7F,0xF7,0xBC,0x70,0xFF,0xCF,0xFF,
 368          0xBF,0xFF,0x07,0x80,0xF7,0xDE,0xF7,0xDE,0xF4,0xDE,0xF3,0xDE,0x07,0x80,0xFF,0xFF,//的24
 369          0xFF,0xFF,0xE7,0xE7,0xD7,0xF9,0xF7,0xFE,0xF7,0xFF,0x37,0x80,0xF7,0x7F,0xF0,0xBF,
 370          0xE7,0xFC,0xDF,0xF3,0xBF,0xEF,0xF8,0xFF,0x07,0x00,0x9F,0xFF,0x7F,0xFF,0xFF,0xFE,//你25
 371          0xFF,0xFF,0xBF,0xFF,0xBF,0xFD,0xDF,0x3D,0xDF,0x9D,0xAF,0xAD,0xB7,0xBD,0xBB,0xBD,
 372          0xBC,0xBD,0xBB,0xB9,0xB7,0xB5,0xAF,0xAD,0xDF,0x1D,0xDF,0xBD,0xBF,0xFD,0xBF,0xFF,//会26
 373          0xFF,0xFF,0xF7,0x07,0x37,0xBE,0xF5,0xD9,0xF6,0xE7,0xF7,0xE9,0x00,0xDE,0xF7,0xBF,
 374          0xF7,0x7F,0x77,0xE0,0x77,0xDF,0x77,0xEF,0x77,0xFF,0x07,0xE0,0xFF,0x9F,0xFF,0x7F,//成27
 375          0xFF,0xFF,0xFF,0xF0,0xFF,0x3B,0x07,0xDC,0xF7,0xFF,0xF7,0xFC,0x00,0x3F,0xB7,0xDC,
 376          0xF7,0xFB,0xFD,0xF5,0x45,0x3D,0x55,0xDC,0x54,0xF1,0x55,0xED,0x45,0x95,0xFD,0x7D,//熟28
 377          0xFF,0xFF,0xFF,0xFF,0xFF,0xFF,0xFF,0xFF,0xFF,0xFF,0xFF,0xFF,0xFF,0xFF,0xFF,0xFF,
 378          0xFF,0xFF,0xFF,0xFF,0xFF,0xFF,0xFF,0xFF,0xFF,0xC7,0xFF,0xA7,0xFF,0xFF,0xFF,0xFF,//，29
 379          0xFF,0xFF,0xFD,0x9F,0xFD,0xEB,0x05,0xFD,0x55,0x3E,0x55,0x7F,0x55,0x48,0x51,0x77,
 380          0x55,0x7B,0x55,0x9E,0x05,0xFD,0xFD,0x9B,0xFD,0x7F,0x01,0xE0,0xFF,0x9F,0xFF,0x7F,//愿30
 381          0xFF,0xFF,0xE7,0xE7,0xD7,0xF9,0xF7,0xFE,0xF7,0xFF,0x37,0x80,0xF7,0x7F,0xF0,0xBF,
 382          0xE7,0xFC,0xDF,0xF3,0xBF,0xEF,0xF8,0xFF,0x07,0x00,0x9F,0xFF,0x7F,0xFF,0xFF,0xFE,//你31
 383          0xFF,0xFF,0xFD,0x7F,0xFD,0x7F,0x0D,0x78,0x6D,0x7B,0x6D,0x7B,0x6D,0xBB,0x6D,0xBB,
 384          0x01,0xB0,0x6D,0xCB,0x6D,0xDB,0x6D,0xAB,0x6D,0xB3,0x0D,0x78,0xFD,0x7F,0xFD,0x7F,//更32
 385          0xFF,0xFF,0x7F,0xBF,0x79,0xBF,0xB5,0xB7,0xAD,0xB7,0xDD,0xB7,0xAD,0xB7,0x75,0xB7,
 386          0x79,0x81,0xFF,0xB7,0x00,0xB6,0xFF,0xB7,0xFF,0xB7,0x01,0xB7,0xFF,0xBF,0xFF,0xBF,//坚33
 387          0xFF,0xFF,0x7F,0x18,0x61,0xAB,0x6D,0xBB,0x6D,0xBB,0x0D,0x80,0x6D,0xBB,0x6D,0xBB,
 388          0x61,0xBB,0x7F,0xB8,0xFF,0xBF,0xC1,0xC1,0xDD,0xBD,0xDD,0x7D,0x1D,0xBC,0xFD,0xFF,//强34
 389          0xFF,0xFF,0xFF,0xFF,0xFF,0xFF,0xFF,0xFF,0x07,0xCC,0xFF,0xFF,0xFF,0xFF,0xFF,0xFF,//!35
 390          0xFF,0xFF,0xFD,0x9F,0xFD,0xEB,0x05,0xFD,0x55,0x3E,0x55,0x7F,0x55,0x48,0x51,0x77,
 391          0x55,0x7B,0x55,0x9E,0x05,0xFD,0xFD,0x9B,0xFD,0x7F,0x01,0xE0,0xFF,0x9F,0xFF,0x7F,//愿36
 392          0xFF,0xFF,0xE7,0xE7,0xD7,0xF9,0xF7,0xFE,0xF7,0xFF,0x37,0x80,0xF7,0x7F,0xF0,0xBF,
 393          0xE7,0xFC,0xDF,0xF3,0xBF,0xEF,0xF8,0xFF,0x07,0x00,0x9F,0xFF,0x7F,0xFF,0xFF,0xFE,//你37
 394          0xFF,0xFF,0xFD,0x7F,0xFD,0x7F,0x0D,0x78,0x6D,0x7B,0x6D,0x7B,0x6D,0xBB,0x6D,0xBB,
 395          0x01,0xB0,0x6D,0xCB,0x6D,0xDB,0x6D,0xAB,0x6D,0xB3,0x0D,0x78,0xFD,0x7F,0xFD,0x7F,//更38
 396          0xFF,0xFF,0xFF,0xFF,0xFF,0xFF,0xFF,0xFF,0x07,0x00,0x77,0xBB,0x77,0xBB,0x77,0xBB,
 397          0x76,0xBB,0x75,0xBB,0x73,0xBB,0x77,0xBB,0x07,0x00,0xFF,0xFF,0xFF,0xFF,0xFF,0xFF,//自39
 398          0xFF,0xFF,0xFB,0xFF,0xDB,0x06,0xDB,0xB6,0xDB,0xB6,0xD9,0xB6,0xDA,0xB6,0xDB,0xB6,
 399          0xDB,0x06,0xFB,0xFF,0xFF,0xFF,0xF8,0xFF,0x07,0x00,0x9F,0xFF,0x7F,0xFF,0xFF,0xFE,//信40
 400          0xFF,0xFF,0xFF,0xFF,0xFF,0xFF,0xFF,0xFF,0x07,0xCC,0xFF,0xFF,0xFF,0xFF,0xFF,0xFF,//!41
 401          
 402          */
 403          
 404           };
 405          
 406          /*********************************************************************************/
 407          /*************************************************************************************
 408          ************************************************************************************
 409          ***********************                                     ***************************
 410          ***********************    http://59tiaoba.taobao.com       ***************************
 411          ***********************                                     ***************************
 412          ************************************************************************************
 413          **********************************************************************************/


MODULE INFORMATION:   STATIC OVERLAYABLE
   CODE SIZE        =    221    ----
   CONSTANT SIZE    =    960    ----
   XDATA SIZE       =   ----    ----
   PDATA SIZE       =   ----    ----
   DATA SIZE        =   ----       4
   IDATA SIZE       =   ----    ----
   BIT SIZE         =   ----    ----
END OF MODULE INFORMATION.


C51 COMPILATION COMPLETE.  0 WARNING(S),  0 ERROR(S)
