   1               		.file	"main.c"
   2               	__SREG__ = 0x3f
   3               	__SP_H__ = 0x3e
   4               	__SP_L__ = 0x3d
   5               	__CCP__  = 0x34
   6               	__tmp_reg__ = 0
   7               	__zero_reg__ = 1
   8               		.global __do_copy_data
   9               		.global __do_clear_bss
  17               	.Ltext0:
  18               	.global	Port_Init
  20               	Port_Init:
  21               	.LFB6:
  22               	.LM1:
  23               	/* prologue: function */
  24               	/* frame size = 0 */
  25               	.LM2:
  26 0000 80EF      		ldi r24,lo8(-16)
  27 0002 81B9      		out 33-32,r24
  28               	.LM3:
  29 0004 9FEF      		ldi r25,lo8(-1)
  30 0006 92B9      		out 34-32,r25
  31               	.LM4:
  32 0008 8FEB      		ldi r24,lo8(-65)
  33 000a 84B9      		out 36-32,r24
  34               	.LM5:
  35 000c 95B9      		out 37-32,r25
  36               	.LM6:
  37 000e 97B9      		out 39-32,r25
  38               	.LM7:
  39 0010 98B9      		out 40-32,r25
  40               	.LM8:
  41 0012 82E0      		ldi r24,lo8(2)
  42 0014 8AB9      		out 42-32,r24
  43               	.LM9:
  44 0016 9BB9      		out 43-32,r25
  45               	.LM10:
  46 0018 229A      		sbi 36-32,2
  47 001a 2A98      		cbi 37-32,2
  48               	.LM11:
  49 001c 219A      		sbi 36-32,1
  50 001e 2998      		cbi 37-32,1
  51               	/* epilogue start */
  52               	.LM12:
  53 0020 0895      		ret
  54               	.LFE6:
  56               	.global	Timer0_Init
  58               	Timer0_Init:
  59               	.LFB7:
  60               	.LM13:
  61               	.LVL0:
  62               	/* prologue: function */
  63               	/* frame size = 0 */
  64               	.LM14:
  65 0022 8130      		cpi r24,lo8(1)
  66 0024 01F4      		brne .L4
  67               	.LM15:
  68 0026 15BC      		out 69-32,__zero_reg__
  69               	.LM16:
  70 0028 14BC      		out 68-32,__zero_reg__
  71               	.LM17:
  72 002a 8093 6E00 		sts 110,r24
  73               	.LM18:
  74 002e 8BE8      		ldi r24,lo8(-117)
  75               	.LVL1:
  76 0030 86BD      		out 70-32,r24
  77               	.LM19:
  78 0032 85E0      		ldi r24,lo8(5)
  79 0034 85BD      		out 69-32,r24
  80 0036 0895      		ret
  81               	.LVL2:
  82               	.L4:
  83               	.LM20:
  84 0038 8823      		tst r24
  85 003a 01F4      		brne .L6
  86               	.LM21:
  87 003c 15BC      		out 69-32,__zero_reg__
  88               	.L6:
  89 003e 0895      		ret
  90               	.LFE7:
  92               	.global	ExtInt_Init
  94               	ExtInt_Init:
  95               	.LFB8:
  96               	.LM22:
  97               	.LVL3:
  98               	/* prologue: function */
  99               	/* frame size = 0 */
 100 0040 982F      		mov r25,r24
 101               	.LM23:
 102 0042 8130      		cpi r24,lo8(1)
 103 0044 01F4      		brne .L8
 104               	.LM24:
 105 0046 1CBA      		out 60-32,__zero_reg__
 106               	.LM25:
 107 0048 1092 6800 		sts 104,__zero_reg__
 108               	.LM26:
 109 004c 1BBA      		out 59-32,__zero_reg__
 110               	.LM27:
 111 004e 1092 7300 		sts 115,__zero_reg__
 112               	.LM28:
 113 0052 1092 6D00 		sts 109,__zero_reg__
 114               	.LM29:
 115 0056 1092 6C00 		sts 108,__zero_reg__
 116               	.LM30:
 117 005a 82E0      		ldi r24,lo8(2)
 118               	.LVL4:
 119 005c 8093 6900 		sts 105,r24
 120               	.LM31:
 121 0060 9DBB      		out 61-32,r25
 122 0062 0895      		ret
 123               	.LVL5:
 124               	.L8:
 125               	.LM32:
 126 0064 8823      		tst r24
 127 0066 01F4      		brne .L10
 128               	.LM33:
 129 0068 1DBA      		out 61-32,__zero_reg__
 130               	.L10:
 131 006a 0895      		ret
 132               	.LFE8:
 134               	.global	Fill_Memory
 136               	Fill_Memory:
 137               	.LFB10:
 138               	.LM34:
 139               	.LVL6:
 140               	/* prologue: function */
 141               	/* frame size = 0 */
 142 006c FC01      		movw r30,r24
 143 006e 00C0      		rjmp .L12
 144               	.LVL7:
 145               	.L13:
 146               	.LM35:
 147 0070 4193      		st Z+,r20
 148 0072 6150      		subi r22,lo8(-(-1))
 149               	.LVL8:
 150               	.L12:
 151               	.LM36:
 152 0074 6623      		tst r22
 153 0076 01F4      		brne .L13
 154               	/* epilogue start */
 155               	.LM37:
 156 0078 0895      		ret
 157               	.LFE10:
 159               	.global	__vector_1
 161               	__vector_1:
 162               	.LFB13:
 163               	.LM38:
 164 007a 1F92      		push __zero_reg__
 165 007c 0F92      		push r0
 166 007e 0FB6      		in r0,__SREG__
 167 0080 0F92      		push r0
 168 0082 1124      		clr __zero_reg__
 169 0084 8F93      		push r24
 170               	/* prologue: Signal */
 171               	/* frame size = 0 */
 172               	.LM39:
 173 0086 81E0      		ldi r24,lo8(1)
 174 0088 8093 0000 		sts G_Ext_Int0_Flag,r24
 175               	/* epilogue start */
 176               	.LM40:
 177 008c 8F91      		pop r24
 178 008e 0F90      		pop r0
 179 0090 0FBE      		out __SREG__,r0
 180 0092 0F90      		pop r0
 181 0094 1F90      		pop __zero_reg__
 182 0096 1895      		reti
 183               	.LFE13:
 185               	.global	Rf_T_Data
 187               	Rf_T_Data:
 188               	.LFB11:
 189               	.LM41:
 190               	.LVL9:
 191 0098 FF92      		push r15
 192 009a 0F93      		push r16
 193 009c 1F93      		push r17
 194               	/* prologue: function */
 195               	/* frame size = 0 */
 196 009e 8C01      		movw r16,r24
 197 00a0 F62E      		mov r15,r22
 198               	.LM42:
 199 00a2 0E94 0000 		call L01_Flush_Tx
 200               	.LVL10:
 201               	.LM43:
 202 00a6 2B98      		cbi 37-32,3
 203               	.LM44:
 204 00a8 C801      		movw r24,r16
 205 00aa 6F2D      		mov r22,r15
 206 00ac 0E94 0000 		call L01_Wr_Pl
 207               	.LM45:
 208 00b0 2B9A      		sbi 37-32,3
 209               	.LBB10:
 210               	.LBB11:
 211               	.LBB12:
 212               	.LBB13:
 213               	.LM46:
 214 00b2 80E5      		ldi r24,lo8(80)
 215               	.LVL11:
 216               	/* #APP */
 217               	 ;  104 "delay.h" 1
 218 00b4 8A95      		1: dec r24
 219 00b6 01F4      		brne 1b
 220               	 ;  0 "" 2
 221               	/* #NOAPP */
 222               	.LBE13:
 223               	.LBE12:
 224               	.LBE11:
 225               	.LBE10:
 226               	.LM47:
 227 00b8 2B98      		cbi 37-32,3
 228               	/* epilogue start */
 229               	.LM48:
 230 00ba 1F91      		pop r17
 231 00bc 0F91      		pop r16
 232               	.LVL12:
 233 00be FF90      		pop r15
 234               	.LVL13:
 235 00c0 0895      		ret
 236               	.LFE11:
 238               	.global	SystemInit
 240               	SystemInit:
 241               	.LFB9:
 242               	.LM49:
 243               	/* prologue: function */
 244               	/* frame size = 0 */
 245               	.LM50:
 246 00c2 0E94 0000 		call Port_Init
 247               	.LBB14:
 248               	.LBB15:
 249               	.LM51:
 250 00c6 1CBA      		out 60-32,__zero_reg__
 251               	.LM52:
 252 00c8 1092 6800 		sts 104,__zero_reg__
 253               	.LM53:
 254 00cc 1BBA      		out 59-32,__zero_reg__
 255               	.LM54:
 256 00ce 1092 7300 		sts 115,__zero_reg__
 257               	.LM55:
 258 00d2 1092 6D00 		sts 109,__zero_reg__
 259               	.LM56:
 260 00d6 1092 6C00 		sts 108,__zero_reg__
 261               	.LM57:
 262 00da 82E0      		ldi r24,lo8(2)
 263 00dc 8093 6900 		sts 105,r24
 264               	.LM58:
 265 00e0 81E0      		ldi r24,lo8(1)
 266 00e2 8DBB      		out 61-32,r24
 267               	.LBE15:
 268               	.LBE14:
 269               	.LM59:
 270 00e4 0E94 0000 		call Rf_Init
 271               	.LM60:
 272               	/* #APP */
 273               	 ;  130 "main.c" 1
 274 00e8 7894      		sei
 275               	 ;  0 "" 2
 276               	/* epilogue start */
 277               	.LM61:
 278               	/* #NOAPP */
 279 00ea 0895      		ret
 280               	.LFE9:
 282               	.global	main
 284               	main:
 285               	.LFB12:
 286               	.LM62:
 287 00ec FF92      		push r15
 288 00ee 0F93      		push r16
 289 00f0 1F93      		push r17
 290 00f2 DF93      		push r29
 291 00f4 CF93      		push r28
 292 00f6 00D0      		rcall .
 293 00f8 00D0      		rcall .
 294 00fa 0F92      		push __tmp_reg__
 295 00fc CDB7      		in r28,__SP_L__
 296 00fe DEB7      		in r29,__SP_H__
 297               	/* prologue: function */
 298               	/* frame size = 5 */
 299               	.LM63:
 300 0100 8E01      		movw r16,r28
 301 0102 0F5F      		subi r16,lo8(-(1))
 302 0104 1F4F      		sbci r17,hi8(-(1))
 303 0106 85E0      		ldi r24,lo8(5)
 304 0108 F801      		movw r30,r16
 305 010a 1192      		st Z+,__zero_reg__
 306 010c 8A95      	        dec r24
 307 010e 01F4      		brne .-6
 308               	.LM64:
 309 0110 0E94 0000 		call SystemInit
 310               	.LM65:
 311 0114 F02E      		mov r15,r16
 312 0116 012F      		mov r16,r17
 313               	.L28:
 314               	.LM66:
 315 0118 8091 0000 		lds r24,G_Ext_Int0_Flag
 316 011c 8130      		cpi r24,lo8(1)
 317 011e 01F4      		brne .L28
 318               	.LM67:
 319 0120 0E94 0000 		call L01_Rd_Statu_Reg
 320               	.LM68:
 321 0124 86FF      		sbrs r24,6
 322 0126 00C0      		rjmp .L23
 323               	.LM69:
 324 0128 86E0      		ldi r24,lo8(6)
 325 012a 0E94 0000 		call L01_Clear_Irq
 326               	.LM70:
 327 012e 8F2D      		mov r24,r15
 328 0130 902F      		mov r25,r16
 329 0132 0E94 0000 		call L01_Rd_RX_Pload
 330               	.LM71:
 331 0136 8A81      		ldd r24,Y+2
 332 0138 8823      		tst r24
 333 013a 01F0      		breq .L24
 334               	.LM72:
 335 013c 229A      		sbi 36-32,2
 336 013e 2A9A      		sbi 37-32,2
 337               	.LM73:
 338 0140 219A      		sbi 36-32,1
 339 0142 299A      		sbi 37-32,1
 340 0144 00C0      		rjmp .L23
 341               	.L24:
 342               	.LM74:
 343 0146 229A      		sbi 36-32,2
 344 0148 2A98      		cbi 37-32,2
 345               	.LM75:
 346 014a 219A      		sbi 36-32,1
 347 014c 2998      		cbi 37-32,1
 348               	.L23:
 349               	.LM76:
 350 014e 1092 0000 		sts G_Ext_Int0_Flag,__zero_reg__
 351 0152 00C0      		rjmp .L28
 352               	.LFE12:
 354               	.global	G_Ext_Int0_Flag
 355               	.global	G_Ext_Int0_Flag
 356               		.section .bss
 359               	G_Ext_Int0_Flag:
 360 0000 00        		.skip 1,0
 441               	.Letext0:
DEFINED SYMBOLS
                            *ABS*:00000000 main.c
C:\DOCUME~1\kf21\LOCALS~1\Temp/cco7bKwl.s:2      *ABS*:0000003f __SREG__
C:\DOCUME~1\kf21\LOCALS~1\Temp/cco7bKwl.s:3      *ABS*:0000003e __SP_H__
C:\DOCUME~1\kf21\LOCALS~1\Temp/cco7bKwl.s:4      *ABS*:0000003d __SP_L__
C:\DOCUME~1\kf21\LOCALS~1\Temp/cco7bKwl.s:5      *ABS*:00000034 __CCP__
C:\DOCUME~1\kf21\LOCALS~1\Temp/cco7bKwl.s:6      *ABS*:00000000 __tmp_reg__
C:\DOCUME~1\kf21\LOCALS~1\Temp/cco7bKwl.s:7      *ABS*:00000001 __zero_reg__
C:\DOCUME~1\kf21\LOCALS~1\Temp/cco7bKwl.s:20     .text:00000000 Port_Init
C:\DOCUME~1\kf21\LOCALS~1\Temp/cco7bKwl.s:58     .text:00000022 Timer0_Init
C:\DOCUME~1\kf21\LOCALS~1\Temp/cco7bKwl.s:94     .text:00000040 ExtInt_Init
C:\DOCUME~1\kf21\LOCALS~1\Temp/cco7bKwl.s:136    .text:0000006c Fill_Memory
C:\DOCUME~1\kf21\LOCALS~1\Temp/cco7bKwl.s:161    .text:0000007a __vector_1
C:\DOCUME~1\kf21\LOCALS~1\Temp/cco7bKwl.s:359    .bss:00000000 G_Ext_Int0_Flag
C:\DOCUME~1\kf21\LOCALS~1\Temp/cco7bKwl.s:187    .text:00000098 Rf_T_Data
C:\DOCUME~1\kf21\LOCALS~1\Temp/cco7bKwl.s:240    .text:000000c2 SystemInit
C:\DOCUME~1\kf21\LOCALS~1\Temp/cco7bKwl.s:284    .text:000000ec main

UNDEFINED SYMBOLS
__do_copy_data
__do_clear_bss
L01_Flush_Tx
L01_Wr_Pl
Rf_Init
L01_Rd_Statu_Reg
L01_Clear_Irq
L01_Rd_RX_Pload
