C51 COMPILER V9.54   KEY                                                                   08/28/2017 18:45:14 PAGE 1   


C51 COMPILER V9.54, COMPILATION OF MODULE KEY
OBJECT MODULE PLACED IN key.OBJ
COMPILER INVOKED BY: C:\Software\Keil_v5\C51\BIN\C51.EXE key.c OPTIMIZE(8,SPEED) BROWSE DEBUG OBJECTEXTEND

line level    source

   1          #include "key.h"
   2          
   3          void Delay10ms(void)            //@11.0592MHz
   4          {
   5   1              unsigned char i, j;
   6   1      
   7   1              i = 108;
   8   1              j = 145;
   9   1              do
  10   1              {
  11   2                      while (--j);
  12   2              } while (--i);
  13   1      }
  14          
  15          uchar KeyScan(void)
  16          {
  17   1              uchar keyValue = 0;
  18   1              if(KEY_A == 0)
  19   1              {
  20   2                      Delay10ms();
  21   2                      if(KEY_A == 0)
  22   2                      {
  23   3                              keyValue = 1;
  24   3                              while(!KEY_A);
  25   3                      }
  26   2              }
  27   1              if(KEY_B == 0)
  28   1              {
  29   2                      Delay10ms();
  30   2                      if(KEY_B == 0)
  31   2                      {
  32   3                              keyValue = 2;
  33   3                              while(!KEY_B);
  34   3                      }
  35   2              }
  36   1              return keyValue;
  37   1      }


MODULE INFORMATION:   STATIC OVERLAYABLE
   CODE SIZE        =     41    ----
   CONSTANT SIZE    =   ----    ----
   XDATA SIZE       =   ----    ----
   PDATA SIZE       =   ----    ----
   DATA SIZE        =   ----    ----
   IDATA SIZE       =   ----    ----
   BIT SIZE         =   ----    ----
END OF MODULE INFORMATION.


C51 COMPILATION COMPLETE.  0 WARNING(S),  0 ERROR(S)
