C51 COMPILER V9.54   LCD12864                                                              08/28/2017 18:45:14 PAGE 1   


C51 COMPILER V9.54, COMPILATION OF MODULE LCD12864
OBJECT MODULE PLACED IN lcd12864.OBJ
COMPILER INVOKED BY: C:\Software\Keil_v5\C51\BIN\C51.EXE lcd12864.c OPTIMIZE(8,SPEED) BROWSE DEBUG OBJECTEXTEND

line level    source

   1          #include <STC12C5A60S2.H>
   2          #include "lcd12864.h"
   3          
   4          
   5          void Display_String(uchar line,uchar *string)//显示字符串 
   6          {   
   7   1                      uchar addr,i;  
   8   1                      if(line==1)addr=0x80;  
   9   1                      else if(line==2)addr=0x90;  
  10   1                      else if(line==3)addr=0x88;   
  11   1                      else if(line==4)addr=0x98;      
  12   1                      Wr_Command(addr,1);  
  13   1                      for(i=0;i<16;i++)  
  14   1                      { 
  15   2                                      Wr_Data(*string++);  
  16   2                      }  
  17   1      }  
  18          
  19          void Wr_Data(uchar wrdata) //写数据 
  20          {  
  21   1                      RDbf();  
  22   1                      RS=1;  
  23   1                      RW=0;  
  24   1                      E=1;  
  25   1                      LCMdata=wrdata;  
  26   1                      E=0;  
  27   1      }  
  28          
  29          void Wr_Command(uchar wrcommand,busyc) //写指令 
  30          {  
  31   1                      if(busyc)RDbf();  
  32   1                      RS=0;  
  33   1                      RW=0;  
  34   1                      E=1;  
  35   1                      LCMdata=wrcommand;  
  36   1                      E=0; 
  37   1      }  
  38          
  39          void RDbf(void) //读忙状态 
  40          { 
  41   1                      while(1)
  42   1                      {   
  43   2                                      RS=0;    
  44   2                                      RW=1; 
  45   2                                      E=0;   
  46   2                                      LCMdata=0xFF;    
  47   2                                      E=1;   
  48   2                                      if((LCMdata&Busy)==0)   break;  
  49   2                      } 
  50   1      } 
  51          
  52          void Lcm_Init(void)//12864初始化
  53          {  
  54   1                      Delay5Ms();     
  55   1                      REST=1;     
C51 COMPILER V9.54   LCD12864                                                              08/28/2017 18:45:14 PAGE 2   

  56   1                      REST=0;     
  57   1                      REST=1;   
  58   1                      Wr_Command(0x30,0);  
  59   1                      Delay5Ms();  
  60   1                      Wr_Command(0x30,0); //2 次显示模式设置，不用判忙  
  61   1                      Delay5Ms();  
  62   1                      Wr_Command(0x0C,1); //开显示及光标设置  
  63   1                      Delay5Ms();  
  64   1                      Wr_Command(0x01,1); //显示清屏  
  65   1                      Delay5Ms();  
  66   1                      Delay5Ms();  
  67   1                      Wr_Command(0x06,1); //显示光标移动设置  
  68   1                      Delay5Ms(); 
  69   1      }
  70          
  71          void Delay5Ms(void) //延时 5ms
  72          {  
  73   1                      unsigned int TempCyc=5552;  
  74   1                      while(TempCyc--); 
  75   1      }
  76          
  77          void LCD12864_Clear(void)
  78          {
  79   1                      Wr_Command(0x01,1); //显示清屏  
  80   1      }


MODULE INFORMATION:   STATIC OVERLAYABLE
   CODE SIZE        =    224    ----
   CONSTANT SIZE    =   ----    ----
   XDATA SIZE       =   ----    ----
   PDATA SIZE       =   ----    ----
   DATA SIZE        =   ----       7
   IDATA SIZE       =   ----    ----
   BIT SIZE         =   ----    ----
END OF MODULE INFORMATION.


C51 COMPILATION COMPLETE.  0 WARNING(S),  0 ERROR(S)
