C51 COMPILER V9.56.0.0   EXTI                                                              10/25/2018 20:35:07 PAGE 1   


C51 COMPILER V9.56.0.0, COMPILATION OF MODULE EXTI
OBJECT MODULE PLACED IN .\Objects\Exti.obj
COMPILER INVOKED BY: F:\KEILC51+MDK\C51\BIN\C51.EXE Exti.c OPTIMIZE(8,SPEED) BROWSE DEBUG OBJECTEXTEND PRINT(.\Listings\
                    -Exti.lst) OBJECT(.\Objects\Exti.obj)

line level    source

   1          #include "Exti.h"
   2          //#include "reg51.h"
   3          
   4          
   5          //-----------------------------------------
   6          //中断服务程序
   7          void exint0() interrupt 0       //INT0中断入口
   8          {
   9   1         // FLAG = P32;                //保存INT0口的状态, INT0=0(下降沿); INT0=1(上升沿)
  10   1      }
  11          
  12          //-----------------------------------------------
  13          
  14          void Exti0_Init(void)
  15          {
  16   1       //   FLAG = 0;
  17   1              P32=0;
  18   1          IT0 = 0;                    //设置INT0的中断类型 (1:仅下降沿 0:上升沿和下降沿)
  19   1          EX0 = 1;                    //使能INT0中断
  20   1          EA = 1;
  21   1      }
  22          
  23          
  24          


MODULE INFORMATION:   STATIC OVERLAYABLE
   CODE SIZE        =     10    ----
   CONSTANT SIZE    =   ----    ----
   XDATA SIZE       =   ----    ----
   PDATA SIZE       =   ----    ----
   DATA SIZE        =   ----    ----
   IDATA SIZE       =   ----    ----
   BIT SIZE         =   ----    ----
END OF MODULE INFORMATION.


C51 COMPILATION COMPLETE.  0 WARNING(S),  0 ERROR(S)
