C51 COMPILER V9.56.0.0   HC_SR04                                                           10/25/2018 21:12:48 PAGE 1   


C51 COMPILER V9.56.0.0, COMPILATION OF MODULE HC_SR04
OBJECT MODULE PLACED IN .\Objects\HC_SR04.obj
COMPILER INVOKED BY: F:\KEILC51+MDK\C51\BIN\C51.EXE HC_SR04.c OPTIMIZE(8,SPEED) BROWSE DEBUG OBJECTEXTEND PRINT(.\Listin
                    -gs\HC_SR04.lst) OBJECT(.\Objects\HC_SR04.obj)

line level    source

   1          #include "HC_SR04.h"
   2          
   3          
   4          void Delay20us()                //@11.0592MHz
   5          {
   6   1              unsigned char i;
   7   1      
   8   1              _nop_();
   9   1              _nop_();
  10   1              _nop_();
  11   1              i = 52;
  12   1              while (--i);
  13   1      }
  14          
  15          
  16          void StartModule(void)
  17          {
  18   1              flag = 0;
*** ERROR C202 IN LINE 18 OF HC_SR04.c: 'flag': undefined identifier
  19   1              TRIG=1;
  20   1              Delay20us();
  21   1              TRIG=0;
  22   1      }
  23          
  24          unsigned int Conut(void)
  25          {
  26   1              unsigned int S = 0;
  27   1              unsigned int  time = 0; 
  28   1              time = T2H * 256 + T2L;
  29   1              T2H = 0;
  30   1              T2L = 0;
  31   1              S = ( time * 1.7 ) / 10;     //算出来是CM
  32   1              S = 400.0/380*S;
  33   1              if((S >= 7000) || flag == 1) //超出测量范围显示“-”
*** ERROR C202 IN LINE 33 OF HC_SR04.c: 'flag': undefined identifier
  34   1              {
  35   2                      S = 0;
  36   2              }
  37   1              return S;
  38   1      }
  39                  
  40          
  41          
  42          

C51 COMPILATION COMPLETE.  0 WARNING(S),  2 ERROR(S)
