C51 COMPILER V9.56.0.0   MAIN                                                              10/26/2018 19:04:15 PAGE 1   


C51 COMPILER V9.56.0.0, COMPILATION OF MODULE MAIN
OBJECT MODULE PLACED IN .\Objects\main.obj
COMPILER INVOKED BY: F:\KEILC51+MDK\C51\BIN\C51.EXE main.c OPTIMIZE(8,SPEED) BROWSE DEBUG OBJECTEXTEND PRINT(.\Listings\
                    -main.lst) OBJECT(.\Objects\main.obj)

line level    source

   1          #include "main.h"
   2          
   3          unsigned int delay_time = 1000;
   4          extern u8 able[];
   5          unsigned int eepdelay_time = 0;
   6          
   7          void Delay100us()               //@11.0592MHz
   8          {
   9   1              unsigned char i, j;
  10   1      
  11   1              i = 2;
  12   1              j = 15;
  13   1              do
  14   1              {
  15   2                      while (--j);
  16   2              } while (--i);
  17   1      }
  18          void Delay1000ms()              //@11.0592MHz
  19          {
  20   1              unsigned char i, j, k;
  21   1      
  22   1              i = 43;
  23   1              j = 6;
  24   1              k = 203;
  25   1              do
  26   1              {
  27   2                      do
  28   2                      {
  29   3                              while (--k);
  30   3                      } while (--j);
  31   2              } while (--i);
  32   1      }
  33          
  34          
  35          void main()
  36          {
  37   1              int num = 0x55;
  38   1              Usart_Init();
  39   1              
  40   1              Timer2Init();
  41   1              if(IapReadByte(IAP_ADDRESSRST) != 0x01)
  42   1              {
  43   2                      IapEraseSector(IAP_ADDRESSRST);
  44   2                      IapProgramByte(IAP_ADDRESSRST, 0x01);
  45   2                      IapProgramByte(IAP_ADDRESSH, delay_time>>8);
  46   2                      IapProgramByte(IAP_ADDRESSL, delay_time);
  47   2              }
  48   1              else
  49   1              {
  50   2                      delay_time = (IapReadByte(IAP_ADDRESSH) << 8) + IapReadByte(IAP_ADDRESSL);
  51   2              }
  52   1              while(1)
  53   1              {
  54   2                      Get_Usart_array();
C51 COMPILER V9.56.0.0   MAIN                                                              10/26/2018 19:04:15 PAGE 2   

  55   2                      if(0xFF == able[5])
  56   2                      {
  57   3                              able[5] = 0x00;
  58   3                              delay_time =  (able[2]<<8) + able[3];
  59   3                              IapProgramByte(IAP_ADDRESSH,0xFF);
  60   3                              Delay100us();
  61   3                              IapProgramByte(IAP_ADDRESSL,0xFF);
  62   3                              Delay100us();
  63   3                              IapProgramByte(IAP_ADDRESSH,able[2]);
  64   3                              Delay100us();
  65   3                              IapProgramByte(IAP_ADDRESSL,able[3]);
  66   3                              Delay100us();
  67   3                              UserSendChar(IapReadByte(IAP_ADDRESSRST));
  68   3                              Delay100us();
  69   3                              UserSendChar(IapReadByte(IAP_ADDRESSH));
  70   3                              Delay100us();
  71   3                              UserSendChar(IapReadByte(IAP_ADDRESSL));
  72   3                              Delay100us();
  73   3                              UserSendString(able, 5);
  74   3                      }
  75   2              }
  76   1      }


MODULE INFORMATION:   STATIC OVERLAYABLE
   CODE SIZE        =    239    ----
   CONSTANT SIZE    =   ----    ----
   XDATA SIZE       =   ----    ----
   PDATA SIZE       =   ----    ----
   DATA SIZE        =      4       2
   IDATA SIZE       =   ----    ----
   BIT SIZE         =   ----    ----
END OF MODULE INFORMATION.


C51 COMPILATION COMPLETE.  0 WARNING(S),  0 ERROR(S)
