C51 COMPILER V9.56.0.0   TIMER                                                             10/26/2018 18:39:52 PAGE 1   


C51 COMPILER V9.56.0.0, COMPILATION OF MODULE TIMER
OBJECT MODULE PLACED IN .\Objects\timer.obj
COMPILER INVOKED BY: F:\KEILC51+MDK\C51\BIN\C51.EXE timer.c OPTIMIZE(8,SPEED) BROWSE DEBUG OBJECTEXTEND PRINT(.\Listings
                    -\timer.lst) OBJECT(.\Objects\timer.obj)

line level    source

   1          #include "timer.h"
   2          extern unsigned int delay_time;
   3          
   4          
   5          
   6          void Timer2Init(void)           //250微秒@11.0592MHz
   7          {
   8   1              AUXR |= 0x04;           //定时器时钟1T模式
   9   1              T2L = 0xD7;             //设置定时初值
  10   1              T2H = 0xFD;             //设置定时初值
  11   1              AUXR |= 0x10;           //定时器2开始计时
  12   1              IE2 |= 0x04;                    //开定时器2中断
  13   1          EA = 1;
  14   1      }
  15          
  16          
  17          //-----------------------------------------------
  18          //中断服务程序
  19          void t2int() interrupt 12           //中断入口
  20          {
  21   1              static int i = 0 , t = 0;
  22   1              
  23   1              T2L = 0xD7;             //设置定时初值
  24   1              T2H = 0xFD;             //设置定时初值
  25   1              
  26   1              t = 20000 / delay_time ;
  27   1              if( ++i >= t) 
  28   1              {
  29   2                      i = 0;
  30   2                      P32 = ~P32;
  31   2                      P34 = ~P34;
  32   2              }
  33   1                      
  34   1              
  35   1                              
  36   1      }
  37          


MODULE INFORMATION:   STATIC OVERLAYABLE
   CODE SIZE        =    108    ----
   CONSTANT SIZE    =   ----    ----
   XDATA SIZE       =   ----    ----
   PDATA SIZE       =   ----    ----
   DATA SIZE        =      4    ----
   IDATA SIZE       =   ----    ----
   BIT SIZE         =   ----    ----
END OF MODULE INFORMATION.


C51 COMPILATION COMPLETE.  0 WARNING(S),  0 ERROR(S)
