C51 COMPILER V9.56.0.0   ULTRASONIC                                                        10/25/2018 20:56:13 PAGE 1   


C51 COMPILER V9.56.0.0, COMPILATION OF MODULE ULTRASONIC
OBJECT MODULE PLACED IN .\Objects\Ultrasonic.obj
COMPILER INVOKED BY: F:\KEILC51+MDK\C51\BIN\C51.EXE Ultrasonic.c OPTIMIZE(8,SPEED) BROWSE DEBUG OBJECTEXTEND PRINT(.\Lis
                    -tings\Ultrasonic.lst) OBJECT(.\Objects\Ultrasonic.obj)

line level    source

   1          #include "Ultrasonic.h"
   2          
   3          u8 UltrasonicCheck_Add8(u8 *buf,u8 length)
   4          {
   5   1              int i=0;
   6   1              u8 sum;
   7   1              for(i=0;i<length;i++)
   8   1              {
   9   2                      sum +=*(buf+i);
  10   2              }
  11   1              return (u8)sum;
  12   1      }
  13          
  14          void UltrasonicDataPage(u16 UltrasonicDistance)
  15          {
  16   1              int i=0;
  17   1              u8 DataPage[8];
  18   1              DataPage[0]=0x5A;
  19   1              DataPage[1]=0xA5;
  20   1              DataPage[2]=0x15;
  21   1              DataPage[3]=0x03;
  22   1              DataPage[4]=(u8)(UltrasonicDistance>>8);
  23   1              DataPage[5]=(u8)UltrasonicDistance;
  24   1              DataPage[6]=0x00;
  25   1              DataPage[7]=UltrasonicCheck_Add8(DataPage,8-1);
  26   1              UserSendString(DataPage,8);
  27   1      }
  28          


MODULE INFORMATION:   STATIC OVERLAYABLE
   CODE SIZE        =     98    ----
   CONSTANT SIZE    =   ----    ----
   XDATA SIZE       =   ----    ----
   PDATA SIZE       =   ----    ----
   DATA SIZE        =   ----      15
   IDATA SIZE       =   ----    ----
   BIT SIZE         =   ----    ----
END OF MODULE INFORMATION.


C51 COMPILATION COMPLETE.  0 WARNING(S),  0 ERROR(S)
