C51 COMPILER V8.08   SHOWTIME                                                              05/17/2015 14:32:06 PAGE 1   


C51 COMPILER V8.08, COMPILATION OF MODULE SHOWTIME
OBJECT MODULE PLACED IN ShowTime.OBJ
COMPILER INVOKED BY: D:\Program Files\keil-3\C51\BIN\C51.EXE ShowTime.c BROWSE DEBUG OBJECTEXTEND

line level    source

   1          #include "NEW_8051.H"
   2          #include "task.h"
   3          #define ucNumRows 190 //定义一周显示列数
   4          uchar  id;
   5          uint  i=0,j=0;
   6          uchar  k=0,m=0;
   7          bit Time=0;
   8          uchar l=8;
   9          uchar xdata TimeBuff[20];
  10          uchar code dazimo[];
  11          uchar code zimo[];
  12          const uchar code tab1[15][16];
  13          uchar code shuziP[15][16];
  14          void PortA(uchar temp)//送显示
  15          {
  16   1              D24=(bit)(temp&0x01);
  17   1              D23=(bit)(temp&0x02);
  18   1              D22=(bit)(temp&0x04);
  19   1              D21=(bit)(temp&0x08);
  20   1              D20=(bit)(temp&0x10);
  21   1              D19=(bit)(temp&0x20);
  22   1              D18=(bit)(temp&0x40);
  23   1              D17=(bit)(temp&0x80);
  24   1      }
  25          void PortB(uchar temp)//送显示
  26          {
  27   1              D32=(bit)(temp&0x01);
  28   1              D31=(bit)(temp&0x02);
  29   1              D30=(bit)(temp&0x04);
  30   1              D29=(bit)(temp&0x08);
  31   1              D28=(bit)(temp&0x10);
  32   1              D27=(bit)(temp&0x20);
  33   1              D26=(bit)(temp&0x40);
  34   1              D25=(bit)(temp&0x80);
  35   1      }
  36          void PortC(uchar temp)//送显示
  37          {
  38   1              D40=(bit)(temp&0x01);
  39   1              D39=(bit)(temp&0x02);
  40   1              D38=(bit)(temp&0x04);
  41   1              D37=(bit)(temp&0x08);
  42   1              D36=(bit)(temp&0x10);
  43   1              D35=(bit)(temp&0x20);
  44   1              D34=(bit)(temp&0x40);
  45   1              D33=(bit)(temp&0x80);
  46   1      }
  47          void PortD(uchar temp)//送显示
  48          {
  49   1              D41=(bit)(temp&0x01);
  50   1              D42=(bit)(temp&0x02);
  51   1              D43=(bit)(temp&0x04);
  52   1              D44=(bit)(temp&0x08);
  53   1              D45=(bit)(temp&0x10);
  54   1              D46=(bit)(temp&0x20);
  55   1              D47=(bit)(temp&0x40);
C51 COMPILER V8.08   SHOWTIME                                                              05/17/2015 14:32:06 PAGE 2   

  56   1              D48=(bit)(temp&0x80);
  57   1      }
  58          void Show_R(uchar r1,uchar r2)//送显示
  59          {
  60   1              D1=(bit)(r1&0x01);
  61   1              D2=(bit)(r1&0x02);
  62   1              D3=(bit)(r1&0x04);
  63   1              D4=(bit)(r1&0x08);
  64   1              D5=(bit)(r1&0x10);
  65   1              D6=(bit)(r1&0x20);
  66   1              D7=(bit)(r1&0x40);
  67   1              D8=(bit)(r1&0x80);
  68   1      
  69   1              D9=(bit)(r2&0x01);
  70   1              D10=(bit)(r2&0x02);
  71   1              D11=(bit)(r2&0x04);
  72   1              D12=(bit)(r2&0x08);
  73   1              D13=(bit)(r2&0x10);
  74   1              D14=(bit)(r2&0x20);
  75   1              D15=(bit)(r2&0x40);
  76   1              D16=(bit)(r2&0x80);
  77   1                              
  78   1      }
  79          void Show_L(uchar l1,uchar l2,uchar l3,uchar l4)//送显示
  80          {
  81   1              D17=(bit)(l1&0x01);
  82   1              D18=(bit)(l1&0x02);
  83   1              D19=(bit)(l1&0x04);
  84   1              D20=(bit)(l1&0x08);
  85   1              D21=(bit)(l1&0x10);
  86   1              D22=(bit)(l1&0x20);
  87   1              D23=(bit)(l1&0x40);
  88   1              D24=(bit)(l1&0x80);
  89   1      
  90   1              D25=(bit)(l2&0x01);
  91   1              D26=(bit)(l2&0x02);
  92   1              D27=(bit)(l2&0x04);
  93   1              D28=(bit)(l2&0x08);
  94   1              D29=(bit)(l2&0x10);
  95   1              D30=(bit)(l2&0x20);
  96   1              D31=(bit)(l2&0x40);
  97   1              D32=(bit)(l2&0x80);
  98   1      
  99   1              D33=(bit)(l3&0x01);
 100   1              D34=(bit)(l3&0x02);
 101   1              D35=(bit)(l3&0x04);
 102   1              D36=(bit)(l3&0x08);
 103   1              D37=(bit)(l3&0x10);
 104   1              D38=(bit)(l3&0x20);
 105   1              D39=(bit)(l3&0x40);
 106   1              D40=(bit)(l3&0x80);
 107   1      
 108   1              D41=(bit)(l4&0x01);
 109   1              D42=(bit)(l4&0x02);
 110   1              D43=(bit)(l4&0x04);
 111   1              D44=(bit)(l4&0x08);
 112   1              D45=(bit)(l4&0x10);
 113   1              D46=(bit)(l4&0x20);
 114   1              D47=(bit)(l4&0x40);
 115   1              D48=(bit)(l4&0x80);
 116   1                              
 117   1      }
C51 COMPILER V8.08   SHOWTIME                                                              05/17/2015 14:32:06 PAGE 3   

 118          
 119          /************************************** ***/
 120          void Close(void) //IO口高电平关闭LED显示
 121          {
 122   1              P0=0XFF;
 123   1              P1=0XFF;
 124   1              P2=0XFF;
 125   1              P3=0XFF;
 126   1              P4=0XFF;
 127   1              P5=0XFF;
 128   1              P6=0XFF;
 129   1              P7=0XFF;
 130   1      }
 131          /*********************每列显示的时间************************************/
 132          /*****n（us）延时子程序*****/
 133          void Delay10us()                //@18.432MHz
 134          {
 135   1      
 136   1          unsigned char a,b;
 137   1          for(b=153;b>0;b--)
 138   1              for(a=3;a>0;a--);
 139   1      }
 140          /****************************************/
 141          void Delay30us()                //@18.432MHz
 142          {
 143   1      
 144   1          unsigned char a,b;
 145   1          for(b=170;b>0;b--)
 146   1              for(a=3;a>0;a--);
 147   1      }
 148          /***************************************************/
 149          void Show_plane_time(void)//立体显示时间
 150          {
 151   1                      j++;                                       
 152   1              if( j>768 )//显示完文字后 循环； j=16*需要显示的字数 768/16=48
 153   1              {
 154   2                  j=0;
 155   2              }
 156   1             for(i=j;i<ucNumRows+j;i++)  //显示190列 数据
 157   1              {                               
 158   2                              if(m<8)
 159   2                              {
 160   3                                      Show_L(shuziP[TimeBuff[m]][k*2],shuziP[TimeBuff[m]][k*2+1],0xFF,0XFF);//平面送时间显示
 161   3                              }
 162   2                              else if((m>7)&&(m<16))
 163   2                              {
 164   3                                      Show_L(tab1[TimeBuff[m]][k*2],tab1[TimeBuff[m]][k*2+1],0xFF,0XFF);//平面送月日显示              
 165   3                              }
 166   2                              else
 167   2                              {
 168   3                                      Show_L(0XFF,0XFF,0xFF,0XFF);
 169   3                              }
 170   2                              Show_R(Lzimo[i*2],Lzimo[i*2+1]);//侧面送16*16文字显示   
 171   2                              Delay30us();//延时一段时间
 172   2                      
 173   2                                                      
 174   2                 if(BIT_timeout==1)//这里如果没有显示完一圈的数据 回到起点了 
 175   2                                        //直接跳出 就不会出现头吃尾的现象 而且盲点很小
 176   2                         {
 177   3                                      return;
 178   3                         }
 179   2                          k++;
C51 COMPILER V8.08   SHOWTIME                                                              05/17/2015 14:32:06 PAGE 4   

 180   2                               if(k>7)  //一个数字8列
 181   2                               {
 182   3                                      k=0;
 183   3                                      if((m<8)&&(Time==0))
 184   3                                      {
 185   4                                              m++;
 186   4                                      }
 187   3                                      if((m>7)&&(Time==0))  //间隔显示 时间 和日期 
 188   3                                      {
 189   4                                              m=20;
 190   4                                              if(l>0)
 191   4                                              l--;
 192   4                                              if(l==0)
 193   4                                              {
 194   5                                                m=7;
 195   5                                                Time=1;       
 196   5                                              }
 197   4                                              
 198   4                                      }                                                                                                                                                                                                                  
 199   3                                      if((m<16)&&(Time==1))
 200   3                                      {
 201   4                                              m++;    
 202   4                                      }
 203   3                                  if(m==16)
 204   3                                      m=20;
 205   3                                  
 206   3                       }
 207   2                       Close();
 208   2                      } 
 209   1                      Time=0;
 210   1                      l=6;
 211   1                      k=0;
 212   1                      m=0;
 213   1                      Close(); 
 214   1              
 215   1      }
 216          /*************************************************/
 217          void Show_line_time(void)//立体显示时间
 218          {
 219   1              if(id==0)       //如果不是调时 显示时间信息
 220   1              {
 221   2                      j++;                                       
 222   2              if( j>768 )//显示完文字后 循环； j=16*需要显示的字数 768/16=48
 223   2              {
 224   3                  j=0;
 225   3              }
 226   2             for(i=j;i<ucNumRows+j;i++)  //显示190列 数据
 227   2              {                               
 228   3                              if(m<16)
 229   3                              {
 230   4                                      Show_R(shuzi[TimeBuff[m]][k*2],shuzi[TimeBuff[m]][k*2+1]);//侧面送时间显示
 231   4                              }
 232   3                              else
 233   3                              {
 234   4                                      Show_R(0XFF,0XFF);
 235   4                              }
 236   3                              Show_L(dazimo[i*2],dazimo[i*2+1],0xFF,0XFF);//平面送16*16文字显示       
 237   3                              Delay10us();//延时一段时间
 238   3                                                                                      
 239   3                 if(BIT_timeout==1)//这里如果没有显示完一圈的数据 回到起点了 
 240   3                                        //直接跳出 就不会出现头吃尾的现象 而且盲点很小
 241   3                         {
C51 COMPILER V8.08   SHOWTIME                                                              05/17/2015 14:32:06 PAGE 5   

 242   4                                      return;
 243   4                         }
 244   3                          k++;
 245   3                               if(k>7)  //一个数字8列
 246   3                               {
 247   4                                      k=0;
 248   4                                      if((m<8)&&(Time==0))
 249   4                                      {
 250   5                                              m++;
 251   5                                      }
 252   4                                      if((m>7)&&(Time==0))  //间隔显示 时间 和日期 
 253   4                                      {
 254   5                                              m=20;
 255   5                                              if(l>0)
 256   5                                              l--;
 257   5                                              if(l==0)
 258   5                                              {
 259   6                                                m=7;
 260   6                                                Time=1;       
 261   6                                              }
 262   5                                              
 263   5                                      }                                                                                                                                                                                                                  
 264   4                                      if((m<16)&&(Time==1))
 265   4                                      {
 266   5                                              m++;    
 267   5                                      }
 268   4                                  if(m==16)
 269   4                                      m=20;
 270   4                                  
 271   4                       }
 272   3                       Close();
 273   3                      } 
 274   2                      Time=0;
 275   2                      l=6;
 276   2                      k=0;
 277   2                      m=0;
 278   2                      Close(); 
 279   2              }
 280   1              /****************************************************************/
 281   1              else//如果是调时间
 282   1              {
 283   2                 Close();
 284   2                if(id==1)      //调时
 285   2                {
 286   3                      for(i=0;i<8;i++) 
 287   3                      { 
 288   4                              Show_R(shuzi[Hour%16][i*2],shuzi[Hour%16][i*2+1]); //时的个位     
 289   4                              Delay10us();                     
 290   4                      }
 291   3                      Close();
 292   3                      for(i=0;i<8;i++) 
 293   3                      { 
 294   4                              Show_R(shuzi[Hour/16][i*2],shuzi[Hour/16][i*2+1]);       //时的十位
 295   4                              Delay10us();
 296   4                                               
 297   4                      }
 298   3                      Close();
 299   3                      for(i=0;i<8;i++) 
 300   3                      { 
 301   4                              Show_R(shuzi[15][i*2],shuzi[15][i*2+1]);         //时字符                 
 302   4                              Delay10us();                     
 303   4                      }
C51 COMPILER V8.08   SHOWTIME                                                              05/17/2015 14:32:06 PAGE 6   

 304   3                      Close();
 305   3                      for(i=0;i<8;i++) 
 306   3                      { 
 307   4                              Show_R(shuzi[16][i*2],shuzi[16][i*2+1]);         //时字符
 308   4                              Delay10us();                     
 309   4                      }
 310   3                      Close();
 311   3                      
 312   3                                       
 313   3                }
 314   2                /***********************************************/
 315   2                if(id==2)      //调分
 316   2                {
 317   3                      for(i=0;i<8;i++) 
 318   3                      { 
 319   4                              Show_R(shuzi[Cent%16][i*2],shuzi[Cent%16][i*2+1]); //分的个位             
 320   4                              Delay10us();                     
 321   4                      }
 322   3                      Close();
 323   3                      for(i=0;i<8;i++) 
 324   3                      { 
 325   4                              Show_R(shuzi[Cent/16][i*2],shuzi[Cent/16][i*2+1]);  //分的十位
 326   4                              Delay10us();
 327   4                                               
 328   4                      }
 329   3                      Close();
 330   3                      for(i=0;i<8;i++) 
 331   3                      { 
 332   4                              Show_R(shuzi[17][i*2],shuzi[17][i*2+1]);         //分字符         
 333   4                              Delay10us();                     
 334   4                      }
 335   3                              Close();
 336   3                      for(i=0;i<8;i++) 
 337   3                      { 
 338   4                              Show_R(shuzi[18][i*2],shuzi[18][i*2+1]);         //分字符                 
 339   4                              Delay10us();                     
 340   4                      }
 341   3                      Close();
 342   3                      
 343   3                                       
 344   3                }
 345   2                /*********************************************************/
 346   2                if(id==3)      //调秒
 347   2                {
 348   3                      for(i=0;i<8;i++) 
 349   3                      { 
 350   4                              Show_R(shuzi[Sec%16][i*2],shuzi[Sec%16][i*2+1]);        //秒的个位                        
 351   4                              Delay10us();                     
 352   4                      }
 353   3                      Close();
 354   3                      for(i=0;i<8;i++) 
 355   3                      { 
 356   4                              Show_R(shuzi[Sec/16][i*2],shuzi[Sec/16][i*2+1]);        //秒的十位                      ;
 357   4                              Delay10us();
 358   4                                               
 359   4                      }
 360   3                      Close();
 361   3                      for(i=0;i<8;i++) 
 362   3                      { 
 363   4                              Show_R(shuzi[19][i*2],shuzi[19][i*2+1]);        //秒字符                  
 364   4                              Delay10us();                     
 365   4                      }
C51 COMPILER V8.08   SHOWTIME                                                              05/17/2015 14:32:06 PAGE 7   

 366   3                      Close();
 367   3                      for(i=0;i<8;i++) 
 368   3                      { 
 369   4                              Show_R(shuzi[20][i*2],shuzi[20][i*2+1]);        //秒字符                  
 370   4                              Delay10us();                     
 371   4                      }
 372   3                      Close();
 373   3                      
 374   3                                       
 375   3                }
 376   2                /**********************************************************/
 377   2                if(id==4)      //调月
 378   2                {
 379   3                      for(i=0;i<8;i++) 
 380   3                      { 
 381   4                              Show_R(shuzi[Month%16][i*2],shuzi[Month%16][i*2+1]);    //月的个位                
 382   4                              Delay10us();                             
 383   4                      }
 384   3                      Close();
 385   3                      for(i=0;i<8;i++) 
 386   3                      { 
 387   4                              Show_R(shuzi[Month/16][i*2],shuzi[Month/16][i*2+1]);    //月的十位
 388   4                              Delay10us();
 389   4                                               
 390   4                      }
 391   3                      Close();
 392   3                      for(i=0;i<8;i++) 
 393   3                      { 
 394   4                              Show_R(shuzi[11][i*2],shuzi[11][i*2+1]);        //月字符          
 395   4                              Delay10us();                     
 396   4                      }
 397   3                      Close();
 398   3                      for(i=0;i<8;i++) 
 399   3                      { 
 400   4                              Show_R(shuzi[12][i*2],shuzi[12][i*2+1]);        //月字符
 401   4                              Delay10us();                     
 402   4                      }
 403   3                      Close();
 404   3                      
 405   3                                       
 406   3                }
 407   2                /*********************************************************/
 408   2                if(id==5)      //调日
 409   2                {
 410   3                      for(i=0;i<8;i++) 
 411   3                      { 
 412   4                              Show_R(shuzi[Day%16][i*2],shuzi[Day%16][i*2+1]);        //日的个位                                
 413   4                              Delay10us();                     
 414   4                      }
 415   3                      Close();
 416   3                      for(i=0;i<8;i++) 
 417   3                      { 
 418   4                              Show_R(shuzi[Day/16][i*2],shuzi[Day/16][i*2+1]);        //日的十位                      ;
 419   4                              Delay10us();
 420   4                                               
 421   4                      }
 422   3                      Close();
 423   3                      for(i=0;i<8;i++) 
 424   3                      { 
 425   4                              Show_R(shuzi[13][i*2],shuzi[13][i*2+1]);//日字符                  
 426   4                              Delay10us();                     
 427   4                      }
C51 COMPILER V8.08   SHOWTIME                                                              05/17/2015 14:32:06 PAGE 8   

 428   3                      Close();
 429   3                      for(i=0;i<8;i++) 
 430   3                      { 
 431   4                              Show_R(shuzi[14][i*2],shuzi[14][i*2+1]);        //日字符                  
 432   4                              Delay10us();                     
 433   4                      }
 434   3                      Close();
 435   3                      
 436   3                                       
 437   3                }
 438   2                /***********************************************************/
 439   2              }
 440   1      }
 441          
 442          //逐列 阳码 逆向  加 文字垂直翻转 加左右翻转 59tiaoba.taobao.com
 443          const uchar code tab1[15][16]={
 444          
 445          {0xFF,0xFF,0x0F,0xF8,0xF7,0xF7,0xFB,0xEF,0xFB,0xEF,0xF7,0xF7,0x0F,0xF8,0xFF,0xFF},/*"0",0*/
 446          
 447          {0xFF,0xFF,0xFF,0xFF,0xFB,0xFF,0xFB,0xFF,0x03,0xE0,0xFB,0xF7,0xFB,0xF7,0xFF,0xFF},/*"1",1*/
 448          
 449          {0xFF,0xFF,0xF3,0xF1,0x7B,0xEE,0xBB,0xEF,0xDB,0xEF,0xEB,0xEF,0xF3,0xF1,0xFF,0xFF},/*"2",2*/
 450          
 451          {0xFF,0xFF,0x8F,0xF3,0x77,0xED,0xFB,0xEE,0xFB,0xEE,0xFB,0xEF,0xE7,0xF3,0xFF,0xFF},/*"3",3*/
 452          
 453          {0xFF,0xFF,0xDB,0xFF,0x03,0xE0,0xDB,0xF7,0xDB,0xFB,0xDF,0xFC,0x1F,0xFF,0xFF,0xFF},/*"4",4*/
 454          
 455          {0xFF,0xFF,0x8F,0xEF,0x77,0xEF,0xFB,0xEE,0xFB,0xEE,0x7B,0xEF,0x67,0xE0,0xFF,0xFF},/*"5",5*/
 456          
 457          {0xFF,0xFF,0x8F,0xFF,0x77,0xE7,0xFB,0xEE,0xFB,0xEE,0x77,0xF7,0x0F,0xF8,0xFF,0xFF},/*"6",6*/
 458          
 459          {0xFF,0xFF,0xFF,0xEF,0xFF,0xE3,0xFF,0xEC,0x03,0xEF,0xFF,0xEF,0xFF,0xE3,0xFF,0xFF},/*"7",7*/
 460          
 461          {0xFF,0xFF,0xC7,0xF1,0xBB,0xEE,0x7B,0xEF,0x7B,0xEF,0xBB,0xEE,0xC7,0xF1,0xFF,0xFF},/*"8",8*/
 462          
 463          {0xFF,0xFF,0x0F,0xF8,0x77,0xF7,0xBB,0xEF,0xBB,0xEF,0x73,0xF7,0xFF,0xF8,0xFF,0xFF},/*"9",9*/
 464          
 465          {0xFF,0xFF,0xFF,0xFF,0xFF,0xFF,0xF3,0xFC,0xF3,0xFC,0xFF,0xFF,0xFF,0xFF,0xFF,0xFF},/*":",10*/
 466          
 467          {0xFF,0xFF,0xFF,0xFF,0xFF,0xFF,0x01,0x80,0xBE,0xBB,0xBD,0xBB,0xBF,0xBB,0xBF,0xBB},
 468          {0xBF,0xBB,0xBF,0xBB,0xBF,0xBB,0xBF,0xBB,0x0F,0x80,0xF3,0xFF,0xFD,0xFF,0xFE,0xFF},/*"月",11*/
 469          
 470          {0xFF,0xFF,0xFF,0xFF,0xFF,0xFF,0xFF,0xFF,0x00,0x80,0xFD,0xBE,0xFD,0xBE,0xFD,0xBE},
 471          {0xFD,0xBE,0xFD,0xBE,0xFD,0xBE,0xFD,0xBE,0x00,0x80,0xFF,0xFF,0xFF,0xFF,0xFF,0xFF},/*"日",12*/
 472          };
 473          
 474          //PC2002字幕软件  配置 （逐列 阳码 逆向 ） 字大小16X16   59tiaoba.taobao.com
 475          uchar code shuziP[15][16]={
 476          
 477          {0xFF,0xFF,0x1F,0xF0,0xEF,0xEF,0xF7,0xDF,0xF7,0xDF,0xEF,0xEF,0x1F,0xF0,0xFF,0xFF},/*"0",0*/
 478          
 479          {0xFF,0xFF,0xEF,0xDF,0xEF,0xDF,0x07,0xC0,0xFF,0xDF,0xFF,0xDF,0xFF,0xFF,0xFF,0xFF},/*"1",1*/
 480          
 481          {0xFF,0xFF,0x8F,0xCF,0xF7,0xD7,0xF7,0xDB,0xF7,0xDD,0x77,0xDE,0x8F,0xCF,0xFF,0xFF},/*"2",2*/
 482          
 483          {0xFF,0xFF,0xCF,0xE7,0xF7,0xDF,0x77,0xDF,0x77,0xDF,0xB7,0xEE,0xCF,0xF1,0xFF,0xFF},/*"3",3*/
 484          
 485          {0xFF,0xFF,0xFF,0xF8,0x3F,0xFB,0xDF,0xDB,0xEF,0xDB,0x07,0xC0,0xFF,0xDB,0xFF,0xFF},/*"4",4*/
 486          
 487          {0xFF,0xFF,0x07,0xE6,0xF7,0xDE,0x77,0xDF,0x77,0xDF,0xF7,0xEE,0xF7,0xF1,0xFF,0xFF},/*"5",5*/
 488          
 489          {0xFF,0xFF,0x1F,0xF0,0xEF,0xEE,0x77,0xDF,0x77,0xDF,0xE7,0xEE,0xFF,0xF1,0xFF,0xFF},/*"6",6*/
C51 COMPILER V8.08   SHOWTIME                                                              05/17/2015 14:32:06 PAGE 9   

 490          
 491          {0xFF,0xFF,0xC7,0xFF,0xF7,0xFF,0xF7,0xC0,0x37,0xFF,0xC7,0xFF,0xF7,0xFF,0xFF,0xFF},/*"7",7*/
 492          
 493          {0xFF,0xFF,0x8F,0xE3,0x77,0xDD,0xF7,0xDE,0xF7,0xDE,0x77,0xDD,0x8F,0xE3,0xFF,0xFF},/*"8",8*/
 494          
 495          {0xFF,0xFF,0x1F,0xFF,0xEF,0xCE,0xF7,0xDD,0xF7,0xDD,0xEF,0xEE,0x1F,0xF0,0xFF,0xFF},/*"9",9*/
 496          
 497          {0xFF,0xFF,0xFF,0xFF,0xFF,0xFF,0x3F,0xCF,0x3F,0xCF,0xFF,0xFF,0xFF,0xFF,0xFF,0xFF},/*":",10*/
 498          
 499          {0xFF,0x7F,0xFF,0xBF,0xFF,0xCF,0x01,0xF0,0xDD,0xFD,0xDD,0xFD,0xDD,0xFD,0xDD,0xFD},
 500          {0xDD,0xFD,0xDD,0xFD,0xDD,0xBD,0xDD,0x7D,0x01,0x80,0xFF,0xFF,0xFF,0xFF,0xFF,0xFF},/*"月",11*/
 501          
 502          {0xFF,0xFF,0xFF,0xFF,0xFF,0xFF,0x01,0x00,0x7D,0xBF,0x7D,0xBF,0x7D,0xBF,0x7D,0xBF},
 503          {0x7D,0xBF,0x7D,0xBF,0x7D,0xBF,0x01,0x00,0xFF,0xFF,0xFF,0xFF,0xFF,0xFF,0xFF,0xFF},/*"日",12*/
 504          
 505          };
 506          //PC2002字幕软件  配置 （逐列 阳码 逆向 左右翻转） 字大小16X16   59tiaoba.taobao.com
 507          uchar code shuzi[21][16]={
 508          
 509          {0xFF,0xFF,0x1F,0xF0,0xEF,0xEF,0xF7,0xDF,0xF7,0xDF,0xEF,0xEF,0x1F,0xF0,0xFF,0xFF},/*"0",0*/
 510          
 511          {0xFF,0xFF,0xFF,0xFF,0xFF,0xDF,0xFF,0xDF,0x07,0xC0,0xEF,0xDF,0xEF,0xDF,0xFF,0xFF},/*"1",1*/
 512          
 513          {0xFF,0xFF,0x8F,0xCF,0x77,0xDE,0xF7,0xDD,0xF7,0xDB,0xF7,0xD7,0x8F,0xCF,0xFF,0xFF},/*"2",2*/
 514          
 515          {0xFF,0xFF,0xCF,0xF1,0xB7,0xEE,0x77,0xDF,0x77,0xDF,0xF7,0xDF,0xCF,0xE7,0xFF,0xFF},/*"3",3*/
 516          
 517          {0xFF,0xFF,0xFF,0xDB,0x07,0xC0,0xEF,0xDB,0xDF,0xDB,0x3F,0xFB,0xFF,0xF8,0xFF,0xFF},/*"4",4*/
 518          
 519          {0xFF,0xFF,0xF7,0xF1,0xF7,0xEE,0x77,0xDF,0x77,0xDF,0xF7,0xDE,0x07,0xE6,0xFF,0xFF},/*"5",5*/
 520          
 521          {0xFF,0xFF,0xFF,0xF1,0xE7,0xEE,0x77,0xDF,0x77,0xDF,0xEF,0xEE,0x1F,0xF0,0xFF,0xFF},/*"6",6*/
 522          
 523          {0xFF,0xFF,0xF7,0xFF,0xC7,0xFF,0x37,0xFF,0xF7,0xC0,0xF7,0xFF,0xC7,0xFF,0xFF,0xFF},/*"7",7*/
 524          
 525          {0xFF,0xFF,0x8F,0xE3,0x77,0xDD,0xF7,0xDE,0xF7,0xDE,0x77,0xDD,0x8F,0xE3,0xFF,0xFF},/*"8",8*/
 526          
 527          {0xFF,0xFF,0x1F,0xF0,0xEF,0xEE,0xF7,0xDD,0xF7,0xDD,0xEF,0xCE,0x1F,0xFF,0xFF,0xFF},/*"9",9*/
 528          
 529          {0xFF,0xFF,0xFF,0xFF,0xFF,0xFF,0x3F,0xCF,0x3F,0xCF,0xFF,0xFF,0xFF,0xFF,0xFF,0xFF},/*":",10*/
 530          
 531          {0xFF,0xFF,0xFF,0xFF,0xFF,0xFF,0x01,0x80,0xDD,0x7D,0xDD,0xBD,0xDD,0xFD,0xDD,0xFD},
 532          {0xDD,0xFD,0xDD,0xFD,0xDD,0xFD,0xDD,0xFD,0x01,0xF0,0xFF,0xCF,0xFF,0xBF,0xFF,0x7F},/*"月",11*/
 533          
 534          {0xFF,0xFF,0xFF,0xFF,0xFF,0xFF,0xFF,0xFF,0x01,0x00,0x7D,0xBF,0x7D,0xBF,0x7D,0xBF},
 535          {0x7D,0xBF,0x7D,0xBF,0x7D,0xBF,0x7D,0xBF,0x01,0x00,0xFF,0xFF,0xFF,0xFF,0xFF,0xFF},/*"日",12*/
 536          
 537          {0xFF,0xFF,0xEF,0xFF,0xEF,0xFF,0x00,0x80,0xEF,0x7F,0xEF,0xBF,0xEF,0xF9,0xEF,0xFE},
 538          {0xEF,0xFF,0xFF,0xFF,0x03,0xC0,0x7B,0xEF,0x7B,0xEF,0x7B,0xEF,0x03,0xC0,0xFF,0xFF},/*"时",13*/
 539          
 540          {0xFF,0xFF,0x7F,0xFF,0xBF,0xFF,0xDF,0xFF,0xEF,0xFF,0x73,0xC0,0x7C,0xBF,0x7F,0x7F},
 541          {0x7F,0xBF,0x7F,0xFF,0x79,0xF8,0x77,0xE7,0x6F,0xDF,0xDF,0xBF,0xBF,0x7F,0x7F,0xFF},/*"分",14*/
 542          
 543          {0xFF,0xFF,0x9F,0xFF,0xEF,0xFC,0xF7,0xF3,0xFF,0xEF,0x00,0xD8,0xFF,0xBF,0xC7,0xBF},
 544          {0x3F,0x7F,0xFF,0x7E,0xDD,0xF9,0xDC,0xFE,0x01,0x00,0x5B,0xFE,0xDB,0xF9,0xDB,0xF7},/*"秒",15*/
 545          
 546          
 547          
 548          
 549          };
 550          //PC2002字幕软件  配置 （逐列 阳码 逆向） 字大小宽16X16高 59tiaoba.taobao.com
 551          uchar code dazimo[]={
C51 COMPILER V8.08   SHOWTIME                                                              05/17/2015 14:32:06 PAGE 10  

 552          0xFF,0xFF,0xFF,0xFF,0xFF,0xFF,0xFF,0xFF,0xFF,0xFF,0xFF,0xFF,0xFF,0xFF,0xFF,0xFF,/*" ",0*/
 553          
 554          0xFF,0xFF,0xFF,0xFF,0xFF,0xFF,0xFF,0xFF,0xFF,0xFF,0xFF,0xFF,0xFF,0xFF,0xFF,0xFF,/*" ",1*/
 555          
 556          0xFF,0xFF,0xFF,0xFF,0xFF,0xFF,0xFF,0xFF,0xFF,0xFF,0xFF,0xFF,0xFF,0xFF,0xFF,0xFF,/*" ",2*/
 557          
 558          0xFF,0xFF,0xFF,0xFF,0xFF,0xFF,0xFF,0xFF,0xFF,0xFF,0xFF,0xFF,0xFF,0xFF,0xFF,0xFF,/*" ",3*/
 559          0xFF,0xFF,0xFF,0xFF,0xFF,0xFF,0xFF,0xFF,0xFF,0xFF,0xFF,0xFF,0xFF,0xFF,0xFF,0xFF,/*" ",0*/
 560          
 561          0xFF,0xFF,0xFF,0xFF,0xFF,0xFF,0xFF,0xFF,0xFF,0xFF,0xFF,0xFF,0xFF,0xFF,0xFF,0xFF,/*" ",1*/
 562          
 563          0xFF,0xFF,0xFF,0xFF,0xFF,0xFF,0xFF,0xFF,0xFF,0xFF,0xFF,0xFF,0xFF,0xFF,0xFF,0xFF,/*" ",2*/
 564          
 565          0xFF,0xFF,0xFF,0xFF,0xFF,0xFF,0xFF,0xFF,0xFF,0xFF,0xFF,0xFF,0xFF,0xFF,0xFF,0xFF,/*" ",3*/
 566          
 567          0xF7,0xDF,0x07,0xC0,0xF7,0xDF,0xF7,0xDF,0xF7,0xDF,0xEF,0xEF,0x1F,0xF0,0xFF,0xFF,/*"D",0*/
 568          
 569          0xFF,0xFF,0xF7,0xDF,0xF7,0xDF,0x07,0xC0,0xF7,0xDF,0xF7,0xDF,0xFF,0xFF,0xFF,0xFF,/*"I",1*/
 570          
 571          0xF7,0xFF,0xC7,0xFF,0x37,0xDF,0xFF,0xC0,0x37,0xDF,0xC7,0xFF,0xF7,0xFF,0xFF,0xFF,/*"Y",2*/
 572          
 573          0xF7,0xFD,0xF7,0xFE,0x76,0xFF,0x11,0x00,0x67,0xFF,0xFF,0x7C,0xFF,0xBF,0x01,0xDC,
 574          0xFD,0xE7,0xFD,0xF9,0x0D,0xFE,0xFD,0x81,0xFD,0x7F,0x01,0x7C,0xFF,0x1F,0xFF,0xFF,/*"视",3*/
 575          
 576          0xFF,0xF7,0xFF,0xF7,0xFF,0xFB,0x01,0x7B,0x6D,0x9D,0x6D,0xE1,0x6D,0xFE,0x01,0xFF,
 577          0x6D,0xFE,0x6D,0x01,0x6D,0xFD,0x01,0xFB,0xFF,0xFB,0xFF,0xF7,0xFF,0xF7,0xFF,0xFF,/*"界",4*/
 578          
 579          0xFF,0xFF,0xFF,0x83,0x83,0xBF,0xBF,0xBF,0xBF,0xBF,0xBF,0xBF,0xBF,0xBF,0x00,0x80,
 580          0xBF,0xBF,0xBF,0xBF,0xBF,0xBF,0xBF,0xBF,0x03,0xBF,0xFF,0x03,0xFF,0xFF,0xFF,0xFF,/*"出",5*/
 581          
 582          0xFF,0xFF,0xFF,0x01,0xFF,0xBD,0x81,0xBD,0xBD,0xBD,0xBD,0x01,0xBD,0xFF,0xBD,0xFF,
 583          0xBD,0xFF,0xBD,0x01,0xBD,0xBD,0x81,0xBD,0xFF,0xBD,0xFF,0x01,0xFF,0xFF,0xFF,0xFF,/*"品",6*/
 584          
 585          0xFF,0xFF,0xFF,0xFF,0xFF,0xFF,0xFF,0xFF,0xFF,0xFF,0xFF,0xFF,0xFF,0xFF,0xFF,0xFF,/*" ",7*/
 586          
 587          0xF7,0xFD,0xF7,0xFE,0x76,0xFF,0x11,0x00,0x67,0x7F,0xFF,0xBC,0x81,0xDF,0xBD,0xE7,
 588          0x3D,0xF8,0xBD,0xFF,0xBD,0xFF,0x3D,0xC0,0xBD,0xBF,0x81,0xBF,0xFF,0x87,0xFF,0xFF,/*"祝",8*/
 589          
 590          0xFF,0xFE,0x7F,0xFF,0x9F,0xFF,0x07,0x00,0xF8,0xFF,0xBF,0xEF,0xDF,0xF3,0xE7,0xFC,
 591          0xF0,0xBF,0xF7,0x7F,0x37,0x80,0xF7,0xFF,0xF7,0xFE,0xD7,0xF9,0xE7,0xE7,0xFF,0xFF,/*"你",9*/
 592          
 593          0x7F,0xFF,0x7F,0xFF,0x7F,0xFF,0x7F,0xFF,0x7F,0xFF,0x7F,0xFF,0x7F,0xFF,0x7F,0xFF,
 594          0x7F,0xFF,0x7F,0xFF,0x7F,0xFF,0x7F,0xFF,0x7F,0xFF,0x7F,0xFF,0x7F,0xFF,0xFF,0xFF,/*"一",0*/
 595          
 596          0xFF,0xFF,0x07,0xF0,0xF7,0xFF,0x00,0x00,0xF7,0xF7,0x07,0x70,0xFF,0x9F,0x01,0xE0,
 597          0xBD,0xFF,0x7D,0xFE,0xFD,0xFF,0x01,0xC0,0xFF,0xBF,0xFF,0xBF,0xFF,0x87,0xFF,0xFF,/*"帆",1*/
 598          
 599          0xFF,0x7F,0xFF,0x9F,0x01,0xE0,0xFD,0xFF,0xED,0xDF,0xDD,0xEF,0x3D,0xF3,0xFD,0xFC,
 600          0x3D,0xF3,0xCD,0xCF,0xFD,0xFF,0x01,0xF0,0xFF,0xCF,0xFF,0xBF,0xFF,0x07,0xFF,0xFF,/*"风",2*/
 601          
 602          0xFF,0xBF,0x01,0xC0,0xFF,0xFF,0x03,0xC0,0xFF,0xFF,0x00,0x00,0xFF,0x7F,0x0D,0xB0,
 603          0xED,0xDF,0xE5,0xE7,0x29,0xF8,0xED,0xEF,0xED,0xDF,0x0D,0xB0,0xFD,0x7F,0xFF,0xFF,/*"顺",3*/
 604          
 605          0xFF,0xEF,0xFF,0xEF,0xF7,0xEF,0xF7,0xEF,0xF7,0xEF,0xF7,0xEF,0xF7,0xEF,0xF7,0xEF,
 606          0xF7,0xEF,0xF7,0xEF,0xF7,0xEF,0xF7,0xEF,0xF7,0xEF,0xFF,0xEF,0xFF,0xEF,0xFF,0xFF,/*"二",4*/
 607          
 608          0xDF,0xFF,0xDF,0xFF,0xDF,0xFF,0x01,0x80,0xDF,0xBF,0xDF,0xBF,0x00,0xB8,0xDF,0xBB,
 609          0xDF,0xBB,0xDF,0xBB,0x00,0xB8,0xDF,0xBF,0xDF,0xBF,0xDF,0xBF,0xDF,0xFF,0xFF,0xFF,/*"世",5*/
 610          
 611          0xEF,0x7F,0xEF,0xBF,0xEF,0xDF,0xEF,0xE7,0xEF,0xF9,0x00,0xBE,0xEF,0xDF,0xEF,0xEF,
 612          0x0F,0xC0,0xEF,0xBB,0xEE,0xBD,0xE9,0xBE,0x2F,0xBF,0xEF,0xBF,0xEF,0x87,0xFF,0xFF,/*"龙",6*/
 613          
C51 COMPILER V8.08   SHOWTIME                                                              05/17/2015 14:32:06 PAGE 11  

 614          0xFF,0x7F,0x01,0x80,0xDD,0xFD,0xDD,0x7D,0x01,0x00,0xD7,0xFE,0x56,0xDF,0x91,0xD2,
 615          0xD7,0xD6,0xC0,0xD6,0xD7,0xD6,0x93,0xB0,0x54,0x77,0xD7,0x86,0xDF,0xFE,0xFF,0xFF,/*"腾",7*/
 616          
 617          0xFF,0xDF,0xFB,0xDF,0x7B,0xDF,0x7B,0xDF,0x7B,0xDF,0x7B,0xDF,0x7B,0xDF,0x7B,0xDF,
 618          0x7B,0xDF,0x7B,0xDF,0x7B,0xDF,0x7B,0xDF,0x7B,0xDF,0xFB,0xDF,0xFF,0xDF,0xFF,0xFF,/*"三",8*/
 619          
 620          0xFF,0xF7,0xF7,0xF7,0x77,0xF7,0x77,0xF7,0x76,0xF7,0x71,0xF7,0x77,0xF7,0x07,0x00,
 621          0x77,0xF7,0x73,0xF7,0x74,0xF7,0x77,0xF7,0x77,0xF7,0xF7,0xF7,0xFF,0xF7,0xFF,0xFF,/*"羊",9*/
 622          
 623          0x7F,0xFF,0x7D,0x7F,0x7D,0xBF,0x7D,0xCF,0x01,0xF0,0x7D,0xFF,0x7D,0xFF,0x7D,0xFF,
 624          0x7D,0xFF,0x7D,0xFF,0x01,0x00,0x7D,0xFF,0x7D,0xFF,0x7D,0xFF,0x7F,0xFF,0xFF,0xFF,/*"开",10*/
 625          
 626          0xBF,0xFB,0xBB,0xDB,0xAB,0xDD,0xAB,0xED,0xAB,0xEA,0x2B,0xB7,0x8B,0x7B,0xA0,0x80,
 627          0xAB,0xF7,0x2B,0xF7,0xAB,0xEA,0xAB,0xED,0xAB,0xDD,0xBB,0xFB,0xBF,0xFB,0xFF,0xFF,/*"泰",11*/
 628          
 629          0xFF,0xFF,0x03,0x80,0xFB,0xD7,0xFB,0xDB,0xFB,0xDC,0x03,0xDF,0xFB,0xDF,0xFB,0xDF,
 630          0xFB,0xDF,0x03,0xDE,0xFB,0xDD,0xFB,0xDD,0xFB,0xDD,0x03,0x80,0xFF,0xFF,0xFF,0xFF,/*"四",12*/
 631          
 632          0xFF,0xF6,0xEF,0xF6,0x6F,0xF7,0x6D,0xF7,0xAD,0xF6,0xCD,0xB6,0xED,0x76,0x01,0x86,
 633          0xED,0xF2,0xCE,0xF4,0xAE,0xF6,0x6E,0xF7,0x6F,0xF7,0xEF,0xF6,0xFF,0xF6,0xFF,0xFF,/*"季",13*/
 634          
 635          0xFF,0xFE,0xFD,0xFE,0xFD,0xFE,0xED,0xFE,0x9D,0xFE,0xFD,0xFE,0xFD,0xFE,0x01,0x00,
 636          0xFD,0xFE,0xFD,0xFE,0xBD,0xFE,0xCD,0xFE,0xFD,0xFE,0xFD,0xFE,0xFF,0xFE,0xFF,0xFF,/*"平",14*/
 637          
 638          0x7F,0xFF,0x6F,0x7F,0x73,0x7F,0x7B,0x7B,0x7B,0xB9,0x7B,0xB6,0x0A,0xD7,0x79,0xEF,
 639          0x7B,0xEF,0x7B,0xD3,0x7B,0xDC,0x7B,0xBF,0x6B,0x7F,0x73,0xFF,0x7F,0xFF,0xFF,0xFF,/*"安",15*/
 640          
 641          0xFF,0xBF,0xFD,0xBF,0xBD,0xBF,0xBD,0xBF,0xBD,0x87,0x3D,0xB8,0x81,0xBF,0xBD,0xBF,
 642          0xBD,0xBF,0xBD,0xBF,0xBD,0xBF,0x3D,0x80,0xFD,0xBF,0xFD,0xBF,0xFF,0xBF,0xFF,0xFF,/*"五",16*/
 643          
 644          0xF7,0xFD,0xF6,0xFE,0x31,0x00,0x47,0xFF,0xF7,0xFC,0xFF,0xFF,0xFD,0x00,0x85,0xB6,
 645          0xB5,0xB6,0xB5,0xB6,0xB5,0x80,0xB5,0xB6,0xB5,0xB6,0x85,0xB6,0xFD,0x00,0xFF,0xFF,/*"福",17*/
 646          
 647          0xFF,0xFF,0x07,0xE0,0xFF,0xFF,0xFF,0xFF,0x00,0x00,0xBF,0xFF,0xDF,0xFF,0xE7,0x80,
 648          0xF0,0xDE,0xE7,0xDE,0x97,0xC0,0xF7,0xDE,0xF7,0xDE,0xF7,0x80,0xF7,0xFF,0xFF,0xFF,/*"临",18*/
 649          
 650          0xFF,0xFF,0x07,0x00,0xFE,0xFF,0xF9,0xFF,0xFF,0xFF,0xFF,0xFF,0xFD,0xFF,0xFD,0xFF,
 651          0xFD,0xFF,0xFD,0xFF,0xFD,0xFF,0xFD,0xBF,0xFD,0x7F,0x01,0x80,0xFF,0xFF,0xFF,0xFF,/*"门",19*/
 652          
 653          0xDF,0xFF,0xDF,0xBF,0xDF,0xDF,0xDF,0xEF,0xDF,0xF3,0xDF,0xFC,0xDE,0xFF,0xDD,0xFF,
 654          0xD3,0xFF,0xDF,0xFE,0xDF,0xFD,0xDF,0xFB,0xDF,0xE7,0xDF,0x9F,0xDF,0xFF,0xFF,0xFF,/*"六",20*/
 655          
 656          0xDF,0xFF,0xDF,0xBF,0xDF,0xDF,0xDF,0xEF,0xDF,0xF3,0xDF,0xFC,0xDE,0xFF,0xDD,0xFF,
 657          0xD3,0xFF,0xDF,0xFE,0xDF,0xFD,0xDF,0xFB,0xDF,0xE7,0xDF,0x9F,0xDF,0xFF,0xFF,0xFF,/*"六",21*/
 658          
 659          0xDF,0x7F,0xDF,0x7F,0xDF,0xBF,0xDF,0xDF,0xDF,0xEF,0xDF,0xF3,0xDF,0xFC,0x00,0xFF,
 660          0xDF,0xFC,0xDF,0xF3,0xDF,0xEF,0xDF,0xDF,0xDF,0xBF,0xDF,0x7F,0xDF,0x7F,0xFF,0xFF,/*"大",22*/
 661          
 662          0xFF,0xBF,0x01,0xC0,0xFF,0xFF,0x03,0xC0,0xFF,0xFF,0x00,0x00,0xFF,0x7F,0x0D,0xB0,
 663          0xED,0xDF,0xE5,0xE7,0x29,0xF8,0xED,0xEF,0xED,0xDF,0x0D,0xB0,0xFD,0x7F,0xFF,0xFF,/*"顺",23*/
 664          
 665          0x7F,0xFF,0x7F,0xFF,0x7F,0xFF,0x7F,0xFF,0x7F,0xFF,0xBF,0xFF,0x00,0xC0,0xBF,0xBF,
 666          0xBF,0xBF,0xBF,0xBF,0xDF,0xBF,0xDF,0xBF,0xDF,0xBF,0xDF,0x87,0xFF,0xFF,0xFF,0xFF,/*"七",24*/
 667          
 668          0xFF,0xFF,0xFF,0xBB,0xFF,0xBD,0x41,0xB6,0xD5,0xB6,0xD5,0xB6,0xD5,0xB6,0x15,0x80,
 669          0xD5,0xB6,0xD5,0xB6,0xD5,0xB6,0xC1,0xB6,0xFF,0xBE,0xFF,0xBF,0xFF,0xFF,0xFF,0xFF,/*"星",25*/
 670          
 671          0xFB,0xFF,0xFB,0x01,0xFB,0xFD,0xFB,0xFD,0x0B,0x85,0x6B,0xB5,0x6A,0xB5,0x69,0xB5,
 672          0x6B,0xB5,0x6B,0xB5,0x0B,0x85,0xFB,0xFD,0xFB,0x7D,0xFB,0x01,0xFB,0xFF,0xFF,0xFF,/*"高",26*/
 673          
 674          0xFF,0x7F,0x01,0x90,0xBD,0xF7,0xBD,0xF7,0xBD,0xD7,0x01,0x30,0xFF,0xFF,0xBD,0xFF,
 675          0x5D,0xD0,0x61,0x37,0x7D,0xF7,0x5D,0xF7,0x3D,0xD7,0x41,0x30,0xFF,0xFF,0xFF,0xFF,/*"照",27*/
C51 COMPILER V8.08   SHOWTIME                                                              05/17/2015 14:32:06 PAGE 12  

 676          
 677          0xFF,0xFF,0xFF,0x7F,0xFF,0x9F,0xFF,0xE7,0xFF,0xF8,0x03,0xFF,0xFF,0xFF,0xFF,0xFF,
 678          0xFF,0xFF,0x81,0xFF,0x7F,0xFC,0xFF,0xF3,0xFF,0xCF,0xFF,0xBF,0xFF,0x7F,0xFF,0xFF,/*"八",28*/
 679          
 680          0xF7,0xFF,0xF7,0x7F,0xF7,0xBF,0xF7,0xDF,0xF7,0xE7,0x07,0xF8,0x76,0xFF,0x71,0xFF,
 681          0x77,0xBF,0x77,0x7F,0x77,0xBF,0x77,0xC0,0xF7,0xFF,0xF7,0xFF,0xF7,0xFF,0xFF,0xFF,/*"方",29*/
 682          
 683          0xBF,0xFF,0xBF,0xBF,0xBD,0xDF,0x33,0xE0,0xFF,0xDF,0x7F,0xBF,0x77,0xAF,0x77,0xB3,
 684          0x00,0xBC,0x77,0xBF,0x77,0xBF,0x00,0xA0,0x77,0xBF,0x77,0xBF,0x7F,0xBF,0xFF,0xFF,/*"进",30*/
 685          
 686          0xEF,0xBF,0xB3,0xBF,0xBB,0xBB,0xBB,0xBB,0xBB,0xBB,0xBB,0xBB,0xBA,0xBB,0x39,0x80,
 687          0xBB,0xBB,0xBB,0xBB,0xBB,0xAB,0xBB,0x9B,0xBB,0xBB,0xAB,0xBF,0xF3,0xBF,0xFF,0xFF,/*"宝",31*/
 688          
 689          0xFF,0x7F,0xEF,0xBF,0xEF,0xDF,0xEF,0xE7,0xEF,0xF8,0x00,0xFF,0xEF,0xFF,0xEF,0xFF,
 690          0xEF,0xFF,0xEF,0xFF,0x0F,0xC0,0xFF,0xBF,0xFF,0xBF,0xFF,0xBF,0xFF,0x87,0xFF,0xFF,/*"九",32*/
 691          
 692          0x7F,0xFF,0x7D,0xFF,0x7D,0xFF,0x7D,0xFF,0x7D,0xFF,0x7D,0xBF,0x7D,0x7F,0x1D,0x80,
 693          0x5D,0xFF,0x6D,0xFF,0x75,0xFF,0x79,0xFF,0x7D,0xFF,0x7F,0xFF,0x7F,0xFF,0xFF,0xFF,/*"子",33*/
 694          
 695          0xFF,0xFE,0xFF,0xBE,0x75,0xBF,0xAD,0xB0,0xDD,0xA6,0xA5,0x96,0xB9,0xB6,0xBF,0xB6,
 696          0xB8,0xB6,0xA7,0x96,0xDB,0xA6,0xAD,0xB0,0x77,0xBF,0xFB,0xBE,0xFF,0xFE,0xFF,0xFF,/*"登",34*/
 697          
 698          0xDB,0xF7,0xDB,0xF9,0x5B,0xFE,0x01,0x00,0x5C,0xFF,0xDD,0xFE,0xFF,0xFB,0xDD,0xFB,
 699          0x33,0xFB,0xFF,0xFB,0xFF,0xFB,0x00,0x00,0xFF,0xFD,0xFF,0xFD,0xFF,0xFD,0xFF,0xFF,/*"科",35*/
 700          
 701          0xBF,0xFF,0xBF,0xFF,0xBF,0xFF,0xBF,0xFF,0xBF,0xFF,0xBF,0xFF,0xBF,0xFF,0x00,0x00,
 702          0xBF,0xFF,0xBF,0xFF,0xBF,0xFF,0xBF,0xFF,0xBF,0xFF,0xBF,0xFF,0xBF,0xFF,0xFF,0xFF,/*"十",36*/
 703          
 704          0x7F,0xFF,0x7F,0xBF,0xBF,0xBF,0xDF,0xBB,0xAF,0xBB,0xB7,0xBB,0xBB,0xBB,0x3C,0x80,
 705          0xBB,0xBB,0xB7,0xBB,0xAF,0xBB,0xDF,0xBB,0xBF,0xBF,0x7F,0xBF,0x7F,0xFF,0xFF,0xFF,/*"全",37*/
 706          
 707          0xBF,0xFF,0xBF,0xFF,0xBF,0xFF,0xBF,0xFF,0xBF,0xFF,0xBF,0xFF,0xBF,0xFF,0x00,0x00,
 708          0xBF,0xFF,0xBF,0xFF,0xBF,0xFF,0xBF,0xFF,0xBF,0xFF,0xBF,0xFF,0xBF,0xFF,0xFF,0xFF,/*"十",38*/
 709          
 710          0xFF,0x7E,0xFB,0x76,0xDB,0x76,0xDB,0xB6,0xDA,0xB6,0xD9,0xD6,0xDB,0xE6,0x03,0xF0,
 711          0xDB,0xE6,0xD9,0xD6,0xDA,0xB6,0xDB,0xB6,0xDB,0x76,0xFB,0x76,0xFF,0x7E,0xFF,0xFF,/*"美",39*/
 712          
 713          0xFD,0xFF,0xFD,0xFF,0x1D,0x00,0xDD,0xBD,0xDD,0xBD,0xCD,0xBD,0xD5,0xBD,0xD9,0xBD,
 714          0xDD,0xBD,0xDD,0xBD,0xDD,0xBD,0xDD,0xBD,0x1D,0x00,0xFD,0xFF,0xFD,0xFF,0xFF,0xFF,/*"百",40*/
 715          
 716          0xFB,0xFB,0xFB,0xFB,0x8B,0xEA,0xAB,0xEA,0xAB,0xEA,0xAB,0xAA,0xAB,0x6A,0x00,0x80,
 717          0xAB,0xEA,0xAB,0xEA,0xAB,0xEA,0xAB,0xEA,0x8B,0xE0,0xFB,0xFB,0xFB,0xFB,0xFF,0xFF,/*"事",41*/
 718          
 719          0xFB,0xFF,0xFB,0xFF,0xFB,0xFD,0x0B,0xFD,0x6B,0xFD,0x6B,0xBD,0x6A,0x7D,0x69,0x85,
 720          0x6B,0xF5,0x6B,0xF9,0x6B,0xF9,0x0B,0xFD,0xFB,0xFF,0xFB,0xFF,0xFB,0xFF,0xFF,0xFF,/*"亨",42*/
 721          
 722          0xBF,0x7F,0xBD,0xBF,0x33,0xC0,0xFF,0xBF,0xFF,0x7F,0x1D,0x00,0xDD,0x76,0xD5,0x76,
 723          0xD5,0x76,0x0D,0x40,0xD5,0x76,0xD9,0x56,0xDD,0x36,0x1F,0x40,0xFF,0x7F,0xFF,0xFF,/*"通",43*/
 724          
 725          0xFB,0x7F,0xFB,0xBF,0xFB,0xDF,0xFB,0xE7,0xFB,0xF9,0x03,0xFE,0xBB,0xFF,0xBB,0xFF,
 726          0xBB,0xBF,0xBB,0x7F,0xBB,0xBF,0x3B,0xC0,0xFB,0xFF,0xFB,0xFF,0xFB,0xFF,0xFF,0xFF,/*"万",44*/
 727          
 728          0xFB,0xFB,0xFB,0xFB,0x8B,0xEA,0xAB,0xEA,0xAB,0xEA,0xAB,0xAA,0xAB,0x6A,0x00,0x80,
 729          0xAB,0xEA,0xAB,0xEA,0xAB,0xEA,0xAB,0xEA,0x8B,0xE0,0xFB,0xFB,0xFB,0xFB,0xFF,0xFF,/*"事",45*/
 730          
 731          0xEF,0x7F,0xEF,0xBE,0x0F,0xDD,0xE0,0xEB,0xEF,0xF7,0xEF,0xE9,0x0F,0x9E,0xFF,0xFF,
 732          0xFF,0xFF,0x07,0x80,0xF7,0xDF,0xF7,0xDF,0xF7,0xDF,0x07,0x80,0xFF,0xFF,0xFF,0xFF,/*"如",46*/
 733          
 734          0xEF,0xBF,0xEF,0xCF,0xED,0xFF,0x2D,0x88,0xA9,0x7A,0xA5,0x7A,0xAD,0x72,0xAC,0x4A,
 735          0xAD,0x7A,0xA5,0x7A,0xA9,0x7A,0x2D,0x18,0xED,0xFF,0xEF,0xEF,0xEF,0x9F,0xFF,0xFF,/*"意",47*/
 736          
 737          
C51 COMPILER V8.08   SHOWTIME                                                              05/17/2015 14:32:06 PAGE 13  

 738          };
 739          const uchar code lshuzi[11][8]=
 740          {
 741          0xFF,0x83,0x7D,0x7D,0x83,0xFF,0xFF,0xFF,/*"0",0*/
 742          
 743          0xFF,0xBD,0x01,0xFD,0xFF,0xFF,0xFF,0xFF,/*"1",1*/
 744          
 745          0xFF,0xB9,0x75,0x6D,0x9D,0xFF,0xFF,0xFF,/*"2",2*/
 746          
 747          0xFF,0xBB,0x6D,0x6D,0x93,0xFF,0xFF,0xFF,/*"3",3*/
 748          
 749          0xFF,0xE3,0x9B,0x01,0xFB,0xFF,0xFF,0xFF,/*"4",4*/
 750          
 751          0xFF,0x0D,0x6D,0x6D,0x73,0xFF,0xFF,0xFF,/*"5",5*/
 752          
 753          0xFF,0x83,0x6D,0x6D,0xB3,0xFF,0xFF,0xFF,/*"6",6*/
 754          
 755          0xFF,0x3F,0x71,0x6F,0x1F,0xFF,0xFF,0xFF,/*"7",7*/
 756          
 757          0xFF,0x93,0x6D,0x6D,0x93,0xFF,0xFF,0xFF,/*"8",8*/
 758          
 759          0xFF,0x9B,0x6D,0x6D,0x83,0xFF,0xFF,0xFF,/*"9",9*/
 760          
 761          0xFF,0xFF,0xBB,0xBB,0xFF,0xFF,0xFF,0xFF,/*":",10*/
 762          
 763          };
 764          //PC2002字幕软件  配置 （逐列 阳码 逆向 左右反转） 字大小宽16X16高 http://59tiaoba.taobao.com
 765          uchar code Lzimo[]={
 766          
 767          0xFF,0xFF,0xFF,0xFF,0xFF,0xFF,0xFF,0xFF,0xFF,0xFF,0xFF,0xFF,0xFF,0xFF,0xFF,0xFF,/*" ",0*/
 768          
 769          0xFF,0xFF,0xFF,0xFF,0xFF,0xFF,0xFF,0xFF,0xFF,0xFF,0xFF,0xFF,0xFF,0xFF,0xFF,0xFF,/*" ",1*/
 770          
 771          0xFF,0xFF,0xFF,0xFF,0xFF,0xFF,0xFF,0xFF,0xFF,0xFF,0xFF,0xFF,0xFF,0xFF,0xFF,0xFF,/*" ",2*/
 772          
 773          0xFF,0xFF,0xFF,0xFF,0xFF,0xFF,0xFF,0xFF,0xFF,0xFF,0xFF,0xFF,0xFF,0xFF,0xFF,0xFF,/*" ",3*/
 774          
 775          0xFF,0xFF,0xFF,0xFF,0xFF,0xFF,0xFF,0xFF,0xFF,0xFF,0xFF,0xFF,0xFF,0xFF,0xFF,0xFF,/*" ",4*/
 776          
 777          0xFF,0xFF,0xFF,0xFF,0xFF,0xFF,0xFF,0xFF,0xFF,0xFF,0xFF,0xFF,0xFF,0xFF,0xFF,0xFF,/*" ",0*/
 778          
 779          0xFF,0xFF,0xFF,0xFF,0xFF,0xFF,0xFF,0xFF,0xFF,0xFF,0xFF,0xFF,0xFF,0xFF,0xFF,0xFF,/*" ",1*/
 780          
 781          0xFF,0xFF,0xFF,0xFF,0xFF,0xFF,0xFF,0xFF,0xFF,0xFF,0xFF,0xFF,0xFF,0xFF,0xFF,0xFF,/*" ",2*/
 782          
 783          0xFF,0xFF,0xFF,0xFF,0xFF,0xFF,0xFF,0xFF,0xFF,0xFF,0xFF,0xFF,0xFF,0xFF,0xFF,0xFF,/*" ",3*/
 784          
 785          0xFF,0xFF,0xFF,0xFF,0xFF,0xFF,0xFF,0xFF,0xFF,0xFF,0xFF,0xFF,0xFF,0xFF,0xFF,0xFF,/*" ",4*/
 786          
 787          
 788          0xFF,0xFF,0xFF,0xFF,0xFF,0xFF,0xFF,0xFF,0xFF,0xFF,0xFF,0xFF,0xFF,0xFF,0xFF,0xFF,/*" ",0*/
 789          
 790          0xFF,0xFF,0xFF,0xFF,0xFF,0xFF,0xFF,0xFF,0xFF,0xFF,0xFF,0xFF,0xFF,0xFF,0xFF,0xFF,/*" ",1*/
 791          
 792          0xFF,0xFF,0xFF,0xFF,0xFF,0xFF,0xFF,0xFF,0xFF,0xFF,0xFF,0xFF,0xFF,0xFF,0xFF,0xFF,/*" ",2*/
 793          
 794          0xFF,0xFF,0xFF,0xFF,0xFF,0xFF,0xFF,0xFF,0xFF,0xFF,0xFF,0xFF,0xFF,0xFF,0xFF,0xFF,/*" ",3*/
 795          
 796          0xFF,0xFF,0xFF,0xFF,0xFF,0xFF,0xFF,0xFF,0xFF,0xFF,0xFF,0xFF,0xFF,0xFF,0xFF,0xFF,/*" ",4*/
 797          
 798          0xFF,0xFF,0x1F,0xF0,0xEF,0xEF,0xF7,0xDF,0xF7,0xDF,0xF7,0xDF,0x07,0xC0,0xF7,0xDF,/*"D",5*/
 799          
C51 COMPILER V8.08   SHOWTIME                                                              05/17/2015 14:32:06 PAGE 14  

 800          0xFF,0xFF,0xFF,0xFF,0xF7,0xDF,0xF7,0xDF,0x07,0xC0,0xF7,0xDF,0xF7,0xDF,0xFF,0xFF,/*"I",6*/
 801          
 802          0xFF,0xFF,0xF7,0xFF,0xC7,0xFF,0x37,0xDF,0xFF,0xC0,0x37,0xDF,0xC7,0xFF,0xF7,0xFF,/*"Y",7*/
 803          
 804          0xFF,0xFF,0xFF,0x1F,0x01,0x7C,0xFD,0x7F,0xFD,0x81,0x0D,0xFE,0xFD,0xF9,0xFD,0xE7,
 805          0x01,0xDC,0xFF,0xBF,0xFF,0x7C,0x67,0xFF,0x11,0x00,0x76,0xFF,0xF7,0xFE,0xF7,0xFD,/*"视",8*/
 806          
 807          0xFF,0xFF,0xFF,0xF7,0xFF,0xF7,0xFF,0xFB,0x01,0xFB,0x6D,0xFD,0x6D,0x01,0x6D,0xFE,
 808          0x01,0xFF,0x6D,0xFE,0x6D,0xE1,0x6D,0x9D,0x01,0x7B,0xFF,0xFB,0xFF,0xF7,0xFF,0xF7,/*"界",9*/
 809          
 810          0xFF,0xFF,0xFF,0x87,0x81,0xBF,0xBD,0xBF,0x3D,0xC0,0xBD,0xFF,0xBD,0xFF,0x3D,0xF8,
 811          0xBD,0xE7,0x81,0xDF,0xFF,0xBC,0x67,0x7F,0x11,0x00,0x76,0xFF,0xF7,0xFE,0xF7,0xFD,/*"祝",10*/
 812          
 813          0xFF,0xFF,0xDF,0x7F,0xDF,0x7F,0xDF,0xBF,0xDF,0xDF,0xDF,0xEF,0xDF,0xF3,0xDF,0xFC,
 814          0x00,0xFF,0xDF,0xFC,0xDF,0xF3,0xDF,0xEF,0xDF,0xDF,0xDF,0xBF,0xDF,0x7F,0xDF,0x7F,/*"大",11*/
 815          
 816          0xFF,0xFF,0xF3,0xDF,0xCB,0xDF,0x5B,0xEF,0xDB,0xEE,0xDB,0xF5,0xDB,0xFB,0xDB,0x80,
 817          0x59,0x76,0x9A,0xAD,0x5B,0xEB,0x5B,0xDB,0xDB,0xD6,0xDB,0xB6,0xD3,0xB6,0xEF,0xBF,/*"家",12*/
 818          
 819          
 820          
 821          0xFF,0xFF,0x7F,0xFF,0x7F,0xFF,0x7F,0xFF,0x7F,0xFF,0x7F,0xFF,0x7F,0xFF,0x7F,0xFF,
 822          0x7F,0xFF,0x7F,0xFF,0x7F,0xFF,0x7F,0xFF,0x7F,0xFF,0x7F,0xFF,0x7F,0xFF,0x7F,0xFF,/*"一",0*/
 823          
 824          0xFF,0xFF,0xFF,0x87,0xFF,0xBF,0xFF,0xBF,0x01,0xC0,0xFD,0xFF,0x7D,0xFE,0xBD,0xFF,
 825          0x01,0xE0,0xFF,0x9F,0x07,0x70,0xF7,0xF7,0x00,0x00,0xF7,0xFF,0x07,0xF0,0xFF,0xFF,/*"帆",1*/
 826          
 827          0xFF,0xFF,0xFF,0x07,0xFF,0xBF,0xFF,0xCF,0x01,0xF0,0xFD,0xFF,0xCD,0xCF,0x3D,0xF3,
 828          0xFD,0xFC,0x3D,0xF3,0xDD,0xEF,0xED,0xDF,0xFD,0xFF,0x01,0xE0,0xFF,0x9F,0xFF,0x7F,/*"风",2*/
 829          
 830          0xFF,0xFF,0xFD,0x7F,0x0D,0xB0,0xED,0xDF,0xED,0xEF,0x29,0xF8,0xE5,0xE7,0xED,0xDF,
 831          0x0D,0xB0,0xFF,0x7F,0x00,0x00,0xFF,0xFF,0x03,0xC0,0xFF,0xFF,0x01,0xC0,0xFF,0xBF,/*"顺",3*/
 832          
 833          0xFF,0xFF,0xFF,0xEF,0xFF,0xEF,0xF7,0xEF,0xF7,0xEF,0xF7,0xEF,0xF7,0xEF,0xF7,0xEF,
 834          0xF7,0xEF,0xF7,0xEF,0xF7,0xEF,0xF7,0xEF,0xF7,0xEF,0xF7,0xEF,0xFF,0xEF,0xFF,0xEF,/*"二",4*/
 835          
 836          0xFF,0xFF,0xDF,0xFF,0xDF,0xBF,0xDF,0xBF,0xDF,0xBF,0x00,0xB8,0xDF,0xBB,0xDF,0xBB,
 837          0xDF,0xBB,0x00,0xB8,0xDF,0xBF,0xDF,0xBF,0x01,0x80,0xDF,0xFF,0xDF,0xFF,0xDF,0xFF,/*"世",5*/
 838          
 839          0xFF,0xFF,0xEF,0x87,0xEF,0xBF,0x2F,0xBF,0xE9,0xBE,0xEE,0xBD,0xEF,0xBB,0x0F,0xC0,
 840          0xEF,0xEF,0xEF,0xDF,0x00,0xBE,0xEF,0xF9,0xEF,0xE7,0xEF,0xDF,0xEF,0xBF,0xEF,0x7F,/*"龙",6*/
 841          
 842          0xFF,0xFF,0xDF,0xFE,0xD7,0x86,0x54,0x77,0x93,0xB0,0xD7,0xD6,0xC0,0xD6,0xD7,0xD6,
 843          0x91,0xD2,0x56,0xDF,0xD7,0xFE,0x01,0x00,0xDD,0x7D,0xDD,0xFD,0x01,0x80,0xFF,0x7F,/*"腾",7*/
 844          
 845          0xFF,0xFF,0xFF,0xDF,0xFB,0xDF,0x7B,0xDF,0x7B,0xDF,0x7B,0xDF,0x7B,0xDF,0x7B,0xDF,
 846          0x7B,0xDF,0x7B,0xDF,0x7B,0xDF,0x7B,0xDF,0x7B,0xDF,0x7B,0xDF,0xFB,0xDF,0xFF,0xDF,/*"三",8*/
 847          
 848          0xFF,0xFF,0xFF,0xF7,0xF7,0xF7,0x77,0xF7,0x77,0xF7,0x74,0xF7,0x73,0xF7,0x77,0xF7,
 849          0x07,0x00,0x77,0xF7,0x71,0xF7,0x76,0xF7,0x77,0xF7,0x77,0xF7,0xF7,0xF7,0xFF,0xF7,/*"羊",9*/
 850          
 851          0xFF,0xFF,0x7F,0xFF,0x7D,0xFF,0x7D,0xFF,0x7D,0xFF,0x01,0x00,0x7D,0xFF,0x7D,0xFF,
 852          0x7D,0xFF,0x7D,0xFF,0x7D,0xFF,0x01,0xF0,0x7D,0xCF,0x7D,0xBF,0x7D,0x7F,0x7F,0xFF,/*"开",10*/
 853          
 854          0xFF,0xFF,0xBF,0xFB,0xBB,0xFB,0xAB,0xDD,0xAB,0xED,0xAB,0xEA,0x2B,0xF7,0xAB,0xF7,
 855          0xA0,0x80,0x8B,0x7B,0x2B,0xB7,0xAB,0xEA,0xAB,0xED,0xAB,0xDD,0xBB,0xDB,0xBF,0xFB,/*"泰",11*/
 856          
 857          0xFF,0xFF,0xFF,0xFF,0x03,0x80,0xFB,0xDD,0xFB,0xDD,0xFB,0xDD,0x03,0xDE,0xFB,0xDF,
 858          0xFB,0xDF,0xFB,0xDF,0x03,0xDF,0xFB,0xDC,0xFB,0xDB,0xFB,0xD7,0x03,0x80,0xFF,0xFF,/*"四",12*/
 859          
 860          0xFF,0xFF,0xFF,0xF6,0xEF,0xF6,0x6F,0xF7,0x6E,0xF7,0xAE,0xF6,0xCE,0xF4,0xED,0xF2,
 861          0x01,0x86,0xED,0x76,0xCD,0xB6,0xAD,0xF6,0x6D,0xF7,0x6F,0xF7,0xEF,0xF6,0xFF,0xF6,/*"季",13*/
C51 COMPILER V8.08   SHOWTIME                                                              05/17/2015 14:32:06 PAGE 15  

 862          
 863          0xFF,0xFF,0xFF,0xFE,0xFD,0xFE,0xFD,0xFE,0xCD,0xFE,0xBD,0xFE,0xFD,0xFE,0xFD,0xFE,
 864          0x01,0x00,0xFD,0xFE,0xFD,0xFE,0x9D,0xFE,0xED,0xFE,0xFD,0xFE,0xFD,0xFE,0xFF,0xFE,/*"平",14*/
 865          
 866          0xFF,0xFF,0x7F,0xFF,0x73,0xFF,0x6B,0x7F,0x7B,0xBF,0x7B,0xDC,0x7B,0xD3,0x7B,0xEF,
 867          0x79,0xEF,0x0A,0xD7,0x7B,0xB6,0x7B,0xB9,0x7B,0x7B,0x73,0x7F,0x6F,0x7F,0x7F,0xFF,/*"安",15*/
 868          
 869          0xFF,0xFF,0xFF,0xBF,0xFD,0xBF,0xFD,0xBF,0x3D,0x80,0xBD,0xBF,0xBD,0xBF,0xBD,0xBF,
 870          0xBD,0xBF,0x81,0xBF,0x3D,0xB8,0xBD,0x87,0xBD,0xBF,0xBD,0xBF,0xFD,0xBF,0xFF,0xBF,/*"五",16*/
 871          
 872          0xFF,0xFF,0xFD,0x00,0x85,0xB6,0xB5,0xB6,0xB5,0xB6,0xB5,0x80,0xB5,0xB6,0xB5,0xB6,
 873          0x85,0xB6,0xFD,0x00,0xFF,0xFF,0xF7,0xFC,0x47,0xFF,0x31,0x00,0xF6,0xFE,0xF7,0xFD,/*"福",17*/
 874          
 875          0xFF,0xFF,0xF7,0xFF,0xF7,0x80,0xF7,0xDE,0xF7,0xDE,0x97,0xC0,0xE7,0xDE,0xF0,0xDE,
 876          0xE7,0x80,0xDF,0xFF,0xBF,0xFF,0x00,0x00,0xFF,0xFF,0xFF,0xFF,0x07,0xE0,0xFF,0xFF,/*"临",18*/
 877          
 878          0xFF,0xFF,0xFF,0xFF,0x01,0x80,0xFD,0x7F,0xFD,0xBF,0xFD,0xFF,0xFD,0xFF,0xFD,0xFF,
 879          0xFD,0xFF,0xFD,0xFF,0xFF,0xFF,0xFF,0xFF,0xF9,0xFF,0xFE,0xFF,0x07,0x00,0xFF,0xFF,/*"门",19*/
 880          
 881          0xFF,0xFF,0xDF,0xFF,0xDF,0x9F,0xDF,0xE7,0xDF,0xFB,0xDF,0xFD,0xDF,0xFE,0xD3,0xFF,
 882          0xDD,0xFF,0xDE,0xFF,0xDF,0xFC,0xDF,0xF3,0xDF,0xEF,0xDF,0xDF,0xDF,0xBF,0xDF,0xFF,/*"六",20*/
 883          
 884          0xFF,0xFF,0xDF,0xFF,0xDF,0x9F,0xDF,0xE7,0xDF,0xFB,0xDF,0xFD,0xDF,0xFE,0xD3,0xFF,
 885          0xDD,0xFF,0xDE,0xFF,0xDF,0xFC,0xDF,0xF3,0xDF,0xEF,0xDF,0xDF,0xDF,0xBF,0xDF,0xFF,/*"六",21*/
 886          
 887          0xFF,0xFF,0xDF,0x7F,0xDF,0x7F,0xDF,0xBF,0xDF,0xDF,0xDF,0xEF,0xDF,0xF3,0xDF,0xFC,
 888          0x00,0xFF,0xDF,0xFC,0xDF,0xF3,0xDF,0xEF,0xDF,0xDF,0xDF,0xBF,0xDF,0x7F,0xDF,0x7F,/*"大",22*/
 889          
 890          0xFF,0xFF,0xFD,0x7F,0x0D,0xB0,0xED,0xDF,0xED,0xEF,0x29,0xF8,0xE5,0xE7,0xED,0xDF,
 891          0x0D,0xB0,0xFF,0x7F,0x00,0x00,0xFF,0xFF,0x03,0xC0,0xFF,0xFF,0x01,0xC0,0xFF,0xBF,/*"顺",23*/
 892          
 893          0xFF,0xFF,0xFF,0xFF,0xDF,0x87,0xDF,0xBF,0xDF,0xBF,0xDF,0xBF,0xBF,0xBF,0xBF,0xBF,
 894          0xBF,0xBF,0x00,0xC0,0xBF,0xFF,0x7F,0xFF,0x7F,0xFF,0x7F,0xFF,0x7F,0xFF,0x7F,0xFF,/*"七",24*/
 895          
 896          0xFF,0xFF,0xFF,0xFF,0xFF,0xBF,0xFF,0xBE,0xC1,0xB6,0xD5,0xB6,0xD5,0xB6,0xD5,0xB6,
 897          0x15,0x80,0xD5,0xB6,0xD5,0xB6,0xD5,0xB6,0x41,0xB6,0xFF,0xBD,0xFF,0xBB,0xFF,0xFF,/*"星",25*/
 898          
 899          0xFF,0xFF,0xFB,0xFF,0xFB,0x01,0xFB,0x7D,0xFB,0xFD,0x0B,0x85,0x6B,0xB5,0x6B,0xB5,
 900          0x69,0xB5,0x6A,0xB5,0x6B,0xB5,0x0B,0x85,0xFB,0xFD,0xFB,0xFD,0xFB,0x01,0xFB,0xFF,/*"高",26*/
 901          
 902          0xFF,0xFF,0xFF,0xFF,0x41,0x30,0x3D,0xD7,0x5D,0xF7,0x7D,0xF7,0x61,0x37,0x5D,0xD0,
 903          0xBD,0xFF,0xFF,0xFF,0x01,0x30,0xBD,0xD7,0xBD,0xF7,0xBD,0xF7,0x01,0x90,0xFF,0x7F,/*"照",27*/
 904          
 905          0xFF,0xFF,0xFF,0x7F,0xFF,0xBF,0xFF,0xCF,0xFF,0xF3,0x7F,0xFC,0x81,0xFF,0xFF,0xFF,
 906          0xFF,0xFF,0xFF,0xFF,0x03,0xFF,0xFF,0xF8,0xFF,0xE7,0xFF,0x9F,0xFF,0x7F,0xFF,0xFF,/*"八",28*/
 907          
 908          0xFF,0xFF,0xF7,0xFF,0xF7,0xFF,0xF7,0xFF,0x77,0xC0,0x77,0xBF,0x77,0x7F,0x77,0xBF,
 909          0x71,0xFF,0x76,0xFF,0x07,0xF8,0xF7,0xE7,0xF7,0xDF,0xF7,0xBF,0xF7,0x7F,0xF7,0xFF,/*"方",29*/
 910          
 911          0xFF,0xFF,0x7F,0xBF,0x77,0xBF,0x77,0xBF,0x00,0xA0,0x77,0xBF,0x77,0xBF,0x00,0xBC,
 912          0x77,0xB3,0x77,0xAF,0x7F,0xBF,0xFF,0xDF,0x33,0xE0,0xBD,0xDF,0xBF,0xBF,0xBF,0xFF,/*"进",30*/
 913          
 914          0xFF,0xFF,0xF3,0xBF,0xAB,0xBF,0xBB,0xBB,0xBB,0x9B,0xBB,0xAB,0xBB,0xBB,0xBB,0xBB,
 915          0x39,0x80,0xBA,0xBB,0xBB,0xBB,0xBB,0xBB,0xBB,0xBB,0xBB,0xBB,0xB3,0xBF,0xEF,0xBF,/*"宝",31*/
 916          
 917          0xFF,0xFF,0xFF,0x87,0xFF,0xBF,0xFF,0xBF,0xFF,0xBF,0x0F,0xC0,0xEF,0xFF,0xEF,0xFF,
 918          0xEF,0xFF,0xEF,0xFF,0x00,0xFF,0xEF,0xF8,0xEF,0xE7,0xEF,0xDF,0xEF,0xBF,0xFF,0x7F,/*"九",32*/
 919          
 920          0xFF,0xFF,0x7F,0xFF,0x7F,0xFF,0x7D,0xFF,0x79,0xFF,0x75,0xFF,0x6D,0xFF,0x5D,0xFF,
 921          0x1D,0x80,0x7D,0x7F,0x7D,0xBF,0x7D,0xFF,0x7D,0xFF,0x7D,0xFF,0x7D,0xFF,0x7F,0xFF,/*"子",33*/
 922          
 923          0xFF,0xFF,0xFF,0xFE,0xFB,0xBE,0x77,0xBF,0xAD,0xB0,0xDB,0xA6,0xA7,0x96,0xB8,0xB6,
C51 COMPILER V8.08   SHOWTIME                                                              05/17/2015 14:32:06 PAGE 16  

 924          0xBF,0xB6,0xB9,0xB6,0xA5,0x96,0xDD,0xA6,0xAD,0xB0,0x75,0xBF,0xFF,0xBE,0xFF,0xFE,/*"登",34*/
 925          
 926          0xFF,0xFF,0xFF,0xFD,0xFF,0xFD,0xFF,0xFD,0x00,0x00,0xFF,0xFB,0xFF,0xFB,0x33,0xFB,
 927          0xDD,0xFB,0xFF,0xFB,0xDD,0xFE,0x5C,0xFF,0x01,0x00,0x5B,0xFE,0xDB,0xF9,0xDB,0xF7,/*"科",35*/
 928          
 929          0xFF,0xFF,0xBF,0xFF,0xBF,0xFF,0xBF,0xFF,0xBF,0xFF,0xBF,0xFF,0xBF,0xFF,0xBF,0xFF,
 930          0x00,0x00,0xBF,0xFF,0xBF,0xFF,0xBF,0xFF,0xBF,0xFF,0xBF,0xFF,0xBF,0xFF,0xBF,0xFF,/*"十",36*/
 931          
 932          0xFF,0xFF,0x7F,0xFF,0x7F,0xBF,0xBF,0xBF,0xDF,0xBB,0xAF,0xBB,0xB7,0xBB,0xBB,0xBB,
 933          0x3C,0x80,0xBB,0xBB,0xB7,0xBB,0xAF,0xBB,0xDF,0xBB,0xBF,0xBF,0x7F,0xBF,0x7F,0xFF,/*"全",37*/
 934          
 935          0xFF,0xFF,0xBF,0xFF,0xBF,0xFF,0xBF,0xFF,0xBF,0xFF,0xBF,0xFF,0xBF,0xFF,0xBF,0xFF,
 936          0x00,0x00,0xBF,0xFF,0xBF,0xFF,0xBF,0xFF,0xBF,0xFF,0xBF,0xFF,0xBF,0xFF,0xBF,0xFF,/*"十",38*/
 937          
 938          0xFF,0xFF,0xFF,0x7E,0xFB,0x76,0xDB,0x76,0xDB,0xB6,0xDA,0xB6,0xD9,0xD6,0xDB,0xE6,
 939          0x03,0xF0,0xDB,0xE6,0xD9,0xD6,0xDA,0xB6,0xDB,0xB6,0xDB,0x76,0xFB,0x76,0xFF,0x7E,/*"美",39*/
 940          
 941          0xFF,0xFF,0xFD,0xFF,0xFD,0xFF,0x1D,0x00,0xDD,0xBD,0xDD,0xBD,0xDD,0xBD,0xDD,0xBD,
 942          0xD9,0xBD,0xD5,0xBD,0xCD,0xBD,0xDD,0xBD,0xDD,0xBD,0x1D,0x00,0xFD,0xFF,0xFD,0xFF,/*"百",40*/
 943          
 944          0xFF,0xFF,0xFB,0xFB,0xFB,0xFB,0x8B,0xE0,0xAB,0xEA,0xAB,0xEA,0xAB,0xEA,0xAB,0xEA,
 945          0x00,0x80,0xAB,0x6A,0xAB,0xAA,0xAB,0xEA,0xAB,0xEA,0x8B,0xEA,0xFB,0xFB,0xFB,0xFB,/*"事",41*/
 946          
 947          0xFF,0xFF,0xFB,0xFF,0xFB,0xFF,0xFB,0xFF,0x0B,0xFD,0x6B,0xF9,0x6B,0xF9,0x6B,0xF5,
 948          0x69,0x85,0x6A,0x7D,0x6B,0xBD,0x6B,0xFD,0x0B,0xFD,0xFB,0xFD,0xFB,0xFF,0xFB,0xFF,/*"亨",42*/
 949          
 950          0xFF,0xFF,0xFF,0x7F,0x1F,0x40,0xDD,0x36,0xD9,0x56,0xD5,0x76,0x0D,0x40,0xD5,0x76,
 951          0xD5,0x76,0xDD,0x76,0x1D,0x00,0xFF,0x7F,0xFF,0xBF,0x33,0xC0,0xBD,0xBF,0xBF,0x7F,/*"通",43*/
 952          
 953          0xFF,0xFF,0xFB,0xFF,0xFB,0xFF,0xFB,0xFF,0x3B,0xC0,0xBB,0xBF,0xBB,0x7F,0xBB,0xBF,
 954          0xBB,0xFF,0xBB,0xFF,0x03,0xFE,0xFB,0xF9,0xFB,0xE7,0xFB,0xDF,0xFB,0xBF,0xFB,0x7F,/*"万",44*/
 955          
 956          0xFF,0xFF,0xFB,0xFB,0xFB,0xFB,0x8B,0xE0,0xAB,0xEA,0xAB,0xEA,0xAB,0xEA,0xAB,0xEA,
 957          0x00,0x80,0xAB,0x6A,0xAB,0xAA,0xAB,0xEA,0xAB,0xEA,0x8B,0xEA,0xFB,0xFB,0xFB,0xFB,/*"事",45*/
 958          
 959          0xFF,0xFF,0xFF,0xFF,0x07,0x80,0xF7,0xDF,0xF7,0xDF,0xF7,0xDF,0x07,0x80,0xFF,0xFF,
 960          0xFF,0xFF,0x0F,0x9E,0xEF,0xE9,0xEF,0xF7,0xE0,0xEB,0x0F,0xDD,0xEF,0xBE,0xEF,0x7F,/*"如",46*/
 961          
 962          0xFF,0xFF,0xEF,0x9F,0xEF,0xEF,0xED,0xFF,0x2D,0x18,0xA9,0x7A,0xA5,0x7A,0xAD,0x7A,
 963          0xAC,0x4A,0xAD,0x72,0xA5,0x7A,0xA9,0x7A,0x2D,0x88,0xED,0xFF,0xEF,0xCF,0xEF,0xBF,/*"意",47*/
 964          
 965          
 966           };
 967          
 968          /*********************************************************************************/
 969          /*************************************************************************************
 970          ************************************************************************************
 971          ***********************                                     ***************************
 972          ***********************    http://59tiaoba.taobao.com       ***************************
 973          ***********************                                     ***************************
 974          ************************************************************************************
 975          **********************************************************************************/


MODULE INFORMATION:   STATIC OVERLAYABLE
   CODE SIZE        =   2069    ----
   CONSTANT SIZE    =   4808    ----
   XDATA SIZE       =     20    ----
   PDATA SIZE       =   ----    ----
   DATA SIZE        =      8       4
   IDATA SIZE       =   ----    ----
   BIT SIZE         =      1    ----
C51 COMPILER V8.08   SHOWTIME                                                              05/17/2015 14:32:06 PAGE 17  

END OF MODULE INFORMATION.


C51 COMPILATION COMPLETE.  0 WARNING(S),  0 ERROR(S)
