C51 COMPILER V9.59.0.0   MAIN                                                              04/06/2019 16:13:35 PAGE 1   


C51 COMPILER V9.59.0.0, COMPILATION OF MODULE MAIN
OBJECT MODULE PLACED IN .\Objects\main.obj
COMPILER INVOKED BY: F:\KEIL\C51\BIN\C51.EXE main.c OPTIMIZE(8,SPEED) BROWSE DEBUG OBJECTEXTEND PRINT(.\Listings\main.ls
                    -t) TABS(2) OBJECT(.\Objects\main.obj)

line level    source

   1          #include "app.h"
   2          #include "usart.h"
   3          #include "timer.h"
   4          #include "lcd12864.h"
   5          #include "stdio.h"
   6          #include "temp.h"
   7          #include "key.h"
   8          //////////////////////////////////////////////////////////////////////////////////////////////////////////
   9          
  10          #define INITSETTEMPVAL 200                        //设置初始设定温度值（200/10）
  11          
  12          #define INITSETWINSPEEDVAL Wind_speed_3           //设置初始风速值（默认三档）
  13          
  14          #define INITMODE  Air_supply_mode                 //设置初始模式（默认送风）  
  15          
  16          //////////////////////////////////////////////////////////////////////////////////////////////////////////
  17          xdata uint8_t able[16] = {0};                     //声明数组
  18          
  19          sHistory_Param    History_Param;                  //声明结构体变量    
  20          
  21          sSystem_Param     System_Param;                   //声明结构体变量
  22          
  23          sHistory_Param    *pHistory_Param = &History_Param;                 //声明结构体指针变量    
  24          
  25          sSystem_Param     *pSystem_Param = &System_Param;                   //声明结构体指针变量
  26          
  27          uint8_t ukey_val = 0;                             //按键值获取
  28          
  29          uint32_t STATE_FLAG = 0;                          //状态标志位
  30          //////////////////////////////////////////////////////////////////////////////////////////////////////////
  31          
  32          void Init_Config(void);                           //函数声明
  33          
  34          void param_Init(sSystem_Param * _System_Param,sHistory_Param * _History_Param);//函数声明
  35          
  36          //////////////////////////////////////////////////////////////////////////////////////////////////////////
  37          
  38          void param_Init(sSystem_Param * _System_Param,sHistory_Param * _History_Param)    //结构体参数初始化
  39          {
  40   1        _System_Param->Set_tempVal = INITSETTEMPVAL ;                                 //设置初始设置温度
  41   1        
  42   1        _System_Param->Wind_speed = INITSETWINSPEEDVAL;                               //设置初始风速
  43   1        
  44   1        _System_Param->Current_Mode = INITMODE;                                       //设置初始模式
  45   1        
  46   1        _System_Param->History_Param = _History_Param;                                //传入历史参数结构体指针
  47   1        
  48   1        _System_Param->History_Param -> Air_supply_mode_Wind_speed = Wind_speed_3;    //写入默认风速值
  49   1        
  50   1        _System_Param->History_Param -> Refrigeration_mode_Wind_speed = Wind_speed_3; //写入默认风速值
  51   1        
  52   1        _System_Param->History_Param -> Heating_mode_Wind_speed = Wind_speed_3;       //写入默认风速值
  53   1      }
  54          
C51 COMPILER V9.59.0.0   MAIN                                                              04/06/2019 16:13:35 PAGE 2   

  55          void Init_Config(void)
  56          {
  57   1        Lcm_Init();                                                                   //lcd12864初始化
  58   1        
  59   1        Timer0Init();                                                                 //定时器0初始化
  60   1        
  61   1        param_Init(pSystem_Param, pHistory_Param);                                    //结构体参数初始化
  62   1        
  63   1        Show_demo(0x80, pSystem_Param->Current_Mode);                                 //显示
  64   1      
  65   1        Show_demo(0x98, pSystem_Param->Wind_speed);                                   //显示
  66   1      }
  67          
  68          
  69          
  70          void main()
  71          {
  72   1        Init_Config();
  73   1        while(1)
  74   1        {
  75   2          if(STATE_FLAG & (1 << 0 ))
  76   2          {
  77   3            STATE_FLAG &= ~(1 << 0);
  78   3            
  79   3            sprintf(able, "设置温度：%02d.%d度",(uint16_t)pSystem_Param->Set_tempVal/10, (uint16_t)pSystem_Param->S
             -et_tempVal%10);
  80   3        
  81   3            Wr_Data_String(0x90, able);
  82   3        
  83   3            pSystem_Param->Current_temp = LcdDisplay(Ds18b20ReadTemp());
  84   3        
  85   3            sprintf(able, "实际温度：%02d.%d度",(uint16_t)pSystem_Param->Current_temp/10, (uint16_t)pSystem_Param->
             -Current_temp%10);
  86   3      
  87   3            Wr_Data_String(0x88, able);
  88   3          } 
  89   2          motor_run();    
  90   2        }
  91   1      }


MODULE INFORMATION:   STATIC OVERLAYABLE
   CODE SIZE        =    382    ----
   CONSTANT SIZE    =     40    ----
   XDATA SIZE       =     16    ----
   PDATA SIZE       =   ----    ----
   DATA SIZE        =     23       6
   IDATA SIZE       =   ----    ----
   BIT SIZE         =   ----    ----
END OF MODULE INFORMATION.


C51 COMPILATION COMPLETE.  0 WARNING(S),  0 ERROR(S)
