C51 COMPILER V9.59.0.0   TIMER                                                             04/06/2019 16:00:05 PAGE 1   


C51 COMPILER V9.59.0.0, COMPILATION OF MODULE TIMER
OBJECT MODULE PLACED IN .\Objects\timer.obj
COMPILER INVOKED BY: F:\KEIL\C51\BIN\C51.EXE timer.c OPTIMIZE(8,SPEED) BROWSE DEBUG OBJECTEXTEND PRINT(.\Listings\timer.
                    -lst) TABS(2) OBJECT(.\Objects\timer.obj)

line level    source

   1          #include "timer.h"
   2          #include "key.h"
   3          extern uint32_t STATE_FLAG;
   4          extern uint8_t ukey_val ;
   5          extern uint8_t motor_speed_pwm;
   6          void Timer0Init(void)   //10毫秒@12.000MHz
   7          {
   8   1        AUXR &= 0x7F;   //定时器时钟12T模式
   9   1        TMOD &= 0xF0;   //设置定时器模式
  10   1        TMOD |= 0x01;   //设置定时器模式
  11   1        TL0 = 0xF0;   //设置定时初值
  12   1        TH0 = 0xD8;   //设置定时初值
  13   1        TF0 = 0;    //清除TF0标志
  14   1        TR0 = 1;    //定时器0开始计时
  15   1        IE |=0X82;
  16   1      }
  17          
  18          void tim0() interrupt 1
  19          {
  20   1          static uint8_t _TimeOut_100ms = 0;
  21   1          static uint8_t motor_temp = 0;
  22   1          uint8_t _ukey_val = 0;
  23   1          TL0 = 0xF0;   //设置定时初值
  24   1          TH0 = 0xD8;   //设置定时初值
  25   1          if(_ukey_val = keyval_Get((uint8_t)KEY_STATE))
  26   1          {
  27   2            Event_Handler(_ukey_val);
  28   2          }
  29   1        if(_TimeOut_100ms ++ > 10)
  30   1        {
  31   2          _TimeOut_100ms = 0;
  32   2          STATE_FLAG |= 1 << 0;
  33   2        }
  34   1        
  35   1        if(++motor_temp < motor_speed_pwm )
  36   1        {
  37   2            P10 = 0;
  38   2        }
  39   1        else if(motor_temp > 10)
  40   1        {
  41   2          motor_temp = 0;
  42   2        }
  43   1        else
  44   1        {
  45   2          P10 = 1;
  46   2        }
  47   1        
  48   1      }
  49          


MODULE INFORMATION:   STATIC OVERLAYABLE
   CODE SIZE        =    195    ----
   CONSTANT SIZE    =   ----    ----
C51 COMPILER V9.59.0.0   TIMER                                                             04/06/2019 16:00:05 PAGE 2   

   XDATA SIZE       =   ----    ----
   PDATA SIZE       =   ----    ----
   DATA SIZE        =      2    ----
   IDATA SIZE       =   ----    ----
   BIT SIZE         =   ----    ----
END OF MODULE INFORMATION.


C51 COMPILATION COMPLETE.  0 WARNING(S),  0 ERROR(S)
