C51 COMPILER V9.56.0.0   TIMER1                                                            09/19/2018 18:04:59 PAGE 1   


C51 COMPILER V9.56.0.0, COMPILATION OF MODULE TIMER1
OBJECT MODULE PLACED IN .\Objects\timer1.obj
COMPILER INVOKED BY: F:\KEILC51+MDK\C51\BIN\C51.EXE ..\HARDWARE\timer1\timer1.c OPTIMIZE(8,SPEED) BROWSE INCDIR(..\USER;
                    -..\HARDWARE\ccp;..\HARDWARE\djiReceiver_dr16;..\HARDWARE\timer1;..\HARDWARE\uart1;..\HARDWARE\uart2;..\HARDWARE\uart3;..
                    -\HARDWARE\TableTennisDevice) DEBUG OBJECTEXTEND PRINT(.\Listings\timer1.lst) OBJECT(.\Objects\timer1.obj)

line level    source

   1          #include "timer1.h"
   2          
   3          bit  UsartFlag=0;
   4          
   5          //65536-24/1000
   6          
   7          void Timer0Init(void)           //1毫秒@24.000MHz
   8          {
   9   1              AUXR |= 0x80;           //定时器时钟1T模式
  10   1              TMOD &= 0xF0;           //设置定时器模式
  11   1              TL0 = 0x40;             //设置定时初值
  12   1              TH0 = 0xA2;             //设置定时初值
  13   1              TF0 = 0;                //清除TF0标志
  14   1              TR0 = 1;                //定时器0开始计时
  15   1          ET0 = 1;                                    //使能定时器中断
  16   1          EA = 1;
  17   1      }
  18          
  19          
  20          
  21          
  22          u16 Time1_50ms=0;
  23          u16 Time1_500ms=0;
  24          void Timer1() interrupt 1
  25          {
  26   1              TL0 = 0x40;             //设置定时初值
  27   1              TH0 = 0xA2;             //设置定时初值
  28   1              
  29   1              if(++Time1_50ms==50)
  30   1              {
  31   2                      Time1_50ms=0;
  32   2                      UsartFlag=Enable;
  33   2              }
  34   1              if(++Time1_500ms==500)
  35   1              {
  36   2                      Time1_500ms=0;
  37   2                      P34=~P34;               
  38   2              }
  39   1              TF0=0;
  40   1      }


MODULE INFORMATION:   STATIC OVERLAYABLE
   CODE SIZE        =     94    ----
   CONSTANT SIZE    =   ----    ----
   XDATA SIZE       =   ----    ----
   PDATA SIZE       =   ----    ----
   DATA SIZE        =      4    ----
   IDATA SIZE       =   ----    ----
   BIT SIZE         =      1    ----
END OF MODULE INFORMATION.


C51 COMPILATION COMPLETE.  0 WARNING(S),  0 ERROR(S)
