C51 COMPILER V9.56.0.0   UART3                                                             09/14/2018 16:07:53 PAGE 1   


C51 COMPILER V9.56.0.0, COMPILATION OF MODULE UART3
OBJECT MODULE PLACED IN .\Objects\uart3.obj
COMPILER INVOKED BY: F:\KEILC51+MDK\C51\BIN\C51.EXE ..\HARDWARE\uart3\uart3.c OPTIMIZE(8,SPEED) BROWSE INCDIR(..\USER;..
                    -\HARDWARE\ccp;..\HARDWARE\djiReceiver_dr16;..\HARDWARE\timer1;..\HARDWARE\uart1;..\HARDWARE\uart2;..\HARDWARE\uart3;..\H
                    -ARDWARE\TableTennisDevice) DEBUG OBJECTEXTEND PRINT(.\Listings\uart3.lst) OBJECT(.\Objects\uart3.obj)

line level    source

   1          #include "uart3.h"
   2          
   3          #define FOSC            24000000UL
   4          #define BRT3             (65536 - FOSC / 9600 / 4)
   5          
   6          void Uart3Init(void)            //9600bps@24.000MHz
   7          {
   8   1              S3CON = 0x50;
   9   1          T3L = BRT3;
  10   1          T3H = BRT3 >> 8;
  11   1          T4T3M |= 0x0a;
  12   1      }
  13          
  14          void Uart3Send(char dat)
  15          {
  16   1              S3BUF = dat;
  17   1          while ((S3CON & 0x02)!=0x02);
  18   1          S3CON &= ~0x02; 
  19   1      }
  20          
  21          void Uart3SendStr(char *p)
  22          {
  23   1          while (*p!='\0')
  24   1          {
  25   2              Uart3Send(*p++);
  26   2          }
  27   1      }
  28          
  29          void Uart3SendStrLen(u8 *p,u8 length)
  30          {
  31   1          while (length--)
  32   1          {
  33   2              Uart3Send(*p++);
  34   2          }
  35   1      }
  36          


MODULE INFORMATION:   STATIC OVERLAYABLE
   CODE SIZE        =     91    ----
   CONSTANT SIZE    =   ----    ----
   XDATA SIZE       =   ----    ----
   PDATA SIZE       =   ----    ----
   DATA SIZE        =   ----       6
   IDATA SIZE       =   ----    ----
   BIT SIZE         =   ----    ----
END OF MODULE INFORMATION.


C51 COMPILATION COMPLETE.  0 WARNING(S),  0 ERROR(S)
