C51 COMPILER V9.59.0.0   LED                                                               04/12/2019 13:59:51 PAGE 1   


C51 COMPILER V9.59.0.0, COMPILATION OF MODULE LED
OBJECT MODULE PLACED IN ..\Objects\led.obj
COMPILER INVOKED BY: F:\KEIL\C51\BIN\C51.EXE ..\HARDWARE\LED\led.c OPTIMIZE(8,SPEED) BROWSE INCDIR(..\CORE;..\USER;..\HA
                    -RDWARE\LED;..\HARDWARE\TIMER;..\HARDWARE\USART;..\HARDWARE\demo;..\HARDWARE\Bluetooth) DEBUG OBJECTEXTEND PRINT(..\Listi
                    -ngs\led.lst) OBJECT(..\Objects\led.obj)

line level    source

   1          #include "led.h"
   2          #include "string.h"
   3          
   4          /* -------------------------------- begin  -------------------------------- */
   5          /**
   6            * @Name    LED_Init
   7            * @brief  
   8            * @param   None
   9            * @retval
  10            * @author  ZERO 
  11            * @Data    2019-04-10
  12            * 1. ...
  13            * <modify staff>:
  14            * <data>        :
  15            * <description> :
  16            * 2. ...
  17           **/
  18          /* -------------------------------- end -------------------------------- */
  19          
  20          uint8_t cmd_able[4] = {0};
  21          
  22          void Peripheral_Handler(void)
  23          {
  24   1              if(cmd_able[3])
  25   1              {
  26   2                      if(cmd_able[2] == 1)
  27   2                      {
  28   3                              switch(cmd_able[0])
  29   3                              {
  30   4                                      case 1:
  31   4                                      switch(cmd_able[1])
  32   4                                      {
  33   5                                              case 1:P0 &= ~0X01; break;
  34   5                                              case 2:P0 &= ~0X02; break;
  35   5                                              case 3:P0 &= ~0X04; break;
  36   5                                              case 4:P0 &= ~0X08; break;
  37   5                                              case 5:P0 &= ~0X10; break;
  38   5                                              case 6:P0 &= ~0X20; break;
  39   5                                              case 7:P0 &= ~0X40; break;
  40   5                                              case 8:P0 &= ~0X80; break;
  41   5                                              case 0xff:P0 &= ~0Xff; break;
  42   5                                              default :break;
  43   5                                      }                                       
  44   4                                      break;
  45   4                                      case 2:P2 &= ~0x01; break;
  46   4                                      case 3:
  47   4                                      switch(cmd_able[1])
  48   4                                      {
  49   5                                              case 1:P2 &= ~0X10; break;
  50   5                                              case 2:P2 &= ~0X20; break;
  51   5                                              case 3:P2 &= ~0X40; break;
  52   5                                              case 4:P2 &= ~0X80; break;
  53   5                                              case 0xff:P2 &= ~0Xf0; break;
C51 COMPILER V9.59.0.0   LED                                                               04/12/2019 13:59:51 PAGE 2   

  54   5                                              default :break;
  55   5                                      }                       break;
  56   4                                      default :break;
  57   4                              }
  58   3                      }
  59   2                      else if(cmd_able[2] == 2)
  60   2                      {
  61   3                              switch(cmd_able[0])
  62   3                              {
  63   4                                      case 1:
  64   4                                      switch(cmd_able[1])
  65   4                                      {
  66   5                                              case 1:P0 |= 0X01; break;
  67   5                                              case 2:P0 |= 0X02; break;
  68   5                                              case 3:P0 |= 0X04; break;
  69   5                                              case 4:P0 |= 0X08; break;
  70   5                                              case 5:P0 |= 0X10; break;
  71   5                                              case 6:P0 |= 0X20; break;
  72   5                                              case 7:P0 |= 0X40; break;
  73   5                                              case 8:P0 |= 0X80; break;
  74   5                                              case 0xff:P0 |= 0Xff; break;
  75   5                                              default :break; 
  76   5                                      }                                       
  77   4                                      break;
  78   4                                      case 2:P2 |= 0x01; break;
  79   4                                      case 3:
  80   4                                      switch(cmd_able[1])
  81   4                                      {
  82   5                                              case 1:P2 |= 0X10; break;
  83   5                                              case 2:P2 |= 0X20; break;
  84   5                                              case 3:P2 |= 0X40; break;
  85   5                                              case 4:P2 |= 0X80; break;
  86   5                                              case 0xff:P2 |= 0Xf0; break;
  87   5                                              default :break;
  88   5                                      }                       break;
  89   4                                      default :break;
  90   4                              }
  91   3                      }
  92   2              }       
  93   1      }


MODULE INFORMATION:   STATIC OVERLAYABLE
   CODE SIZE        =    323    ----
   CONSTANT SIZE    =   ----    ----
   XDATA SIZE       =   ----    ----
   PDATA SIZE       =   ----    ----
   DATA SIZE        =      4    ----
   IDATA SIZE       =   ----    ----
   BIT SIZE         =   ----    ----
END OF MODULE INFORMATION.


C51 COMPILATION COMPLETE.  0 WARNING(S),  0 ERROR(S)
