C51 COMPILER V9.59.0.0   MAIN                                                              04/12/2019 13:58:36 PAGE 1   


C51 COMPILER V9.59.0.0, COMPILATION OF MODULE MAIN
OBJECT MODULE PLACED IN ..\Objects\main.obj
COMPILER INVOKED BY: F:\KEIL\C51\BIN\C51.EXE main.c OPTIMIZE(8,SPEED) BROWSE INCDIR(..\CORE;..\USER;..\HARDWARE\LED;..\H
                    -ARDWARE\TIMER;..\HARDWARE\USART;..\HARDWARE\demo;..\HARDWARE\Bluetooth) DEBUG OBJECTEXTEND PRINT(..\Listings\main.lst) O
                    -BJECT(..\Objects\main.obj)

line level    source

   1          #include "app.h"
   2          #include "usart.h"
   3          #include "timer.h"
   4          #include "stdio.h"
   5          #include "led.h"
   6          #include "Bluetooth.h"
   7          #include "string.h"
   8          uint8_t xdata Uart2_men_able[UART2DATALENGTHMAX] = {"LED,LED1,ON;"};
   9          
  10          extern uint8_t GetUart2Data_Length;
  11          extern uint8_t TimeOut_status;
  12          extern uint8_t xdata StrPack[3][30];
  13          void Delay1000ms()              //@11.0592MHz
  14          {
  15   1              unsigned char i, j, k;
  16   1      
  17   1              _nop_();
  18   1              i = 8;
  19   1              j = 1;
  20   1              k = 243;
  21   1              do
  22   1              {
  23   2                      do
  24   2                      {
  25   3                              while (--k);
  26   3                      } while (--j);
  27   2              } while (--i);
  28   1      }
  29          
  30          void main(void)
  31          {
  32   1              Timer0Init();
  33   1              Uart1Init();
  34   1              Uart2Init();
  35   1      
  36   1              while(1)
  37   1              {
  38   2                      GetUart2DataTimeout(Uart2_men_able);                                                    //串口2接收超时函数
  39   2                      if(TimeOut_status & 0x04)
  40   2                      {
  41   3                              TimeOut_status &= ~0x04;
  42   3                              strupr(Uart2_men_able) ;                                                                        //兼容大写输入（检测到小写统一转换成大写进行后续操作）
  43   3                              UART_2SendString(Uart2_men_able);
  44   3                              if(Data_Parsing_Func(Uart2_men_able) == 2)
  45   3                                      UART_2SendString("OK\n");
  46   3                              Peripheral_Handler();
  47   3                                      
  48   3                      }
  49   2              }
  50   1      }


MODULE INFORMATION:   STATIC OVERLAYABLE
C51 COMPILER V9.59.0.0   MAIN                                                              04/12/2019 13:58:36 PAGE 2   

   CODE SIZE        =     86    ----
   CONSTANT SIZE    =      4    ----
   XDATA SIZE       =     40    ----
   PDATA SIZE       =   ----    ----
   DATA SIZE        =   ----    ----
   IDATA SIZE       =   ----    ----
   BIT SIZE         =   ----    ----
END OF MODULE INFORMATION.


C51 COMPILATION COMPLETE.  0 WARNING(S),  0 ERROR(S)
