C51 COMPILER V9.59.0.0   TIMER                                                             04/09/2019 22:44:58 PAGE 1   


C51 COMPILER V9.59.0.0, COMPILATION OF MODULE TIMER
OBJECT MODULE PLACED IN ..\Objects\timer.obj
COMPILER INVOKED BY: F:\KEIL\C51\BIN\C51.EXE ..\HARDWARE\TIMER\timer.c OPTIMIZE(8,SPEED) BROWSE INCDIR(..\CORE;..\USER;.
                    -.\HARDWARE\LED;..\HARDWARE\TIMER;..\HARDWARE\USART;..\HARDWARE\demo) DEBUG OBJECTEXTEND PRINT(..\Listings\timer.lst) TAB
                    -S(2) OBJECT(..\Objects\timer.obj)

line level    source

   1          #include "timer.h"
   2          
   3          void Timer0Init(void)   //10毫秒@12.000MHz
   4          {
   5   1          AUXR &= 0x7F;   //定时器时钟12T模式
   6   1          TMOD &= 0xF0;   //设置定时器模式
   7   1          TMOD |= 0x01;   //设置定时器模式
   8   1          TL0 = 0xF0;   //设置定时初值
   9   1          TH0 = 0xD8;   //设置定时初值
  10   1          TF0 = 0;    //清除TF0标志
  11   1          TR0 = 1;    //定时器0开始计时
  12   1          IE |=0X82;
  13   1      }
  14          
  15          void tim0() interrupt 1
  16          {
  17   1      
  18   1          TL0 = 0xF0;   //设置定时初值
  19   1          TH0 = 0xD8;   //设置定时初值
  20   1      
  21   1      }
  22          


MODULE INFORMATION:   STATIC OVERLAYABLE
   CODE SIZE        =     30    ----
   CONSTANT SIZE    =   ----    ----
   XDATA SIZE       =   ----    ----
   PDATA SIZE       =   ----    ----
   DATA SIZE        =   ----    ----
   IDATA SIZE       =   ----    ----
   BIT SIZE         =   ----    ----
END OF MODULE INFORMATION.


C51 COMPILATION COMPLETE.  0 WARNING(S),  0 ERROR(S)
