C51 COMPILER V8.08   SHOWTIME                                                              05/25/2015 12:48:52 PAGE 1   


C51 COMPILER V8.08, COMPILATION OF MODULE SHOWTIME
OBJECT MODULE PLACED IN ShowTime.OBJ
COMPILER INVOKED BY: D:\Program Files\keil-3\C51\BIN\C51.EXE ShowTime.c BROWSE DEBUG OBJECTEXTEND

line level    source

   1          #include "NEW_8051.H"
   2          #include "task.h"
   3          #define ucNumRows 190 //定义一周显示列数
   4          uchar  id;
   5          uint  i=0,j=0;
   6          uchar  k=0,m=0;
   7          bit Time=0;
   8          uchar l=8;
   9          uchar xdata TimeBuff[20];
  10          uchar code shuzi[21][16];
  11          uchar code dazimo[];
  12          uchar code zimo[];
  13          void PortA(uchar temp)//送显示
  14          {
  15   1              D24=(bit)(temp&0x01);
  16   1              D23=(bit)(temp&0x02);
  17   1              D22=(bit)(temp&0x04);
  18   1              D21=(bit)(temp&0x08);
  19   1              D20=(bit)(temp&0x10);
  20   1              D19=(bit)(temp&0x20);
  21   1              D18=(bit)(temp&0x40);
  22   1              D17=(bit)(temp&0x80);
  23   1      }
  24          void PortB(uchar temp)//送显示
  25          {
  26   1              D32=(bit)(temp&0x01);
  27   1              D31=(bit)(temp&0x02);
  28   1              D30=(bit)(temp&0x04);
  29   1              D29=(bit)(temp&0x08);
  30   1              D28=(bit)(temp&0x10);
  31   1              D27=(bit)(temp&0x20);
  32   1              D26=(bit)(temp&0x40);
  33   1              D25=(bit)(temp&0x80);
  34   1      }
  35          void PortC(uchar temp)//送显示
  36          {
  37   1              D40=(bit)(temp&0x01);
  38   1              D39=(bit)(temp&0x02);
  39   1              D38=(bit)(temp&0x04);
  40   1              D37=(bit)(temp&0x08);
  41   1              D36=(bit)(temp&0x10);
  42   1              D35=(bit)(temp&0x20);
  43   1              D34=(bit)(temp&0x40);
  44   1              D33=(bit)(temp&0x80);
  45   1      }
  46          void PortD(uchar temp)//送显示
  47          {
  48   1              D41=(bit)(temp&0x01);
  49   1              D42=(bit)(temp&0x02);
  50   1              D43=(bit)(temp&0x04);
  51   1              D44=(bit)(temp&0x08);
  52   1              D45=(bit)(temp&0x10);
  53   1              D46=(bit)(temp&0x20);
  54   1              D47=(bit)(temp&0x40);
  55   1              D48=(bit)(temp&0x80);
C51 COMPILER V8.08   SHOWTIME                                                              05/25/2015 12:48:52 PAGE 2   

  56   1      }
  57          void Show_R(uchar r1,uchar r2)//送显示
  58          {
  59   1              D1=(bit)(r1&0x01);
  60   1              D2=(bit)(r1&0x02);
  61   1              D3=(bit)(r1&0x04);
  62   1              D4=(bit)(r1&0x08);
  63   1              D5=(bit)(r1&0x10);
  64   1              D6=(bit)(r1&0x20);
  65   1              D7=(bit)(r1&0x40);
  66   1              D8=(bit)(r1&0x80);
  67   1      
  68   1              D9=(bit)(r2&0x01);
  69   1              D10=(bit)(r2&0x02);
  70   1              D11=(bit)(r2&0x04);
  71   1              D12=(bit)(r2&0x08);
  72   1              D13=(bit)(r2&0x10);
  73   1              D14=(bit)(r2&0x20);
  74   1              D15=(bit)(r2&0x40);
  75   1              D16=(bit)(r2&0x80);
  76   1                              
  77   1      }
  78          void Show_L(uchar l1,uchar l2,uchar l3,uchar l4)//送显示
  79          {
  80   1              D17=(bit)(l1&0x01);
  81   1              D18=(bit)(l1&0x02);
  82   1              D19=(bit)(l1&0x04);
  83   1              D20=(bit)(l1&0x08);
  84   1              D21=(bit)(l1&0x10);
  85   1              D22=(bit)(l1&0x20);
  86   1              D23=(bit)(l1&0x40);
  87   1              D24=(bit)(l1&0x80);
  88   1      
  89   1              D25=(bit)(l2&0x01);
  90   1              D26=(bit)(l2&0x02);
  91   1              D27=(bit)(l2&0x04);
  92   1              D28=(bit)(l2&0x08);
  93   1              D29=(bit)(l2&0x10);
  94   1              D30=(bit)(l2&0x20);
  95   1              D31=(bit)(l2&0x40);
  96   1              D32=(bit)(l2&0x80);
  97   1      
  98   1              D33=(bit)(l3&0x01);
  99   1              D34=(bit)(l3&0x02);
 100   1              D35=(bit)(l3&0x04);
 101   1              D36=(bit)(l3&0x08);
 102   1              D37=(bit)(l3&0x10);
 103   1              D38=(bit)(l3&0x20);
 104   1              D39=(bit)(l3&0x40);
 105   1              D40=(bit)(l3&0x80);
 106   1      
 107   1              D41=(bit)(l4&0x01);
 108   1              D42=(bit)(l4&0x02);
 109   1              D43=(bit)(l4&0x04);
 110   1              D44=(bit)(l4&0x08);
 111   1              D45=(bit)(l4&0x10);
 112   1              D46=(bit)(l4&0x20);
 113   1              D47=(bit)(l4&0x40);
 114   1              D48=(bit)(l4&0x80);
 115   1                              
 116   1      }
 117          
C51 COMPILER V8.08   SHOWTIME                                                              05/25/2015 12:48:52 PAGE 3   

 118          /************************************** ***/
 119          void Close(void) //IO口高电平关闭LED显示
 120          {
 121   1              P0=0XFF;
 122   1              P1=0XFF;
 123   1              P2=0XFF;
 124   1              P3=0XFF;
 125   1              P4=0XFF;
 126   1              P5=0XFF;
 127   1              P6=0XFF;
 128   1              P7=0XFF;
 129   1      }
 130          /*********************每列显示的时间************************************/
 131          /*****n（us）延时子程序*****/
 132          void Delay10us()                //@18.432MHz
 133          {
 134   1      
 135   1          unsigned char a,b;
 136   1          for(b=153;b>0;b--)
 137   1              for(a=3;a>0;a--);
 138   1      }
 139          /*************************************************/
 140          void Show_line_time(void)//立体显示时间
 141          {
 142   1              if(id==0)       //如果不是调时 显示时间信息
 143   1              {
 144   2                      j++;                                       
 145   2              if( j>768 )//显示完文字后 循环； j=16*需要显示的字数 768/16=48
 146   2              {
 147   3                  j=0;
 148   3              }
 149   2             for(i=j;i<ucNumRows+j;i++)  //显示190列 数据
 150   2              {                               
 151   3                              if(m<16)
 152   3                              {
 153   4                                      Show_R(shuzi[TimeBuff[m]][k*2],shuzi[TimeBuff[m]][k*2+1]);//送时间显示
 154   4                              }
 155   3                              else
 156   3                              {
 157   4                                      Show_R(0XFF,0XFF);
 158   4                              }
 159   3                              Show_L(dazimo[i*2],dazimo[i*2+1],0xFF,0XFF);//送16*16文字显示   
 160   3                              Delay10us();//延时一段时间
 161   3                                                                                      
 162   3                 if(BIT_timeout==1)//这里如果没有显示完一圈的数据 回到起点了 
 163   3                                        //直接跳出 就不会出现头吃尾的现象 而且盲点很小
 164   3                         {
 165   4                                      return;
 166   4                         }
 167   3                          k++;
 168   3                               if(k>7)  //一个数字8列
 169   3                               {
 170   4                                      k=0;
 171   4                                      if((m<8)&&(Time==0))
 172   4                                      {
 173   5                                              m++;
 174   5                                      }
 175   4                                      if((m>7)&&(Time==0))  //间隔显示 时间 和日期 
 176   4                                      {
 177   5                                              m=20;
 178   5                                              if(l>0)
 179   5                                              l--;
C51 COMPILER V8.08   SHOWTIME                                                              05/25/2015 12:48:52 PAGE 4   

 180   5                                              if(l==0)
 181   5                                              {
 182   6                                                m=7;
 183   6                                                Time=1;       
 184   6                                              }
 185   5                                              
 186   5                                      }                                                                                                                                                                                                                  
 187   4                                      if((m<16)&&(Time==1))
 188   4                                      {
 189   5                                              m++;    
 190   5                                      }
 191   4                                  if(m==16)
 192   4                                      m=20;
 193   4                                  
 194   4                       }
 195   3                       Close();
 196   3                      } 
 197   2                      Time=0;
 198   2                      l=6;
 199   2                      k=0;
 200   2                      m=0;
 201   2                      Close(); 
 202   2              }
 203   1              /****************************************************************/
 204   1              else//如果是调时间
 205   1              {
 206   2                 Close();
 207   2                if(id==1)      //调时
 208   2                {
 209   3                      for(i=0;i<8;i++) 
 210   3                      { 
 211   4                              Show_R(shuzi[Hour%16][i*2],shuzi[Hour%16][i*2+1]); //时的个位     
 212   4                              Delay10us();                     
 213   4                      }
 214   3                      Close();
 215   3                      for(i=0;i<8;i++) 
 216   3                      { 
 217   4                              Show_R(shuzi[Hour/16][i*2],shuzi[Hour/16][i*2+1]);       //时的十位
 218   4                              Delay10us();
 219   4                                               
 220   4                      }
 221   3                      Close();
 222   3                      for(i=0;i<8;i++) 
 223   3                      { 
 224   4                              Show_R(shuzi[15][i*2],shuzi[15][i*2+1]);         //时字符                 
 225   4                              Delay10us();                     
 226   4                      }
 227   3                      Close();
 228   3                      for(i=0;i<8;i++) 
 229   3                      { 
 230   4                              Show_R(shuzi[16][i*2],shuzi[16][i*2+1]);         //时字符
 231   4                              Delay10us();                     
 232   4                      }
 233   3                      Close();
 234   3                      
 235   3                                       
 236   3                }
 237   2                /***********************************************/
 238   2                if(id==2)      //调分
 239   2                {
 240   3                      for(i=0;i<8;i++) 
 241   3                      { 
C51 COMPILER V8.08   SHOWTIME                                                              05/25/2015 12:48:52 PAGE 5   

 242   4                              Show_R(shuzi[Cent%16][i*2],shuzi[Cent%16][i*2+1]); //分的个位             
 243   4                              Delay10us();                     
 244   4                      }
 245   3                      Close();
 246   3                      for(i=0;i<8;i++) 
 247   3                      { 
 248   4                              Show_R(shuzi[Cent/16][i*2],shuzi[Cent/16][i*2+1]);  //分的十位
 249   4                              Delay10us();
 250   4                                               
 251   4                      }
 252   3                      Close();
 253   3                      for(i=0;i<8;i++) 
 254   3                      { 
 255   4                              Show_R(shuzi[17][i*2],shuzi[17][i*2+1]);         //分字符         
 256   4                              Delay10us();                     
 257   4                      }
 258   3                              Close();
 259   3                      for(i=0;i<8;i++) 
 260   3                      { 
 261   4                              Show_R(shuzi[18][i*2],shuzi[18][i*2+1]);         //分字符                 
 262   4                              Delay10us();                     
 263   4                      }
 264   3                      Close();
 265   3                      
 266   3                                       
 267   3                }
 268   2                /*********************************************************/
 269   2                if(id==3)      //调秒
 270   2                {
 271   3                      for(i=0;i<8;i++) 
 272   3                      { 
 273   4                              Show_R(shuzi[Sec%16][i*2],shuzi[Sec%16][i*2+1]);        //秒的个位                        
 274   4                              Delay10us();                     
 275   4                      }
 276   3                      Close();
 277   3                      for(i=0;i<8;i++) 
 278   3                      { 
 279   4                              Show_R(shuzi[Sec/16][i*2],shuzi[Sec/16][i*2+1]);        //秒的十位                      ;
 280   4                              Delay10us();
 281   4                                               
 282   4                      }
 283   3                      Close();
 284   3                      for(i=0;i<8;i++) 
 285   3                      { 
 286   4                              Show_R(shuzi[19][i*2],shuzi[19][i*2+1]);        //秒字符                  
 287   4                              Delay10us();                     
 288   4                      }
 289   3                      Close();
 290   3                      for(i=0;i<8;i++) 
 291   3                      { 
 292   4                              Show_R(shuzi[20][i*2],shuzi[20][i*2+1]);        //秒字符                  
 293   4                              Delay10us();                     
 294   4                      }
 295   3                      Close();
 296   3                      
 297   3                                       
 298   3                }
 299   2                /**********************************************************/
 300   2                if(id==4)      //调月
 301   2                {
 302   3                      for(i=0;i<8;i++) 
 303   3                      { 
C51 COMPILER V8.08   SHOWTIME                                                              05/25/2015 12:48:52 PAGE 6   

 304   4                              Show_R(shuzi[Month%16][i*2],shuzi[Month%16][i*2+1]);    //月的个位                
 305   4                              Delay10us();                             
 306   4                      }
 307   3                      Close();
 308   3                      for(i=0;i<8;i++) 
 309   3                      { 
 310   4                              Show_R(shuzi[Month/16][i*2],shuzi[Month/16][i*2+1]);    //月的十位
 311   4                              Delay10us();
 312   4                                               
 313   4                      }
 314   3                      Close();
 315   3                      for(i=0;i<8;i++) 
 316   3                      { 
 317   4                              Show_R(shuzi[11][i*2],shuzi[11][i*2+1]);        //月字符          
 318   4                              Delay10us();                     
 319   4                      }
 320   3                      Close();
 321   3                      for(i=0;i<8;i++) 
 322   3                      { 
 323   4                              Show_R(shuzi[12][i*2],shuzi[12][i*2+1]);        //月字符
 324   4                              Delay10us();                     
 325   4                      }
 326   3                      Close();
 327   3                      
 328   3                                       
 329   3                }
 330   2                /*********************************************************/
 331   2                if(id==5)      //调日
 332   2                {
 333   3                      for(i=0;i<8;i++) 
 334   3                      { 
 335   4                              Show_R(shuzi[Day%16][i*2],shuzi[Day%16][i*2+1]);        //日的个位                                
 336   4                              Delay10us();                     
 337   4                      }
 338   3                      Close();
 339   3                      for(i=0;i<8;i++) 
 340   3                      { 
 341   4                              Show_R(shuzi[Day/16][i*2],shuzi[Day/16][i*2+1]);        //日的十位                      ;
 342   4                              Delay10us();
 343   4                                               
 344   4                      }
 345   3                      Close();
 346   3                      for(i=0;i<8;i++) 
 347   3                      { 
 348   4                              Show_R(shuzi[13][i*2],shuzi[13][i*2+1]);//日字符                  
 349   4                              Delay10us();                     
 350   4                      }
 351   3                      Close();
 352   3                      for(i=0;i<8;i++) 
 353   3                      { 
 354   4                              Show_R(shuzi[14][i*2],shuzi[14][i*2+1]);        //日字符                  
 355   4                              Delay10us();                     
 356   4                      }
 357   3                      Close();
 358   3                      
 359   3                                       
 360   3                }
 361   2                /***********************************************************/
 362   2              }
 363   1      }
 364          //PC2002字幕软件  配置 （逐列 阳码 逆向 左右翻转） 字大小16X16   59tiaoba.taobao.com
 365          uchar code shuzi[21][16]={
C51 COMPILER V8.08   SHOWTIME                                                              05/25/2015 12:48:52 PAGE 7   

 366          
 367          {0xFF,0xFF,0x1F,0xF0,0xEF,0xEF,0xF7,0xDF,0xF7,0xDF,0xEF,0xEF,0x1F,0xF0,0xFF,0xFF},/*"0",0*/
 368          
 369          {0xFF,0xFF,0xFF,0xFF,0xFF,0xDF,0xFF,0xDF,0x07,0xC0,0xEF,0xDF,0xEF,0xDF,0xFF,0xFF},/*"1",1*/
 370          
 371          {0xFF,0xFF,0x8F,0xCF,0x77,0xDE,0xF7,0xDD,0xF7,0xDB,0xF7,0xD7,0x8F,0xCF,0xFF,0xFF},/*"2",2*/
 372          
 373          {0xFF,0xFF,0xCF,0xF1,0xB7,0xEE,0x77,0xDF,0x77,0xDF,0xF7,0xDF,0xCF,0xE7,0xFF,0xFF},/*"3",3*/
 374          
 375          {0xFF,0xFF,0xFF,0xDB,0x07,0xC0,0xEF,0xDB,0xDF,0xDB,0x3F,0xFB,0xFF,0xF8,0xFF,0xFF},/*"4",4*/
 376          
 377          {0xFF,0xFF,0xF7,0xF1,0xF7,0xEE,0x77,0xDF,0x77,0xDF,0xF7,0xDE,0x07,0xE6,0xFF,0xFF},/*"5",5*/
 378          
 379          {0xFF,0xFF,0xFF,0xF1,0xE7,0xEE,0x77,0xDF,0x77,0xDF,0xEF,0xEE,0x1F,0xF0,0xFF,0xFF},/*"6",6*/
 380          
 381          {0xFF,0xFF,0xF7,0xFF,0xC7,0xFF,0x37,0xFF,0xF7,0xC0,0xF7,0xFF,0xC7,0xFF,0xFF,0xFF},/*"7",7*/
 382          
 383          {0xFF,0xFF,0x8F,0xE3,0x77,0xDD,0xF7,0xDE,0xF7,0xDE,0x77,0xDD,0x8F,0xE3,0xFF,0xFF},/*"8",8*/
 384          
 385          {0xFF,0xFF,0x1F,0xF0,0xEF,0xEE,0xF7,0xDD,0xF7,0xDD,0xEF,0xCE,0x1F,0xFF,0xFF,0xFF},/*"9",9*/
 386          
 387          {0xFF,0xFF,0xFF,0xFF,0xFF,0xFF,0x3F,0xCF,0x3F,0xCF,0xFF,0xFF,0xFF,0xFF,0xFF,0xFF},/*":",10*/
 388          
 389          {0xFF,0xFF,0xFF,0xFF,0xFF,0xFF,0x01,0x80,0xDD,0x7D,0xDD,0xBD,0xDD,0xFD,0xDD,0xFD},
 390          {0xDD,0xFD,0xDD,0xFD,0xDD,0xFD,0xDD,0xFD,0x01,0xF0,0xFF,0xCF,0xFF,0xBF,0xFF,0x7F},/*"月",11*/
 391          
 392          {0xFF,0xFF,0xFF,0xFF,0xFF,0xFF,0xFF,0xFF,0x01,0x00,0x7D,0xBF,0x7D,0xBF,0x7D,0xBF},
 393          {0x7D,0xBF,0x7D,0xBF,0x7D,0xBF,0x7D,0xBF,0x01,0x00,0xFF,0xFF,0xFF,0xFF,0xFF,0xFF},/*"日",12*/
 394          
 395          {0xFF,0xFF,0xEF,0xFF,0xEF,0xFF,0x00,0x80,0xEF,0x7F,0xEF,0xBF,0xEF,0xF9,0xEF,0xFE},
 396          {0xEF,0xFF,0xFF,0xFF,0x03,0xC0,0x7B,0xEF,0x7B,0xEF,0x7B,0xEF,0x03,0xC0,0xFF,0xFF},/*"时",13*/
 397          
 398          {0xFF,0xFF,0x7F,0xFF,0xBF,0xFF,0xDF,0xFF,0xEF,0xFF,0x73,0xC0,0x7C,0xBF,0x7F,0x7F},
 399          {0x7F,0xBF,0x7F,0xFF,0x79,0xF8,0x77,0xE7,0x6F,0xDF,0xDF,0xBF,0xBF,0x7F,0x7F,0xFF},/*"分",14*/
 400          
 401          {0xFF,0xFF,0x9F,0xFF,0xEF,0xFC,0xF7,0xF3,0xFF,0xEF,0x00,0xD8,0xFF,0xBF,0xC7,0xBF},
 402          {0x3F,0x7F,0xFF,0x7E,0xDD,0xF9,0xDC,0xFE,0x01,0x00,0x5B,0xFE,0xDB,0xF9,0xDB,0xF7},/*"秒",15*/
 403          
 404          
 405          
 406          
 407          };
 408          //PC2002字幕软件  配置 （逐列 阳码 逆向） 字大小宽16X16高 59tiaoba.taobao.com
 409          uchar code dazimo[]={
 410          0xFF,0xFF,0xFF,0xFF,0xFF,0xFF,0xFF,0xFF,0xFF,0xFF,0xFF,0xFF,0xFF,0xFF,0xFF,0xFF,/*" ",0*/
 411          
 412          0xFF,0xFF,0xFF,0xFF,0xFF,0xFF,0xFF,0xFF,0xFF,0xFF,0xFF,0xFF,0xFF,0xFF,0xFF,0xFF,/*" ",1*/
 413          
 414          0xFF,0xFF,0xFF,0xFF,0xFF,0xFF,0xFF,0xFF,0xFF,0xFF,0xFF,0xFF,0xFF,0xFF,0xFF,0xFF,/*" ",2*/
 415          
 416          0xFF,0xFF,0xFF,0xFF,0xFF,0xFF,0xFF,0xFF,0xFF,0xFF,0xFF,0xFF,0xFF,0xFF,0xFF,0xFF,/*" ",3*/
 417          0xFF,0xFF,0xFF,0xFF,0xFF,0xFF,0xFF,0xFF,0xFF,0xFF,0xFF,0xFF,0xFF,0xFF,0xFF,0xFF,/*" ",0*/
 418          
 419          0xFF,0xFF,0xFF,0xFF,0xFF,0xFF,0xFF,0xFF,0xFF,0xFF,0xFF,0xFF,0xFF,0xFF,0xFF,0xFF,/*" ",1*/
 420          
 421          0xFF,0xFF,0xFF,0xFF,0xFF,0xFF,0xFF,0xFF,0xFF,0xFF,0xFF,0xFF,0xFF,0xFF,0xFF,0xFF,/*" ",2*/
 422          
 423          0xFF,0xFF,0xFF,0xFF,0xFF,0xFF,0xFF,0xFF,0xFF,0xFF,0xFF,0xFF,0xFF,0xFF,0xFF,0xFF,/*" ",3*/
 424          
 425          0xF7,0xDF,0x07,0xC0,0xF7,0xDF,0xF7,0xDF,0xF7,0xDF,0xEF,0xEF,0x1F,0xF0,0xFF,0xFF,/*"D",0*/
 426          
 427          0xFF,0xFF,0xF7,0xDF,0xF7,0xDF,0x07,0xC0,0xF7,0xDF,0xF7,0xDF,0xFF,0xFF,0xFF,0xFF,/*"I",1*/
C51 COMPILER V8.08   SHOWTIME                                                              05/25/2015 12:48:52 PAGE 8   

 428          
 429          0xF7,0xFF,0xC7,0xFF,0x37,0xDF,0xFF,0xC0,0x37,0xDF,0xC7,0xFF,0xF7,0xFF,0xFF,0xFF,/*"Y",2*/
 430          
 431          0xF7,0xFD,0xF7,0xFE,0x76,0xFF,0x11,0x00,0x67,0xFF,0xFF,0x7C,0xFF,0xBF,0x01,0xDC,
 432          0xFD,0xE7,0xFD,0xF9,0x0D,0xFE,0xFD,0x81,0xFD,0x7F,0x01,0x7C,0xFF,0x1F,0xFF,0xFF,/*"视",3*/
 433          
 434          0xFF,0xF7,0xFF,0xF7,0xFF,0xFB,0x01,0x7B,0x6D,0x9D,0x6D,0xE1,0x6D,0xFE,0x01,0xFF,
 435          0x6D,0xFE,0x6D,0x01,0x6D,0xFD,0x01,0xFB,0xFF,0xFB,0xFF,0xF7,0xFF,0xF7,0xFF,0xFF,/*"界",4*/
 436          
 437          0xFF,0xFF,0xFF,0x83,0x83,0xBF,0xBF,0xBF,0xBF,0xBF,0xBF,0xBF,0xBF,0xBF,0x00,0x80,
 438          0xBF,0xBF,0xBF,0xBF,0xBF,0xBF,0xBF,0xBF,0x03,0xBF,0xFF,0x03,0xFF,0xFF,0xFF,0xFF,/*"出",5*/
 439          
 440          0xFF,0xFF,0xFF,0x01,0xFF,0xBD,0x81,0xBD,0xBD,0xBD,0xBD,0x01,0xBD,0xFF,0xBD,0xFF,
 441          0xBD,0xFF,0xBD,0x01,0xBD,0xBD,0x81,0xBD,0xFF,0xBD,0xFF,0x01,0xFF,0xFF,0xFF,0xFF,/*"品",6*/
 442          
 443          0xFF,0xFF,0xFF,0xFF,0xFF,0xFF,0xFF,0xFF,0xFF,0xFF,0xFF,0xFF,0xFF,0xFF,0xFF,0xFF,/*" ",7*/
 444          
 445          0xF7,0xFD,0xF7,0xFE,0x76,0xFF,0x11,0x00,0x67,0x7F,0xFF,0xBC,0x81,0xDF,0xBD,0xE7,
 446          0x3D,0xF8,0xBD,0xFF,0xBD,0xFF,0x3D,0xC0,0xBD,0xBF,0x81,0xBF,0xFF,0x87,0xFF,0xFF,/*"祝",8*/
 447          
 448          0xFF,0xFE,0x7F,0xFF,0x9F,0xFF,0x07,0x00,0xF8,0xFF,0xBF,0xEF,0xDF,0xF3,0xE7,0xFC,
 449          0xF0,0xBF,0xF7,0x7F,0x37,0x80,0xF7,0xFF,0xF7,0xFE,0xD7,0xF9,0xE7,0xE7,0xFF,0xFF,/*"你",9*/
 450          
 451          0x7F,0xFF,0x7F,0xFF,0x7F,0xFF,0x7F,0xFF,0x7F,0xFF,0x7F,0xFF,0x7F,0xFF,0x7F,0xFF,
 452          0x7F,0xFF,0x7F,0xFF,0x7F,0xFF,0x7F,0xFF,0x7F,0xFF,0x7F,0xFF,0x7F,0xFF,0xFF,0xFF,/*"一",0*/
 453          
 454          0xFF,0xFF,0x07,0xF0,0xF7,0xFF,0x00,0x00,0xF7,0xF7,0x07,0x70,0xFF,0x9F,0x01,0xE0,
 455          0xBD,0xFF,0x7D,0xFE,0xFD,0xFF,0x01,0xC0,0xFF,0xBF,0xFF,0xBF,0xFF,0x87,0xFF,0xFF,/*"帆",1*/
 456          
 457          0xFF,0x7F,0xFF,0x9F,0x01,0xE0,0xFD,0xFF,0xED,0xDF,0xDD,0xEF,0x3D,0xF3,0xFD,0xFC,
 458          0x3D,0xF3,0xCD,0xCF,0xFD,0xFF,0x01,0xF0,0xFF,0xCF,0xFF,0xBF,0xFF,0x07,0xFF,0xFF,/*"风",2*/
 459          
 460          0xFF,0xBF,0x01,0xC0,0xFF,0xFF,0x03,0xC0,0xFF,0xFF,0x00,0x00,0xFF,0x7F,0x0D,0xB0,
 461          0xED,0xDF,0xE5,0xE7,0x29,0xF8,0xED,0xEF,0xED,0xDF,0x0D,0xB0,0xFD,0x7F,0xFF,0xFF,/*"顺",3*/
 462          
 463          0xFF,0xEF,0xFF,0xEF,0xF7,0xEF,0xF7,0xEF,0xF7,0xEF,0xF7,0xEF,0xF7,0xEF,0xF7,0xEF,
 464          0xF7,0xEF,0xF7,0xEF,0xF7,0xEF,0xF7,0xEF,0xF7,0xEF,0xFF,0xEF,0xFF,0xEF,0xFF,0xFF,/*"二",4*/
 465          
 466          0xDF,0xFF,0xDF,0xFF,0xDF,0xFF,0x01,0x80,0xDF,0xBF,0xDF,0xBF,0x00,0xB8,0xDF,0xBB,
 467          0xDF,0xBB,0xDF,0xBB,0x00,0xB8,0xDF,0xBF,0xDF,0xBF,0xDF,0xBF,0xDF,0xFF,0xFF,0xFF,/*"世",5*/
 468          
 469          0xEF,0x7F,0xEF,0xBF,0xEF,0xDF,0xEF,0xE7,0xEF,0xF9,0x00,0xBE,0xEF,0xDF,0xEF,0xEF,
 470          0x0F,0xC0,0xEF,0xBB,0xEE,0xBD,0xE9,0xBE,0x2F,0xBF,0xEF,0xBF,0xEF,0x87,0xFF,0xFF,/*"龙",6*/
 471          
 472          0xFF,0x7F,0x01,0x80,0xDD,0xFD,0xDD,0x7D,0x01,0x00,0xD7,0xFE,0x56,0xDF,0x91,0xD2,
 473          0xD7,0xD6,0xC0,0xD6,0xD7,0xD6,0x93,0xB0,0x54,0x77,0xD7,0x86,0xDF,0xFE,0xFF,0xFF,/*"腾",7*/
 474          
 475          0xFF,0xDF,0xFB,0xDF,0x7B,0xDF,0x7B,0xDF,0x7B,0xDF,0x7B,0xDF,0x7B,0xDF,0x7B,0xDF,
 476          0x7B,0xDF,0x7B,0xDF,0x7B,0xDF,0x7B,0xDF,0x7B,0xDF,0xFB,0xDF,0xFF,0xDF,0xFF,0xFF,/*"三",8*/
 477          
 478          0xFF,0xF7,0xF7,0xF7,0x77,0xF7,0x77,0xF7,0x76,0xF7,0x71,0xF7,0x77,0xF7,0x07,0x00,
 479          0x77,0xF7,0x73,0xF7,0x74,0xF7,0x77,0xF7,0x77,0xF7,0xF7,0xF7,0xFF,0xF7,0xFF,0xFF,/*"羊",9*/
 480          
 481          0x7F,0xFF,0x7D,0x7F,0x7D,0xBF,0x7D,0xCF,0x01,0xF0,0x7D,0xFF,0x7D,0xFF,0x7D,0xFF,
 482          0x7D,0xFF,0x7D,0xFF,0x01,0x00,0x7D,0xFF,0x7D,0xFF,0x7D,0xFF,0x7F,0xFF,0xFF,0xFF,/*"开",10*/
 483          
 484          0xBF,0xFB,0xBB,0xDB,0xAB,0xDD,0xAB,0xED,0xAB,0xEA,0x2B,0xB7,0x8B,0x7B,0xA0,0x80,
 485          0xAB,0xF7,0x2B,0xF7,0xAB,0xEA,0xAB,0xED,0xAB,0xDD,0xBB,0xFB,0xBF,0xFB,0xFF,0xFF,/*"泰",11*/
 486          
 487          0xFF,0xFF,0x03,0x80,0xFB,0xD7,0xFB,0xDB,0xFB,0xDC,0x03,0xDF,0xFB,0xDF,0xFB,0xDF,
 488          0xFB,0xDF,0x03,0xDE,0xFB,0xDD,0xFB,0xDD,0xFB,0xDD,0x03,0x80,0xFF,0xFF,0xFF,0xFF,/*"四",12*/
 489          
C51 COMPILER V8.08   SHOWTIME                                                              05/25/2015 12:48:52 PAGE 9   

 490          0xFF,0xF6,0xEF,0xF6,0x6F,0xF7,0x6D,0xF7,0xAD,0xF6,0xCD,0xB6,0xED,0x76,0x01,0x86,
 491          0xED,0xF2,0xCE,0xF4,0xAE,0xF6,0x6E,0xF7,0x6F,0xF7,0xEF,0xF6,0xFF,0xF6,0xFF,0xFF,/*"季",13*/
 492          
 493          0xFF,0xFE,0xFD,0xFE,0xFD,0xFE,0xED,0xFE,0x9D,0xFE,0xFD,0xFE,0xFD,0xFE,0x01,0x00,
 494          0xFD,0xFE,0xFD,0xFE,0xBD,0xFE,0xCD,0xFE,0xFD,0xFE,0xFD,0xFE,0xFF,0xFE,0xFF,0xFF,/*"平",14*/
 495          
 496          0x7F,0xFF,0x6F,0x7F,0x73,0x7F,0x7B,0x7B,0x7B,0xB9,0x7B,0xB6,0x0A,0xD7,0x79,0xEF,
 497          0x7B,0xEF,0x7B,0xD3,0x7B,0xDC,0x7B,0xBF,0x6B,0x7F,0x73,0xFF,0x7F,0xFF,0xFF,0xFF,/*"安",15*/
 498          
 499          0xFF,0xBF,0xFD,0xBF,0xBD,0xBF,0xBD,0xBF,0xBD,0x87,0x3D,0xB8,0x81,0xBF,0xBD,0xBF,
 500          0xBD,0xBF,0xBD,0xBF,0xBD,0xBF,0x3D,0x80,0xFD,0xBF,0xFD,0xBF,0xFF,0xBF,0xFF,0xFF,/*"五",16*/
 501          
 502          0xF7,0xFD,0xF6,0xFE,0x31,0x00,0x47,0xFF,0xF7,0xFC,0xFF,0xFF,0xFD,0x00,0x85,0xB6,
 503          0xB5,0xB6,0xB5,0xB6,0xB5,0x80,0xB5,0xB6,0xB5,0xB6,0x85,0xB6,0xFD,0x00,0xFF,0xFF,/*"福",17*/
 504          
 505          0xFF,0xFF,0x07,0xE0,0xFF,0xFF,0xFF,0xFF,0x00,0x00,0xBF,0xFF,0xDF,0xFF,0xE7,0x80,
 506          0xF0,0xDE,0xE7,0xDE,0x97,0xC0,0xF7,0xDE,0xF7,0xDE,0xF7,0x80,0xF7,0xFF,0xFF,0xFF,/*"临",18*/
 507          
 508          0xFF,0xFF,0x07,0x00,0xFE,0xFF,0xF9,0xFF,0xFF,0xFF,0xFF,0xFF,0xFD,0xFF,0xFD,0xFF,
 509          0xFD,0xFF,0xFD,0xFF,0xFD,0xFF,0xFD,0xBF,0xFD,0x7F,0x01,0x80,0xFF,0xFF,0xFF,0xFF,/*"门",19*/
 510          
 511          0xDF,0xFF,0xDF,0xBF,0xDF,0xDF,0xDF,0xEF,0xDF,0xF3,0xDF,0xFC,0xDE,0xFF,0xDD,0xFF,
 512          0xD3,0xFF,0xDF,0xFE,0xDF,0xFD,0xDF,0xFB,0xDF,0xE7,0xDF,0x9F,0xDF,0xFF,0xFF,0xFF,/*"六",20*/
 513          
 514          0xDF,0xFF,0xDF,0xBF,0xDF,0xDF,0xDF,0xEF,0xDF,0xF3,0xDF,0xFC,0xDE,0xFF,0xDD,0xFF,
 515          0xD3,0xFF,0xDF,0xFE,0xDF,0xFD,0xDF,0xFB,0xDF,0xE7,0xDF,0x9F,0xDF,0xFF,0xFF,0xFF,/*"六",21*/
 516          
 517          0xDF,0x7F,0xDF,0x7F,0xDF,0xBF,0xDF,0xDF,0xDF,0xEF,0xDF,0xF3,0xDF,0xFC,0x00,0xFF,
 518          0xDF,0xFC,0xDF,0xF3,0xDF,0xEF,0xDF,0xDF,0xDF,0xBF,0xDF,0x7F,0xDF,0x7F,0xFF,0xFF,/*"大",22*/
 519          
 520          0xFF,0xBF,0x01,0xC0,0xFF,0xFF,0x03,0xC0,0xFF,0xFF,0x00,0x00,0xFF,0x7F,0x0D,0xB0,
 521          0xED,0xDF,0xE5,0xE7,0x29,0xF8,0xED,0xEF,0xED,0xDF,0x0D,0xB0,0xFD,0x7F,0xFF,0xFF,/*"顺",23*/
 522          
 523          0x7F,0xFF,0x7F,0xFF,0x7F,0xFF,0x7F,0xFF,0x7F,0xFF,0xBF,0xFF,0x00,0xC0,0xBF,0xBF,
 524          0xBF,0xBF,0xBF,0xBF,0xDF,0xBF,0xDF,0xBF,0xDF,0xBF,0xDF,0x87,0xFF,0xFF,0xFF,0xFF,/*"七",24*/
 525          
 526          0xFF,0xFF,0xFF,0xBB,0xFF,0xBD,0x41,0xB6,0xD5,0xB6,0xD5,0xB6,0xD5,0xB6,0x15,0x80,
 527          0xD5,0xB6,0xD5,0xB6,0xD5,0xB6,0xC1,0xB6,0xFF,0xBE,0xFF,0xBF,0xFF,0xFF,0xFF,0xFF,/*"星",25*/
 528          
 529          0xFB,0xFF,0xFB,0x01,0xFB,0xFD,0xFB,0xFD,0x0B,0x85,0x6B,0xB5,0x6A,0xB5,0x69,0xB5,
 530          0x6B,0xB5,0x6B,0xB5,0x0B,0x85,0xFB,0xFD,0xFB,0x7D,0xFB,0x01,0xFB,0xFF,0xFF,0xFF,/*"高",26*/
 531          
 532          0xFF,0x7F,0x01,0x90,0xBD,0xF7,0xBD,0xF7,0xBD,0xD7,0x01,0x30,0xFF,0xFF,0xBD,0xFF,
 533          0x5D,0xD0,0x61,0x37,0x7D,0xF7,0x5D,0xF7,0x3D,0xD7,0x41,0x30,0xFF,0xFF,0xFF,0xFF,/*"照",27*/
 534          
 535          0xFF,0xFF,0xFF,0x7F,0xFF,0x9F,0xFF,0xE7,0xFF,0xF8,0x03,0xFF,0xFF,0xFF,0xFF,0xFF,
 536          0xFF,0xFF,0x81,0xFF,0x7F,0xFC,0xFF,0xF3,0xFF,0xCF,0xFF,0xBF,0xFF,0x7F,0xFF,0xFF,/*"八",28*/
 537          
 538          0xF7,0xFF,0xF7,0x7F,0xF7,0xBF,0xF7,0xDF,0xF7,0xE7,0x07,0xF8,0x76,0xFF,0x71,0xFF,
 539          0x77,0xBF,0x77,0x7F,0x77,0xBF,0x77,0xC0,0xF7,0xFF,0xF7,0xFF,0xF7,0xFF,0xFF,0xFF,/*"方",29*/
 540          
 541          0xBF,0xFF,0xBF,0xBF,0xBD,0xDF,0x33,0xE0,0xFF,0xDF,0x7F,0xBF,0x77,0xAF,0x77,0xB3,
 542          0x00,0xBC,0x77,0xBF,0x77,0xBF,0x00,0xA0,0x77,0xBF,0x77,0xBF,0x7F,0xBF,0xFF,0xFF,/*"进",30*/
 543          
 544          0xEF,0xBF,0xB3,0xBF,0xBB,0xBB,0xBB,0xBB,0xBB,0xBB,0xBB,0xBB,0xBA,0xBB,0x39,0x80,
 545          0xBB,0xBB,0xBB,0xBB,0xBB,0xAB,0xBB,0x9B,0xBB,0xBB,0xAB,0xBF,0xF3,0xBF,0xFF,0xFF,/*"宝",31*/
 546          
 547          0xFF,0x7F,0xEF,0xBF,0xEF,0xDF,0xEF,0xE7,0xEF,0xF8,0x00,0xFF,0xEF,0xFF,0xEF,0xFF,
 548          0xEF,0xFF,0xEF,0xFF,0x0F,0xC0,0xFF,0xBF,0xFF,0xBF,0xFF,0xBF,0xFF,0x87,0xFF,0xFF,/*"九",32*/
 549          
 550          0x7F,0xFF,0x7D,0xFF,0x7D,0xFF,0x7D,0xFF,0x7D,0xFF,0x7D,0xBF,0x7D,0x7F,0x1D,0x80,
 551          0x5D,0xFF,0x6D,0xFF,0x75,0xFF,0x79,0xFF,0x7D,0xFF,0x7F,0xFF,0x7F,0xFF,0xFF,0xFF,/*"子",33*/
C51 COMPILER V8.08   SHOWTIME                                                              05/25/2015 12:48:52 PAGE 10  

 552          
 553          0xFF,0xFE,0xFF,0xBE,0x75,0xBF,0xAD,0xB0,0xDD,0xA6,0xA5,0x96,0xB9,0xB6,0xBF,0xB6,
 554          0xB8,0xB6,0xA7,0x96,0xDB,0xA6,0xAD,0xB0,0x77,0xBF,0xFB,0xBE,0xFF,0xFE,0xFF,0xFF,/*"登",34*/
 555          
 556          0xDB,0xF7,0xDB,0xF9,0x5B,0xFE,0x01,0x00,0x5C,0xFF,0xDD,0xFE,0xFF,0xFB,0xDD,0xFB,
 557          0x33,0xFB,0xFF,0xFB,0xFF,0xFB,0x00,0x00,0xFF,0xFD,0xFF,0xFD,0xFF,0xFD,0xFF,0xFF,/*"科",35*/
 558          
 559          0xBF,0xFF,0xBF,0xFF,0xBF,0xFF,0xBF,0xFF,0xBF,0xFF,0xBF,0xFF,0xBF,0xFF,0x00,0x00,
 560          0xBF,0xFF,0xBF,0xFF,0xBF,0xFF,0xBF,0xFF,0xBF,0xFF,0xBF,0xFF,0xBF,0xFF,0xFF,0xFF,/*"十",36*/
 561          
 562          0x7F,0xFF,0x7F,0xBF,0xBF,0xBF,0xDF,0xBB,0xAF,0xBB,0xB7,0xBB,0xBB,0xBB,0x3C,0x80,
 563          0xBB,0xBB,0xB7,0xBB,0xAF,0xBB,0xDF,0xBB,0xBF,0xBF,0x7F,0xBF,0x7F,0xFF,0xFF,0xFF,/*"全",37*/
 564          
 565          0xBF,0xFF,0xBF,0xFF,0xBF,0xFF,0xBF,0xFF,0xBF,0xFF,0xBF,0xFF,0xBF,0xFF,0x00,0x00,
 566          0xBF,0xFF,0xBF,0xFF,0xBF,0xFF,0xBF,0xFF,0xBF,0xFF,0xBF,0xFF,0xBF,0xFF,0xFF,0xFF,/*"十",38*/
 567          
 568          0xFF,0x7E,0xFB,0x76,0xDB,0x76,0xDB,0xB6,0xDA,0xB6,0xD9,0xD6,0xDB,0xE6,0x03,0xF0,
 569          0xDB,0xE6,0xD9,0xD6,0xDA,0xB6,0xDB,0xB6,0xDB,0x76,0xFB,0x76,0xFF,0x7E,0xFF,0xFF,/*"美",39*/
 570          
 571          0xFD,0xFF,0xFD,0xFF,0x1D,0x00,0xDD,0xBD,0xDD,0xBD,0xCD,0xBD,0xD5,0xBD,0xD9,0xBD,
 572          0xDD,0xBD,0xDD,0xBD,0xDD,0xBD,0xDD,0xBD,0x1D,0x00,0xFD,0xFF,0xFD,0xFF,0xFF,0xFF,/*"百",40*/
 573          
 574          0xFB,0xFB,0xFB,0xFB,0x8B,0xEA,0xAB,0xEA,0xAB,0xEA,0xAB,0xAA,0xAB,0x6A,0x00,0x80,
 575          0xAB,0xEA,0xAB,0xEA,0xAB,0xEA,0xAB,0xEA,0x8B,0xE0,0xFB,0xFB,0xFB,0xFB,0xFF,0xFF,/*"事",41*/
 576          
 577          0xFB,0xFF,0xFB,0xFF,0xFB,0xFD,0x0B,0xFD,0x6B,0xFD,0x6B,0xBD,0x6A,0x7D,0x69,0x85,
 578          0x6B,0xF5,0x6B,0xF9,0x6B,0xF9,0x0B,0xFD,0xFB,0xFF,0xFB,0xFF,0xFB,0xFF,0xFF,0xFF,/*"亨",42*/
 579          
 580          0xBF,0x7F,0xBD,0xBF,0x33,0xC0,0xFF,0xBF,0xFF,0x7F,0x1D,0x00,0xDD,0x76,0xD5,0x76,
 581          0xD5,0x76,0x0D,0x40,0xD5,0x76,0xD9,0x56,0xDD,0x36,0x1F,0x40,0xFF,0x7F,0xFF,0xFF,/*"通",43*/
 582          
 583          0xFB,0x7F,0xFB,0xBF,0xFB,0xDF,0xFB,0xE7,0xFB,0xF9,0x03,0xFE,0xBB,0xFF,0xBB,0xFF,
 584          0xBB,0xBF,0xBB,0x7F,0xBB,0xBF,0x3B,0xC0,0xFB,0xFF,0xFB,0xFF,0xFB,0xFF,0xFF,0xFF,/*"万",44*/
 585          
 586          0xFB,0xFB,0xFB,0xFB,0x8B,0xEA,0xAB,0xEA,0xAB,0xEA,0xAB,0xAA,0xAB,0x6A,0x00,0x80,
 587          0xAB,0xEA,0xAB,0xEA,0xAB,0xEA,0xAB,0xEA,0x8B,0xE0,0xFB,0xFB,0xFB,0xFB,0xFF,0xFF,/*"事",45*/
 588          
 589          0xEF,0x7F,0xEF,0xBE,0x0F,0xDD,0xE0,0xEB,0xEF,0xF7,0xEF,0xE9,0x0F,0x9E,0xFF,0xFF,
 590          0xFF,0xFF,0x07,0x80,0xF7,0xDF,0xF7,0xDF,0xF7,0xDF,0x07,0x80,0xFF,0xFF,0xFF,0xFF,/*"如",46*/
 591          
 592          0xEF,0xBF,0xEF,0xCF,0xED,0xFF,0x2D,0x88,0xA9,0x7A,0xA5,0x7A,0xAD,0x72,0xAC,0x4A,
 593          0xAD,0x7A,0xA5,0x7A,0xA9,0x7A,0x2D,0x18,0xED,0xFF,0xEF,0xEF,0xEF,0x9F,0xFF,0xFF,/*"意",47*/
 594          
 595          
 596          };
 597          const uchar code lshuzi[11][8]=
 598          {
 599          0xFF,0x83,0x7D,0x7D,0x83,0xFF,0xFF,0xFF,/*"0",0*/
 600          
 601          0xFF,0xBD,0x01,0xFD,0xFF,0xFF,0xFF,0xFF,/*"1",1*/
 602          
 603          0xFF,0xB9,0x75,0x6D,0x9D,0xFF,0xFF,0xFF,/*"2",2*/
 604          
 605          0xFF,0xBB,0x6D,0x6D,0x93,0xFF,0xFF,0xFF,/*"3",3*/
 606          
 607          0xFF,0xE3,0x9B,0x01,0xFB,0xFF,0xFF,0xFF,/*"4",4*/
 608          
 609          0xFF,0x0D,0x6D,0x6D,0x73,0xFF,0xFF,0xFF,/*"5",5*/
 610          
 611          0xFF,0x83,0x6D,0x6D,0xB3,0xFF,0xFF,0xFF,/*"6",6*/
 612          
 613          0xFF,0x3F,0x71,0x6F,0x1F,0xFF,0xFF,0xFF,/*"7",7*/
C51 COMPILER V8.08   SHOWTIME                                                              05/25/2015 12:48:52 PAGE 11  

 614          
 615          0xFF,0x93,0x6D,0x6D,0x93,0xFF,0xFF,0xFF,/*"8",8*/
 616          
 617          0xFF,0x9B,0x6D,0x6D,0x83,0xFF,0xFF,0xFF,/*"9",9*/
 618          
 619          0xFF,0xFF,0xBB,0xBB,0xFF,0xFF,0xFF,0xFF,/*":",10*/
 620          
 621          };
 622          //PC2002字幕软件  配置 （逐列 阳码 逆向 左右反转） 字大小宽16X16高 http://59tiaoba.taobao.com
 623          uchar code Lzimo[]={
 624          
 625          0xFF,0xFF,0xFF,0xFF,0xFF,0xFF,0xFF,0xFF,0xFF,0xFF,0xFF,0xFF,0xFF,0xFF,0xFF,0xFF,/*" ",0*/
 626          
 627          0xFF,0xFF,0xFF,0xFF,0xFF,0xFF,0xFF,0xFF,0xFF,0xFF,0xFF,0xFF,0xFF,0xFF,0xFF,0xFF,/*" ",1*/
 628          
 629          0xFF,0xFF,0xFF,0xFF,0xFF,0xFF,0xFF,0xFF,0xFF,0xFF,0xFF,0xFF,0xFF,0xFF,0xFF,0xFF,/*" ",2*/
 630          
 631          0xFF,0xFF,0xFF,0xFF,0xFF,0xFF,0xFF,0xFF,0xFF,0xFF,0xFF,0xFF,0xFF,0xFF,0xFF,0xFF,/*" ",3*/
 632          
 633          0xFF,0xFF,0xFF,0xFF,0xFF,0xFF,0xFF,0xFF,0xFF,0xFF,0xFF,0xFF,0xFF,0xFF,0xFF,0xFF,/*" ",4*/
 634          
 635          0xFF,0xFF,0xFF,0xFF,0xFF,0xFF,0xFF,0xFF,0xFF,0xFF,0xFF,0xFF,0xFF,0xFF,0xFF,0xFF,/*" ",0*/
 636          
 637          0xFF,0xFF,0xFF,0xFF,0xFF,0xFF,0xFF,0xFF,0xFF,0xFF,0xFF,0xFF,0xFF,0xFF,0xFF,0xFF,/*" ",1*/
 638          
 639          0xFF,0xFF,0xFF,0xFF,0xFF,0xFF,0xFF,0xFF,0xFF,0xFF,0xFF,0xFF,0xFF,0xFF,0xFF,0xFF,/*" ",2*/
 640          
 641          0xFF,0xFF,0xFF,0xFF,0xFF,0xFF,0xFF,0xFF,0xFF,0xFF,0xFF,0xFF,0xFF,0xFF,0xFF,0xFF,/*" ",3*/
 642          
 643          0xFF,0xFF,0xFF,0xFF,0xFF,0xFF,0xFF,0xFF,0xFF,0xFF,0xFF,0xFF,0xFF,0xFF,0xFF,0xFF,/*" ",4*/
 644          
 645          
 646          0xFF,0xFF,0xFF,0xFF,0xFF,0xFF,0xFF,0xFF,0xFF,0xFF,0xFF,0xFF,0xFF,0xFF,0xFF,0xFF,/*" ",0*/
 647          
 648          0xFF,0xFF,0xFF,0xFF,0xFF,0xFF,0xFF,0xFF,0xFF,0xFF,0xFF,0xFF,0xFF,0xFF,0xFF,0xFF,/*" ",1*/
 649          
 650          0xFF,0xFF,0xFF,0xFF,0xFF,0xFF,0xFF,0xFF,0xFF,0xFF,0xFF,0xFF,0xFF,0xFF,0xFF,0xFF,/*" ",2*/
 651          
 652          0xFF,0xFF,0xFF,0xFF,0xFF,0xFF,0xFF,0xFF,0xFF,0xFF,0xFF,0xFF,0xFF,0xFF,0xFF,0xFF,/*" ",3*/
 653          
 654          0xFF,0xFF,0xFF,0xFF,0xFF,0xFF,0xFF,0xFF,0xFF,0xFF,0xFF,0xFF,0xFF,0xFF,0xFF,0xFF,/*" ",4*/
 655          
 656          0xFF,0xFF,0x1F,0xF0,0xEF,0xEF,0xF7,0xDF,0xF7,0xDF,0xF7,0xDF,0x07,0xC0,0xF7,0xDF,/*"D",5*/
 657          
 658          0xFF,0xFF,0xFF,0xFF,0xF7,0xDF,0xF7,0xDF,0x07,0xC0,0xF7,0xDF,0xF7,0xDF,0xFF,0xFF,/*"I",6*/
 659          
 660          0xFF,0xFF,0xF7,0xFF,0xC7,0xFF,0x37,0xDF,0xFF,0xC0,0x37,0xDF,0xC7,0xFF,0xF7,0xFF,/*"Y",7*/
 661          
 662          0xFF,0xFF,0xFF,0x1F,0x01,0x7C,0xFD,0x7F,0xFD,0x81,0x0D,0xFE,0xFD,0xF9,0xFD,0xE7,
 663          0x01,0xDC,0xFF,0xBF,0xFF,0x7C,0x67,0xFF,0x11,0x00,0x76,0xFF,0xF7,0xFE,0xF7,0xFD,/*"视",8*/
 664          
 665          0xFF,0xFF,0xFF,0xF7,0xFF,0xF7,0xFF,0xFB,0x01,0xFB,0x6D,0xFD,0x6D,0x01,0x6D,0xFE,
 666          0x01,0xFF,0x6D,0xFE,0x6D,0xE1,0x6D,0x9D,0x01,0x7B,0xFF,0xFB,0xFF,0xF7,0xFF,0xF7,/*"界",9*/
 667          
 668          0xFF,0xFF,0xFF,0x87,0x81,0xBF,0xBD,0xBF,0x3D,0xC0,0xBD,0xFF,0xBD,0xFF,0x3D,0xF8,
 669          0xBD,0xE7,0x81,0xDF,0xFF,0xBC,0x67,0x7F,0x11,0x00,0x76,0xFF,0xF7,0xFE,0xF7,0xFD,/*"祝",10*/
 670          
 671          0xFF,0xFF,0xDF,0x7F,0xDF,0x7F,0xDF,0xBF,0xDF,0xDF,0xDF,0xEF,0xDF,0xF3,0xDF,0xFC,
 672          0x00,0xFF,0xDF,0xFC,0xDF,0xF3,0xDF,0xEF,0xDF,0xDF,0xDF,0xBF,0xDF,0x7F,0xDF,0x7F,/*"大",11*/
 673          
 674          0xFF,0xFF,0xF3,0xDF,0xCB,0xDF,0x5B,0xEF,0xDB,0xEE,0xDB,0xF5,0xDB,0xFB,0xDB,0x80,
 675          0x59,0x76,0x9A,0xAD,0x5B,0xEB,0x5B,0xDB,0xDB,0xD6,0xDB,0xB6,0xD3,0xB6,0xEF,0xBF,/*"家",12*/
C51 COMPILER V8.08   SHOWTIME                                                              05/25/2015 12:48:52 PAGE 12  

 676          
 677          
 678          
 679          0xFF,0xFF,0x7F,0xFF,0x7F,0xFF,0x7F,0xFF,0x7F,0xFF,0x7F,0xFF,0x7F,0xFF,0x7F,0xFF,
 680          0x7F,0xFF,0x7F,0xFF,0x7F,0xFF,0x7F,0xFF,0x7F,0xFF,0x7F,0xFF,0x7F,0xFF,0x7F,0xFF,/*"一",0*/
 681          
 682          0xFF,0xFF,0xFF,0x87,0xFF,0xBF,0xFF,0xBF,0x01,0xC0,0xFD,0xFF,0x7D,0xFE,0xBD,0xFF,
 683          0x01,0xE0,0xFF,0x9F,0x07,0x70,0xF7,0xF7,0x00,0x00,0xF7,0xFF,0x07,0xF0,0xFF,0xFF,/*"帆",1*/
 684          
 685          0xFF,0xFF,0xFF,0x07,0xFF,0xBF,0xFF,0xCF,0x01,0xF0,0xFD,0xFF,0xCD,0xCF,0x3D,0xF3,
 686          0xFD,0xFC,0x3D,0xF3,0xDD,0xEF,0xED,0xDF,0xFD,0xFF,0x01,0xE0,0xFF,0x9F,0xFF,0x7F,/*"风",2*/
 687          
 688          0xFF,0xFF,0xFD,0x7F,0x0D,0xB0,0xED,0xDF,0xED,0xEF,0x29,0xF8,0xE5,0xE7,0xED,0xDF,
 689          0x0D,0xB0,0xFF,0x7F,0x00,0x00,0xFF,0xFF,0x03,0xC0,0xFF,0xFF,0x01,0xC0,0xFF,0xBF,/*"顺",3*/
 690          
 691          0xFF,0xFF,0xFF,0xEF,0xFF,0xEF,0xF7,0xEF,0xF7,0xEF,0xF7,0xEF,0xF7,0xEF,0xF7,0xEF,
 692          0xF7,0xEF,0xF7,0xEF,0xF7,0xEF,0xF7,0xEF,0xF7,0xEF,0xF7,0xEF,0xFF,0xEF,0xFF,0xEF,/*"二",4*/
 693          
 694          0xFF,0xFF,0xDF,0xFF,0xDF,0xBF,0xDF,0xBF,0xDF,0xBF,0x00,0xB8,0xDF,0xBB,0xDF,0xBB,
 695          0xDF,0xBB,0x00,0xB8,0xDF,0xBF,0xDF,0xBF,0x01,0x80,0xDF,0xFF,0xDF,0xFF,0xDF,0xFF,/*"世",5*/
 696          
 697          0xFF,0xFF,0xEF,0x87,0xEF,0xBF,0x2F,0xBF,0xE9,0xBE,0xEE,0xBD,0xEF,0xBB,0x0F,0xC0,
 698          0xEF,0xEF,0xEF,0xDF,0x00,0xBE,0xEF,0xF9,0xEF,0xE7,0xEF,0xDF,0xEF,0xBF,0xEF,0x7F,/*"龙",6*/
 699          
 700          0xFF,0xFF,0xDF,0xFE,0xD7,0x86,0x54,0x77,0x93,0xB0,0xD7,0xD6,0xC0,0xD6,0xD7,0xD6,
 701          0x91,0xD2,0x56,0xDF,0xD7,0xFE,0x01,0x00,0xDD,0x7D,0xDD,0xFD,0x01,0x80,0xFF,0x7F,/*"腾",7*/
 702          
 703          0xFF,0xFF,0xFF,0xDF,0xFB,0xDF,0x7B,0xDF,0x7B,0xDF,0x7B,0xDF,0x7B,0xDF,0x7B,0xDF,
 704          0x7B,0xDF,0x7B,0xDF,0x7B,0xDF,0x7B,0xDF,0x7B,0xDF,0x7B,0xDF,0xFB,0xDF,0xFF,0xDF,/*"三",8*/
 705          
 706          0xFF,0xFF,0xFF,0xF7,0xF7,0xF7,0x77,0xF7,0x77,0xF7,0x74,0xF7,0x73,0xF7,0x77,0xF7,
 707          0x07,0x00,0x77,0xF7,0x71,0xF7,0x76,0xF7,0x77,0xF7,0x77,0xF7,0xF7,0xF7,0xFF,0xF7,/*"羊",9*/
 708          
 709          0xFF,0xFF,0x7F,0xFF,0x7D,0xFF,0x7D,0xFF,0x7D,0xFF,0x01,0x00,0x7D,0xFF,0x7D,0xFF,
 710          0x7D,0xFF,0x7D,0xFF,0x7D,0xFF,0x01,0xF0,0x7D,0xCF,0x7D,0xBF,0x7D,0x7F,0x7F,0xFF,/*"开",10*/
 711          
 712          0xFF,0xFF,0xBF,0xFB,0xBB,0xFB,0xAB,0xDD,0xAB,0xED,0xAB,0xEA,0x2B,0xF7,0xAB,0xF7,
 713          0xA0,0x80,0x8B,0x7B,0x2B,0xB7,0xAB,0xEA,0xAB,0xED,0xAB,0xDD,0xBB,0xDB,0xBF,0xFB,/*"泰",11*/
 714          
 715          0xFF,0xFF,0xFF,0xFF,0x03,0x80,0xFB,0xDD,0xFB,0xDD,0xFB,0xDD,0x03,0xDE,0xFB,0xDF,
 716          0xFB,0xDF,0xFB,0xDF,0x03,0xDF,0xFB,0xDC,0xFB,0xDB,0xFB,0xD7,0x03,0x80,0xFF,0xFF,/*"四",12*/
 717          
 718          0xFF,0xFF,0xFF,0xF6,0xEF,0xF6,0x6F,0xF7,0x6E,0xF7,0xAE,0xF6,0xCE,0xF4,0xED,0xF2,
 719          0x01,0x86,0xED,0x76,0xCD,0xB6,0xAD,0xF6,0x6D,0xF7,0x6F,0xF7,0xEF,0xF6,0xFF,0xF6,/*"季",13*/
 720          
 721          0xFF,0xFF,0xFF,0xFE,0xFD,0xFE,0xFD,0xFE,0xCD,0xFE,0xBD,0xFE,0xFD,0xFE,0xFD,0xFE,
 722          0x01,0x00,0xFD,0xFE,0xFD,0xFE,0x9D,0xFE,0xED,0xFE,0xFD,0xFE,0xFD,0xFE,0xFF,0xFE,/*"平",14*/
 723          
 724          0xFF,0xFF,0x7F,0xFF,0x73,0xFF,0x6B,0x7F,0x7B,0xBF,0x7B,0xDC,0x7B,0xD3,0x7B,0xEF,
 725          0x79,0xEF,0x0A,0xD7,0x7B,0xB6,0x7B,0xB9,0x7B,0x7B,0x73,0x7F,0x6F,0x7F,0x7F,0xFF,/*"安",15*/
 726          
 727          0xFF,0xFF,0xFF,0xBF,0xFD,0xBF,0xFD,0xBF,0x3D,0x80,0xBD,0xBF,0xBD,0xBF,0xBD,0xBF,
 728          0xBD,0xBF,0x81,0xBF,0x3D,0xB8,0xBD,0x87,0xBD,0xBF,0xBD,0xBF,0xFD,0xBF,0xFF,0xBF,/*"五",16*/
 729          
 730          0xFF,0xFF,0xFD,0x00,0x85,0xB6,0xB5,0xB6,0xB5,0xB6,0xB5,0x80,0xB5,0xB6,0xB5,0xB6,
 731          0x85,0xB6,0xFD,0x00,0xFF,0xFF,0xF7,0xFC,0x47,0xFF,0x31,0x00,0xF6,0xFE,0xF7,0xFD,/*"福",17*/
 732          
 733          0xFF,0xFF,0xF7,0xFF,0xF7,0x80,0xF7,0xDE,0xF7,0xDE,0x97,0xC0,0xE7,0xDE,0xF0,0xDE,
 734          0xE7,0x80,0xDF,0xFF,0xBF,0xFF,0x00,0x00,0xFF,0xFF,0xFF,0xFF,0x07,0xE0,0xFF,0xFF,/*"临",18*/
 735          
 736          0xFF,0xFF,0xFF,0xFF,0x01,0x80,0xFD,0x7F,0xFD,0xBF,0xFD,0xFF,0xFD,0xFF,0xFD,0xFF,
 737          0xFD,0xFF,0xFD,0xFF,0xFF,0xFF,0xFF,0xFF,0xF9,0xFF,0xFE,0xFF,0x07,0x00,0xFF,0xFF,/*"门",19*/
C51 COMPILER V8.08   SHOWTIME                                                              05/25/2015 12:48:52 PAGE 13  

 738          
 739          0xFF,0xFF,0xDF,0xFF,0xDF,0x9F,0xDF,0xE7,0xDF,0xFB,0xDF,0xFD,0xDF,0xFE,0xD3,0xFF,
 740          0xDD,0xFF,0xDE,0xFF,0xDF,0xFC,0xDF,0xF3,0xDF,0xEF,0xDF,0xDF,0xDF,0xBF,0xDF,0xFF,/*"六",20*/
 741          
 742          0xFF,0xFF,0xDF,0xFF,0xDF,0x9F,0xDF,0xE7,0xDF,0xFB,0xDF,0xFD,0xDF,0xFE,0xD3,0xFF,
 743          0xDD,0xFF,0xDE,0xFF,0xDF,0xFC,0xDF,0xF3,0xDF,0xEF,0xDF,0xDF,0xDF,0xBF,0xDF,0xFF,/*"六",21*/
 744          
 745          0xFF,0xFF,0xDF,0x7F,0xDF,0x7F,0xDF,0xBF,0xDF,0xDF,0xDF,0xEF,0xDF,0xF3,0xDF,0xFC,
 746          0x00,0xFF,0xDF,0xFC,0xDF,0xF3,0xDF,0xEF,0xDF,0xDF,0xDF,0xBF,0xDF,0x7F,0xDF,0x7F,/*"大",22*/
 747          
 748          0xFF,0xFF,0xFD,0x7F,0x0D,0xB0,0xED,0xDF,0xED,0xEF,0x29,0xF8,0xE5,0xE7,0xED,0xDF,
 749          0x0D,0xB0,0xFF,0x7F,0x00,0x00,0xFF,0xFF,0x03,0xC0,0xFF,0xFF,0x01,0xC0,0xFF,0xBF,/*"顺",23*/
 750          
 751          0xFF,0xFF,0xFF,0xFF,0xDF,0x87,0xDF,0xBF,0xDF,0xBF,0xDF,0xBF,0xBF,0xBF,0xBF,0xBF,
 752          0xBF,0xBF,0x00,0xC0,0xBF,0xFF,0x7F,0xFF,0x7F,0xFF,0x7F,0xFF,0x7F,0xFF,0x7F,0xFF,/*"七",24*/
 753          
 754          0xFF,0xFF,0xFF,0xFF,0xFF,0xBF,0xFF,0xBE,0xC1,0xB6,0xD5,0xB6,0xD5,0xB6,0xD5,0xB6,
 755          0x15,0x80,0xD5,0xB6,0xD5,0xB6,0xD5,0xB6,0x41,0xB6,0xFF,0xBD,0xFF,0xBB,0xFF,0xFF,/*"星",25*/
 756          
 757          0xFF,0xFF,0xFB,0xFF,0xFB,0x01,0xFB,0x7D,0xFB,0xFD,0x0B,0x85,0x6B,0xB5,0x6B,0xB5,
 758          0x69,0xB5,0x6A,0xB5,0x6B,0xB5,0x0B,0x85,0xFB,0xFD,0xFB,0xFD,0xFB,0x01,0xFB,0xFF,/*"高",26*/
 759          
 760          0xFF,0xFF,0xFF,0xFF,0x41,0x30,0x3D,0xD7,0x5D,0xF7,0x7D,0xF7,0x61,0x37,0x5D,0xD0,
 761          0xBD,0xFF,0xFF,0xFF,0x01,0x30,0xBD,0xD7,0xBD,0xF7,0xBD,0xF7,0x01,0x90,0xFF,0x7F,/*"照",27*/
 762          
 763          0xFF,0xFF,0xFF,0x7F,0xFF,0xBF,0xFF,0xCF,0xFF,0xF3,0x7F,0xFC,0x81,0xFF,0xFF,0xFF,
 764          0xFF,0xFF,0xFF,0xFF,0x03,0xFF,0xFF,0xF8,0xFF,0xE7,0xFF,0x9F,0xFF,0x7F,0xFF,0xFF,/*"八",28*/
 765          
 766          0xFF,0xFF,0xF7,0xFF,0xF7,0xFF,0xF7,0xFF,0x77,0xC0,0x77,0xBF,0x77,0x7F,0x77,0xBF,
 767          0x71,0xFF,0x76,0xFF,0x07,0xF8,0xF7,0xE7,0xF7,0xDF,0xF7,0xBF,0xF7,0x7F,0xF7,0xFF,/*"方",29*/
 768          
 769          0xFF,0xFF,0x7F,0xBF,0x77,0xBF,0x77,0xBF,0x00,0xA0,0x77,0xBF,0x77,0xBF,0x00,0xBC,
 770          0x77,0xB3,0x77,0xAF,0x7F,0xBF,0xFF,0xDF,0x33,0xE0,0xBD,0xDF,0xBF,0xBF,0xBF,0xFF,/*"进",30*/
 771          
 772          0xFF,0xFF,0xF3,0xBF,0xAB,0xBF,0xBB,0xBB,0xBB,0x9B,0xBB,0xAB,0xBB,0xBB,0xBB,0xBB,
 773          0x39,0x80,0xBA,0xBB,0xBB,0xBB,0xBB,0xBB,0xBB,0xBB,0xBB,0xBB,0xB3,0xBF,0xEF,0xBF,/*"宝",31*/
 774          
 775          0xFF,0xFF,0xFF,0x87,0xFF,0xBF,0xFF,0xBF,0xFF,0xBF,0x0F,0xC0,0xEF,0xFF,0xEF,0xFF,
 776          0xEF,0xFF,0xEF,0xFF,0x00,0xFF,0xEF,0xF8,0xEF,0xE7,0xEF,0xDF,0xEF,0xBF,0xFF,0x7F,/*"九",32*/
 777          
 778          0xFF,0xFF,0x7F,0xFF,0x7F,0xFF,0x7D,0xFF,0x79,0xFF,0x75,0xFF,0x6D,0xFF,0x5D,0xFF,
 779          0x1D,0x80,0x7D,0x7F,0x7D,0xBF,0x7D,0xFF,0x7D,0xFF,0x7D,0xFF,0x7D,0xFF,0x7F,0xFF,/*"子",33*/
 780          
 781          0xFF,0xFF,0xFF,0xFE,0xFB,0xBE,0x77,0xBF,0xAD,0xB0,0xDB,0xA6,0xA7,0x96,0xB8,0xB6,
 782          0xBF,0xB6,0xB9,0xB6,0xA5,0x96,0xDD,0xA6,0xAD,0xB0,0x75,0xBF,0xFF,0xBE,0xFF,0xFE,/*"登",34*/
 783          
 784          0xFF,0xFF,0xFF,0xFD,0xFF,0xFD,0xFF,0xFD,0x00,0x00,0xFF,0xFB,0xFF,0xFB,0x33,0xFB,
 785          0xDD,0xFB,0xFF,0xFB,0xDD,0xFE,0x5C,0xFF,0x01,0x00,0x5B,0xFE,0xDB,0xF9,0xDB,0xF7,/*"科",35*/
 786          
 787          0xFF,0xFF,0xBF,0xFF,0xBF,0xFF,0xBF,0xFF,0xBF,0xFF,0xBF,0xFF,0xBF,0xFF,0xBF,0xFF,
 788          0x00,0x00,0xBF,0xFF,0xBF,0xFF,0xBF,0xFF,0xBF,0xFF,0xBF,0xFF,0xBF,0xFF,0xBF,0xFF,/*"十",36*/
 789          
 790          0xFF,0xFF,0x7F,0xFF,0x7F,0xBF,0xBF,0xBF,0xDF,0xBB,0xAF,0xBB,0xB7,0xBB,0xBB,0xBB,
 791          0x3C,0x80,0xBB,0xBB,0xB7,0xBB,0xAF,0xBB,0xDF,0xBB,0xBF,0xBF,0x7F,0xBF,0x7F,0xFF,/*"全",37*/
 792          
 793          0xFF,0xFF,0xBF,0xFF,0xBF,0xFF,0xBF,0xFF,0xBF,0xFF,0xBF,0xFF,0xBF,0xFF,0xBF,0xFF,
 794          0x00,0x00,0xBF,0xFF,0xBF,0xFF,0xBF,0xFF,0xBF,0xFF,0xBF,0xFF,0xBF,0xFF,0xBF,0xFF,/*"十",38*/
 795          
 796          0xFF,0xFF,0xFF,0x7E,0xFB,0x76,0xDB,0x76,0xDB,0xB6,0xDA,0xB6,0xD9,0xD6,0xDB,0xE6,
 797          0x03,0xF0,0xDB,0xE6,0xD9,0xD6,0xDA,0xB6,0xDB,0xB6,0xDB,0x76,0xFB,0x76,0xFF,0x7E,/*"美",39*/
 798          
 799          0xFF,0xFF,0xFD,0xFF,0xFD,0xFF,0x1D,0x00,0xDD,0xBD,0xDD,0xBD,0xDD,0xBD,0xDD,0xBD,
C51 COMPILER V8.08   SHOWTIME                                                              05/25/2015 12:48:52 PAGE 14  

 800          0xD9,0xBD,0xD5,0xBD,0xCD,0xBD,0xDD,0xBD,0xDD,0xBD,0x1D,0x00,0xFD,0xFF,0xFD,0xFF,/*"百",40*/
 801          
 802          0xFF,0xFF,0xFB,0xFB,0xFB,0xFB,0x8B,0xE0,0xAB,0xEA,0xAB,0xEA,0xAB,0xEA,0xAB,0xEA,
 803          0x00,0x80,0xAB,0x6A,0xAB,0xAA,0xAB,0xEA,0xAB,0xEA,0x8B,0xEA,0xFB,0xFB,0xFB,0xFB,/*"事",41*/
 804          
 805          0xFF,0xFF,0xFB,0xFF,0xFB,0xFF,0xFB,0xFF,0x0B,0xFD,0x6B,0xF9,0x6B,0xF9,0x6B,0xF5,
 806          0x69,0x85,0x6A,0x7D,0x6B,0xBD,0x6B,0xFD,0x0B,0xFD,0xFB,0xFD,0xFB,0xFF,0xFB,0xFF,/*"亨",42*/
 807          
 808          0xFF,0xFF,0xFF,0x7F,0x1F,0x40,0xDD,0x36,0xD9,0x56,0xD5,0x76,0x0D,0x40,0xD5,0x76,
 809          0xD5,0x76,0xDD,0x76,0x1D,0x00,0xFF,0x7F,0xFF,0xBF,0x33,0xC0,0xBD,0xBF,0xBF,0x7F,/*"通",43*/
 810          
 811          0xFF,0xFF,0xFB,0xFF,0xFB,0xFF,0xFB,0xFF,0x3B,0xC0,0xBB,0xBF,0xBB,0x7F,0xBB,0xBF,
 812          0xBB,0xFF,0xBB,0xFF,0x03,0xFE,0xFB,0xF9,0xFB,0xE7,0xFB,0xDF,0xFB,0xBF,0xFB,0x7F,/*"万",44*/
 813          
 814          0xFF,0xFF,0xFB,0xFB,0xFB,0xFB,0x8B,0xE0,0xAB,0xEA,0xAB,0xEA,0xAB,0xEA,0xAB,0xEA,
 815          0x00,0x80,0xAB,0x6A,0xAB,0xAA,0xAB,0xEA,0xAB,0xEA,0x8B,0xEA,0xFB,0xFB,0xFB,0xFB,/*"事",45*/
 816          
 817          0xFF,0xFF,0xFF,0xFF,0x07,0x80,0xF7,0xDF,0xF7,0xDF,0xF7,0xDF,0x07,0x80,0xFF,0xFF,
 818          0xFF,0xFF,0x0F,0x9E,0xEF,0xE9,0xEF,0xF7,0xE0,0xEB,0x0F,0xDD,0xEF,0xBE,0xEF,0x7F,/*"如",46*/
 819          
 820          0xFF,0xFF,0xEF,0x9F,0xEF,0xEF,0xED,0xFF,0x2D,0x18,0xA9,0x7A,0xA5,0x7A,0xAD,0x7A,
 821          0xAC,0x4A,0xAD,0x72,0xA5,0x7A,0xA9,0x7A,0x2D,0x88,0xED,0xFF,0xEF,0xCF,0xEF,0xBF,/*"意",47*/
 822          
 823          
 824           };
 825          
 826          /*********************************************************************************/
 827          /*************************************************************************************
 828          ************************************************************************************
 829          ***********************                                     ***************************
 830          ***********************    http://59tiaoba.taobao.com       ***************************
 831          ***********************                                     ***************************
 832          ************************************************************************************
 833          **********************************************************************************/


MODULE INFORMATION:   STATIC OVERLAYABLE
   CODE SIZE        =   1717    ----
   CONSTANT SIZE    =   4328    ----
   XDATA SIZE       =     20    ----
   PDATA SIZE       =   ----    ----
   DATA SIZE        =      8       4
   IDATA SIZE       =   ----    ----
   BIT SIZE         =      1    ----
END OF MODULE INFORMATION.


C51 COMPILATION COMPLETE.  0 WARNING(S),  0 ERROR(S)
