C51 COMPILER V9.56.0.0   TASK                                                              06/09/2018 13:09:09 PAGE 1   


C51 COMPILER V9.56.0.0, COMPILATION OF MODULE TASK
OBJECT MODULE PLACED IN task.OBJ
COMPILER INVOKED BY: F:\KEILC51+MDK\C51\BIN\C51.EXE task.c OPTIMIZE(8,SPEED) BROWSE DEBUG OBJECTEXTEND

line level    source

   1          /*************************************************************
   2                               双轴文字显示程序
   3          程序编写：Fucp   2015-2-4
   4          DIY套件  http://59tiaoba.taobao.com
   5          
   6          单片机 IAP15W4K61S4  或者其他STC15W系列 晶振18.432M
   7          字模软件用  PC2002
   8          逐列取模方式
   9          
  10          电机旋转方向 顺时针
  11          /***********************************************************
  12          说明：双轴同时显示文字
  13          
  14          
  15          *************************************************************/
  16          #include "NEW_8051.H"
  17          #define uchar unsigned char
  18          #define uint unsigned int    //宏定义
  19          
  20          
  21          sbit D1=P0^4; //定义每个IO控制的LED
  22          sbit D2=P0^3;  
  23          sbit D3=P0^2;
  24          sbit D4=P0^1;
  25          sbit D5=P0^0;
  26          sbit D6=P4^6;  
  27          sbit D7=P4^5;
  28          sbit D8=P7^7;   
  29          sbit D9=P7^6;
  30          sbit D10=P7^5;  
  31          sbit D11=P7^4;
  32          sbit D12=P2^7;  
  33          sbit D13=P2^6;
  34          sbit D14=P2^5;  
  35          sbit D15=P2^4;
  36          sbit D16=P2^3;
  37                  
  38          sbit D17=P2^1;
  39          sbit D18=P2^0;  
  40          sbit D19=P4^4;
  41          sbit D20=P4^3;  
  42          sbit D21=P4^2;
  43          sbit D22=P6^3;  
  44          sbit D23=P1^0;
  45          sbit D24=P1^1;  
  46          sbit D25=P4^7;
  47          sbit D26=P1^2;  
  48          sbit D27=P1^3;
  49          sbit D28=P1^4;
  50          sbit D29=P1^5;  
  51          sbit D30=P1^6;
  52          sbit D31=P1^7;  
  53          sbit D32=P5^4;
  54          sbit D33=P5^5;  
  55          sbit D34=P4^0;
C51 COMPILER V9.56.0.0   TASK                                                              06/09/2018 13:09:09 PAGE 2   

  56          sbit D35=P6^5;  
  57          sbit D36=P6^6;
  58          sbit D37=P6^7;  
  59          sbit D38=P3^4;
  60          sbit D39=P5^0;  
  61          sbit D40=P3^6;
  62          sbit D41=P3^5;  
  63          sbit D42=P5^1;
  64          sbit D43=P3^7;  
  65          sbit D44=P7^0;
  66          sbit D45=P7^1;  
  67          sbit D46=P7^2;
  68          sbit D47=P7^3;  
  69          sbit D48=P4^1;
  70                  
  71          uchar code zimo[];
  72          uchar code dazimo[];
  73          uchar k;
  74          bit Scan_bit=0;
  75          bit BIT_timeout=0;
  76          uint i=0,j=0;
  77          #define ucNumRows 190 //定义一周显示列数
  78          /***************************************/
  79          void Show_R(uchar r1,uchar r2)//送显示
  80          {
  81   1              D1=(bit)(r1&0x01);
  82   1              D2=(bit)(r1&0x02);
  83   1              D3=(bit)(r1&0x04);
  84   1              D4=(bit)(r1&0x08);
  85   1              D5=(bit)(r1&0x10);
  86   1              D6=(bit)(r1&0x20);
  87   1              D7=(bit)(r1&0x40);
  88   1              D8=(bit)(r1&0x80);
  89   1      
  90   1              D9=(bit)(r2&0x01);
  91   1              D10=(bit)(r2&0x02);
  92   1              D11=(bit)(r2&0x04);
  93   1              D12=(bit)(r2&0x08);
  94   1              D13=(bit)(r2&0x10);
  95   1              D14=(bit)(r2&0x20);
  96   1              D15=(bit)(r2&0x40);
  97   1              D16=(bit)(r2&0x80);
  98   1                              
  99   1      }
 100          void Show_P(uchar l1,uchar l2,uchar l3,uchar l4)//送显示
 101          {
 102   1              D17=(bit)(l1&0x01);
 103   1              D18=(bit)(l1&0x02);
 104   1              D19=(bit)(l1&0x04);
 105   1              D20=(bit)(l1&0x08);
 106   1              D21=(bit)(l1&0x10);
 107   1              D22=(bit)(l1&0x20);
 108   1              D23=(bit)(l1&0x40);
 109   1              D24=(bit)(l1&0x80);
 110   1      
 111   1              D25=(bit)(l2&0x01);
 112   1              D26=(bit)(l2&0x02);
 113   1              D27=(bit)(l2&0x04);
 114   1              D28=(bit)(l2&0x08);
 115   1              D29=(bit)(l2&0x10);
 116   1              D30=(bit)(l2&0x20);
 117   1              D31=(bit)(l2&0x40);
C51 COMPILER V9.56.0.0   TASK                                                              06/09/2018 13:09:09 PAGE 3   

 118   1              D32=(bit)(l2&0x80);
 119   1      
 120   1              D33=(bit)(l3&0x01);
 121   1              D34=(bit)(l3&0x02);
 122   1              D35=(bit)(l3&0x04);
 123   1              D36=(bit)(l3&0x08);
 124   1              D37=(bit)(l3&0x10);
 125   1              D38=(bit)(l3&0x20);
 126   1              D39=(bit)(l3&0x40);
 127   1              D40=(bit)(l3&0x80);
 128   1      
 129   1              D41=(bit)(l4&0x01);
 130   1              D42=(bit)(l4&0x02);
 131   1              D43=(bit)(l4&0x04);
 132   1              D44=(bit)(l4&0x08);
 133   1              D45=(bit)(l4&0x10);
 134   1              D46=(bit)(l4&0x20);
 135   1              D47=(bit)(l4&0x40);
 136   1              D48=(bit)(l4&0x80);
 137   1                              
 138   1      }
 139          /*********中断子程序**********/
 140          void int0() interrupt 0 //使用外部中断0
 141          {
 142   1              BIT_timeout=1; //起点标志位     
 143   1      
 144   1      }
 145          
 146          /*****n（us）延时子程序*****/
 147          void Delay15us()                //@18.432MHz
 148          {
 149   1      
 150   1          unsigned char a,b;
 151   1          for(b=140;b>0;b--)
 152   1              for(a=4;a>0;a--);
 153   1      }
 154          void Close(void) //IO口高电平关闭LED显示
 155          {
 156   1              P0=0XFF;
 157   1              P1=0XFF;
 158   1              P2=0XFF;
 159   1              P3=0XFF;
 160   1              P4=0XFF;
 161   1              P5=0XFF;
 162   1              P6=0XFF;
 163   1              P7=0XFF;
 164   1      }
 165          /*****主函数*****/
 166          void main(void)
 167          {
 168   1          uchar l=0;
 169   1              P0M0=0X00;//初始化IO口 为准双向口
 170   1              P0M1=0X00;
 171   1      
 172   1              P1M0=0X00;
 173   1              P1M1=0X00;
 174   1      
 175   1              P2M0=0X00;
 176   1              P2M1=0X00;
 177   1      
 178   1              P3M0=0X00;
 179   1              P3M1=0X00;
C51 COMPILER V9.56.0.0   TASK                                                              06/09/2018 13:09:09 PAGE 4   

 180   1      
 181   1              P4M0=0X00;
 182   1              P4M1=0X00;
 183   1      
 184   1              P5M0=0X00;
 185   1              P5M1=0X00;
 186   1      
 187   1              P6M0=0X00;
 188   1              P6M1=0X00;
 189   1      
 190   1              P7M0=0X00;
 191   1              P7M1=0X00;
 192   1              IT0=1;//初始化外部中断 起点检测
 193   1              EX0=1;
 194   1              EA=1;//开中断
 195   1              Show_R(0x55,0x55);//测试
 196   1              Show_P(0x55,0x55,0x55,0x55);//测试              
 197   1          //主程序中只检测按键
 198   1              while(1)
 199   1          {
 200   2              if(BIT_timeout==1)      //起点判断
 201   2                      {                       
 202   3                              BIT_timeout=0; //清零
 203   3                      //      Scan_bit=1;// 起点检测到后 LED不再流水测试
 204   3                              j++;                                       
 205   3                      if( j>768 )//显示完文字后 循环； j=16*需要显示的字数 768/16=48
 206   3                      {
 207   4                          j=0;
 208   4                      }
 209   3                 
 210   3                     for(i=j;i<ucNumRows+j;i++)  //显示190列 数据
 211   3                      {                               
 212   4                                       
 213   4                                      Show_R(zimo[i*2],zimo[i*2+1]);//送立体16X16字显示
 214   4                                      Show_P(dazimo[i*2],dazimo[i*2+1],0xFF,0XFF);//送平面16X16文字显示       
 215   4                                      Delay15us();//延时一段时间
 216   4                                                                                              
 217   4                         if(BIT_timeout==1)//这里如果没有显示完一圈的数据 回到起点了 
 218   4                                                //直接跳出 就不会出现头吃尾的现象 而且盲点很小
 219   4                                 {
 220   5                                              return;
 221   5                                 }
 222   4                              } 
 223   3                              Close(); 
 224   3                                 
 225   3                      }   
 226   2                  
 227   2          }   
 228   1          
 229   1      }
 230          //PC2002字幕软件  配置 （逐列 阳码 逆向，左右翻转） 字大小16X16
 231          uchar code zimo[]={
 232          
 233          
 234          
 235          0xFF,0xFF,0x7F,0xFF,0x7F,0xFF,0x7F,0xFF,0x7F,0xFF,0x7F,0xFF,0x7F,0xFF,0x7F,0xFF,
 236          0x7F,0xFF,0x7F,0xFF,0x7F,0xFF,0x7F,0xFF,0x7F,0xFF,0x7F,0xFF,0x7F,0xFF,0x7F,0xFF,/*"一",0*/
 237          
 238          0xFF,0xFF,0xFF,0x87,0xFF,0xBF,0xFF,0xBF,0x01,0xC0,0xFD,0xFF,0x7D,0xFE,0xBD,0xFF,
 239          0x01,0xE0,0xFF,0x9F,0x07,0x70,0xF7,0xF7,0x00,0x00,0xF7,0xFF,0x07,0xF0,0xFF,0xFF,/*"帆",1*/
 240          
 241          0xFF,0xFF,0xFF,0x07,0xFF,0xBF,0xFF,0xCF,0x01,0xF0,0xFD,0xFF,0xCD,0xCF,0x3D,0xF3,
C51 COMPILER V9.56.0.0   TASK                                                              06/09/2018 13:09:09 PAGE 5   

 242          0xFD,0xFC,0x3D,0xF3,0xDD,0xEF,0xED,0xDF,0xFD,0xFF,0x01,0xE0,0xFF,0x9F,0xFF,0x7F,/*"风",2*/
 243          
 244          0xFF,0xFF,0xFD,0x7F,0x0D,0xB0,0xED,0xDF,0xED,0xEF,0x29,0xF8,0xE5,0xE7,0xED,0xDF,
 245          0x0D,0xB0,0xFF,0x7F,0x00,0x00,0xFF,0xFF,0x03,0xC0,0xFF,0xFF,0x01,0xC0,0xFF,0xBF,/*"顺",3*/
 246          
 247          0xFF,0xFF,0xFF,0xEF,0xFF,0xEF,0xF7,0xEF,0xF7,0xEF,0xF7,0xEF,0xF7,0xEF,0xF7,0xEF,
 248          0xF7,0xEF,0xF7,0xEF,0xF7,0xEF,0xF7,0xEF,0xF7,0xEF,0xF7,0xEF,0xFF,0xEF,0xFF,0xEF,/*"二",4*/
 249          
 250          0xFF,0xFF,0xDF,0xFF,0xDF,0xBF,0xDF,0xBF,0xDF,0xBF,0x00,0xB8,0xDF,0xBB,0xDF,0xBB,
 251          0xDF,0xBB,0x00,0xB8,0xDF,0xBF,0xDF,0xBF,0x01,0x80,0xDF,0xFF,0xDF,0xFF,0xDF,0xFF,/*"世",5*/
 252          
 253          0xFF,0xFF,0xEF,0x87,0xEF,0xBF,0x2F,0xBF,0xE9,0xBE,0xEE,0xBD,0xEF,0xBB,0x0F,0xC0,
 254          0xEF,0xEF,0xEF,0xDF,0x00,0xBE,0xEF,0xF9,0xEF,0xE7,0xEF,0xDF,0xEF,0xBF,0xEF,0x7F,/*"龙",6*/
 255          
 256          0xFF,0xFF,0xDF,0xFE,0xD7,0x86,0x54,0x77,0x93,0xB0,0xD7,0xD6,0xC0,0xD6,0xD7,0xD6,
 257          0x91,0xD2,0x56,0xDF,0xD7,0xFE,0x01,0x00,0xDD,0x7D,0xDD,0xFD,0x01,0x80,0xFF,0x7F,/*"腾",7*/
 258          
 259          0xFF,0xFF,0xFF,0xDF,0xFB,0xDF,0x7B,0xDF,0x7B,0xDF,0x7B,0xDF,0x7B,0xDF,0x7B,0xDF,
 260          0x7B,0xDF,0x7B,0xDF,0x7B,0xDF,0x7B,0xDF,0x7B,0xDF,0x7B,0xDF,0xFB,0xDF,0xFF,0xDF,/*"三",8*/
 261          
 262          0xFF,0xFF,0xFF,0xF7,0xF7,0xF7,0x77,0xF7,0x77,0xF7,0x74,0xF7,0x73,0xF7,0x77,0xF7,
 263          0x07,0x00,0x77,0xF7,0x71,0xF7,0x76,0xF7,0x77,0xF7,0x77,0xF7,0xF7,0xF7,0xFF,0xF7,/*"羊",9*/
 264          
 265          0xFF,0xFF,0x7F,0xFF,0x7D,0xFF,0x7D,0xFF,0x7D,0xFF,0x01,0x00,0x7D,0xFF,0x7D,0xFF,
 266          0x7D,0xFF,0x7D,0xFF,0x7D,0xFF,0x01,0xF0,0x7D,0xCF,0x7D,0xBF,0x7D,0x7F,0x7F,0xFF,/*"开",10*/
 267          
 268          0xFF,0xFF,0xBF,0xFB,0xBB,0xFB,0xAB,0xDD,0xAB,0xED,0xAB,0xEA,0x2B,0xF7,0xAB,0xF7,
 269          0xA0,0x80,0x8B,0x7B,0x2B,0xB7,0xAB,0xEA,0xAB,0xED,0xAB,0xDD,0xBB,0xDB,0xBF,0xFB,/*"泰",11*/
 270          
 271          0xFF,0xFF,0xFF,0xFF,0x03,0x80,0xFB,0xDD,0xFB,0xDD,0xFB,0xDD,0x03,0xDE,0xFB,0xDF,
 272          0xFB,0xDF,0xFB,0xDF,0x03,0xDF,0xFB,0xDC,0xFB,0xDB,0xFB,0xD7,0x03,0x80,0xFF,0xFF,/*"四",12*/
 273          
 274          0xFF,0xFF,0xFF,0xF6,0xEF,0xF6,0x6F,0xF7,0x6E,0xF7,0xAE,0xF6,0xCE,0xF4,0xED,0xF2,
 275          0x01,0x86,0xED,0x76,0xCD,0xB6,0xAD,0xF6,0x6D,0xF7,0x6F,0xF7,0xEF,0xF6,0xFF,0xF6,/*"季",13*/
 276          
 277          0xFF,0xFF,0xFF,0xFE,0xFD,0xFE,0xFD,0xFE,0xCD,0xFE,0xBD,0xFE,0xFD,0xFE,0xFD,0xFE,
 278          0x01,0x00,0xFD,0xFE,0xFD,0xFE,0x9D,0xFE,0xED,0xFE,0xFD,0xFE,0xFD,0xFE,0xFF,0xFE,/*"平",14*/
 279          
 280          0xFF,0xFF,0x7F,0xFF,0x73,0xFF,0x6B,0x7F,0x7B,0xBF,0x7B,0xDC,0x7B,0xD3,0x7B,0xEF,
 281          0x79,0xEF,0x0A,0xD7,0x7B,0xB6,0x7B,0xB9,0x7B,0x7B,0x73,0x7F,0x6F,0x7F,0x7F,0xFF,/*"安",15*/
 282          
 283          0xFF,0xFF,0xFF,0xBF,0xFD,0xBF,0xFD,0xBF,0x3D,0x80,0xBD,0xBF,0xBD,0xBF,0xBD,0xBF,
 284          0xBD,0xBF,0x81,0xBF,0x3D,0xB8,0xBD,0x87,0xBD,0xBF,0xBD,0xBF,0xFD,0xBF,0xFF,0xBF,/*"五",16*/
 285          
 286          0xFF,0xFF,0xFD,0x00,0x85,0xB6,0xB5,0xB6,0xB5,0xB6,0xB5,0x80,0xB5,0xB6,0xB5,0xB6,
 287          0x85,0xB6,0xFD,0x00,0xFF,0xFF,0xF7,0xFC,0x47,0xFF,0x31,0x00,0xF6,0xFE,0xF7,0xFD,/*"福",17*/
 288          
 289          0xFF,0xFF,0xF7,0xFF,0xF7,0x80,0xF7,0xDE,0xF7,0xDE,0x97,0xC0,0xE7,0xDE,0xF0,0xDE,
 290          0xE7,0x80,0xDF,0xFF,0xBF,0xFF,0x00,0x00,0xFF,0xFF,0xFF,0xFF,0x07,0xE0,0xFF,0xFF,/*"临",18*/
 291          
 292          0xFF,0xFF,0xFF,0xFF,0x01,0x80,0xFD,0x7F,0xFD,0xBF,0xFD,0xFF,0xFD,0xFF,0xFD,0xFF,
 293          0xFD,0xFF,0xFD,0xFF,0xFF,0xFF,0xFF,0xFF,0xF9,0xFF,0xFE,0xFF,0x07,0x00,0xFF,0xFF,/*"门",19*/
 294          
 295          0xFF,0xFF,0xDF,0xFF,0xDF,0x9F,0xDF,0xE7,0xDF,0xFB,0xDF,0xFD,0xDF,0xFE,0xD3,0xFF,
 296          0xDD,0xFF,0xDE,0xFF,0xDF,0xFC,0xDF,0xF3,0xDF,0xEF,0xDF,0xDF,0xDF,0xBF,0xDF,0xFF,/*"六",20*/
 297          
 298          0xFF,0xFF,0xDF,0xFF,0xDF,0x9F,0xDF,0xE7,0xDF,0xFB,0xDF,0xFD,0xDF,0xFE,0xD3,0xFF,
 299          0xDD,0xFF,0xDE,0xFF,0xDF,0xFC,0xDF,0xF3,0xDF,0xEF,0xDF,0xDF,0xDF,0xBF,0xDF,0xFF,/*"六",21*/
 300          
 301          0xFF,0xFF,0xDF,0x7F,0xDF,0x7F,0xDF,0xBF,0xDF,0xDF,0xDF,0xEF,0xDF,0xF3,0xDF,0xFC,
 302          0x00,0xFF,0xDF,0xFC,0xDF,0xF3,0xDF,0xEF,0xDF,0xDF,0xDF,0xBF,0xDF,0x7F,0xDF,0x7F,/*"大",22*/
 303          
C51 COMPILER V9.56.0.0   TASK                                                              06/09/2018 13:09:09 PAGE 6   

 304          0xFF,0xFF,0xFD,0x7F,0x0D,0xB0,0xED,0xDF,0xED,0xEF,0x29,0xF8,0xE5,0xE7,0xED,0xDF,
 305          0x0D,0xB0,0xFF,0x7F,0x00,0x00,0xFF,0xFF,0x03,0xC0,0xFF,0xFF,0x01,0xC0,0xFF,0xBF,/*"顺",23*/
 306          
 307          0xFF,0xFF,0xFF,0xFF,0xDF,0x87,0xDF,0xBF,0xDF,0xBF,0xDF,0xBF,0xBF,0xBF,0xBF,0xBF,
 308          0xBF,0xBF,0x00,0xC0,0xBF,0xFF,0x7F,0xFF,0x7F,0xFF,0x7F,0xFF,0x7F,0xFF,0x7F,0xFF,/*"七",24*/
 309          
 310          0xFF,0xFF,0xFF,0xFF,0xFF,0xBF,0xFF,0xBE,0xC1,0xB6,0xD5,0xB6,0xD5,0xB6,0xD5,0xB6,
 311          0x15,0x80,0xD5,0xB6,0xD5,0xB6,0xD5,0xB6,0x41,0xB6,0xFF,0xBD,0xFF,0xBB,0xFF,0xFF,/*"星",25*/
 312          
 313          0xFF,0xFF,0xFB,0xFF,0xFB,0x01,0xFB,0x7D,0xFB,0xFD,0x0B,0x85,0x6B,0xB5,0x6B,0xB5,
 314          0x69,0xB5,0x6A,0xB5,0x6B,0xB5,0x0B,0x85,0xFB,0xFD,0xFB,0xFD,0xFB,0x01,0xFB,0xFF,/*"高",26*/
 315          
 316          0xFF,0xFF,0xFF,0xFF,0x41,0x30,0x3D,0xD7,0x5D,0xF7,0x7D,0xF7,0x61,0x37,0x5D,0xD0,
 317          0xBD,0xFF,0xFF,0xFF,0x01,0x30,0xBD,0xD7,0xBD,0xF7,0xBD,0xF7,0x01,0x90,0xFF,0x7F,/*"照",27*/
 318          
 319          0xFF,0xFF,0xFF,0x7F,0xFF,0xBF,0xFF,0xCF,0xFF,0xF3,0x7F,0xFC,0x81,0xFF,0xFF,0xFF,
 320          0xFF,0xFF,0xFF,0xFF,0x03,0xFF,0xFF,0xF8,0xFF,0xE7,0xFF,0x9F,0xFF,0x7F,0xFF,0xFF,/*"八",28*/
 321          
 322          0xFF,0xFF,0xF7,0xFF,0xF7,0xFF,0xF7,0xFF,0x77,0xC0,0x77,0xBF,0x77,0x7F,0x77,0xBF,
 323          0x71,0xFF,0x76,0xFF,0x07,0xF8,0xF7,0xE7,0xF7,0xDF,0xF7,0xBF,0xF7,0x7F,0xF7,0xFF,/*"方",29*/
 324          
 325          0xFF,0xFF,0x7F,0xBF,0x77,0xBF,0x77,0xBF,0x00,0xA0,0x77,0xBF,0x77,0xBF,0x00,0xBC,
 326          0x77,0xB3,0x77,0xAF,0x7F,0xBF,0xFF,0xDF,0x33,0xE0,0xBD,0xDF,0xBF,0xBF,0xBF,0xFF,/*"进",30*/
 327          
 328          0xFF,0xFF,0xF3,0xBF,0xAB,0xBF,0xBB,0xBB,0xBB,0x9B,0xBB,0xAB,0xBB,0xBB,0xBB,0xBB,
 329          0x39,0x80,0xBA,0xBB,0xBB,0xBB,0xBB,0xBB,0xBB,0xBB,0xBB,0xBB,0xB3,0xBF,0xEF,0xBF,/*"宝",31*/
 330          
 331          0xFF,0xFF,0xFF,0x87,0xFF,0xBF,0xFF,0xBF,0xFF,0xBF,0x0F,0xC0,0xEF,0xFF,0xEF,0xFF,
 332          0xEF,0xFF,0xEF,0xFF,0x00,0xFF,0xEF,0xF8,0xEF,0xE7,0xEF,0xDF,0xEF,0xBF,0xFF,0x7F,/*"九",32*/
 333          
 334          0xFF,0xFF,0x7F,0xFF,0x7F,0xFF,0x7D,0xFF,0x79,0xFF,0x75,0xFF,0x6D,0xFF,0x5D,0xFF,
 335          0x1D,0x80,0x7D,0x7F,0x7D,0xBF,0x7D,0xFF,0x7D,0xFF,0x7D,0xFF,0x7D,0xFF,0x7F,0xFF,/*"子",33*/
 336          
 337          0xFF,0xFF,0xFF,0xFE,0xFB,0xBE,0x77,0xBF,0xAD,0xB0,0xDB,0xA6,0xA7,0x96,0xB8,0xB6,
 338          0xBF,0xB6,0xB9,0xB6,0xA5,0x96,0xDD,0xA6,0xAD,0xB0,0x75,0xBF,0xFF,0xBE,0xFF,0xFE,/*"登",34*/
 339          
 340          0xFF,0xFF,0xFF,0xFD,0xFF,0xFD,0xFF,0xFD,0x00,0x00,0xFF,0xFB,0xFF,0xFB,0x33,0xFB,
 341          0xDD,0xFB,0xFF,0xFB,0xDD,0xFE,0x5C,0xFF,0x01,0x00,0x5B,0xFE,0xDB,0xF9,0xDB,0xF7,/*"科",35*/
 342          
 343          0xFF,0xFF,0xBF,0xFF,0xBF,0xFF,0xBF,0xFF,0xBF,0xFF,0xBF,0xFF,0xBF,0xFF,0xBF,0xFF,
 344          0x00,0x00,0xBF,0xFF,0xBF,0xFF,0xBF,0xFF,0xBF,0xFF,0xBF,0xFF,0xBF,0xFF,0xBF,0xFF,/*"十",36*/
 345          
 346          0xFF,0xFF,0x7F,0xFF,0x7F,0xBF,0xBF,0xBF,0xDF,0xBB,0xAF,0xBB,0xB7,0xBB,0xBB,0xBB,
 347          0x3C,0x80,0xBB,0xBB,0xB7,0xBB,0xAF,0xBB,0xDF,0xBB,0xBF,0xBF,0x7F,0xBF,0x7F,0xFF,/*"全",37*/
 348          
 349          0xFF,0xFF,0xBF,0xFF,0xBF,0xFF,0xBF,0xFF,0xBF,0xFF,0xBF,0xFF,0xBF,0xFF,0xBF,0xFF,
 350          0x00,0x00,0xBF,0xFF,0xBF,0xFF,0xBF,0xFF,0xBF,0xFF,0xBF,0xFF,0xBF,0xFF,0xBF,0xFF,/*"十",38*/
 351          
 352          0xFF,0xFF,0xFF,0x7E,0xFB,0x76,0xDB,0x76,0xDB,0xB6,0xDA,0xB6,0xD9,0xD6,0xDB,0xE6,
 353          0x03,0xF0,0xDB,0xE6,0xD9,0xD6,0xDA,0xB6,0xDB,0xB6,0xDB,0x76,0xFB,0x76,0xFF,0x7E,/*"美",39*/
 354          
 355          0xFF,0xFF,0xFD,0xFF,0xFD,0xFF,0x1D,0x00,0xDD,0xBD,0xDD,0xBD,0xDD,0xBD,0xDD,0xBD,
 356          0xD9,0xBD,0xD5,0xBD,0xCD,0xBD,0xDD,0xBD,0xDD,0xBD,0x1D,0x00,0xFD,0xFF,0xFD,0xFF,/*"百",40*/
 357          
 358          0xFF,0xFF,0xFB,0xFB,0xFB,0xFB,0x8B,0xE0,0xAB,0xEA,0xAB,0xEA,0xAB,0xEA,0xAB,0xEA,
 359          0x00,0x80,0xAB,0x6A,0xAB,0xAA,0xAB,0xEA,0xAB,0xEA,0x8B,0xEA,0xFB,0xFB,0xFB,0xFB,/*"事",41*/
 360          
 361          0xFF,0xFF,0xFB,0xFF,0xFB,0xFF,0xFB,0xFF,0x0B,0xFD,0x6B,0xF9,0x6B,0xF9,0x6B,0xF5,
 362          0x69,0x85,0x6A,0x7D,0x6B,0xBD,0x6B,0xFD,0x0B,0xFD,0xFB,0xFD,0xFB,0xFF,0xFB,0xFF,/*"亨",42*/
 363          
 364          0xFF,0xFF,0xFF,0x7F,0x1F,0x40,0xDD,0x36,0xD9,0x56,0xD5,0x76,0x0D,0x40,0xD5,0x76,
 365          0xD5,0x76,0xDD,0x76,0x1D,0x00,0xFF,0x7F,0xFF,0xBF,0x33,0xC0,0xBD,0xBF,0xBF,0x7F,/*"通",43*/
C51 COMPILER V9.56.0.0   TASK                                                              06/09/2018 13:09:09 PAGE 7   

 366          
 367          0xFF,0xFF,0xFB,0xFF,0xFB,0xFF,0xFB,0xFF,0x3B,0xC0,0xBB,0xBF,0xBB,0x7F,0xBB,0xBF,
 368          0xBB,0xFF,0xBB,0xFF,0x03,0xFE,0xFB,0xF9,0xFB,0xE7,0xFB,0xDF,0xFB,0xBF,0xFB,0x7F,/*"万",44*/
 369          
 370          0xFF,0xFF,0xFB,0xFB,0xFB,0xFB,0x8B,0xE0,0xAB,0xEA,0xAB,0xEA,0xAB,0xEA,0xAB,0xEA,
 371          0x00,0x80,0xAB,0x6A,0xAB,0xAA,0xAB,0xEA,0xAB,0xEA,0x8B,0xEA,0xFB,0xFB,0xFB,0xFB,/*"事",45*/
 372          
 373          0xFF,0xFF,0xFF,0xFF,0x07,0x80,0xF7,0xDF,0xF7,0xDF,0xF7,0xDF,0x07,0x80,0xFF,0xFF,
 374          0xFF,0xFF,0x0F,0x9E,0xEF,0xE9,0xEF,0xF7,0xE0,0xEB,0x0F,0xDD,0xEF,0xBE,0xEF,0x7F,/*"如",46*/
 375          
 376          0xFF,0xFF,0xEF,0x9F,0xEF,0xEF,0xED,0xFF,0x2D,0x18,0xA9,0x7A,0xA5,0x7A,0xAD,0x7A,
 377          0xAC,0x4A,0xAD,0x72,0xA5,0x7A,0xA9,0x7A,0x2D,0x88,0xED,0xFF,0xEF,0xCF,0xEF,0xBF,/*"意",47*/
 378          
 379          
 380          
 381          };
 382          //PC2002字幕软件  配置 （逐列 阳码 逆向） 字大小16X16
 383          uchar code dazimo[]={
 384          
 385          0xFF,0xFF,0xFF,0xFF,0xFF,0xFF,0xFF,0xFF,0xFF,0xFF,0xFF,0xFF,0xFF,0xFF,0xFF,0xFF,/*" ",0*/
 386          
 387          0xFF,0xFF,0xFF,0xFF,0xFF,0xFF,0xFF,0xFF,0xFF,0xFF,0xFF,0xFF,0xFF,0xFF,0xFF,0xFF,/*" ",1*/
 388          
 389          0xFF,0xFF,0xFF,0xFF,0xFF,0xFF,0xFF,0xFF,0xFF,0xFF,0xFF,0xFF,0xFF,0xFF,0xFF,0xFF,/*" ",2*/
 390          
 391          0xEF,0xFB,0xEF,0xFC,0x2F,0xFF,0x00,0x00,0x6F,0xFF,0xEF,0xBC,0xBF,0xBF,0xBF,0xBF,
 392          0xBF,0xBF,0xBF,0xBF,0x00,0x80,0xBF,0xBF,0xBF,0xBF,0xBF,0xBF,0xBF,0xBF,0xFF,0xFF,/*"杜",3*/
 393          
 394          0xFB,0xFF,0xFB,0xFF,0x1B,0x00,0xDB,0xF6,0xDB,0xF6,0xDB,0xF6,0xDB,0xF6,0x00,0x80,
 395          0xDB,0xF6,0xDB,0xF6,0xDA,0xB6,0xD9,0x76,0x1B,0x80,0xFB,0xFF,0xFB,0xFF,0xFF,0xFF,/*"甫",4*/
 396          
 397          0xFF,0xFF,0xFF,0xFF,0xFF,0xFF,0xFF,0xFF,0x7F,0xFF,0xBF,0xFE,0xDF,0xFD,0x6F,0xFB,
 398          0xB7,0xF6,0xDB,0xED,0xED,0xDB,0xF6,0xB7,0xFB,0xEF,0xFD,0xDF,0xFF,0xFF,0xFF,0xFF,/*"《",5*/
 399          
 400          0xFF,0xFE,0xFF,0xBE,0x75,0xBF,0xAD,0xB0,0xDD,0xA6,0xA5,0x96,0xB9,0xB6,0xBF,0xB6,
 401          0xB8,0xB6,0xA7,0x96,0xDB,0xA6,0xAD,0xB0,0x77,0xBF,0xFB,0xBE,0xFF,0xFE,0xFF,0xFF,/*"登",6*/
 402          
 403          0xFB,0xFF,0xFB,0x01,0xFB,0xFD,0xFB,0xFD,0x0B,0x85,0x6B,0xB5,0x6A,0xB5,0x69,0xB5,
 404          0x6B,0xB5,0x6B,0xB5,0x0B,0x85,0xFB,0xFD,0xFB,0x7D,0xFB,0x01,0xFB,0xFF,0xFF,0xFF,/*"高",7*/
 405          
 406          0xFF,0xFF,0xFF,0xFF,0xFD,0xDF,0xFB,0xEF,0xF6,0xB7,0xED,0xDB,0xDB,0xED,0xB7,0xF6,
 407          0x6F,0xFB,0xDF,0xFD,0xBF,0xFE,0x7F,0xFF,0xFF,0xFF,0xFF,0xFF,0xFF,0xFF,0xFF,0xFF,/*"》",8*/
 408          
 409          0xFF,0xFF,0xFF,0xFF,0xFF,0xFF,0xFF,0xFF,0xFF,0xFF,0xFF,0xFF,0xFF,0xFF,0xFF,0xFF,/*" ",9*/
 410          
 411          0xFF,0xFF,0xFF,0xFF,0xFF,0xFF,0xFF,0xFF,0xFF,0xFF,0xFF,0xFF,0xFF,0xFF,0xFF,0xFF,/*" ",10*/
 412          
 413          0xFF,0x7F,0xFF,0x9F,0x01,0xE0,0xFD,0xFF,0xED,0xDF,0xDD,0xEF,0x3D,0xF3,0xFD,0xFC,
 414          0x3D,0xF3,0xCD,0xCF,0xFD,0xFF,0x01,0xF0,0xFF,0xCF,0xFF,0xBF,0xFF,0x07,0xFF,0xFF,/*"风",11*/
 415          
 416          0xFF,0xBF,0xEF,0xCF,0xF7,0xFB,0x6B,0x8B,0x6C,0x7B,0x6D,0x7B,0x6D,0x73,0x6D,0x4B,
 417          0x6D,0x7B,0x65,0x7B,0x69,0x7B,0x6F,0x1B,0x0F,0xF8,0xFF,0xEF,0xFF,0x9F,0xFF,0xFF,/*"急",12*/
 418          
 419          0xBF,0x7F,0xBF,0x7F,0xBD,0xBF,0xBD,0xDF,0xBD,0xEF,0xBD,0xF3,0xBD,0xFC,0x01,0xFF,
 420          0xBD,0xFC,0xBD,0xF3,0xBD,0xEF,0xBD,0xDF,0xBD,0xBF,0xBF,0x7F,0xBF,0x7F,0xFF,0xFF,/*"天",13*/
 421          
 422          0xFB,0xFF,0xFB,0x01,0xFB,0xFD,0xFB,0xFD,0x0B,0x85,0x6B,0xB5,0x6A,0xB5,0x69,0xB5,
 423          0x6B,0xB5,0x6B,0xB5,0x0B,0x85,0xFB,0xFD,0xFB,0x7D,0xFB,0x01,0xFB,0xFF,0xFF,0xFF,/*"高",14*/
 424          
 425          0xDD,0xBB,0xEB,0x7D,0xF7,0xBE,0x09,0xC0,0xFF,0xDF,0xEF,0xDF,0x2B,0xEC,0xAB,0x05,
 426          0xAB,0xB9,0xA0,0xDD,0xAB,0xF1,0xAB,0xED,0x2B,0xD4,0xEF,0xBB,0xEF,0xBF,0xFF,0xFF,/*"猿",15*/
 427          
C51 COMPILER V9.56.0.0   TASK                                                              06/09/2018 13:09:09 PAGE 8   

 428          0xFF,0xFF,0x03,0xF0,0xFB,0xFB,0xFB,0xFB,0x03,0x70,0xEF,0xBF,0xAB,0xC0,0xAB,0xF7,
 429          0xAB,0xFB,0x00,0x00,0xAB,0xFB,0xAB,0xF7,0x83,0x00,0xEF,0xFF,0xEF,0xFF,0xFF,0xFF,/*"啸",16*/
 430          
 431          0xFB,0xDF,0xFB,0xDF,0xFB,0xEF,0x1B,0xEE,0xDB,0xF6,0xDB,0x02,0xDA,0xBC,0xD9,0xDE,
 432          0xDB,0xFC,0xDB,0xFA,0xDB,0xF6,0x1B,0xEE,0xFB,0xD7,0xFB,0xBB,0xFB,0xBF,0xFF,0xFF,/*"哀",17*/
 433          
 434          0xFF,0xFF,0xFF,0xFF,0xFF,0xA7,0xFF,0xC7,0xFF,0xFF,0xFF,0xFF,0xFF,0xFF,0xFF,0xFF,
 435          0xFF,0xFF,0xFF,0xFF,0xFF,0xFF,0xFF,0xFF,0xFF,0xFF,0xFF,0xFF,0xFF,0xFF,0xFF,0xFF,/*"，",18*/
 436          
 437          0xEF,0xFB,0x9F,0xFB,0xFD,0x81,0x73,0xFE,0xDF,0xFB,0xDB,0xFD,0xDB,0x00,0x5B,0xB6,
 438          0x80,0xB6,0xDB,0xB6,0xCB,0xB6,0xD7,0xB6,0xD9,0x00,0xDF,0xFF,0xDF,0xFF,0xFF,0xFF,/*"渚",19*/
 439          
 440          0xEF,0xFB,0x9F,0xFB,0xFD,0x81,0x73,0xFE,0xFF,0xFF,0xBB,0xFF,0xAB,0x00,0xAB,0xEA,
 441          0xAB,0xEA,0x80,0xEA,0xAB,0xAA,0xAB,0x6A,0xAB,0x80,0xBB,0xFF,0xBF,0xFF,0xFF,0xFF,/*"清",20*/
 442          
 443          0xEF,0xFB,0x9F,0xFB,0xFD,0x81,0x73,0xFE,0xFF,0xFF,0x7F,0x7F,0x9F,0x7F,0xE7,0xBF,
 444          0xFF,0xBF,0x00,0xDC,0xFF,0xEF,0xFF,0xF3,0x77,0xFC,0xEF,0xFF,0x9F,0xFF,0xFF,0xFF,/*"沙",21*/
 445          
 446          0xFF,0xFF,0xFF,0xFF,0x07,0x00,0xF7,0xBE,0xF7,0xBE,0xF3,0xBE,0xF5,0xBE,0xF6,0xBE,
 447          0xF7,0xBE,0xF7,0xBE,0xF7,0xBE,0xF7,0xBE,0x07,0x00,0xFF,0xFF,0xFF,0xFF,0xFF,0xFF,/*"白",22*/
 448          
 449          0xFF,0xFF,0xFF,0xEF,0xFF,0xEF,0x03,0xEC,0xFB,0xED,0xFB,0xED,0xE9,0xED,0x9A,0xED,
 450          0xFB,0xED,0xBB,0xED,0x7B,0xAD,0x83,0x7D,0xFF,0xBD,0xFF,0xC1,0xFF,0xFF,0xFF,0xFF,/*"鸟",23*/
 451          
 452          0xFD,0xFF,0xFD,0xFF,0xFD,0xFF,0xFD,0xFF,0xFD,0xFF,0xFD,0xFF,0xFD,0xFF,0xFD,0xFF,
 453          0xFD,0xFF,0x01,0xFC,0xBF,0xF3,0x5F,0xEF,0xEF,0xDE,0xF7,0xBD,0xFF,0x0F,0xFF,0xFF,/*"飞",24*/
 454          
 455          0xFF,0xFF,0xFF,0xFF,0x01,0x80,0xFD,0xDF,0xFD,0xDF,0x0D,0xD8,0xED,0xDB,0xED,0xDB,
 456          0xED,0xDB,0x0D,0xD8,0xFD,0xDF,0xFD,0xDF,0x01,0x80,0xFF,0xFF,0xFF,0xFF,0xFF,0xFF,/*"回",25*/
 457          
 458          0xFF,0xFF,0xFF,0xFF,0xFF,0xE7,0xFF,0xDB,0xFF,0xDB,0xFF,0xE7,0xFF,0xFF,0xFF,0xFF,
 459          0xFF,0xFF,0xFF,0xFF,0xFF,0xFF,0xFF,0xFF,0xFF,0xFF,0xFF,0xFF,0xFF,0xFF,0xFF,0xFF,/*"。",26*/
 460          
 461          0xFF,0x7F,0xBF,0xBF,0xBD,0xDF,0xBD,0xEF,0xBD,0xF3,0x3D,0xFC,0x81,0xFF,0xBD,0xFF,
 462          0x3D,0xC0,0xBD,0xBF,0xBD,0xBF,0xBD,0xBF,0xBF,0xBF,0xBF,0x8F,0xFF,0xFF,0xFF,0xFF,/*"无",27*/
 463          
 464          0xBF,0xFF,0xBF,0xBF,0xBD,0xDF,0x33,0xE0,0xFF,0xDF,0xFF,0xAF,0xF7,0xB7,0xF7,0xB9,
 465          0x77,0xBE,0x80,0xBF,0xF7,0xB7,0xF7,0xAF,0xF7,0xB7,0x07,0xB8,0xFF,0xBF,0xFF,0xFF,/*"边",28*/
 466          
 467          0x7B,0xF7,0xFB,0xF4,0xEB,0x07,0x9B,0xFB,0xF0,0xFC,0xFB,0xFB,0x7B,0xFB,0xBB,0x05,
 468          0x4B,0xB5,0xDB,0xB6,0xD0,0xB6,0x5B,0xB5,0x9B,0x05,0xFB,0xFB,0xFB,0xFB,0xFF,0xFF,/*"落",29*/
 469          
 470          0xFF,0xEF,0xEF,0xF7,0xEF,0xFB,0xEF,0xFD,0xEF,0xFE,0x2F,0xFF,0xCF,0xFF,0x00,0x00,
 471          0xCF,0xFF,0x2F,0xFF,0xEF,0xFE,0xEF,0xFD,0xEF,0xFB,0xEF,0xF7,0xFF,0xEF,0xFF,0xFF,/*"木",30*/
 472          
 473          0x7B,0x7F,0x7B,0xBF,0x5B,0xC5,0x5B,0xFD,0x50,0xDD,0x5B,0xE5,0x5B,0xFD,0x0B,0x00,
 474          0x5B,0xFD,0x5B,0xF5,0x50,0xCD,0x5B,0xFD,0x1B,0x04,0x7B,0xFF,0x7B,0xFF,0xFF,0xFF,/*"萧",31*/
 475          
 476          0x7B,0x7F,0x7B,0xBF,0x5B,0xC5,0x5B,0xFD,0x50,0xDD,0x5B,0xE5,0x5B,0xFD,0x0B,0x00,
 477          0x5B,0xFD,0x5B,0xF5,0x50,0xCD,0x5B,0xFD,0x1B,0x04,0x7B,0xFF,0x7B,0xFF,0xFF,0xFF,/*"萧",32*/
 478          
 479          0xFD,0xFF,0xFD,0xFF,0xFD,0xFF,0xFD,0xFF,0xFD,0xFF,0xFD,0xFF,0x01,0x00,0xFD,0xFF,
 480          0xFD,0xFF,0xBD,0xFF,0x7D,0xFF,0xFD,0xFE,0xFD,0xF9,0xFD,0xFF,0xFD,0xFF,0xFF,0xFF,/*"下",33*/
 481          
 482          0xFF,0xFF,0xFF,0xFF,0xFF,0xA7,0xFF,0xC7,0xFF,0xFF,0xFF,0xFF,0xFF,0xFF,0xFF,0xFF,
 483          0xFF,0xFF,0xFF,0xFF,0xFF,0xFF,0xFF,0xFF,0xFF,0xFF,0xFF,0xFF,0xFF,0xFF,0xFF,0xFF,/*"，",34*/
 484          
 485          0xFF,0xEF,0xFD,0xF7,0xFD,0xFB,0xFD,0xFD,0xFD,0xFE,0x7D,0xFF,0xBD,0xFF,0x0D,0x00,
 486          0xF1,0xFF,0xBD,0xFF,0x7D,0xFF,0xFD,0xFE,0xFD,0xFD,0xFD,0xF3,0xFF,0xFF,0xFF,0xFF,/*"不",35*/
 487          
 488          0xFF,0xEF,0xFF,0xF7,0xFF,0xF9,0x01,0xFE,0xDD,0xEF,0xDD,0xEF,0xDD,0xDD,0xDD,0xDD,
 489          0xDD,0xBB,0x1D,0x7F,0xDD,0xFE,0xDD,0xFD,0x81,0xFB,0xFF,0xF7,0xFF,0xF7,0xFF,0xFF,/*"尽",36*/
C51 COMPILER V9.56.0.0   TASK                                                              06/09/2018 13:09:09 PAGE 9   

 490          
 491          0x7F,0xFF,0x7F,0xFF,0x7F,0xFF,0x7F,0xFF,0x00,0x00,0x7F,0xBF,0x7F,0xDE,0x5F,0xED,
 492          0x6F,0xFB,0x77,0xF7,0x7B,0xEF,0x7D,0xDF,0x7F,0xDF,0x7F,0xBF,0x7F,0xBF,0xFF,0xFF,/*"长",37*/
 493          
 494          0xEF,0xFB,0x9F,0xFB,0xFD,0x83,0xF3,0xFC,0x3F,0xDF,0xFB,0xDF,0xFB,0xDF,0xFB,0xDF,
 495          0xFB,0xDF,0x03,0xC0,0xFB,0xDF,0xFB,0xDF,0xFB,0xDF,0xFB,0xDF,0xFF,0xDF,0xFF,0xFF,/*"江",38*/
 496          
 497          0xEF,0xFB,0x9F,0xFB,0xFD,0x81,0x73,0xFE,0xFF,0xDF,0xDB,0xEF,0x6B,0xF7,0x33,0x03,
 498          0x5A,0xBD,0x69,0xDB,0x3B,0xF7,0x73,0xEA,0xEB,0xDD,0xDB,0xBF,0xFF,0xBF,0xFF,0xFF,/*"滚",39*/
 499          
 500          0xEF,0xFB,0x9F,0xFB,0xFD,0x81,0x73,0xFE,0xFF,0xDF,0xDB,0xEF,0x6B,0xF7,0x33,0x03,
 501          0x5A,0xBD,0x69,0xDB,0x3B,0xF7,0x73,0xEA,0xEB,0xDD,0xDB,0xBF,0xFF,0xBF,0xFF,0xFF,/*"滚",40*/
 502          
 503          0xFF,0xDE,0xF7,0xDE,0xF7,0xEE,0xD7,0xEE,0x37,0xF6,0xF7,0xFA,0xF7,0xFC,0x00,0x00,
 504          0xF7,0xFC,0xF7,0xFA,0x77,0xF6,0x97,0xEE,0xF7,0xEE,0xF7,0xDE,0xFF,0xDE,0xFF,0xFF,/*"来",41*/
 505          
 506          0xFF,0xFF,0xFF,0xFF,0xFF,0xE7,0xFF,0xDB,0xFF,0xDB,0xFF,0xE7,0xFF,0xFF,0xFF,0xFF,
 507          0xFF,0xFF,0xFF,0xFF,0xFF,0xFF,0xFF,0xFF,0xFF,0xFF,0xFF,0xFF,0xFF,0xFF,0xFF,0xFF,/*"。",42*/
 508          
 509          
 510          
 511          
 512          
 513          
 514          0xFB,0x7F,0xFB,0xBF,0xFB,0xDF,0xFB,0xE7,0xFB,0xF9,0x03,0xFE,0xBB,0xFF,0xBB,0xFF,
 515          0xBB,0xBF,0xBB,0x7F,0xBB,0xBF,0x3B,0xC0,0xFB,0xFF,0xFB,0xFF,0xFB,0xFF,0xFF,0xFF,/*"万",0*/
 516          
 517          0xFF,0xBF,0xFF,0xBF,0x01,0xBB,0x6D,0xBB,0x6D,0xBB,0x6D,0xBB,0x6D,0xBB,0x01,0x80,
 518          0x6D,0xBB,0x6D,0xBB,0x6D,0xBB,0x6D,0xBB,0x01,0xBB,0xFF,0xBF,0xFF,0xBF,0xFF,0xFF,/*"里",1*/
 519          
 520          0xFF,0xBF,0xFB,0xCE,0xDB,0xFE,0xDB,0xFE,0xDB,0xC6,0x00,0xBC,0xFF,0xBF,0xFF,0xBB,
 521          0xFF,0xA7,0x00,0xBC,0xDB,0xBE,0xDB,0x8E,0xDB,0xFE,0xFB,0xF6,0xFF,0xCF,0xFF,0xFF,/*"悲",2*/
 522          
 523          0xDB,0xF7,0xDB,0xF9,0x5B,0xFE,0x01,0x00,0xDC,0xFE,0xDD,0x79,0x7F,0xBF,0x8F,0xCF,
 524          0xFF,0xF1,0x00,0xFE,0xFF,0xF9,0x7F,0xE7,0xBF,0xDF,0xCF,0xBF,0xFF,0x7F,0xFF,0xFF,/*"秋",3*/
 525          
 526          0xDF,0xFF,0xE7,0xFF,0xF7,0xC1,0x15,0xFD,0x53,0xFD,0x57,0xFD,0x57,0xFD,0x50,0x00,
 527          0x57,0xFD,0x57,0xFD,0x53,0xED,0x15,0xDD,0xF7,0xE1,0xD7,0xFF,0xE7,0xFF,0xFF,0xFF,/*"常",4*/
 528          
 529          0xFF,0xFE,0x7F,0xFF,0x9F,0xFF,0x07,0x00,0xF8,0xFF,0xBF,0xFF,0xCF,0xFF,0xF0,0xFF,
 530          0x07,0x00,0x77,0xF7,0x77,0xF7,0x77,0xF7,0x77,0xF7,0xF7,0xF7,0xF7,0xFF,0xFF,0xFF,/*"作",5*/
 531          
 532          0xEF,0xFB,0xF3,0xFB,0x7B,0xFB,0xBB,0x05,0x4B,0xB5,0x5B,0xB5,0xDA,0xB6,0xD9,0xB6,
 533          0xDB,0xB6,0x5B,0xB5,0x9B,0xB5,0xDB,0x05,0xFB,0xFB,0xEB,0xFB,0xF3,0xFB,0xFF,0xFF,/*"客",6*/
 534          
 535          0xFF,0xFF,0xFF,0xFF,0xFF,0xA7,0xFF,0xC7,0xFF,0xFF,0xFF,0xFF,0xFF,0xFF,0xFF,0xFF,
 536          0xFF,0xFF,0xFF,0xFF,0xFF,0xFF,0xFF,0xFF,0xFF,0xFF,0xFF,0xFF,0xFF,0xFF,0xFF,0xFF,/*"，",7*/
 537          
 538          0xFD,0xFF,0xFD,0xFF,0x1D,0x00,0xDD,0xBD,0xDD,0xBD,0xCD,0xBD,0xD5,0xBD,0xD9,0xBD,
 539          0xDD,0xBD,0xDD,0xBD,0xDD,0xBD,0xDD,0xBD,0x1D,0x00,0xFD,0xFF,0xFD,0xFF,0xFF,0xFF,/*"百",8*/
 540          
 541          0xFF,0xFB,0xDF,0xFB,0xE7,0xFB,0x38,0xF8,0xBB,0xFB,0xBB,0xFB,0xBB,0xFB,0xBB,0xFB,
 542          0x03,0x00,0xBB,0xFB,0xBB,0xFB,0xBB,0xFB,0xBB,0xFB,0xFB,0xFB,0xFF,0xFB,0xFF,0xFF,/*"年",9*/
 543          
 544          0xFF,0xFF,0xFF,0x7E,0xEF,0x76,0xEF,0x76,0x67,0xBB,0x5B,0xBB,0xB8,0xB5,0xBB,0xCE,
 545          0x5B,0xDE,0xAB,0xEE,0xF3,0xF6,0xFB,0xFA,0xFF,0xFC,0xFF,0xFF,0xFF,0xFF,0xFF,0xFF,/*"多",10*/
 546          
 547          0xEF,0x7B,0x9F,0xBD,0xFF,0xCE,0x03,0xF0,0xFB,0xFF,0xDB,0x00,0xDB,0xEE,0xDB,0xF6,
 548          0xDA,0xFA,0x19,0xFC,0xDB,0xFA,0xDB,0xA6,0xDB,0x7E,0xDB,0x80,0xFB,0xFF,0xFF,0xFF,/*"病",11*/
 549          
 550          0xBF,0xF7,0xDD,0xBB,0xEB,0x7D,0xF7,0xBE,0x0B,0xC0,0xFD,0xFF,0xFF,0xDF,0x07,0x9C,
 551          0xF7,0xDE,0xF7,0xDE,0x00,0xC0,0xF7,0xDE,0xF7,0xD6,0x07,0xCC,0xFF,0x9F,0xFF,0xFF,/*"独",12*/
C51 COMPILER V9.56.0.0   TASK                                                              06/09/2018 13:09:09 PAGE 10  

 552          
 553          0xFF,0xFE,0xFF,0xBE,0x75,0xBF,0xAD,0xB0,0xDD,0xA6,0xA5,0x96,0xB9,0xB6,0xBF,0xB6,
 554          0xB8,0xB6,0xA7,0x96,0xDB,0xA6,0xAD,0xB0,0x77,0xBF,0xFB,0xBE,0xFF,0xFE,0xFF,0xFF,/*"登",13*/
 555          
 556          0xFF,0xFF,0xBF,0xFF,0x1F,0xFF,0xAF,0x01,0xB7,0xBD,0xBB,0xBD,0xBC,0xBD,0xBF,0xBD,
 557          0xBF,0xBD,0xBF,0xBD,0xB7,0xBD,0xAF,0x01,0x9F,0xFF,0x3F,0xFF,0xFF,0xFF,0xFF,0xFF,/*"台",14*/
 558          
 559          0xFF,0xFF,0xFF,0xFF,0xFF,0xE7,0xFF,0xDB,0xFF,0xDB,0xFF,0xE7,0xFF,0xFF,0xFF,0xFF,
 560          0xFF,0xFF,0xFF,0xFF,0xFF,0xFF,0xFF,0xFF,0xFF,0xFF,0xFF,0xFF,0xFF,0xFF,0xFF,0xFF,/*"。",15*/
 561          
 562          0xFB,0xBF,0xCB,0xCF,0x3B,0xF3,0xFB,0xFC,0x3B,0xF3,0xC3,0xCF,0xFF,0xFF,0x01,0x00,
 563          0x6D,0xBF,0x6D,0xDC,0x6D,0xF3,0x6D,0xEB,0x01,0xDD,0xFF,0xBE,0xFF,0xBF,0xFF,0xFF,/*"艰",16*/
 564          
 565          0xFB,0xDF,0xDB,0xEF,0x3B,0xF3,0xFB,0xFC,0x1B,0xFB,0xA3,0xE7,0xDF,0xFF,0x07,0x00,
 566          0xB0,0xDD,0xB7,0xDD,0xB6,0xDD,0x05,0xC0,0xB7,0xDD,0xB7,0xDD,0xF7,0xDF,0xFF,0xFF,/*"难",17*/
 567          
 568          0x7B,0xFF,0x7B,0xFF,0x7B,0xFF,0x7B,0x03,0x60,0xBB,0x7B,0xBB,0x7B,0xBB,0x0B,0xB8,
 569          0x7B,0xBB,0x7B,0xBB,0x60,0xBB,0x7B,0x03,0x7B,0xFF,0x7B,0xFF,0x7B,0xFF,0xFF,0xFF,/*"苦",18*/
 570          
 571          0xFF,0xFE,0x1F,0xFF,0xFF,0xFF,0x00,0x00,0xEF,0xFF,0xDF,0xFF,0x01,0x00,0x6D,0xBF,
 572          0x6D,0xDF,0x6D,0xFC,0x6D,0xF3,0x6D,0xEB,0x01,0xDD,0xFF,0xBE,0xFF,0xBF,0xFF,0xFF,/*"恨",19*/
 573          
 574          0xD7,0xFF,0x1B,0xFF,0x44,0x6F,0x55,0xAB,0x05,0xE9,0x55,0xAA,0x05,0x63,0x5D,0x8B,
 575          0xEF,0xED,0xF7,0xEE,0x48,0xAF,0xBB,0x67,0x43,0xCF,0xFB,0xFE,0xFB,0xFE,0xFF,0xFF,/*"繁",20*/
 576          
 577          0xEF,0xDF,0xF3,0xED,0xFA,0xF5,0xAA,0xF9,0xAA,0x00,0xAA,0xF5,0xFA,0xED,0x80,0xFF,
 578          0xFA,0x00,0xAA,0xAA,0xAA,0xAA,0xAA,0xAA,0xFA,0xAA,0xEB,0x00,0xF3,0xFF,0xFF,0xFF,/*"霜",21*/
 579          
 580          0xFB,0xDD,0x6B,0xDE,0x60,0x5F,0x6A,0x81,0x6A,0xD5,0x6A,0xD5,0x42,0xD5,0x2A,0xD5,
 581          0x7F,0xC5,0x6B,0xD5,0x6B,0x96,0x6D,0x57,0x75,0xD7,0x76,0xDD,0x7B,0xDE,0xFF,0xFF,/*"鬓",22*/
 582          
 583          0xFF,0xFF,0xFF,0xFF,0xFF,0xA7,0xFF,0xC7,0xFF,0xFF,0xFF,0xFF,0xFF,0xFF,0xFF,0xFF,
 584          0xFF,0xFF,0xFF,0xFF,0xFF,0xFF,0xFF,0xFF,0xFF,0xFF,0xFF,0xFF,0xFF,0xFF,0xFF,0xFF,/*"，",23*/
 585          
 586          0xEF,0xFB,0x9F,0xFB,0xFD,0x81,0x73,0xFE,0x7F,0xBF,0xAB,0xDF,0x1B,0xE8,0xAB,0xBA,
 587          0xB3,0x7A,0xB8,0x82,0xB3,0xFA,0xAB,0xFA,0x1B,0xE8,0xAB,0x9F,0x7F,0xFF,0xFF,0xFF,/*"潦",24*/
 588          
 589          0x7F,0xFF,0x9F,0xFF,0x07,0x00,0xF8,0xFF,0xFB,0xDF,0x9B,0x9D,0xA3,0xDD,0x3B,0xE0,
 590          0x9B,0xED,0xBB,0xED,0xFF,0xFF,0x07,0xB0,0xFF,0x7F,0x00,0x80,0xFF,0xFF,0xFF,0xFF,/*"倒",25*/
 591          
 592          0xBF,0xDF,0xBB,0xED,0xAB,0xB5,0x9A,0x7D,0x39,0x80,0x9B,0xFD,0xAB,0xF5,0xBB,0x6D,
 593          0xFF,0x9F,0x03,0xE0,0xBB,0xFF,0xBB,0xFF,0x3B,0x00,0xBD,0xFF,0xBF,0xFF,0xFF,0xFF,/*"新",26*/
 594          
 595          0x7F,0xFF,0x9F,0xFF,0x07,0x00,0xF8,0xFF,0xFF,0xFC,0xFB,0xFE,0x8B,0xFA,0xAB,0xBA,
 596          0xAA,0x7A,0xA9,0x82,0xAB,0xFA,0xAB,0xFA,0x8B,0xFA,0xFB,0xFE,0xFF,0xFC,0xFF,0xFF,/*"停",27*/
 597          
 598          0xEF,0xFB,0x9F,0xFB,0xFD,0x81,0x73,0xFE,0xFF,0xDF,0x07,0x9C,0xF7,0xDE,0xF7,0xDE,
 599          0xF7,0xDE,0x00,0xC0,0xF7,0xDE,0xF7,0xDE,0xF7,0xD6,0x07,0xCC,0xFF,0x9F,0xFF,0xFF,/*"浊",28*/
 600          
 601          0xDF,0xFB,0x3D,0xFB,0xF3,0x81,0x7F,0xFE,0xFD,0xFF,0x0D,0x00,0xED,0xB5,0xED,0xB6,
 602          0x01,0xB7,0xED,0xB7,0x01,0xB7,0xED,0xB6,0xED,0xB6,0x0D,0x00,0xFD,0xFF,0xFF,0xFF,/*"酒",29*/
 603          
 604          0xEF,0xFB,0xEF,0xFC,0x2F,0xFF,0x00,0x00,0xAF,0xFF,0x6F,0xFB,0xFB,0xFD,0xFB,0xFE,
 605          0x7B,0xFF,0x1B,0x00,0xE3,0xFF,0x7B,0xFF,0xFB,0xFE,0xFB,0xF9,0xFB,0xFF,0xFF,0xFF,/*"杯",30*/
 606          
 607          0xFF,0xFF,0xFF,0xFF,0xFF,0xE7,0xFF,0xDB,0xFF,0xDB,0xFF,0xE7,0xFF,0xFF,0xFF,0xFF,
 608          0xFF,0xFF,0xFF,0xFF,0xFF,0xFF,0xFF,0xFF,0xFF,0xFF,0xFF,0xFF,0xFF,0xFF,0xFF,0xFF,/*"。",31*/
 609          
 610          
 611          };
 612          /*********************************************************************************/
 613          /*************************************************************************************
C51 COMPILER V9.56.0.0   TASK                                                              06/09/2018 13:09:09 PAGE 11  

 614          ************************************************************************************
 615          ***********************                                     ***************************
 616          *************DIY视界出品   http://59tiaoba.taobao.com       ***************************
 617          ***********************                                     ***************************
 618          ************************************************************************************
 619          **********************************************************************************/


MODULE INFORMATION:   STATIC OVERLAYABLE
   CODE SIZE        =    444    ----
   CONSTANT SIZE    =   3856    ----
   XDATA SIZE       =   ----    ----
   PDATA SIZE       =   ----    ----
   DATA SIZE        =      5       5
   IDATA SIZE       =   ----    ----
   BIT SIZE         =      2    ----
END OF MODULE INFORMATION.


C51 COMPILATION COMPLETE.  0 WARNING(S),  0 ERROR(S)
