C51 COMPILER V9.56.0.0   MAIN                                                              08/17/2018 15:44:46 PAGE 1   


C51 COMPILER V9.56.0.0, COMPILATION OF MODULE MAIN
OBJECT MODULE PLACED IN .\Objects\main.obj
COMPILER INVOKED BY: F:\KEILC51+MDK\C51\BIN\C51.EXE main.c OPTIMIZE(8,SPEED) BROWSE DEBUG OBJECTEXTEND PRINT(.\Listings\
                    -main.lst) OBJECT(.\Objects\main.obj)

line level    source

   1          #include <STC8.H>
   2          #include "intrins.h"
   3          
   4          void Delay500ms()               //@12.000MHz
   5          {
   6   1              unsigned char i, j, k;
   7   1      
   8   1              _nop_();
   9   1              i = 31;
  10   1              j = 113;
  11   1              k = 29;
  12   1              do
  13   1              {
  14   2                      do
  15   2                      {
  16   3                              while (--k);
  17   3                      } while (--j);
  18   2              } while (--i);
  19   1      }
  20          
  21          
  22          
  23          void main(void)
  24          {
  25   1              while(1)
  26   1              {
  27   2                      P34=~P34;
  28   2                      Delay500ms();
  29   2              }
  30   1      }


MODULE INFORMATION:   STATIC OVERLAYABLE
   CODE SIZE        =     21    ----
   CONSTANT SIZE    =   ----    ----
   XDATA SIZE       =   ----    ----
   PDATA SIZE       =   ----    ----
   DATA SIZE        =   ----    ----
   IDATA SIZE       =   ----    ----
   BIT SIZE         =   ----    ----
END OF MODULE INFORMATION.


C51 COMPILATION COMPLETE.  0 WARNING(S),  0 ERROR(S)
