C51 COMPILER V9.56.0.0   TIMER0                                                            08/29/2018 11:02:58 PAGE 1   


C51 COMPILER V9.56.0.0, COMPILATION OF MODULE TIMER0
OBJECT MODULE PLACED IN .\Objects\timer0.obj
COMPILER INVOKED BY: F:\KEILC51+MDK\C51\BIN\C51.EXE timer0.c OPTIMIZE(8,SPEED) BROWSE DEBUG OBJECTEXTEND PRINT(.\Listing
                    -s\timer0.lst) OBJECT(.\Objects\timer0.obj)

line level    source

   1          #include "timer0.h"
   2          
   3          
   4          void Timer0Init(void)           //1毫秒@24.000MHz
   5          {
   6   1              AUXR |= 0x80;           //定时器时钟1T模式
   7   1              TMOD &= 0xF0;           //设置定时器模式
   8   1              TL0 = 0x9A;             //设置定时初值
   9   1              TH0 = 0xA9;             //设置定时初值
  10   1              TF0 = 0;                //清除TF0标志
  11   1              TR0 = 1;                //定时器0开始计时
  12   1          ET0 = 1;                                    //使能定时器中断
  13   1          EA = 1;
  14   1      }
  15          
  16          
  17          
  18          u16 Time0_500ms=0;
  19          void Timer1() interrupt 1
  20          {
  21   1              TL0 = 0x9A;             //设置定时初值
  22   1              TH0 = 0xA9;             //设置定时初值
  23   1              
  24   1              if(++Time0_500ms==500)
  25   1              {
  26   2                      Time0_500ms=0;
  27   2                      LEDPORT=~LEDPORT;               
  28   2              }
  29   1              TF0=0;
  30   1      }
  31          


MODULE INFORMATION:   STATIC OVERLAYABLE
   CODE SIZE        =     74    ----
   CONSTANT SIZE    =   ----    ----
   XDATA SIZE       =   ----    ----
   PDATA SIZE       =   ----    ----
   DATA SIZE        =      2    ----
   IDATA SIZE       =   ----    ----
   BIT SIZE         =   ----    ----
END OF MODULE INFORMATION.


C51 COMPILATION COMPLETE.  0 WARNING(S),  0 ERROR(S)
