C51 COMPILER V9.56.0.0   UART1                                                             08/29/2018 11:44:19 PAGE 1   


C51 COMPILER V9.56.0.0, COMPILATION OF MODULE UART1
OBJECT MODULE PLACED IN .\Objects\uart1.obj
COMPILER INVOKED BY: F:\KEILC51+MDK\C51\BIN\C51.EXE uart1.c OPTIMIZE(8,SPEED) BROWSE DEBUG OBJECTEXTEND PRINT(.\Listings
                    -\uart1.lst) OBJECT(.\Objects\uart1.obj)

line level    source

   1          #include "uart1.h"
   2          
   3          
   4          void UartIsr() interrupt 4 using 1
   5          {
   6   1          if (RI)
   7   1          {
   8   2              RI = 0;
   9   2                      UltrasonicDataFunc(SBUF);
  10   2                      //Uart1_Send(SBUF);
  11   2          }
  12   1      }
  13          
  14          void Uart1_Init()
  15          {
  16   1          SCON |= 0x50;
  17   1          TMOD |= 0x00;
  18   1          TL1 = BRT;
  19   1          TH1 = BRT >> 8;
  20   1          TR1 = 1;
  21   1          AUXR |= 0x40;
  22   1              ES=1;
  23   1              EA=1;
  24   1      }
  25          
  26          void Uart1_Send(u8 dat)
  27          {
  28   1          SBUF = dat;
  29   1              while (!TI);
  30   1          TI=0;
  31   1          
  32   1      }
  33          
  34          void Uart1_SendStr(u8 *p)
  35          {
  36   1          while (*p!='\0')
  37   1          {
  38   2              Uart1_Send(*p++);
  39   2          }
  40   1      }
  41          
  42          void Uart1SendStrLen(u8 *p,u8 length)
  43          {
  44   1          while (length--)
  45   1          {
  46   2              Uart1_Send(*p++);
  47   2          }
  48   1      }


MODULE INFORMATION:   STATIC OVERLAYABLE
   CODE SIZE        =    128    ----
   CONSTANT SIZE    =   ----    ----
   XDATA SIZE       =   ----    ----
C51 COMPILER V9.56.0.0   UART1                                                             08/29/2018 11:44:19 PAGE 2   

   PDATA SIZE       =   ----    ----
   DATA SIZE        =   ----       6
   IDATA SIZE       =   ----    ----
   BIT SIZE         =   ----    ----
END OF MODULE INFORMATION.


C51 COMPILATION COMPLETE.  0 WARNING(S),  0 ERROR(S)
