C51 COMPILER V9.56.0.0   EXTI                                                              11/03/2018 20:02:56 PAGE 1   


C51 COMPILER V9.56.0.0, COMPILATION OF MODULE EXTI
OBJECT MODULE PLACED IN .\Output\Exti.obj
COMPILER INVOKED BY: F:\KEILC51+MDK\C51\BIN\C51.EXE App\Exti.c COMPACT OMF2 OPTIMIZE(9,SPEED) BROWSE INCDIR(.\App;.\Hard
                    -wareDrivers;.\STC15;.\App) DEBUG PRINT(.\Output\Exti.lst) OBJECT(.\Output\Exti.obj)

line level    source

   1          
   2          /*------------------------------------------------------------------*/
   3          /* --- STC MCU International Limited -------------------------------*/
   4          /* --- STC 1T Series MCU RC Demo -----------------------------------*/
   5          /* --- Mobile: (86)13922805190 -------------------------------------*/
   6          /* --- Fax: 86-0513-55012956,55012947,55012969 ---------------------*/
   7          /* --- Tel: 86-0513-55012928,55012929,55012966 ---------------------*/
   8          /* --- Web: www.GXWMCU.com -----------------------------------------*/
   9          /* --- QQ:  800003751 ----------------------------------------------*/
  10          /* If you want to use the program or the program referenced in the  */
  11          /* article, please specify in which data and procedures from STC    */
  12          /*------------------------------------------------------------------*/
  13          
  14          
  15          /*************  功能说明        **************
  16          
  17          本文件为STC15xxx系列的外中断初始化和中断程序,用户可以在这个文件中修改自己需要的中断程序.
  18          
  19          ******************************************/
  20          
  21          
  22          
  23          #include "Exti.h"
  24          #include "app.h"
  25          #include "Display.h"
  26          #include "PinDef.h"
  27          
  28          
  29          void    EXTI_config(void)
  30          {
  31   1              EXTI_InitTypeDef        EXTI_InitStructure;                                     //结构定义
  32   1      
  33   1              EXTI_InitStructure.EXTI_Interrupt = ENABLE;                             //中断允许,     ENABLE或DISABLE
  34   1              Ext_Inilize(EXT_INT1,&EXTI_InitStructure);                              //初始化INT1
  35   1              
  36   1              EXTI_InitStructure.EXTI_Interrupt = ENABLE;                             //中断允许,     ENABLE或DISABLE
  37   1              Ext_Inilize(EXT_INT2,&EXTI_InitStructure);                              //初始化INT2
  38   1      
  39   1              EXTI_InitStructure.EXTI_Interrupt = ENABLE;                             //中断允许,     ENABLE或DISABLE
  40   1              Ext_Inilize(EXT_INT3,&EXTI_InitStructure);                              //初始化INT3
  41   1      
  42   1      
  43   1      }
  44          
  45          
  46          //========================================================================
  47          // 函数: u8     Ext_Inilize(u8 EXT, EXTI_InitTypeDef *INTx)
  48          // 描述: 外部中断初始化程序.
  49          // 参数: INTx: 结构参数,请参考Exti.h里的定义.
  50          // 返回: 成功返回0, 空操作返回1,错误返回2.
  51          // 版本: V1.0, 2012-10-22
  52          //========================================================================
  53          u8      Ext_Inilize(u8 EXT, EXTI_InitTypeDef *INTx)
  54          {
C51 COMPILER V9.56.0.0   EXTI                                                              11/03/2018 20:02:56 PAGE 2   

  55   1              if(EXT >  EXT_INT4)     return 1;       //空操作
  56   1              
  57   1              if(EXT == EXT_INT0)     //外中断0
  58   1              {
  59   2                      if(INTx->EXTI_Interrupt == ENABLE)              EX0 = 1;        //允许中断
  60   2                      else                                                                    EX0 = 0;        //禁止中断
  61   2                      if(INTx->EXTI_Polity == PolityHigh)             PX0 = 1;        //高优先级中断
  62   2                      else                                                                    PX0 = 0;        //低优先级中断
  63   2                      if(INTx->EXTI_Mode == EXT_MODE_Fall)    IT0 = 1;        //下降沿中断
  64   2                      else                                                                    IT0 = 0;        //上升,下降沿中断
  65   2                      return  0;              //成功
  66   2              }
  67   1      
  68   1              if(EXT == EXT_INT1)     //外中断1
  69   1              {
  70   2                      if(INTx->EXTI_Interrupt == ENABLE)              EX1 = 1;        //允许中断
  71   2                      else                                                                    EX1 = 0;        //禁止中断
  72   2                      if(INTx->EXTI_Polity == PolityHigh)             PX1 = 1;        //高优先级中断
  73   2                      else                                                                    PX1 = 0;        //低优先级中断
  74   2                      if(INTx->EXTI_Mode == EXT_MODE_Fall)    IT1 = 1;        //下降沿中断
  75   2                      else                                                                    IT1 = 0;        //上升,下降沿中断
  76   2                      return  0;              //成功
  77   2              }
  78   1      
  79   1              if(EXT == EXT_INT2)             //外中断2, 固定为下降沿低优先级中断
  80   1              {
  81   2                      if(INTx->EXTI_Interrupt == ENABLE)      INT_CLKO |=  (1 << 4);  //允许中断      
  82   2                      else                                                            INT_CLKO &= ~(1 << 4);  //禁止中断
  83   2                      return  0;              //成功
  84   2              }
  85   1      
  86   1              if(EXT == EXT_INT3)             //外中断3, 固定为下降沿低优先级中断
  87   1              {
  88   2                      if(INTx->EXTI_Interrupt == ENABLE)      INT_CLKO |=  (1 << 5);  //允许中断      
  89   2                      else                                                            INT_CLKO &= ~(1 << 5);  //禁止中断
  90   2                      return  0;              //成功
  91   2              }
  92   1      
  93   1              if(EXT == EXT_INT4)             //外中断4, 固定为下降沿低优先级中断
  94   1              {
  95   2                      if(INTx->EXTI_Interrupt == ENABLE)      INT_CLKO |=  (1 << 6);  //允许中断      
  96   2                      else                                                            INT_CLKO &= ~(1 << 6);  //禁止中断
  97   2                      return  0;              //成功
  98   2              }
  99   1              return 2;       //失败
 100   1      }
 101          


MODULE INFORMATION:   STATIC OVERLAYABLE
   CODE SIZE        =    213    ----
   CONSTANT SIZE    =   ----    ----
   XDATA SIZE       =   ----    ----
   PDATA SIZE       =   ----       3
   DATA SIZE        =   ----    ----
   IDATA SIZE       =   ----    ----
   BIT SIZE         =   ----    ----
   EDATA SIZE       =   ----    ----
   HDATA SIZE       =   ----    ----
   XDATA CONST SIZE =   ----    ----
   FAR CONST SIZE   =   ----    ----
END OF MODULE INFORMATION.

C51 COMPILER V9.56.0.0   EXTI                                                              11/03/2018 20:02:56 PAGE 3   


C51 COMPILATION COMPLETE.  0 WARNING(S),  0 ERROR(S)
