C51 COMPILER V9.56.0.0   TIMER                                                             11/03/2018 11:26:33 PAGE 1   


C51 COMPILER V9.56.0.0, COMPILATION OF MODULE TIMER
OBJECT MODULE PLACED IN .\Output\timer.obj
COMPILER INVOKED BY: F:\KEILC51+MDK\C51\BIN\C51.EXE STC15\timer.c COMPACT OMF2 OPTIMIZE(9,SPEED) BROWSE INCDIR(.\App;.\H
                    -ardwareDrivers;.\STC15;.\App) DEBUG PRINT(.\Output\timer.lst) OBJECT(.\Output\timer.obj)

line level    source

   1          /**
   2           * STC15xxx系列的定时器初始化和中断程序,用户可以在这个文件中修改自己需要的中断程序
   3           * STC15 官方函数库
   4           * 最后更新：2014-07-17
   5           * http://blanboom.org
   6           */
   7          
   8          #include "timer.h"
   9          #include "TimeUpdate.h"
  10          #include "app.h"
  11          
  12          //========================================================================
  13          // 函数: u8     Timer_Inilize(u8 TIM, TIM_InitTypeDef *TIMx)
  14          // 描述: 定时器初始化程序.
  15          // 参数: TIMx: 结构参数,请参考timer.h里的定义.
  16          // 返回: 成功返回0, 空操作返回1,错误返回2.
  17          // 版本: V1.0, 2012-10-22
  18          //========================================================================
  19          u8      Timer_Inilize(u8 TIM, TIM_InitTypeDef *TIMx)
  20          {
  21   1              if(TIM > Timer2)        return 1;       //空操作
  22   1      
  23   1              if(TIM == Timer0)
  24   1              {
  25   2                      TR0 = 0;                //停止计数
  26   2                      if(TIMx->TIM_Interrupt == ENABLE)               ET0 = 1;        //允许中断
  27   2                      else                                                                    ET0 = 0;        //禁止中断
  28   2                      if(TIMx->TIM_Polity == PolityHigh)              PT0 = 1;        //高优先级中断
  29   2                      else                                                                    PT0 = 0;        //低优先级中断
  30   2                      if(TIMx->TIM_Mode >  TIM_16BitAutoReloadNoMask) return 2;       //错误
  31   2                      TMOD = (TMOD & ~0x03) | TIMx->TIM_Mode; //工作模式,0: 16位自动重装, 1: 16位定时/计数, 2: 8位自动重装, 3:
             - 16位自动重装, 不可屏蔽中断
  32   2                      if(TIMx->TIM_ClkSource == TIM_CLOCK_12T)        AUXR &= ~0x80;  //12T
  33   2                      if(TIMx->TIM_ClkSource == TIM_CLOCK_1T)         AUXR |=  0x80;  //1T
  34   2                      if(TIMx->TIM_ClkSource == TIM_CLOCK_Ext)        TMOD |=  0x04;  //对外计数或分频
  35   2                      else                                                                            TMOD &= ~0x04;  //定时
  36   2                      if(TIMx->TIM_ClkOut == ENABLE)  INT_CLKO |=  0x01;      //输出时钟
  37   2                      else                                                    INT_CLKO &= ~0x01;      //不输出时钟
  38   2                      
  39   2                      TH0 = (u8)(TIMx->TIM_Value >> 8);
  40   2                      TL0 = (u8)TIMx->TIM_Value;
  41   2                      if(TIMx->TIM_Run == ENABLE)     TR0 = 1;        //开始运行
  42   2                      return  0;              //成功
  43   2              }
  44   1      
  45   1              if(TIM == Timer1)
  46   1              {
  47   2                      TR1 = 0;                //停止计数
  48   2                      if(TIMx->TIM_Interrupt == ENABLE)               ET1 = 1;        //允许中断
  49   2                      else                                                                    ET1 = 0;        //禁止中断
  50   2                      if(TIMx->TIM_Polity == PolityHigh)              PT1 = 1;        //高优先级中断
  51   2                      else                                                                    PT1 = 0;        //低优先级中断
  52   2                      if(TIMx->TIM_Mode >= TIM_16BitAutoReloadNoMask) return 2;       //错误
  53   2                      TMOD = (TMOD & ~0x30) | TIMx->TIM_Mode; //工作模式,0: 16位自动重装, 1: 16位定时/计数, 2: 8位自动重装
C51 COMPILER V9.56.0.0   TIMER                                                             11/03/2018 11:26:33 PAGE 2   

  54   2                      if(TIMx->TIM_ClkSource == TIM_CLOCK_12T)        AUXR &= ~0x40;  //12T
  55   2                      if(TIMx->TIM_ClkSource == TIM_CLOCK_1T)         AUXR |=  0x40;  //1T
  56   2                      if(TIMx->TIM_ClkSource == TIM_CLOCK_Ext)        TMOD |=  0x40;  //对外计数或分频
  57   2                      else                                                                            TMOD &= ~0x40;  //定时
  58   2                      if(TIMx->TIM_ClkOut == ENABLE)  INT_CLKO |=  0x02;      //输出时钟
  59   2                      else                                                    INT_CLKO &= ~0x02;      //不输出时钟
  60   2                      
  61   2                      TH1 = (u8)(TIMx->TIM_Value >> 8);
  62   2                      TL1 = (u8)TIMx->TIM_Value;
  63   2                      if(TIMx->TIM_Run == ENABLE)     TR1 = 1;        //开始运行
  64   2                      return  0;              //成功
  65   2              }
  66   1      
  67   1              if(TIM == Timer2)               //Timer2,固定为16位自动重装, 中断无优先级
  68   1              {
  69   2                      AUXR &= ~(1<<4);        //停止计数
  70   2                      if(TIMx->TIM_Interrupt == ENABLE)                       IE2  |=  (1<<2);        //允许中断
  71   2                      else                                                                            IE2  &= ~(1<<2);        //禁止中断
  72   2                      if(TIMx->TIM_ClkSource >  TIM_CLOCK_Ext)        return 2;
  73   2                      if(TIMx->TIM_ClkSource == TIM_CLOCK_12T)        AUXR &= ~(1<<2);        //12T
  74   2                      if(TIMx->TIM_ClkSource == TIM_CLOCK_1T)         AUXR |=  (1<<2);        //1T
  75   2                      if(TIMx->TIM_ClkSource == TIM_CLOCK_Ext)        AUXR |=  (1<<3);        //对外计数或分频
  76   2                      else                                                                            AUXR &= ~(1<<3);        //定时
  77   2                      if(TIMx->TIM_ClkOut == ENABLE)  INT_CLKO |=  0x04;      //输出时钟
  78   2                      else                                                    INT_CLKO &= ~0x04;      //不输出时钟
  79   2      
  80   2                      TH2 = (u8)(TIMx->TIM_Value >> 8);
  81   2                      TL2 = (u8)TIMx->TIM_Value;
  82   2                      if(TIMx->TIM_Run == ENABLE)     AUXR |=  (1<<4);        //开始运行
  83   2                      return  0;              //成功
  84   2              }
  85   1              return 2;       //错误
  86   1      }


MODULE INFORMATION:   STATIC OVERLAYABLE
   CODE SIZE        =    375    ----
   CONSTANT SIZE    =   ----    ----
   XDATA SIZE       =   ----    ----
   PDATA SIZE       =   ----    ----
   DATA SIZE        =   ----    ----
   IDATA SIZE       =   ----    ----
   BIT SIZE         =   ----    ----
   EDATA SIZE       =   ----    ----
   HDATA SIZE       =   ----    ----
   XDATA CONST SIZE =   ----    ----
   FAR CONST SIZE   =   ----    ----
END OF MODULE INFORMATION.


C51 COMPILATION COMPLETE.  0 WARNING(S),  0 ERROR(S)
