C51 COMPILER V9.59.0.0   APP                                                               03/13/2019 22:20:25 PAGE 1   


C51 COMPILER V9.59.0.0, COMPILATION OF MODULE APP
OBJECT MODULE PLACED IN .\Objects\app.obj
COMPILER INVOKED BY: C:\Keil\C51\BIN\C51.EXE app.c OPTIMIZE(8,SPEED) BROWSE DEBUG OBJECTEXTEND PRINT(.\Listings\app.lst)
                    - OBJECT(.\Objects\app.obj)

line level    source

   1          #include "app.h"   //调用app.h
   2          
   3          extern const uint8_t code HZ_tab[][16]; //__ASCLLFONT_H 字库调用
   4          
   5          
   6          int main(void)
   7          {
   8   1              int i = 0;
   9   1              Init_DS18B20();  //初始化DS18B20温度传感器
  10   1              InitLcd();               //初始化LCD12864液晶屏
  11   1              
  12   1              LCD_ShowChinaLanguage(0 ,0 , &HZ_tab[0][0], 5);  //LCD12864液晶屏第一行初显示"运行模式:"
  13   1              LCD_ShowChinaLanguage(2 ,0 , &HZ_tab[10][0], 5); //LCD12864液晶屏第二行初显示"设置温度:"
  14   1              LCD_ShowChinaLanguage(2 ,7 , &HZ_tab[68][0], 1); //LCD12864液晶屏第二行末显示"℃"
  15   1              LCD_ShowChinaLanguage(4 ,0 , &HZ_tab[20][0], 5); //LCD12864液晶屏第三行显示"实际温度:"
  16   1              LCD_ShowChinaLanguage(4 ,7 , &HZ_tab[68][0], 1); //LCD12864液晶屏第三行末显示"℃"
  17   1              LCD_ShowChinaLanguage(6 ,0 , &HZ_tab[30][0], 5); //LCD12864液晶屏第四行显示"当前风速:"
  18   1                      
  19   1              Timer0Init();   //定时器0初始化，配置为1ms中断
  20   1              while(1)                //主循环
  21   1              {
  22   2                              
  23   2                      ;       
  24   2              }
  25   1      }


MODULE INFORMATION:   STATIC OVERLAYABLE
   CODE SIZE        =    111    ----
   CONSTANT SIZE    =   ----    ----
   XDATA SIZE       =   ----    ----
   PDATA SIZE       =   ----    ----
   DATA SIZE        =   ----       2
   IDATA SIZE       =   ----    ----
   BIT SIZE         =   ----    ----
END OF MODULE INFORMATION.


C51 COMPILATION COMPLETE.  0 WARNING(S),  0 ERROR(S)
