C51 COMPILER V9.59.0.0   KEY                                                               03/13/2019 22:20:26 PAGE 1   


C51 COMPILER V9.59.0.0, COMPILATION OF MODULE KEY
OBJECT MODULE PLACED IN .\Objects\key.obj
COMPILER INVOKED BY: C:\Keil\C51\BIN\C51.EXE key.c OPTIMIZE(8,SPEED) BROWSE DEBUG OBJECTEXTEND PRINT(.\Listings\key.lst)
                    - OBJECT(.\Objects\key.obj)

line level    source

   1          #include "key.h"
   2          
   3          uint8_t key_able[3]= {0, 27, 0};
   4          uint8_t save_data = 0;
   5          void Delay5ms()         //@11.0592MHz
   6          {
   7   1              unsigned char i, j;
   8   1      
   9   1              i = 9;
  10   1              j = 244;
  11   1              do
  12   1              {
  13   2                      while (--j);
  14   2              } while (--i);
  15   1      }
  16          
  17          
  18          uint8_t kscanf(void)
  19          {               
  20   1        static uint8_t key_mode = 1; 
  21   1              static last_keyval = 1, keyflag = 1;
  22   1      
  23   1              if((P1&0x0f)^0x0f != 0 && last_keyval != (P1&0x0F) && keyflag)
  24   1                      {
  25   2                              keyflag = 0;
  26   2                              switch(P1&0x0f)
  27   2                              {
  28   3                                      case 0x0E:
  29   3                                              key_able[0]++;
  30   3                                              if(key_able[0] > 2)
  31   3                                                      key_able[0] = 0;
  32   3                                              if(key_able[2] == 3)
  33   3                                                      key_able[2] = 0;
  34   3                                              break;
  35   3                                      case 0x0D:
  36   3                                              key_able[1]++;
  37   3                                              if(key_able[1] > 30)
  38   3                                                      key_able[1] = 16;
  39   3                                              break;  
  40   3                                      case 0x0B:
  41   3                                                      key_able[1]--;
  42   3                                              if(key_able[1] < 16)
  43   3                                                      key_able[1] = 30;
  44   3                                              break;  
  45   3                                      case 0x07:
  46   3                                              key_able[2]++;
  47   3                                              if(key_able[2] > 2)
  48   3                                                      key_able[2] = 0;
  49   3                                              save_data = key_able[2];
  50   3                                              break;  
  51   3                              }
  52   2                      }
  53   1              if(P1 & 0x0F == 0X0F)
  54   1                      keyflag = 1;
C51 COMPILER V9.59.0.0   KEY                                                               03/13/2019 22:20:26 PAGE 2   

  55   1               last_keyval = P1&0x0F;
  56   1               
  57   1              return key_mode;
  58   1      
  59   1      }       


MODULE INFORMATION:   STATIC OVERLAYABLE
   CODE SIZE        =    163    ----
   CONSTANT SIZE    =   ----    ----
   XDATA SIZE       =   ----    ----
   PDATA SIZE       =   ----    ----
   DATA SIZE        =      9    ----
   IDATA SIZE       =   ----    ----
   BIT SIZE         =   ----    ----
END OF MODULE INFORMATION.


C51 COMPILATION COMPLETE.  0 WARNING(S),  0 ERROR(S)
