C51 COMPILER V9.59.0.0   TIMER                                                             03/13/2019 22:20:26 PAGE 1   


C51 COMPILER V9.59.0.0, COMPILATION OF MODULE TIMER
OBJECT MODULE PLACED IN .\Objects\timer.obj
COMPILER INVOKED BY: C:\Keil\C51\BIN\C51.EXE timer.c OPTIMIZE(8,SPEED) BROWSE DEBUG OBJECTEXTEND PRINT(.\Listings\timer.
                    -lst) OBJECT(.\Objects\timer.obj)

line level    source

   1          #include "timer.h"
   2          
   3          extern const uint8_t code HZ_tab[][16];
   4          
   5          extern uint8_t save_data;
   6          
   7          extern uint8_t key_able[];
   8          
   9          uint8_t motor_count = 0;
  10          /*******************************************************************************
  11          * 函 数 名         : Timer0Init
  12          * 函数功能                 : 定时器0初始化
  13          * 输    入         : 无
  14          * 输    出         : 无
  15          *******************************************************************************/
  16          void Timer0Init(void)
  17          {
  18   1              TMOD|=0X01; //  选择为定时器0模式，工作方式1，仅用TR0打开启动。
  19   1              TL0 = 0x00;             //设置定时初值
  20   1              TH0 = 0xDC;             //设置定时初值
  21   1              ET0=1;      //打开定时器0中断允许
  22   1              EA=1;       //打开总中断
  23   1              TR0=1;      //打开定时器                        
  24   1      }
  25          
  26                  uint8_t * _pDs18b20 = (uint8_t *)0;
  27                  uint8_t key_val = 0;
  28          
  29                  uint8_t pwm_val = 0;
  30          
  31          float temp_val = 0;
  32          void Timer0() interrupt 1
  33          {
  34   1              static uint8_t delay_10ms = 0;
  35   1              int i = 0;
  36   1              TL0 = 0x00;             //设置定时初值
  37   1              TH0 = 0xDC;             //设置定时初值
  38   1              delay_10ms ++;
  39   1              kscanf();
  40   1              if(delay_10ms == 50)
  41   1              {       
  42   2                      delay_10ms = 0;
  43   2                      
  44   2                      temp_val = ReadTemperature();
  45   2                      
  46   2                      _pDs18b20 = Ds18b20_datapros(temp_val);  //数据处理函数
  47   2                      
  48   2                      LCD_ShowString_length(4, 9, _pDs18b20 ,4);
  49   2                      
  50   2                      LCD_ShowNumber(2, 9, key_able[1], 2);
  51   2                      
  52   2                      switch(key_able[0])
  53   2                      {
  54   3                              case 0:         LCD_ShowChinaLanguage(0 ,5 , &HZ_tab[48][0], 2);
C51 COMPILER V9.59.0.0   TIMER                                                             03/13/2019 22:20:26 PAGE 2   

  55   3                              P1 &= ~0x10;P1 |= 0x20;P1 |= 0x40;
  56   3                                      break;
  57   3                              case 1:         LCD_ShowChinaLanguage(0 ,5 , &HZ_tab[40][0], 2);
  58   3                              if(key_able[1] > temp_val)
  59   3                                      key_able[2] = 3;
  60   3                              else
  61   3                                      key_able[2] = save_data;
  62   3                              P1 &= ~0x20;P1 |= 0x10;P1 |= 0x40;                      
  63   3                                      break;
  64   3                              case 2:         LCD_ShowChinaLanguage(0 ,5 , &HZ_tab[44][0], 2);
  65   3                              if(key_able[1] < temp_val)
  66   3                                      key_able[2] = 3;
  67   3                              else
  68   3                                      key_able[2] = save_data;
  69   3                              P1 &= ~0x40;P1 |= 0x10;P1 |= 0x20;                      
  70   3                              break;
  71   3                              default:key_able[0] = 0; break;
  72   3                      }
  73   2                      switch(key_able[2])
  74   2                      {
  75   3                              case 0:         LCD_ShowChinaLanguage(6 ,5 , &HZ_tab[60][0], 2);
  76   3                              motor_count = 2;
  77   3                                      break;
  78   3                              case 1:         LCD_ShowChinaLanguage(6 ,5 , &HZ_tab[56][0], 2);
  79   3                              motor_count = 5;                        
  80   3                              break;
  81   3                              case 2:         LCD_ShowChinaLanguage(6 ,5 , &HZ_tab[52][0], 2);
  82   3                              motor_count = 45;
  83   3                              break;
  84   3                              case 3:         LCD_ShowChinaLanguage(6 ,5 , &HZ_tab[64][0], 2);
  85   3                              motor_count = 0;
  86   3                              break;
  87   3                              default:key_able[3] = 0; break;
  88   3                      }
  89   2                      
  90   2              }
  91   1              if(pwm_val++ < motor_count)
  92   1              {
  93   2                      MOTOR_Bit = 0;
  94   2              }
  95   1              else if(pwm_val > 50)
  96   1              {
  97   2                      pwm_val = 0;
  98   2              }
  99   1              else
 100   1              {
 101   2                      MOTOR_Bit = 1;
 102   2              }
 103   1              
 104   1              
 105   1              
 106   1      }


MODULE INFORMATION:   STATIC OVERLAYABLE
   CODE SIZE        =    436    ----
   CONSTANT SIZE    =   ----    ----
   XDATA SIZE       =   ----    ----
   PDATA SIZE       =   ----    ----
   DATA SIZE        =     11       2
   IDATA SIZE       =   ----    ----
   BIT SIZE         =   ----    ----
C51 COMPILER V9.59.0.0   TIMER                                                             03/13/2019 22:20:26 PAGE 3   

END OF MODULE INFORMATION.


C51 COMPILATION COMPLETE.  0 WARNING(S),  0 ERROR(S)
