C51 COMPILER V9.56.0.0   HV57708                                                           11/09/2018 18:43:02 PAGE 1   


C51 COMPILER V9.56.0.0, COMPILATION OF MODULE HV57708
OBJECT MODULE PLACED IN .\Output\HV57708.obj
COMPILER INVOKED BY: F:\KEILC51+MDK\C51\BIN\C51.EXE HardwareDrivers\HV57708.c COMPACT OMF2 OPTIMIZE(9,SPEED) BROWSE INCD
                    -IR(.\App;.\HardwareDrivers;.\STC15;.\App) DEBUG PRINT(.\Output\HV57708.lst) OBJECT(.\Output\HV57708.obj)

line level    source

   1          /**
   2           * MAX6921驱动
   3           * 芯片简介：
   4           * 
   5           * 作者：    Blanboom
   6           * 最后更新：2014-07-17
   7           *****************************************************************************
   8           */
   9           
  10          #include "HV57708.h"
  11          #include "PinDef.h"
  12          #include "delay.h"
  13          
  14          /**
  15           * void MAX6921_Init(bool MAX6921_Mode)
  16           * 简介：MAX6921 初始化
  17           * 功能：MAX6921 初始化，并设置输出模式
  18           * 输入：
  19           *       MAX6921_Mode:
  20           *           MAX6921_MODE_NORMAL    - 标准输出模式
  21           *           MAX6921_MODE_INVERTION - 反相输出模式
  22           * 输出：无
  23           */
  24          
  25          
  26          /**
  27           * void HV57708_SendData(uint32_t datapart1, uint32_t datapart2)
  28           * 简介：向 HV57708 发送数据
  29           * 功能：向 HV57708 发送 64 位的数据
  30           * 输入：
  31           *       datapart1 - 第一部分数据，32位
  32           *       datapart2 - 第二部分数据，32位
  33           * 输出：无
  34           */
  35          
  36          
  37          /**
  38           * void HV57708_OutputData(void)
  39           * 简介：将 HV57708 寄存器中的数据输出至引脚
  40           * 功能：将 HV57708 寄存器中的数据输出至引脚
  41           * 输入：无
  42           * 输出：无
  43           */
  44          void HV57708_OutputData(void)
  45          {
  46   1      
  47   1      }


MODULE INFORMATION:   STATIC OVERLAYABLE
   CODE SIZE        =      1    ----
   CONSTANT SIZE    =   ----    ----
   XDATA SIZE       =   ----    ----
   PDATA SIZE       =   ----    ----
C51 COMPILER V9.56.0.0   HV57708                                                           11/09/2018 18:43:02 PAGE 2   

   DATA SIZE        =   ----    ----
   IDATA SIZE       =   ----    ----
   BIT SIZE         =   ----    ----
   EDATA SIZE       =   ----    ----
   HDATA SIZE       =   ----    ----
   XDATA CONST SIZE =   ----    ----
   FAR CONST SIZE   =   ----    ----
END OF MODULE INFORMATION.


C51 COMPILATION COMPLETE.  0 WARNING(S),  0 ERROR(S)
