C51 COMPILER V9.50a   LPD6803                                                              03/13/2016 10:58:17 PAGE 1   


C51 COMPILER V9.50a, COMPILATION OF MODULE LPD6803
OBJECT MODULE PLACED IN .\Output\LPD6803.obj
COMPILER INVOKED BY: C:\Keil_v5\C51\BIN\C51.EXE HardwareDrivers\LPD6803.c COMPACT OMF2 OPTIMIZE(9,SPEED) BROWSE INCDIR(.
                    -\App;.\HardwareDrivers;.\STC15) DEBUG PRINT(.\Output\LPD6803.lst) TABS(2) OBJECT(.\Output\LPD6803.obj)

line level    source

   1          /**
   2           * LPD6803 驱动
   3           * 芯片简介：
   4           *     3 路 LED 控制芯片
   5           * 来源：程序来自 LPD6803 数据手册
   6           * 最后更新：2014-07-18
   7           * http://blanboom.org
   8           *********************************************
   9           * 使用本程序时，需要在 PinDef.h 中
  10           * 定义 HV57708 的各个引脚，具体请参考 LPD6803.h
  11           *********************************************
  12           * 本程序只适合单片 LPD6803，不适合多片芯片级联的情况
  13           */
  14           
  15          #include "LPD6803.h"
  16          
  17          #include "PinDef.h"
  18          
  19          /**
  20           * void LPD6803_LEDLightUp(uint8_t dr, uint8_t dg, uint8_t db)
  21           * 简介：以指定的参数点亮 LED
  22           * 功能：向 LPD6803 发送三路 LED 的亮度数据，并点亮 LED
  23           * 输入：
  24           *       dr, dg, db 分别为三路 LED 的亮度数据，范围是 0 ~ 31
  25           * 输出：无
  26           */
  27          void LPD6803_LEDLightUp(uint8_t dg, uint8_t dr, uint8_t db)
  28          {
  29   1        uint8_t j;
  30   1        uint16_t mask;
  31   1        
  32   1        // first output 32 start frame
  33   1        LPD6803_DCLK = 0;
*** ERROR C202 IN LINE 33 OF HardwareDrivers\LPD6803.c: 'LPD6803_DCLK': undefined identifier
  34   1        LPD6803_DIN = 0;
*** ERROR C202 IN LINE 34 OF HardwareDrivers\LPD6803.c: 'LPD6803_DIN': undefined identifier
  35   1        
  36   1        for(j = 0; j < 32; j++)
  37   1        {
  38   2          LPD6803_DCLK = 1;
*** ERROR C202 IN LINE 38 OF HardwareDrivers\LPD6803.c: 'LPD6803_DCLK': undefined identifier
  39   2          LPD6803_DCLK = 0;
*** ERROR C202 IN LINE 39 OF HardwareDrivers\LPD6803.c: 'LPD6803_DCLK': undefined identifier
  40   2        }
  41   1      
  42   1        LPD6803_DIN  = 1;
*** ERROR C202 IN LINE 42 OF HardwareDrivers\LPD6803.c: 'LPD6803_DIN': undefined identifier
  43   1        LPD6803_DCLK = 1;
*** ERROR C202 IN LINE 43 OF HardwareDrivers\LPD6803.c: 'LPD6803_DCLK': undefined identifier
  44   1        LPD6803_DCLK = 0;
*** ERROR C202 IN LINE 44 OF HardwareDrivers\LPD6803.c: 'LPD6803_DCLK': undefined identifier
  45   1      
  46   1        // output 5 bits red data 
  47   1        mask = 0x10;
C51 COMPILER V9.50a   LPD6803                                                              03/13/2016 10:58:17 PAGE 2   

  48   1        for(j = 0; j < 5; j++)
  49   1        {
  50   2          if(mask & dr)
  51   2          {
  52   3            LPD6803_DIN = 1;
*** ERROR C202 IN LINE 52 OF HardwareDrivers\LPD6803.c: 'LPD6803_DIN': undefined identifier
  53   3          }
  54   2          else
  55   2          {
  56   3            LPD6803_DIN = 0;
*** ERROR C202 IN LINE 56 OF HardwareDrivers\LPD6803.c: 'LPD6803_DIN': undefined identifier
  57   3          }
  58   2          LPD6803_DCLK = 1;
*** ERROR C202 IN LINE 58 OF HardwareDrivers\LPD6803.c: 'LPD6803_DCLK': undefined identifier
  59   2          LPD6803_DCLK = 0;
*** ERROR C202 IN LINE 59 OF HardwareDrivers\LPD6803.c: 'LPD6803_DCLK': undefined identifier
  60   2          mask >>= 1;
  61   2        }
  62   1      
  63   1        // output 5 bits green data 
  64   1        mask=0x10;
  65   1        for(j = 0; j < 5; j++)
  66   1        {
  67   2          if(mask & dg)
  68   2          {
  69   3            LPD6803_DIN = 1;
*** ERROR C202 IN LINE 69 OF HardwareDrivers\LPD6803.c: 'LPD6803_DIN': undefined identifier
  70   3          }
  71   2          else
  72   2          {   
  73   3            LPD6803_DIN = 0;
*** ERROR C202 IN LINE 73 OF HardwareDrivers\LPD6803.c: 'LPD6803_DIN': undefined identifier
  74   3          }
  75   2          LPD6803_DCLK = 1;
*** ERROR C202 IN LINE 75 OF HardwareDrivers\LPD6803.c: 'LPD6803_DCLK': undefined identifier
  76   2          LPD6803_DCLK = 0;
*** ERROR C202 IN LINE 76 OF HardwareDrivers\LPD6803.c: 'LPD6803_DCLK': undefined identifier
  77   2          mask >>= 1;
  78   2        }
  79   1      
  80   1      
  81   1        // output 5bits blue data
  82   1        mask = 0x10;
  83   1        for(j = 0; j < 5; j++)
  84   1        {
  85   2          if(mask & db)
  86   2          {
  87   3            LPD6803_DIN = 1;
*** ERROR C202 IN LINE 87 OF HardwareDrivers\LPD6803.c: 'LPD6803_DIN': undefined identifier
  88   3          }
  89   2          else
  90   2          {
  91   3            LPD6803_DIN = 0;
*** ERROR C202 IN LINE 91 OF HardwareDrivers\LPD6803.c: 'LPD6803_DIN': undefined identifier
  92   3          }
  93   2          LPD6803_DCLK = 1;
*** ERROR C202 IN LINE 93 OF HardwareDrivers\LPD6803.c: 'LPD6803_DCLK': undefined identifier
  94   2          LPD6803_DCLK = 0;
*** ERROR C202 IN LINE 94 OF HardwareDrivers\LPD6803.c: 'LPD6803_DCLK': undefined identifier
  95   2          mask >>= 1;
  96   2        }
  97   1      
C51 COMPILER V9.50a   LPD6803                                                              03/13/2016 10:58:17 PAGE 3   

  98   1        LPD6803_DIN = 0;
*** ERROR C202 IN LINE 98 OF HardwareDrivers\LPD6803.c: 'LPD6803_DIN': undefined identifier
  99   1        LPD6803_DCLK = 1;
*** ERROR C202 IN LINE 99 OF HardwareDrivers\LPD6803.c: 'LPD6803_DCLK': undefined identifier
 100   1        LPD6803_DCLK = 0;
*** ERROR C202 IN LINE 100 OF HardwareDrivers\LPD6803.c: 'LPD6803_DCLK': undefined identifier
 101   1        // transport data finish
 102   1        _nop_();
 103   1        _nop_();
 104   1        _nop_();
 105   1      }

C51 COMPILATION COMPLETE.  0 WARNING(S),  22 ERROR(S)
