C51 COMPILER V9.56.0.0   TIMEUPDATE                                                        11/09/2018 18:43:01 PAGE 1   


C51 COMPILER V9.56.0.0, COMPILATION OF MODULE TIMEUPDATE
OBJECT MODULE PLACED IN .\Output\TimeUpdate.obj
COMPILER INVOKED BY: F:\KEILC51+MDK\C51\BIN\C51.EXE App\TimeUpdate.c COMPACT OMF2 OPTIMIZE(9,SPEED) BROWSE INCDIR(.\App;
                    -.\HardwareDrivers;.\STC15;.\App) DEBUG PRINT(.\Output\TimeUpdate.lst) OBJECT(.\Output\TimeUpdate.obj)

line level    source

   1          /**
   2           * 时间更新相关函数
   3           * 作者：hhelib
   4           * 最后更新：2016-03-13
   5           **************************
   6           * 使用时应根据时钟频率调整定时器初值
   7           */
   8           
   9          #include "TimeUpdate.h"
  10          #include "timer.h"
  11          #include "app.h"
  12          
  13          /**
  14           * void timerInit(void)
  15           * 简介：初始化计时用的定时器
  16           * 输入：无
  17           * 输出：无
  18           */
  19          void timerInit(void)
  20          {
  21   1              TIM_InitTypeDef         TIM_InitStructure;
  22   1              TIM_InitStructure.TIM_Mode      = TIM_16BitAutoReloadNoMask; // 16 位自动重装，不可屏蔽中断
  23   1              TIM_InitStructure.TIM_Polity    = PolityLow;                    
  24   1              TIM_InitStructure.TIM_Interrupt = ENABLE;
  25   1              TIM_InitStructure.TIM_ClkSource = TIM_CLOCK_12T;  // 12T 模式
  26   1              TIM_InitStructure.TIM_ClkOut    = DISABLE;
  27   1              TIM_InitStructure.TIM_Value     = 0x3cb0;         // 25ms @ 24.000MHz 0x3cb0
  28   1              TIM_InitStructure.TIM_Run       = ENABLE;
  29   1              Timer_Inilize(Timer2, &TIM_InitStructure);
  30   1              
  31   1      }
  32          
  33          
  34          /**
  35           * void timeUpdate_ISR(void)
  36           * 简介：计时用的定时器的 ISR
  37           * 输入：无
  38           * 输出：无
  39           */
  40          void timeUpdate_ISR(void) interrupt TIMER2_VECTOR
  41          {
  42   1              per25ms++;
  43   1              if(per25ms >= 40)
  44   1              {
  45   2          per25ms = 0;
  46   2                      second++;
  47   2              }
  48   1              if(second >= 60)
  49   1              {
  50   2                      second = 0;
  51   2                      minute++;
  52   2              }
  53   1              if(minute >= 60)
  54   1              {
C51 COMPILER V9.56.0.0   TIMEUPDATE                                                        11/09/2018 18:43:01 PAGE 2   

  55   2                      minute = 0;
  56   2                      hour++;
  57   2              }
  58   1              if(hour >= 24)
  59   1              {
  60   2                      hour = 0;
  61   2              }
  62   1      }


MODULE INFORMATION:   STATIC OVERLAYABLE
   CODE SIZE        =    116    ----
   CONSTANT SIZE    =   ----    ----
   XDATA SIZE       =   ----    ----
   PDATA SIZE       =   ----       8
   DATA SIZE        =   ----    ----
   IDATA SIZE       =   ----    ----
   BIT SIZE         =   ----    ----
   EDATA SIZE       =   ----    ----
   HDATA SIZE       =   ----    ----
   XDATA CONST SIZE =   ----    ----
   FAR CONST SIZE   =   ----    ----
END OF MODULE INFORMATION.


C51 COMPILATION COMPLETE.  0 WARNING(S),  0 ERROR(S)
