Removed Pin From Net: NetName=X2 Pin=U1-1
Removed Pin From Net: NetName=X2 Pin=U1-2
Removed Pin From Net: NetName=X2 Pin=U1-3
Removed Pin From Net: NetName=X2 Pin=U1-5
Removed Pin From Net: NetName=X2 Pin=U1-6
Removed Pin From Net: NetName=X2 Pin=U1-12
Added Component: Designator=P5(HDR1X2)
Add component. Clean all parameters for all variants
Add component (AddParameter): Name = "LatestRevisionDate"; Value = "17-Jul-2002"; VariantName = "[No Variations]"
Add component (AddParameter): Name = "LatestRevisionNote"; Value = "Re-released for DXP Platform."; VariantName = "[No Variations]"
Add component (AddParameter): Name = "Publisher"; Value = "Altium Limited"; VariantName = "[No Variations]"
Added Component: Designator=P6(HDR1X3)
Add component. Clean all parameters for all variants
Add component (AddParameter): Name = "LatestRevisionDate"; Value = "17-Jul-2002"; VariantName = "[No Variations]"
Add component (AddParameter): Name = "LatestRevisionNote"; Value = "Re-released for DXP Platform."; VariantName = "[No Variations]"
Add component (AddParameter): Name = "Publisher"; Value = "Altium Limited"; VariantName = "[No Variations]"
Added Component: Designator=R9(LC-0805_R)
Add component. Clean all parameters for all variants
Add component (AddParameter): Name = "ComponentLink1Description"; Value = "供应商链接"; VariantName = "[No Variations]"
Add component (AddParameter): Name = "ComponentLink1URL"; Value = "http://www.szlcsc.com/product/details_18102.html"; VariantName = "[No Variations]"
Add component (AddParameter): Name = "Package"; Value = "0805"; VariantName = "[No Variations]"
Add component (AddParameter): Name = "Supplier"; Value = "LC"; VariantName = "[No Variations]"
Add component (AddParameter): Name = "SuppliersPartNumber"; Value = "C17414"; VariantName = "[No Variations]"
Added Pin To Net: NetName=GND Pin=P5-1
Added Pin To Net: NetName=NetP5_2 Pin=P5-2
Added Pin To Net: NetName=NetP5_2 Pin=P6-1
Added Pin To Net: NetName=NetP6_2 Pin=P6-2
Added Pin To Net: NetName=VCC Pin=P6-3
Added Pin To Net: NetName=Dj Pin=R9-1
Added Pin To Net: NetName=NetP6_2 Pin=R9-2
Added Pin To Net: NetName=Dj Pin=U1-1
Added Member To Class: ClassName=基于单片机的空调温度控制系统 Member=Component P5 电机
Added Member To Class: ClassName=基于单片机的空调温度控制系统 Member=Component P6 8550
Added Member To Class: ClassName=基于单片机的空调温度控制系统 Member=Component R9 100Ω (1002) ±1%
Added Room: Name=基于单片机的空调温度控制系统
