C51 COMPILER V9.56.0.0   PBDATA                                                            10/22/2018 20:01:40 PAGE 1   


C51 COMPILER V9.56.0.0, COMPILATION OF MODULE PBDATA
OBJECT MODULE PLACED IN .\Objects\pbdata.obj
COMPILER INVOKED BY: F:\KEILC51+MDK\C51\BIN\C51.EXE pbdata.c OPTIMIZE(8,SPEED) BROWSE DEBUG OBJECTEXTEND PRINT(.\Listing
                    -s\pbdata.lst) OBJECT(.\Objects\pbdata.obj)

line level    source

   1          #include "pbdata.h"
   2          
   3          
   4          void Delayus(u32 _ustime)               //@22.1184MHz
   5          {
   6   1              unsigned char i;
   7   1          while(_ustime--)
   8   1          {
   9   2              _nop_();
  10   2              i = 5;
  11   2              while (--i);
  12   2          }
  13   1      }
  14          
  15          void Delayms(u32 _mstime)               //@22.1184MHz
  16          {
  17   1              unsigned char i, j;
  18   1          while(_mstime--)
  19   1          {
  20   2              i = 29;
  21   2              j = 183;
  22   2              do
  23   2              {
  24   3                      while (--j);
  25   3              } while (--i);
  26   2          }
  27   1      }
  28          
  29          
  30          
  31          
  32          
  33          


MODULE INFORMATION:   STATIC OVERLAYABLE
   CODE SIZE        =     63    ----
   CONSTANT SIZE    =   ----    ----
   XDATA SIZE       =   ----    ----
   PDATA SIZE       =   ----    ----
   DATA SIZE        =   ----       8
   IDATA SIZE       =   ----    ----
   BIT SIZE         =   ----    ----
END OF MODULE INFORMATION.


C51 COMPILATION COMPLETE.  0 WARNING(S),  0 ERROR(S)
