C51 COMPILER V9.56.0.0   UART2                                                             10/22/2018 20:01:41 PAGE 1   


C51 COMPILER V9.56.0.0, COMPILATION OF MODULE UART2
OBJECT MODULE PLACED IN .\Objects\uart2.obj
COMPILER INVOKED BY: F:\KEILC51+MDK\C51\BIN\C51.EXE uart2.c OPTIMIZE(8,SPEED) BROWSE DEBUG OBJECTEXTEND PRINT(.\Listings
                    -\uart2.lst) OBJECT(.\Objects\uart2.obj)

line level    source

   1          #include "uart2.h"
   2          
   3          #define FOSC            22118400UL
   4          #define BRT             (65536 - FOSC / 9600 / 4)
   5          
   6          u8 Uart2Num=0;
   7          
   8          
   9          void Uart2Isr() interrupt 8 
  10          {
  11   1              u8 _uart2val=0;
  12   1          if (S2CON & 0x01)
  13   1          {
  14   2              S2CON &= ~0x01;
  15   2                      
  16   2                      if(My1680uFlag==Enable)
  17   2                      {
  18   3                              _uart2val=S2BUF;
  19   3                              switch(Uart2Num)
  20   3                              {
  21   4                                      case 0:if('O'==_uart2val) Uart2Num++;else Uart2Num=0;break;
  22   4                                      case 1:if('K'==_uart2val) {My1680uFlag=Disable;Uart2Num=0;}else Uart2Num=0; break;
  23   4                                      default:Uart2Num=0;break;
  24   4                              }
  25   3                              
  26   3                      }
  27   2                      Uart1_Send(_uart2val);
  28   2                      
  29   2                      
  30   2          }
  31   1      }
  32          
  33          void Uart2Init()
  34          {
  35   1          S2CON |= 0x50;
  36   1          T2L = BRT;
  37   1          T2H = BRT >> 8;
  38   1          AUXR |= 0x14;
  39   1              IE2 |= 0x01;
  40   1          EA = 1;
  41   1      }
  42          
  43          void Uart2Send(u8 dat)
  44          {
  45   1              S2BUF = dat;
  46   1          while ((S2CON & 0x02)!=0x02);
  47   1          S2CON &= ~0x02; 
  48   1      }
  49          
  50          void Uart2SendStr(u8 *p)
  51          {
  52   1          while (*p!='\0')
  53   1          {
  54   2              Uart2Send(*p);
C51 COMPILER V9.56.0.0   UART2                                                             10/22/2018 20:01:41 PAGE 2   

  55   2                      p++;
  56   2          }
  57   1      }
  58          
  59          void Uart2SendStrLen(u8 *p,u8 length)
  60          {
  61   1          while (length--)
  62   1          {
  63   2              Uart2Send(*p);
  64   2                      p++;
  65   2          }
  66   1      }


MODULE INFORMATION:   STATIC OVERLAYABLE
   CODE SIZE        =    178    ----
   CONSTANT SIZE    =   ----    ----
   XDATA SIZE       =   ----    ----
   PDATA SIZE       =   ----    ----
   DATA SIZE        =      1    ----
   IDATA SIZE       =   ----    ----
   BIT SIZE         =   ----    ----
END OF MODULE INFORMATION.


C51 COMPILATION COMPLETE.  0 WARNING(S),  0 ERROR(S)
