C51 COMPILER V9.59.0.0   APP                                                               03/13/2019 13:23:32 PAGE 1   


C51 COMPILER V9.59.0.0, COMPILATION OF MODULE APP
OBJECT MODULE PLACED IN .\Objects\app.obj
COMPILER INVOKED BY: C:\Keil\C51\BIN\C51.EXE app.c OPTIMIZE(8,SPEED) BROWSE DEBUG OBJECTEXTEND PRINT(.\Listings\app.lst)
                    - OBJECT(.\Objects\app.obj)

line level    source

   1          #include "app.h"
   2          
   3          #define DELAYTIME 100//5ms延时因子
   4          #define RESTDELAYTIME 50//5ms延时因子
   5          bit uart_get_flag=0;
   6          _bool uartdelaysendflag=FLASE; 
   7          u8 uart_cmd_data[2];
   8          void uart_pack_send(void);
   9          void main()
  10          {
  11   1              UartInit();
  12   1              Timer0Init();
  13   1              while(1)
  14   1              {
  15   2                      if(uart_get_flag==1)
  16   2                      {
  17   3                              uart_get_flag=0;
  18   3                              FuncReg(&uartdelaysendflag,RESTDELAYTIME+DELAYTIME*(~(u8)Seat_Addr()),TRUE);
  19   3                              
  20   3                      }
  21   2                      if(uartdelaysendflag==TRUE)
  22   2                      {
  23   3                              uartdelaysendflag=FLASE;
  24   3                              uart_pack_send();       
  25   3                      }
  26   2              }
  27   1      }
  28          
  29          
  30          //串口接收数据
  31          //帧头 55
  32          //帧头 AA
  33          //addr xx
  34          //seatdata xx
  35          //seatdata xx
  36          //检验 0-add8
  37          //包尾 0xFF
  38          
  39          void uart_pack_send(void)
  40          {
  41   1              u8 uart_pack_data[7];
  42   1              uart_pack_data[0]=0X55;
  43   1              uart_pack_data[1]=0XAA;
  44   1              uart_pack_data[2]=~(u8)Seat_Addr();
  45   1              uart_pack_data[3]=~(u8)Seat_Num();
  46   1              uart_pack_data[4]=(u8)Present_Seat_Num();
  47   1              uart_pack_data[5]=Check0_add8(uart_pack_data+2,3);
  48   1              uart_pack_data[6]=0XFF;
  49   1              Send_String_Length(uart_pack_data,7);
  50   1      }
  51          
  52          
  53          
  54          
C51 COMPILER V9.59.0.0   APP                                                               03/13/2019 13:23:32 PAGE 2   

  55          
  56          
  57          
  58          
  59          
  60          
  61          
  62          
  63          
  64          


MODULE INFORMATION:   STATIC OVERLAYABLE
   CODE SIZE        =    109    ----
   CONSTANT SIZE    =   ----    ----
   XDATA SIZE       =   ----    ----
   PDATA SIZE       =   ----    ----
   DATA SIZE        =      3       7
   IDATA SIZE       =   ----    ----
   BIT SIZE         =      1    ----
END OF MODULE INFORMATION.


C51 COMPILATION COMPLETE.  0 WARNING(S),  0 ERROR(S)
