C51 COMPILER V9.59.0.0   USART                                                             03/13/2019 13:23:32 PAGE 1   


C51 COMPILER V9.59.0.0, COMPILATION OF MODULE USART
OBJECT MODULE PLACED IN .\Objects\usart.obj
COMPILER INVOKED BY: C:\Keil\C51\BIN\C51.EXE usart.c OPTIMIZE(8,SPEED) BROWSE DEBUG OBJECTEXTEND PRINT(.\Listings\usart.
                    -lst) OBJECT(.\Objects\usart.obj)

line level    source

   1          #include "usart.h"
   2          
   3          void UartInit(void)             //9600bps@11.0592MHz
   4          {
   5   1              SCON |= 0x50;            //8-bit variable UART
   6   1          TMOD |= 0x20;            //Set Timer1 as 8-bit auto reload mode
   7   1          TH1 = TL1 = -(11059200L/12/32/9600); //Set auto-reload vaule
   8   1          TR1 = 1;                //Timer1 start run
   9   1          ES = 1;                 //Enable UART interrupt
  10   1          EA = 1;                 //Open master interrupt switch
  11   1      }
  12          
  13          
  14          void SendByte(unsigned char byte)
  15          {
  16   1              SBUF = byte;   //将要发送的数据放入到发送寄存器
  17   1              while(!TI);               //等待发送数据完成
  18   1              TI=0;                     //清除发送完成标志位
  19   1      }
  20          
  21          void Send_String_Length(unsigned char *str,u8 length)   
  22          {
  23   1              while(length--)
  24   1              {
  25   2                      SendByte(*str);                 
  26   2                      str++;  
  27   2              }
  28   1      }
  29          /*****************************************************************************
  30          字符串发送函数
  31          /****************************************************************************/
  32          void Send_String(unsigned char *str)            
  33          {
  34   1              while(*str != '\0')             
  35   1              {
  36   2                      SendByte(*str);                 
  37   2                      str++;          
  38   2              }                                 
  39   1      }
  40          //串口接收数据
  41          //帧头 55
  42          //帧头 AA
  43          //cmd  01
  44          //data xx
  45          //检验 0-add8
  46          //包尾 0xFF
  47          
  48          u8 uart_data[6];
  49          u8 uart_num=0;
  50          u8 uartval=0;
  51          void Uart_Isr() interrupt 4 using 1
  52          {
  53   1          if (RI)
  54   1          {
C51 COMPILER V9.59.0.0   USART                                                             03/13/2019 13:23:32 PAGE 2   

  55   2              RI = 0;             //Clear receive interrupt flag
  56   2                      if(uart_get_flag==0)
  57   2                      {
  58   3                              uart_data[uart_num]=SBUF;
  59   3                              switch(uart_num)
  60   3                              {
  61   4                                      case 0:if(uart_data[uart_num]==0X55)uart_num++;else uart_num=0; break;
  62   4                                      case 1:if(uart_data[uart_num]==0XAA)uart_num++;else uart_num=0; break;
  63   4                                      case 2:
  64   4                                      case 3:
  65   4                                      case 4:uart_num++;break;//if(Check0_add8(uart_data,4)==uart_data[uart_num]){uart_num++;}else uart_num=
             -0;break;
  66   4                                      case 5:if(uart_data[uart_num]==0XFF){uart_num=0;uart_get_flag=1;}else uart_num=0;break;
  67   4                                      default:uart_num=0;break;                               
  68   4                              }               
  69   3                      }
  70   2          }
  71   1      }
  72          
  73          
  74          


MODULE INFORMATION:   STATIC OVERLAYABLE
   CODE SIZE        =    165    ----
   CONSTANT SIZE    =   ----    ----
   XDATA SIZE       =   ----    ----
   PDATA SIZE       =   ----    ----
   DATA SIZE        =      8    ----
   IDATA SIZE       =   ----    ----
   BIT SIZE         =   ----    ----
END OF MODULE INFORMATION.


C51 COMPILATION COMPLETE.  0 WARNING(S),  0 ERROR(S)
