Removed Pin From Net: NetName=GND Pin=Designator5-1
Removed Pin From Net: NetName=NetP6_2 Pin=P6-2
Removed Pin From Net: NetName=NetP6_4 Pin=P6-4
Removed Pin From Net: NetName=NetP6_2 Pin=U1-2
Removed Pin From Net: NetName=NetP6_4 Pin=U1-4
Added Component: Designator=P?(HDR1X5)
Add component. Clean all parameters for all variants
Add component (AddParameter): Name = "LatestRevisionDate"; Value = "17-Jul-2002"; VariantName = "[No Variations]"
Add component (AddParameter): Name = "LatestRevisionNote"; Value = "Re-released for DXP Platform."; VariantName = "[No Variations]"
Add component (AddParameter): Name = "Publisher"; Value = "Altium Limited"; VariantName = "[No Variations]"
Added Pin To Net: NetName=NetP6_4 Pin=P6-2
Added Pin To Net: NetName=NetP6_2 Pin=P6-4
Added Pin To Net: NetName=VCC Pin=P?-1
Added Pin To Net: NetName=GND Pin=P?-2
Added Pin To Net: NetName=NetP6_4 Pin=P?-3
Added Pin To Net: NetName=NetP6_3 Pin=P?-4
Added Pin To Net: NetName=NetP6_2 Pin=P?-5
Added Pin To Net: NetName=NetP6_4 Pin=U1-2
Added Pin To Net: NetName=NetP6_2 Pin=U1-4
Change Net Name : Old Net Name=NetP6_2 New Net Name=RST
Change Net Name : Old Net Name=NetP6_3 New Net Name=DAT
Change Net Name : Old Net Name=NetP6_4 New Net Name=CLK
Added Member To Class: ClassName=原理图 Member=Component P? DS1302
Added Room: Name=原理图
